#
# There is insufficient memory for the Java Runtime Environment to continue.
# Native memory allocation (malloc) failed to allocate 1933024 bytes for Chunk::new
# Possible reasons:
#   The system is out of physical RAM or swap space
#   The process is running with CompressedOops enabled, and the Java Heap may be blocking the growth of the native heap
# Possible solutions:
#   Reduce memory load on the system
#   Increase physical memory or swap space
#   Check if swap backing store is full
#   Decrease Java heap size (-Xmx/-Xms)
#   Decrease number of Java threads
#   Decrease Java thread stack sizes (-Xss)
#   Set larger code cache with -XX:ReservedCodeCacheSize=
#   JVM is running with Unscaled Compressed Oops mode in which the Java heap is
#     placed in the first 4GB address space. The Java Heap base address is the
#     maximum limit for the native heap growth. Please use -XX:HeapBaseMinAddress
#     to set the Java Heap base and to place the Java Heap above 4GB virtual address.
# This output file may be truncated or incomplete.
#
#  Out of Memory Error (arena.cpp:189), pid=18784, tid=1288
#
# JRE version: OpenJDK Runtime Environment (17.0.7) (build 17.0.7+0-b2043.56-10550314)
# Java VM: OpenJDK 64-Bit Server VM (17.0.7+0-b2043.56-10550314, mixed mode, tiered, compressed oops, compressed class ptrs, g1 gc, windows-amd64)
# No core dump will be written. Minidumps are not enabled by default on client versions of Windows
#

---------------  S U M M A R Y ------------

Command Line: --add-opens=java.base/java.util=ALL-UNNAMED --add-opens=java.base/java.lang=ALL-UNNAMED --add-opens=java.base/java.lang.invoke=ALL-UNNAMED --add-opens=java.base/java.util=ALL-UNNAMED --add-opens=java.prefs/java.util.prefs=ALL-UNNAMED --add-opens=java.prefs/java.util.prefs=ALL-UNNAMED --add-opens=java.base/java.nio.charset=ALL-UNNAMED --add-opens=java.base/java.net=ALL-UNNAMED --add-opens=java.base/java.util.concurrent.atomic=ALL-UNNAMED -Xmx2048m -Dfile.encoding=UTF-8 -Duser.country=RU -Duser.language=ru -Duser.variant org.gradle.launcher.daemon.bootstrap.GradleDaemon 7.5

Host: 12th Gen Intel(R) Core(TM) i7-12700H, 20 cores, 15G,  Windows 11 , 64 bit Build 22621 (10.0.22621.2506)
Time: Mon Dec 11 17:09:22 2023 RTZ 4 (s 11 , 64 bit Build 22621 (10.0.22621.2506) elapsed time: 5.323190 seconds (0d 0h 0m 5s)

---------------  T H R E A D  ---------------

Current thread (0x0000020695922db0):  JavaThread "C2 CompilerThread3" daemon [_thread_in_native, id=1288, stack(0x000000eccb100000,0x000000eccb200000)]


Current CompileTask:
C2:   5323 3954       4       org.objectweb.asm.Frame::execute (2318 bytes)

Stack: [0x000000eccb100000,0x000000eccb200000]
Native frames: (J=compiled Java code, j=interpreted, Vv=VM code, C=native code)
V  [jvm.dll+0x683bfa]
V  [jvm.dll+0x8430a4]
V  [jvm.dll+0x8449be]
V  [jvm.dll+0x845023]
V  [jvm.dll+0x24ad2f]
V  [jvm.dll+0xac25c]
V  [jvm.dll+0xac82c]
V  [jvm.dll+0x36a187]
V  [jvm.dll+0x334821]
V  [jvm.dll+0x333cca]
V  [jvm.dll+0x21d251]
V  [jvm.dll+0x21c671]
V  [jvm.dll+0x1a605d]
V  [jvm.dll+0x22c148]
V  [jvm.dll+0x22a209]
V  [jvm.dll+0x7f858c]
V  [jvm.dll+0x7f2aea]
V  [jvm.dll+0x682a35]
C  [ucrtbase.dll+0x29363]
C  [KERNEL32.DLL+0x1257d]
C  [ntdll.dll+0x5aa58]


---------------  P R O C E S S  ---------------

Threads class SMR info:
_java_thread_list=0x000002069752aaa0, length=44, elements={
0x00000206f122d800, 0x00000206ff50b7b0, 0x00000206ff549130, 0x00000206ff523570,
0x00000206ff59b3f0, 0x00000206ff56f020, 0x00000206ff572de0, 0x00000206ff57bb80,
0x00000206ff57c620, 0x00000206ff5adf80, 0x00000206ff6e6100, 0x00000206ff70ce60,
0x00000206ff7157a0, 0x00000206ff716490, 0x0000020693df1840, 0x000002069493d050,
0x00000206951b7f00, 0x0000020694223430, 0x00000206947ce090, 0x0000020695924ff0,
0x0000020694a66010, 0x0000020694ec0c00, 0x0000020694617a50, 0x0000020694619c00,
0x000002069461a0d0, 0x0000020694619260, 0x0000020694619730, 0x000002069461a5a0,
0x00000206958c7290, 0x0000020695ba36d0, 0x00000206946188c0, 0x00000206946183f0,
0x00000206946170b0, 0x0000020694617580, 0x0000020694617f20, 0x0000020694618d90,
0x0000020695a97580, 0x0000020695a92d50, 0x0000020695a96be0, 0x0000020695a97a50,
0x0000020695922db0, 0x0000020695922390, 0x00000206959232c0, 0x0000020695a97f20
}

Java Threads: ( => current thread )
  0x00000206f122d800 JavaThread "main" [_thread_blocked, id=3092, stack(0x000000ecc7100000,0x000000ecc7200000)]
  0x00000206ff50b7b0 JavaThread "Reference Handler" daemon [_thread_blocked, id=4036, stack(0x000000ecc7800000,0x000000ecc7900000)]
  0x00000206ff549130 JavaThread "Finalizer" daemon [_thread_blocked, id=23120, stack(0x000000ecc7900000,0x000000ecc7a00000)]
  0x00000206ff523570 JavaThread "Signal Dispatcher" daemon [_thread_blocked, id=6284, stack(0x000000ecc7a00000,0x000000ecc7b00000)]
  0x00000206ff59b3f0 JavaThread "Attach Listener" daemon [_thread_blocked, id=24156, stack(0x000000ecc7b00000,0x000000ecc7c00000)]
  0x00000206ff56f020 JavaThread "Service Thread" daemon [_thread_blocked, id=10900, stack(0x000000ecc7c00000,0x000000ecc7d00000)]
  0x00000206ff572de0 JavaThread "Monitor Deflation Thread" daemon [_thread_blocked, id=19740, stack(0x000000ecc7d00000,0x000000ecc7e00000)]
  0x00000206ff57bb80 JavaThread "C2 CompilerThread0" daemon [_thread_in_native, id=10624, stack(0x000000ecc7e00000,0x000000ecc7f00000)]
  0x00000206ff57c620 JavaThread "C1 CompilerThread0" daemon [_thread_blocked, id=14816, stack(0x000000ecc7f00000,0x000000ecc8000000)]
  0x00000206ff5adf80 JavaThread "Sweeper thread" daemon [_thread_blocked, id=9900, stack(0x000000ecc8000000,0x000000ecc8100000)]
  0x00000206ff6e6100 JavaThread "C1 CompilerThread1" daemon [_thread_in_vm, id=12780, stack(0x000000ecc8100000,0x000000ecc8200000)]
  0x00000206ff70ce60 JavaThread "C1 CompilerThread2" daemon [_thread_blocked, id=9616, stack(0x000000ecc8200000,0x000000ecc8300000)]
  0x00000206ff7157a0 JavaThread "Common-Cleaner" daemon [_thread_blocked, id=12636, stack(0x000000ecc8300000,0x000000ecc8400000)]
  0x00000206ff716490 JavaThread "Notification Thread" daemon [_thread_blocked, id=22240, stack(0x000000ecc8400000,0x000000ecc8500000)]
  0x0000020693df1840 JavaThread "C1 CompilerThread3" daemon [_thread_blocked, id=5168, stack(0x000000ecc8a00000,0x000000ecc8b00000)]
  0x000002069493d050 JavaThread "Daemon health stats" [_thread_blocked, id=12280, stack(0x000000ecc8f00000,0x000000ecc9000000)]
  0x00000206951b7f00 JavaThread "Incoming local TCP Connector on port 1731" [_thread_in_native, id=10840, stack(0x000000ecc8800000,0x000000ecc8900000)]
  0x0000020694223430 JavaThread "Daemon periodic checks" [_thread_blocked, id=12240, stack(0x000000ecc9000000,0x000000ecc9100000)]
  0x00000206947ce090 JavaThread "Daemon" [_thread_blocked, id=11912, stack(0x000000ecc9100000,0x000000ecc9200000)]
  0x0000020695924ff0 JavaThread "Handler for socket connection from /127.0.0.1:1731 to /127.0.0.1:1733" [_thread_in_native, id=15884, stack(0x000000ecc9200000,0x000000ecc9300000)]
  0x0000020694a66010 JavaThread "Cancel handler" [_thread_blocked, id=5884, stack(0x000000ecc9300000,0x000000ecc9400000)]
  0x0000020694ec0c00 JavaThread "Daemon worker" [_thread_in_Java, id=20588, stack(0x000000ecc9400000,0x000000ecc9500000)]
  0x0000020694617a50 JavaThread "Asynchronous log dispatcher for DefaultDaemonConnection: socket connection from /127.0.0.1:1731 to /127.0.0.1:1733" [_thread_blocked, id=11092, stack(0x000000ecc9500000,0x000000ecc9600000)]
  0x0000020694619c00 JavaThread "Stdin handler" [_thread_blocked, id=5708, stack(0x000000ecc9600000,0x000000ecc9700000)]
  0x000002069461a0d0 JavaThread "Daemon client event forwarder" [_thread_blocked, id=13876, stack(0x000000ecc9700000,0x000000ecc9800000)]
  0x0000020694619260 JavaThread "Cache worker for journal cache (C:\Users\Svetl\.gradle\caches\journal-1)" [_thread_blocked, id=20468, stack(0x000000ecc8700000,0x000000ecc8800000)]
  0x0000020694619730 JavaThread "File lock request listener" [_thread_in_native, id=22628, stack(0x000000ecc9800000,0x000000ecc9900000)]
  0x000002069461a5a0 JavaThread "Cache worker for file hash cache (C:\Users\Svetl\.gradle\caches\7.5\fileHashes)" [_thread_blocked, id=4948, stack(0x000000ecca400000,0x000000ecca500000)]
  0x00000206958c7290 JavaThread "C2 CompilerThread1" daemon [_thread_in_native, id=10916, stack(0x000000ecca500000,0x000000ecca600000)]
  0x0000020695ba36d0 JavaThread "C2 CompilerThread2" daemon [_thread_in_native, id=13624, stack(0x000000ecca600000,0x000000ecca700000)]
  0x00000206946188c0 JavaThread "File watcher server" daemon [_thread_in_native, id=23056, stack(0x000000ecca700000,0x000000ecca800000)]
  0x00000206946183f0 JavaThread "File watcher consumer" daemon [_thread_blocked, id=17660, stack(0x000000ecca800000,0x000000ecca900000)]
  0x00000206946170b0 JavaThread "Cache worker for checksums cache (C:\Users\Svetl\AndroidStudioProjects\up5v1\.gradle\7.5\checksums)" [_thread_blocked, id=20716, stack(0x000000ecca900000,0x000000eccaa00000)]
  0x0000020694617580 JavaThread "Cache worker for cache directory md-rule (C:\Users\Svetl\.gradle\caches\7.5\md-rule)" [_thread_blocked, id=13740, stack(0x000000eccaa00000,0x000000eccab00000)]
  0x0000020694617f20 JavaThread "Cache worker for file content cache (C:\Users\Svetl\.gradle\caches\7.5\fileContent)" [_thread_blocked, id=7920, stack(0x000000eccab00000,0x000000eccac00000)]
  0x0000020694618d90 JavaThread "Cache worker for file hash cache (C:\Users\Svetl\AndroidStudioProjects\up5v1\.gradle\7.5\fileHashes)" [_thread_blocked, id=5780, stack(0x000000eccac00000,0x000000eccad00000)]
  0x0000020695a97580 JavaThread "Cache worker for cache directory md-supplier (C:\Users\Svetl\.gradle\caches\7.5\md-supplier)" [_thread_blocked, id=11624, stack(0x000000eccad00000,0x000000eccae00000)]
  0x0000020695a92d50 JavaThread "Cache worker for execution history cache (C:\Users\Svetl\.gradle\caches\7.5\executionHistory)" [_thread_blocked, id=16900, stack(0x000000eccae00000,0x000000eccaf00000)]
  0x0000020695a96be0 JavaThread "jar transforms" [_thread_blocked, id=13252, stack(0x000000eccaf00000,0x000000eccb000000)]
  0x0000020695a97a50 JavaThread "jar transforms Thread 2" [_thread_blocked, id=6384, stack(0x000000eccb000000,0x000000eccb100000)]
=>0x0000020695922db0 JavaThread "C2 CompilerThread3" daemon [_thread_in_native, id=1288, stack(0x000000eccb100000,0x000000eccb200000)]
  0x0000020695922390 JavaThread "C2 CompilerThread4" daemon [_thread_blocked, id=13860, stack(0x000000eccb200000,0x000000eccb300000)]
  0x00000206959232c0 JavaThread "C2 CompilerThread5" daemon [_thread_in_native, id=4748, stack(0x000000eccb300000,0x000000eccb400000)]
  0x0000020695a97f20 JavaThread "jar transforms Thread 3" [_thread_blocked, id=11460, stack(0x000000eccb400000,0x000000eccb500000)]

Other Threads:
  0x00000206ff503250 VMThread "VM Thread" [stack: 0x000000ecc7700000,0x000000ecc7800000] [id=15008]
  0x00000206ff695380 WatcherThread [stack: 0x000000ecc8500000,0x000000ecc8600000] [id=14748]
  0x00000206f3547440 GCTaskThread "GC Thread#0" [stack: 0x000000ecc7200000,0x000000ecc7300000] [id=8552]
  0x0000020693b35110 GCTaskThread "GC Thread#1" [stack: 0x000000ecc8900000,0x000000ecc8a00000] [id=19536]
  0x0000020693fe2000 GCTaskThread "GC Thread#2" [stack: 0x000000ecc8b00000,0x000000ecc8c00000] [id=2860]
  0x00000206937775b0 GCTaskThread "GC Thread#3" [stack: 0x000000ecc8c00000,0x000000ecc8d00000] [id=24444]
  0x0000020693777860 GCTaskThread "GC Thread#4" [stack: 0x000000ecc8d00000,0x000000ecc8e00000] [id=7768]
  0x0000020693d2cae0 GCTaskThread "GC Thread#5" [stack: 0x000000ecc8e00000,0x000000ecc8f00000] [id=11368]
  0x00000206950eb8a0 GCTaskThread "GC Thread#6" [stack: 0x000000ecc8600000,0x000000ecc8700000] [id=14100]
  0x00000206951e57d0 GCTaskThread "GC Thread#7" [stack: 0x000000ecc9900000,0x000000ecc9a00000] [id=5824]
  0x00000206951e5520 GCTaskThread "GC Thread#8" [stack: 0x000000ecc9a00000,0x000000ecc9b00000] [id=22100]
  0x00000206951e4d10 GCTaskThread "GC Thread#9" [stack: 0x000000ecc9b00000,0x000000ecc9c00000] [id=23476]
  0x00000206951e6540 GCTaskThread "GC Thread#10" [stack: 0x000000ecc9c00000,0x000000ecc9d00000] [id=2956]
  0x00000206951e4a60 GCTaskThread "GC Thread#11" [stack: 0x000000ecc9d00000,0x000000ecc9e00000] [id=21792]
  0x00000206951e5270 GCTaskThread "GC Thread#12" [stack: 0x000000ecc9e00000,0x000000ecc9f00000] [id=16800]
  0x00000206951e4fc0 GCTaskThread "GC Thread#13" [stack: 0x000000ecc9f00000,0x000000ecca000000] [id=12560]
  0x00000206951e5a80 GCTaskThread "GC Thread#14" [stack: 0x000000ecca000000,0x000000ecca100000] [id=24288]
  0x00000206f3558220 ConcurrentGCThread "G1 Main Marker" [stack: 0x000000ecc7300000,0x000000ecc7400000] [id=19472]
  0x00000206f3558ad0 ConcurrentGCThread "G1 Conc#0" [stack: 0x000000ecc7400000,0x000000ecc7500000] [id=15752]
  0x00000206951e5d30 ConcurrentGCThread "G1 Conc#1" [stack: 0x000000ecca100000,0x000000ecca200000] [id=15704]
  0x00000206951e5fe0 ConcurrentGCThread "G1 Conc#2" [stack: 0x000000ecca200000,0x000000ecca300000] [id=9948]
  0x00000206951e6290 ConcurrentGCThread "G1 Conc#3" [stack: 0x000000ecca300000,0x000000ecca400000] [id=22268]
  0x00000206f35ae840 ConcurrentGCThread "G1 Refine#0" [stack: 0x000000ecc7500000,0x000000ecc7600000] [id=22176]
  0x00000206fe9ca080 ConcurrentGCThread "G1 Service" [stack: 0x000000ecc7600000,0x000000ecc7700000] [id=9692]

Threads with active compile tasks:
C2 CompilerThread0     5332 3908       4       org.codehaus.groovy.runtime.metaclass.MetaMethodIndex::addMethodToList (131 bytes)
C2 CompilerThread1     5332 4045       4       java.util.stream.StreamSupport::stream (19 bytes)
C2 CompilerThread2     5332 3910       4       groovy.lang.MetaClassImpl$1MOPIter::methodNameAction (325 bytes)
C2 CompilerThread3     5333 3954       4       org.objectweb.asm.Frame::execute (2318 bytes)
C2 CompilerThread5     5333 3958       4       java.util.AbstractCollection::addAll (42 bytes)

VM state: not at safepoint (normal execution)

VM Mutex/Monitor currently owned by a thread: None

Heap address: 0x0000000080000000, size: 2048 MB, Compressed Oops mode: 32-bit

CDS archive(s) not mapped
Compressed class space mapped at: 0x0000000100000000-0x0000000140000000, reserved size: 1073741824
Narrow klass base: 0x0000000000000000, Narrow klass shift: 3, Narrow klass range: 0x140000000

GC Precious Log:
 CPUs: 20 total, 20 available
 Memory: 16110M
 Large Page Support: Disabled
 NUMA Support: Disabled
 Compressed Oops: Enabled (32-bit)
 Heap Region Size: 1M
 Heap Min Capacity: 8M
 Heap Initial Capacity: 252M
 Heap Max Capacity: 2G
 Pre-touch: Disabled
 Parallel Workers: 15
 Concurrent Workers: 4
 Concurrent Refinement Workers: 15
 Periodic GC: Disabled

Heap:
 garbage-first heap   total 86016K, used 37545K [0x0000000080000000, 0x0000000100000000)
  region size 1024K, 17 young (17408K), 7 survivors (7168K)
 Metaspace       used 42372K, committed 42752K, reserved 1114112K
  class space    used 5529K, committed 5696K, reserved 1048576K

Heap Regions: E=young(eden), S=young(survivor), O=old, HS=humongous(starts), HC=humongous(continues), CS=collection set, F=free, OA=open archive, CA=closed archive, TAMS=top-at-mark-start (previous, next)
|   0|0x0000000080000000, 0x0000000080100000, 0x0000000080100000|100%| O|  |TAMS 0x0000000080100000, 0x0000000080000000| Untracked 
|   1|0x0000000080100000, 0x0000000080200000, 0x0000000080200000|100%| O|  |TAMS 0x0000000080200000, 0x0000000080100000| Untracked 
|   2|0x0000000080200000, 0x000000008026a000, 0x0000000080300000| 41%| O|  |TAMS 0x000000008026a000, 0x0000000080200000| Untracked 
|   3|0x0000000080300000, 0x0000000080400000, 0x0000000080400000|100%|HS|  |TAMS 0x0000000080400000, 0x0000000080300000| Complete 
|   4|0x0000000080400000, 0x0000000080500000, 0x0000000080500000|100%|HC|  |TAMS 0x0000000080500000, 0x0000000080400000| Complete 
|   5|0x0000000080500000, 0x0000000080600000, 0x0000000080600000|100%|HC|  |TAMS 0x0000000080600000, 0x0000000080500000| Complete 
|   6|0x0000000080600000, 0x0000000080700000, 0x0000000080700000|100%| O|  |TAMS 0x0000000080700000, 0x0000000080600000| Untracked 
|   7|0x0000000080700000, 0x0000000080800000, 0x0000000080800000|100%| O|  |TAMS 0x0000000080800000, 0x0000000080700000| Untracked 
|   8|0x0000000080800000, 0x0000000080900000, 0x0000000080900000|100%| O|  |TAMS 0x0000000080900000, 0x0000000080800000| Untracked 
|   9|0x0000000080900000, 0x0000000080a00000, 0x0000000080a00000|100%| O|  |TAMS 0x0000000080a00000, 0x0000000080900000| Untracked 
|  10|0x0000000080a00000, 0x0000000080b00000, 0x0000000080b00000|100%| O|  |TAMS 0x0000000080b00000, 0x0000000080a00000| Untracked 
|  11|0x0000000080b00000, 0x0000000080c00000, 0x0000000080c00000|100%| O|  |TAMS 0x0000000080c00000, 0x0000000080b00000| Untracked 
|  12|0x0000000080c00000, 0x0000000080d00000, 0x0000000080d00000|100%| O|  |TAMS 0x0000000080d00000, 0x0000000080c00000| Untracked 
|  13|0x0000000080d00000, 0x0000000080e00000, 0x0000000080e00000|100%| O|  |TAMS 0x0000000080e00000, 0x0000000080d00000| Untracked 
|  14|0x0000000080e00000, 0x0000000080f00000, 0x0000000080f00000|100%| O|  |TAMS 0x0000000080f00000, 0x0000000080e00000| Untracked 
|  15|0x0000000080f00000, 0x0000000081000000, 0x0000000081000000|100%| O|  |TAMS 0x0000000081000000, 0x0000000080f00000| Untracked 
|  16|0x0000000081000000, 0x0000000081100000, 0x0000000081100000|100%| O|  |TAMS 0x0000000081100000, 0x0000000081000000| Untracked 
|  17|0x0000000081100000, 0x000000008119c200, 0x0000000081200000| 60%| O|  |TAMS 0x000000008119c200, 0x0000000081100000| Untracked 
|  18|0x0000000081200000, 0x0000000081200000, 0x0000000081300000|  0%| F|  |TAMS 0x0000000081200000, 0x0000000081200000| Untracked 
|  19|0x0000000081300000, 0x0000000081300000, 0x0000000081400000|  0%| F|  |TAMS 0x0000000081300000, 0x0000000081300000| Untracked 
|  20|0x0000000081400000, 0x0000000081400000, 0x0000000081500000|  0%| F|  |TAMS 0x0000000081400000, 0x0000000081400000| Untracked 
|  21|0x0000000081500000, 0x0000000081600000, 0x0000000081600000|100%| O|  |TAMS 0x0000000081500000, 0x0000000081500000| Untracked 
|  22|0x0000000081600000, 0x0000000081700000, 0x0000000081700000|100%| O|  |TAMS 0x0000000081600000, 0x0000000081600000| Untracked 
|  23|0x0000000081700000, 0x0000000081800000, 0x0000000081800000|100%| O|  |TAMS 0x0000000081700000, 0x0000000081700000| Untracked 
|  24|0x0000000081800000, 0x00000000818a4400, 0x0000000081900000| 64%| O|  |TAMS 0x0000000081800000, 0x0000000081800000| Untracked 
|  25|0x0000000081900000, 0x0000000081900000, 0x0000000081a00000|  0%| F|  |TAMS 0x0000000081900000, 0x0000000081900000| Untracked 
|  26|0x0000000081a00000, 0x0000000081a00000, 0x0000000081b00000|  0%| F|  |TAMS 0x0000000081a00000, 0x0000000081a00000| Untracked 
|  27|0x0000000081b00000, 0x0000000081b00000, 0x0000000081c00000|  0%| F|  |TAMS 0x0000000081b00000, 0x0000000081b00000| Untracked 
|  28|0x0000000081c00000, 0x0000000081d00000, 0x0000000081d00000|100%| S|CS|TAMS 0x0000000081c00000, 0x0000000081c00000| Complete 
|  29|0x0000000081d00000, 0x0000000081e00000, 0x0000000081e00000|100%| S|CS|TAMS 0x0000000081d00000, 0x0000000081d00000| Complete 
|  30|0x0000000081e00000, 0x0000000081f00000, 0x0000000081f00000|100%| S|CS|TAMS 0x0000000081e00000, 0x0000000081e00000| Complete 
|  31|0x0000000081f00000, 0x0000000082000000, 0x0000000082000000|100%| S|CS|TAMS 0x0000000081f00000, 0x0000000081f00000| Complete 
|  32|0x0000000082000000, 0x0000000082100000, 0x0000000082100000|100%| S|CS|TAMS 0x0000000082000000, 0x0000000082000000| Complete 
|  33|0x0000000082100000, 0x0000000082200000, 0x0000000082200000|100%| S|CS|TAMS 0x0000000082100000, 0x0000000082100000| Complete 
|  34|0x0000000082200000, 0x0000000082300000, 0x0000000082300000|100%| S|CS|TAMS 0x0000000082200000, 0x0000000082200000| Complete 
|  35|0x0000000082300000, 0x0000000082300000, 0x0000000082400000|  0%| F|  |TAMS 0x0000000082300000, 0x0000000082300000| Untracked 
|  36|0x0000000082400000, 0x0000000082400000, 0x0000000082500000|  0%| F|  |TAMS 0x0000000082400000, 0x0000000082400000| Untracked 
|  37|0x0000000082500000, 0x0000000082500000, 0x0000000082600000|  0%| F|  |TAMS 0x0000000082500000, 0x0000000082500000| Untracked 
|  38|0x0000000082600000, 0x0000000082600000, 0x0000000082700000|  0%| F|  |TAMS 0x0000000082600000, 0x0000000082600000| Untracked 
|  39|0x0000000082700000, 0x0000000082700000, 0x0000000082800000|  0%| F|  |TAMS 0x0000000082700000, 0x0000000082700000| Untracked 
|  40|0x0000000082800000, 0x0000000082800000, 0x0000000082900000|  0%| F|  |TAMS 0x0000000082800000, 0x0000000082800000| Untracked 
|  41|0x0000000082900000, 0x0000000082900000, 0x0000000082a00000|  0%| F|  |TAMS 0x0000000082900000, 0x0000000082900000| Untracked 
|  42|0x0000000082a00000, 0x0000000082a00000, 0x0000000082b00000|  0%| F|  |TAMS 0x0000000082a00000, 0x0000000082a00000| Untracked 
|  43|0x0000000082b00000, 0x0000000082b00000, 0x0000000082c00000|  0%| F|  |TAMS 0x0000000082b00000, 0x0000000082b00000| Untracked 
|  44|0x0000000082c00000, 0x0000000082c00000, 0x0000000082d00000|  0%| F|  |TAMS 0x0000000082c00000, 0x0000000082c00000| Untracked 
|  45|0x0000000082d00000, 0x0000000082d00000, 0x0000000082e00000|  0%| F|  |TAMS 0x0000000082d00000, 0x0000000082d00000| Untracked 
|  46|0x0000000082e00000, 0x0000000082e00000, 0x0000000082f00000|  0%| F|  |TAMS 0x0000000082e00000, 0x0000000082e00000| Untracked 
|  47|0x0000000082f00000, 0x0000000082f00000, 0x0000000083000000|  0%| F|  |TAMS 0x0000000082f00000, 0x0000000082f00000| Untracked 
|  48|0x0000000083000000, 0x0000000083000000, 0x0000000083100000|  0%| F|  |TAMS 0x0000000083000000, 0x0000000083000000| Untracked 
|  49|0x0000000083100000, 0x0000000083100000, 0x0000000083200000|  0%| F|  |TAMS 0x0000000083100000, 0x0000000083100000| Untracked 
|  50|0x0000000083200000, 0x0000000083200000, 0x0000000083300000|  0%| F|  |TAMS 0x0000000083200000, 0x0000000083200000| Untracked 
|  51|0x0000000083300000, 0x0000000083300000, 0x0000000083400000|  0%| F|  |TAMS 0x0000000083300000, 0x0000000083300000| Untracked 
|  52|0x0000000083400000, 0x0000000083400000, 0x0000000083500000|  0%| F|  |TAMS 0x0000000083400000, 0x0000000083400000| Untracked 
|  53|0x0000000083500000, 0x0000000083500000, 0x0000000083600000|  0%| F|  |TAMS 0x0000000083500000, 0x0000000083500000| Untracked 
|  54|0x0000000083600000, 0x0000000083600000, 0x0000000083700000|  0%| F|  |TAMS 0x0000000083600000, 0x0000000083600000| Untracked 
|  55|0x0000000083700000, 0x0000000083700000, 0x0000000083800000|  0%| F|  |TAMS 0x0000000083700000, 0x0000000083700000| Untracked 
|  56|0x0000000083800000, 0x0000000083800000, 0x0000000083900000|  0%| F|  |TAMS 0x0000000083800000, 0x0000000083800000| Untracked 
|  57|0x0000000083900000, 0x0000000083900000, 0x0000000083a00000|  0%| F|  |TAMS 0x0000000083900000, 0x0000000083900000| Untracked 
|  58|0x0000000083a00000, 0x0000000083a00000, 0x0000000083b00000|  0%| F|  |TAMS 0x0000000083a00000, 0x0000000083a00000| Untracked 
|  59|0x0000000083b00000, 0x0000000083b00000, 0x0000000083c00000|  0%| F|  |TAMS 0x0000000083b00000, 0x0000000083b00000| Untracked 
|  60|0x0000000083c00000, 0x0000000083c00000, 0x0000000083d00000|  0%| F|  |TAMS 0x0000000083c00000, 0x0000000083c00000| Untracked 
|  61|0x0000000083d00000, 0x0000000083d00000, 0x0000000083e00000|  0%| F|  |TAMS 0x0000000083d00000, 0x0000000083d00000| Untracked 
|  62|0x0000000083e00000, 0x0000000083e00000, 0x0000000083f00000|  0%| F|  |TAMS 0x0000000083e00000, 0x0000000083e00000| Untracked 
|  63|0x0000000083f00000, 0x0000000083f00000, 0x0000000084000000|  0%| F|  |TAMS 0x0000000083f00000, 0x0000000083f00000| Untracked 
|  64|0x0000000084000000, 0x0000000084000000, 0x0000000084100000|  0%| F|  |TAMS 0x0000000084000000, 0x0000000084000000| Untracked 
|  65|0x0000000084100000, 0x0000000084100000, 0x0000000084200000|  0%| F|  |TAMS 0x0000000084100000, 0x0000000084100000| Untracked 
|  66|0x0000000084200000, 0x0000000084200000, 0x0000000084300000|  0%| F|  |TAMS 0x0000000084200000, 0x0000000084200000| Untracked 
|  67|0x0000000084300000, 0x0000000084300000, 0x0000000084400000|  0%| F|  |TAMS 0x0000000084300000, 0x0000000084300000| Untracked 
|  68|0x0000000084400000, 0x0000000084400000, 0x0000000084500000|  0%| F|  |TAMS 0x0000000084400000, 0x0000000084400000| Untracked 
|  69|0x0000000084500000, 0x0000000084500000, 0x0000000084600000|  0%| F|  |TAMS 0x0000000084500000, 0x0000000084500000| Untracked 
|  70|0x0000000084600000, 0x0000000084600000, 0x0000000084700000|  0%| F|  |TAMS 0x0000000084600000, 0x0000000084600000| Untracked 
|  71|0x0000000084700000, 0x0000000084700000, 0x0000000084800000|  0%| F|  |TAMS 0x0000000084700000, 0x0000000084700000| Untracked 
|  72|0x0000000084800000, 0x0000000084800000, 0x0000000084900000|  0%| F|  |TAMS 0x0000000084800000, 0x0000000084800000| Untracked 
|  73|0x0000000084900000, 0x0000000084900000, 0x0000000084a00000|  0%| F|  |TAMS 0x0000000084900000, 0x0000000084900000| Untracked 
|  74|0x0000000084a00000, 0x0000000084a80800, 0x0000000084b00000| 50%| E|  |TAMS 0x0000000084a00000, 0x0000000084a00000| Complete 
|  75|0x0000000084b00000, 0x0000000084c00000, 0x0000000084c00000|100%| E|CS|TAMS 0x0000000084b00000, 0x0000000084b00000| Complete 
|  76|0x0000000084c00000, 0x0000000084d00000, 0x0000000084d00000|100%| E|CS|TAMS 0x0000000084c00000, 0x0000000084c00000| Complete 
|  77|0x0000000084d00000, 0x0000000084e00000, 0x0000000084e00000|100%| E|CS|TAMS 0x0000000084d00000, 0x0000000084d00000| Complete 
|  78|0x0000000084e00000, 0x0000000084f00000, 0x0000000084f00000|100%| E|CS|TAMS 0x0000000084e00000, 0x0000000084e00000| Complete 
|  79|0x0000000084f00000, 0x0000000085000000, 0x0000000085000000|100%| E|CS|TAMS 0x0000000084f00000, 0x0000000084f00000| Complete 
|  80|0x0000000085000000, 0x0000000085100000, 0x0000000085100000|100%| E|CS|TAMS 0x0000000085000000, 0x0000000085000000| Complete 
|  81|0x0000000085100000, 0x0000000085200000, 0x0000000085200000|100%| E|CS|TAMS 0x0000000085100000, 0x0000000085100000| Complete 
|  82|0x0000000085200000, 0x0000000085300000, 0x0000000085300000|100%| E|CS|TAMS 0x0000000085200000, 0x0000000085200000| Complete 
| 251|0x000000008fb00000, 0x000000008fc00000, 0x000000008fc00000|100%| E|CS|TAMS 0x000000008fb00000, 0x000000008fb00000| Complete 

Card table byte_map: [0x00000206f7860000,0x00000206f7c60000] _byte_map_base: 0x00000206f7460000

Marking Bits (Prev, Next): (CMBitMap*) 0x00000206f35478f0, (CMBitMap*) 0x00000206f3547930
 Prev Bits: [0x00000206f8060000, 0x00000206fa060000)
 Next Bits: [0x00000206fa060000, 0x00000206fc060000)

Polling page: 0x00000206f14b0000

Metaspace:

Usage:
  Non-class:     35.98 MB used.
      Class:      5.40 MB used.
       Both:     41.38 MB used.

Virtual space:
  Non-class space:       64.00 MB reserved,      36.19 MB ( 57%) committed,  1 nodes.
      Class space:        1.00 GB reserved,       5.56 MB ( <1%) committed,  1 nodes.
             Both:        1.06 GB reserved,      41.75 MB (  4%) committed. 

Chunk freelists:
   Non-Class:  11.83 MB
       Class:  10.36 MB
        Both:  22.19 MB

MaxMetaspaceSize: unlimited
CompressedClassSpaceSize: 1.00 GB
Initial GC threshold: 21.00 MB
Current GC threshold: 58.75 MB
CDS: off
MetaspaceReclaimPolicy: balanced
 - commit_granule_bytes: 65536.
 - commit_granule_words: 8192.
 - virtual_space_node_default_size: 8388608.
 - enlarge_chunks_in_place: 1.
 - new_chunks_are_fully_committed: 0.
 - uncommit_free_chunks: 1.
 - use_allocation_guard: 0.
 - handle_deallocations: 1.


Internal statistics:

num_allocs_failed_limit: 6.
num_arena_births: 300.
num_arena_deaths: 0.
num_vsnodes_births: 2.
num_vsnodes_deaths: 0.
num_space_committed: 668.
num_space_uncommitted: 0.
num_chunks_returned_to_freelist: 6.
num_chunks_taken_from_freelist: 1472.
num_chunk_merges: 6.
num_chunk_splits: 985.
num_chunks_enlarged: 714.
num_inconsistent_stats: 0.

CodeHeap 'non-profiled nmethods': size=119168Kb used=2156Kb max_used=2156Kb free=117011Kb
 bounds [0x0000020687ba0000, 0x0000020687e10000, 0x000002068f000000]
CodeHeap 'profiled nmethods': size=119104Kb used=8558Kb max_used=8558Kb free=110545Kb
 bounds [0x0000020680000000, 0x0000020680860000, 0x0000020687450000]
CodeHeap 'non-nmethods': size=7488Kb used=3974Kb max_used=4005Kb free=3513Kb
 bounds [0x0000020687450000, 0x0000020687840000, 0x0000020687ba0000]
 total_blobs=4830 nmethods=4035 adapters=704
 compilation: enabled
              stopped_count=0, restarted_count=0
 full_count=0

Compilation events (20 events):
Event: 5.302 Thread 0x00000206ff70ce60 nmethod 4028 0x0000020680856290 code [0x0000020680856480, 0x00000206808568e8]
Event: 5.302 Thread 0x00000206ff57c620 nmethod 4030 0x0000020680856b10 code [0x0000020680856cc0, 0x0000020680856e88]
Event: 5.302 Thread 0x00000206ff57c620 4033       3       org.objectweb.asm.FieldWriter::<init> (69 bytes)
Event: 5.303 Thread 0x00000206ff6e6100 nmethod 4031 0x0000020680856f90 code [0x0000020680857140, 0x0000020680857368]
Event: 5.303 Thread 0x00000206ff70ce60 4037       3       com.google.common.collect.AbstractMapBasedMultimap$WrappedCollection::refreshIfEmpty (78 bytes)
Event: 5.303 Thread 0x00000206ff6e6100 4039       3       org.gradle.model.internal.asm.MethodVisitorScope::_IRETURN_OF (12 bytes)
Event: 5.303 Thread 0x0000020693df1840 nmethod 4032 0x0000020680857490 code [0x0000020680857640, 0x00000206808579a8]
Event: 5.303 Thread 0x0000020693df1840 4038       1       com.google.common.collect.AbstractMapBasedMultimap::access$000 (5 bytes)
Event: 5.304 Thread 0x0000020693df1840 nmethod 4038 0x0000020687db8d10 code [0x0000020687db8ea0, 0x0000020687db8f58]
Event: 5.304 Thread 0x00000206ff6e6100 nmethod 4039 0x0000020680857b10 code [0x0000020680857cc0, 0x0000020680857f78]
Event: 5.304 Thread 0x0000020693df1840 4034       3       org.objectweb.asm.FieldVisitor::<init> (7 bytes)
Event: 5.304 Thread 0x00000206ff6e6100 4035       3       org.objectweb.asm.FieldVisitor::<init> (94 bytes)
Event: 5.304 Thread 0x00000206ff57c620 nmethod 4033 0x0000020680858090 code [0x0000020680858280, 0x0000020680858648]
Event: 5.304 Thread 0x00000206ff70ce60 nmethod 4037 0x0000020680858890 code [0x0000020680858a80, 0x00000206808591b8]
Event: 5.304 Thread 0x00000206ff57c620 4036       1       org.gradle.internal.instantiation.generator.AsmBackedClassGenerator$ClassBuilderImpl::access$3100 (5 bytes)
Event: 5.305 Thread 0x0000020693df1840 nmethod 4034 0x0000020680859410 code [0x00000206808595c0, 0x0000020680859708]
Event: 5.305 Thread 0x00000206ff57c620 nmethod 4036 0x0000020687db9010 code [0x0000020687db91a0, 0x0000020687db9258]
Event: 5.306 Thread 0x00000206ff6e6100 nmethod 4035 0x0000020680859790 code [0x00000206808599e0, 0x000002068085a2e8]
Event: 5.310 Thread 0x00000206958c7290 nmethod 4025 0x0000020687db9310 code [0x0000020687db9480, 0x0000020687db9798]
Event: 5.316 Thread 0x00000206958c7290 4040       4       jdk.internal.loader.ClassLoaders$BootClassLoader::loadClassOrNull (10 bytes)

GC Heap History (14 events):
Event: 0.968 GC heap before
{Heap before GC invocations=0 (full 0):
 garbage-first heap   total 258048K, used 28672K [0x0000000080000000, 0x0000000100000000)
  region size 1024K, 23 young (23552K), 0 survivors (0K)
 Metaspace       used 10279K, committed 10496K, reserved 1114112K
  class space    used 1061K, committed 1152K, reserved 1048576K
}
Event: 0.988 GC heap after
{Heap after GC invocations=1 (full 0):
 garbage-first heap   total 258048K, used 9376K [0x0000000080000000, 0x0000000100000000)
  region size 1024K, 3 young (3072K), 3 survivors (3072K)
 Metaspace       used 10279K, committed 10496K, reserved 1114112K
  class space    used 1061K, committed 1152K, reserved 1048576K
}
Event: 1.291 GC heap before
{Heap before GC invocations=1 (full 0):
 garbage-first heap   total 258048K, used 36000K [0x0000000080000000, 0x0000000100000000)
  region size 1024K, 29 young (29696K), 3 survivors (3072K)
 Metaspace       used 11220K, committed 11392K, reserved 1114112K
  class space    used 1165K, committed 1280K, reserved 1048576K
}
Event: 1.303 GC heap after
{Heap after GC invocations=2 (full 0):
 garbage-first heap   total 258048K, used 12182K [0x0000000080000000, 0x0000000100000000)
  region size 1024K, 3 young (3072K), 3 survivors (3072K)
 Metaspace       used 11220K, committed 11392K, reserved 1114112K
  class space    used 1165K, committed 1280K, reserved 1048576K
}
Event: 2.798 GC heap before
{Heap before GC invocations=2 (full 0):
 garbage-first heap   total 258048K, used 58262K [0x0000000080000000, 0x0000000100000000)
  region size 1024K, 48 young (49152K), 3 survivors (3072K)
 Metaspace       used 21333K, committed 21504K, reserved 1114112K
  class space    used 2577K, committed 2624K, reserved 1048576K
}
Event: 2.848 GC heap after
{Heap after GC invocations=3 (full 0):
 garbage-first heap   total 258048K, used 17960K [0x0000000080000000, 0x0000000100000000)
  region size 1024K, 9 young (9216K), 9 survivors (9216K)
 Metaspace       used 21333K, committed 21504K, reserved 1114112K
  class space    used 2577K, committed 2624K, reserved 1048576K
}
Event: 3.591 GC heap before
{Heap before GC invocations=4 (full 0):
 garbage-first heap   total 68608K, used 49704K [0x0000000080000000, 0x0000000100000000)
  region size 1024K, 40 young (40960K), 9 survivors (9216K)
 Metaspace       used 26405K, committed 26688K, reserved 1114112K
  class space    used 3478K, committed 3584K, reserved 1048576K
}
Event: 3.615 GC heap after
{Heap after GC invocations=5 (full 0):
 garbage-first heap   total 68608K, used 19575K [0x0000000080000000, 0x0000000100000000)
  region size 1024K, 3 young (3072K), 3 survivors (3072K)
 Metaspace       used 26405K, committed 26688K, reserved 1114112K
  class space    used 3478K, committed 3584K, reserved 1048576K
}
Event: 4.151 GC heap before
{Heap before GC invocations=5 (full 0):
 garbage-first heap   total 68608K, used 47223K [0x0000000080000000, 0x0000000100000000)
  region size 1024K, 30 young (30720K), 3 survivors (3072K)
 Metaspace       used 30635K, committed 30976K, reserved 1114112K
  class space    used 4150K, committed 4288K, reserved 1048576K
}
Event: 4.154 GC heap after
{Heap after GC invocations=6 (full 0):
 garbage-first heap   total 101376K, used 20884K [0x0000000080000000, 0x0000000100000000)
  region size 1024K, 4 young (4096K), 4 survivors (4096K)
 Metaspace       used 30635K, committed 30976K, reserved 1114112K
  class space    used 4150K, committed 4288K, reserved 1048576K
}
Event: 4.600 GC heap before
{Heap before GC invocations=6 (full 0):
 garbage-first heap   total 101376K, used 47508K [0x0000000080000000, 0x0000000100000000)
  region size 1024K, 31 young (31744K), 4 survivors (4096K)
 Metaspace       used 35687K, committed 35968K, reserved 1114112K
  class space    used 4855K, committed 4992K, reserved 1048576K
}
Event: 4.604 GC heap after
{Heap after GC invocations=7 (full 0):
 garbage-first heap   total 101376K, used 23158K [0x0000000080000000, 0x0000000100000000)
  region size 1024K, 6 young (6144K), 6 survivors (6144K)
 Metaspace       used 35687K, committed 35968K, reserved 1114112K
  class space    used 4855K, committed 4992K, reserved 1048576K
}
Event: 5.150 GC heap before
{Heap before GC invocations=8 (full 0):
 garbage-first heap   total 86016K, used 68214K [0x0000000080000000, 0x0000000100000000)
  region size 1024K, 49 young (50176K), 6 survivors (6144K)
 Metaspace       used 42058K, committed 42432K, reserved 1114112K
  class space    used 5471K, committed 5632K, reserved 1048576K
}
Event: 5.158 GC heap after
{Heap after GC invocations=9 (full 0):
 garbage-first heap   total 86016K, used 28329K [0x0000000080000000, 0x0000000100000000)
  region size 1024K, 7 young (7168K), 7 survivors (7168K)
 Metaspace       used 42058K, committed 42432K, reserved 1114112K
  class space    used 5471K, committed 5632K, reserved 1048576K
}

Dll operation events (2 events):
Event: 0.009 Loaded shared library C:\Program Files\Android\Android Studio\jbr\bin\java.dll
Event: 0.595 Loaded shared library C:\Program Files\Android\Android Studio\jbr\bin\verify.dll

Deoptimization events (20 events):
Event: 5.015 Thread 0x0000020694ec0c00 Uncommon trap: trap_request=0xffffffde fr.pc=0x0000020687d80cb0 relative=0x0000000000000450
Event: 5.015 Thread 0x0000020694ec0c00 Uncommon trap: reason=class_check action=maybe_recompile pc=0x0000020687d80cb0 method=java.util.regex.Pattern$Start.match(Ljava/util/regex/Matcher;ILjava/lang/CharSequence;)Z @ 44 c2
Event: 5.015 Thread 0x0000020694ec0c00 DEOPT PACKING pc=0x0000020687d80cb0 sp=0x000000ecc94f94f0
Event: 5.015 Thread 0x0000020694ec0c00 DEOPT UNPACKING pc=0x00000206874a69a3 sp=0x000000ecc94f93b8 mode 2
Event: 5.016 Thread 0x0000020694ec0c00 Uncommon trap: trap_request=0xffffffde fr.pc=0x0000020687d80cb0 relative=0x0000000000000450
Event: 5.016 Thread 0x0000020694ec0c00 Uncommon trap: reason=class_check action=maybe_recompile pc=0x0000020687d80cb0 method=java.util.regex.Pattern$Start.match(Ljava/util/regex/Matcher;ILjava/lang/CharSequence;)Z @ 44 c2
Event: 5.016 Thread 0x0000020694ec0c00 DEOPT PACKING pc=0x0000020687d80cb0 sp=0x000000ecc94f94f0
Event: 5.016 Thread 0x0000020694ec0c00 DEOPT UNPACKING pc=0x00000206874a69a3 sp=0x000000ecc94f93b8 mode 2
Event: 5.016 Thread 0x0000020694ec0c00 Uncommon trap: trap_request=0xffffffde fr.pc=0x0000020687d6f490 relative=0x0000000000000430
Event: 5.016 Thread 0x0000020694ec0c00 Uncommon trap: reason=class_check action=maybe_recompile pc=0x0000020687d6f490 method=java.util.regex.Pattern$Start.match(Ljava/util/regex/Matcher;ILjava/lang/CharSequence;)Z @ 44 c2
Event: 5.016 Thread 0x0000020694ec0c00 DEOPT PACKING pc=0x0000020687d6f490 sp=0x000000ecc94f9480
Event: 5.016 Thread 0x0000020694ec0c00 DEOPT UNPACKING pc=0x00000206874a69a3 sp=0x000000ecc94f93c0 mode 2
Event: 5.016 Thread 0x0000020694ec0c00 Uncommon trap: trap_request=0xffffffde fr.pc=0x0000020687d70030 relative=0x00000000000002f0
Event: 5.016 Thread 0x0000020694ec0c00 Uncommon trap: reason=class_check action=maybe_recompile pc=0x0000020687d70030 method=java.util.regex.Pattern$Start.match(Ljava/util/regex/Matcher;ILjava/lang/CharSequence;)Z @ 44 c2
Event: 5.016 Thread 0x0000020694ec0c00 DEOPT PACKING pc=0x0000020687d70030 sp=0x000000ecc94f9400
Event: 5.016 Thread 0x0000020694ec0c00 DEOPT UNPACKING pc=0x00000206874a69a3 sp=0x000000ecc94f93c0 mode 2
Event: 5.250 Thread 0x0000020694ec0c00 Uncommon trap: trap_request=0xffffffde fr.pc=0x0000020687d15268 relative=0x00000000000017e8
Event: 5.251 Thread 0x0000020694ec0c00 Uncommon trap: reason=class_check action=maybe_recompile pc=0x0000020687d15268 method=java.util.WeakHashMap.matchesKey(Ljava/util/WeakHashMap$Entry;Ljava/lang/Object;)Z @ 21 c2
Event: 5.251 Thread 0x0000020694ec0c00 DEOPT PACKING pc=0x0000020687d15268 sp=0x000000ecc94f4c00
Event: 5.251 Thread 0x0000020694ec0c00 DEOPT UNPACKING pc=0x00000206874a69a3 sp=0x000000ecc94f4b80 mode 2

Classes unloaded (0 events):
No events

Classes redefined (0 events):
No events

Internal exceptions (20 events):
Event: 5.146 Thread 0x0000020694ec0c00 Exception <a 'java/lang/ClassNotFoundException'{0x00000000823c9240}: org/gradle/internal/metaobject/ConfigureDelegateBeanInfo> (0x00000000823c9240) 
thrown [s\src\hotspot\share\classfile\systemDictionary.cpp, line 256]
Event: 5.146 Thread 0x0000020694ec0c00 Exception <a 'java/lang/ClassNotFoundException'{0x00000000823d9440}: org/gradle/internal/metaobject/ConfigureDelegateCustomizer> (0x00000000823d9440) 
thrown [s\src\hotspot\share\classfile\systemDictionary.cpp, line 256]
Event: 5.162 Thread 0x0000020694ec0c00 Exception <a 'java/lang/ClassNotFoundException'{0x000000008fb2e550}: org/gradle/plugin/management/internal/DefaultPluginManagementSpec_DecoratedBeanInfo> (0x000000008fb2e550) 
thrown [s\src\hotspot\share\classfile\systemDictionary.cpp, line 256]
Event: 5.166 Thread 0x0000020694ec0c00 Exception <a 'java/lang/ClassNotFoundException'{0x000000008fb41f68}: org/gradle/plugin/management/internal/DefaultPluginManagementSpecBeanInfo> (0x000000008fb41f68) 
thrown [s\src\hotspot\share\classfile\systemDictionary.cpp, line 256]
Event: 5.170 Thread 0x0000020694ec0c00 Exception <a 'java/lang/ClassNotFoundException'{0x000000008fb55588}: org/gradle/plugin/management/internal/DefaultPluginManagementSpecCustomizer> (0x000000008fb55588) 
thrown [s\src\hotspot\share\classfile\systemDictionary.cpp, line 256]
Event: 5.177 Thread 0x0000020694ec0c00 Exception <a 'java/lang/ClassNotFoundException'{0x000000008fb78060}: org/gradle/plugin/management/internal/DefaultPluginManagementSpec_DecoratedCustomizer> (0x000000008fb78060) 
thrown [s\src\hotspot\share\classfile\systemDictionary.cpp, line 256]
Event: 5.222 Thread 0x0000020694ec0c00 Exception <a 'java/lang/ClassNotFoundException'{0x0000000084fd82c0}: org/gradle/api/internal/artifacts/dsl/DefaultRepositoryHandler_DecoratedBeanInfo> (0x0000000084fd82c0) 
thrown [s\src\hotspot\share\classfile\systemDictionary.cpp, line 256]
Event: 5.226 Thread 0x0000020694ec0c00 Exception <a 'java/lang/ClassNotFoundException'{0x0000000084fee890}: org/gradle/api/internal/artifacts/dsl/DefaultRepositoryHandlerBeanInfo> (0x0000000084fee890) 
thrown [s\src\hotspot\share\classfile\systemDictionary.cpp, line 256]
Event: 5.229 Thread 0x0000020694ec0c00 Exception <a 'java/lang/ClassNotFoundException'{0x0000000084e057a8}: org/gradle/api/internal/artifacts/DefaultArtifactRepositoryContainerBeanInfo> (0x0000000084e057a8) 
thrown [s\src\hotspot\share\classfile\systemDictionary.cpp, line 256]
Event: 5.232 Thread 0x0000020694ec0c00 Exception <a 'java/lang/ClassNotFoundException'{0x0000000084e192a0}: org/gradle/api/internal/DefaultNamedDomainObjectListBeanInfo> (0x0000000084e192a0) 
thrown [s\src\hotspot\share\classfile\systemDictionary.cpp, line 256]
Event: 5.234 Thread 0x0000020694ec0c00 Exception <a 'java/lang/ClassNotFoundException'{0x0000000084e2cea0}: org/gradle/api/internal/DefaultNamedDomainObjectCollectionBeanInfo> (0x0000000084e2cea0) 
thrown [s\src\hotspot\share\classfile\systemDictionary.cpp, line 256]
Event: 5.237 Thread 0x0000020694ec0c00 Exception <a 'java/lang/ClassNotFoundException'{0x0000000084e409f8}: org/gradle/api/internal/DefaultDomainObjectCollectionBeanInfo> (0x0000000084e409f8) 
thrown [s\src\hotspot\share\classfile\systemDictionary.cpp, line 256]
Event: 5.238 Thread 0x0000020694ec0c00 Exception <a 'java/lang/ClassNotFoundException'{0x0000000084e46ea0}: java/util/AbstractCollectionBeanInfo> (0x0000000084e46ea0) 
thrown [s\src\hotspot\share\classfile\systemDictionary.cpp, line 256]
Event: 5.239 Thread 0x0000020694ec0c00 Exception <a 'java/lang/ClassNotFoundException'{0x0000000084e4d2b0}: java/util/AbstractCollectionCustomizer> (0x0000000084e4d2b0) 
thrown [s\src\hotspot\share\classfile\systemDictionary.cpp, line 256]
Event: 5.245 Thread 0x0000020694ec0c00 Exception <a 'java/lang/ClassNotFoundException'{0x0000000084e6a288}: org/gradle/api/internal/DefaultDomainObjectCollectionCustomizer> (0x0000000084e6a288) 
thrown [s\src\hotspot\share\classfile\systemDictionary.cpp, line 256]
Event: 5.250 Thread 0x0000020694ec0c00 Exception <a 'java/lang/ClassNotFoundException'{0x0000000084e9e918}: org/gradle/api/internal/DefaultNamedDomainObjectCollectionCustomizer> (0x0000000084e9e918) 
thrown [s\src\hotspot\share\classfile\systemDictionary.cpp, line 256]
Event: 5.257 Thread 0x0000020694ec0c00 Exception <a 'java/lang/ClassNotFoundException'{0x0000000084edea10}: org/gradle/api/internal/DefaultNamedDomainObjectListCustomizer> (0x0000000084edea10) 
thrown [s\src\hotspot\share\classfile\systemDictionary.cpp, line 256]
Event: 5.263 Thread 0x0000020694ec0c00 Exception <a 'java/lang/ClassNotFoundException'{0x0000000084d108b0}: org/gradle/api/internal/artifacts/DefaultArtifactRepositoryContainerCustomizer> (0x0000000084d108b0) 
thrown [s\src\hotspot\share\classfile\systemDictionary.cpp, line 256]
Event: 5.267 Thread 0x0000020694ec0c00 Exception <a 'java/lang/ClassNotFoundException'{0x0000000084d39b38}: org/gradle/api/internal/artifacts/dsl/DefaultRepositoryHandlerCustomizer> (0x0000000084d39b38) 
thrown [s\src\hotspot\share\classfile\systemDictionary.cpp, line 256]
Event: 5.272 Thread 0x0000020694ec0c00 Exception <a 'java/lang/ClassNotFoundException'{0x0000000084d6fc08}: org/gradle/api/internal/artifacts/dsl/DefaultRepositoryHandler_DecoratedCustomizer> (0x0000000084d6fc08) 
thrown [s\src\hotspot\share\classfile\systemDictionary.cpp, line 256]

VM Operations (20 events):
Event: 4.609 Executing VM operation: G1Concurrent
Event: 4.611 Executing VM operation: G1Concurrent done
Event: 4.613 Executing VM operation: G1Concurrent
Event: 4.613 Executing VM operation: G1Concurrent done
Event: 4.649 Executing VM operation: HandshakeAllThreads
Event: 4.649 Executing VM operation: HandshakeAllThreads done
Event: 4.671 Executing VM operation: HandshakeAllThreads
Event: 4.671 Executing VM operation: HandshakeAllThreads done
Event: 4.732 Executing VM operation: HandshakeAllThreads
Event: 4.732 Executing VM operation: HandshakeAllThreads done
Event: 4.732 Executing VM operation: HandshakeAllThreads
Event: 4.732 Executing VM operation: HandshakeAllThreads done
Event: 4.734 Executing VM operation: HandshakeAllThreads
Event: 4.734 Executing VM operation: HandshakeAllThreads done
Event: 4.798 Executing VM operation: HandshakeAllThreads
Event: 4.798 Executing VM operation: HandshakeAllThreads done
Event: 4.948 Executing VM operation: ICBufferFull
Event: 4.948 Executing VM operation: ICBufferFull done
Event: 5.150 Executing VM operation: G1CollectForAllocation
Event: 5.158 Executing VM operation: G1CollectForAllocation done

Events (20 events):
Event: 5.018 loading class com/sun/beans/finder/MethodFinder done
Event: 5.018 loading class com/sun/beans/finder/MethodFinder$1
Event: 5.019 loading class com/sun/beans/finder/MethodFinder$1 done
Event: 5.019 loading class com/sun/beans/finder/FinderUtils
Event: 5.019 loading class com/sun/beans/finder/FinderUtils done
Event: 5.068 loading class sun/reflect/MagicAccessorImpl
Event: 5.068 loading class sun/reflect/MagicAccessorImpl done
Event: 5.100 Thread 0x0000020695a97f20 Thread added: 0x0000020695a97f20
Event: 5.237 loading class java/util/AbstractCollectionBeanInfo
Event: 5.237 loading class java/util/AbstractCollectionBeanInfo done
Event: 5.238 loading class java/util/AbstractCollectionBeanInfo
Event: 5.238 loading class java/util/AbstractCollectionBeanInfo done
Event: 5.238 loading class java/util/AbstractCollectionCustomizer
Event: 5.238 loading class java/util/AbstractCollectionCustomizer done
Event: 5.239 loading class java/util/AbstractCollectionCustomizer
Event: 5.239 loading class java/util/AbstractCollectionCustomizer done
Event: 5.239 loading class sun/reflect/generics/tree/BooleanSignature
Event: 5.239 loading class sun/reflect/generics/tree/BooleanSignature done
Event: 5.239 loading class sun/reflect/generics/reflectiveObjects/GenericArrayTypeImpl
Event: 5.240 loading class sun/reflect/generics/reflectiveObjects/GenericArrayTypeImpl done


Dynamic libraries:
0x00007ff7ecd40000 - 0x00007ff7ecd4a000 	C:\Program Files\Android\Android Studio\jbr\bin\java.exe
0x00007ff8da430000 - 0x00007ff8da647000 	C:\Windows\SYSTEM32\ntdll.dll
0x00007ff8d8e40000 - 0x00007ff8d8f04000 	C:\Windows\System32\KERNEL32.DLL
0x00007ff8d7850000 - 0x00007ff8d7bf6000 	C:\Windows\System32\KERNELBASE.dll
0x00007ff8d8060000 - 0x00007ff8d8171000 	C:\Windows\System32\ucrtbase.dll
0x00007ff8cebd0000 - 0x00007ff8cebeb000 	C:\Program Files\Android\Android Studio\jbr\bin\VCRUNTIME140.dll
0x00007ff890fc0000 - 0x00007ff890fd7000 	C:\Program Files\Android\Android Studio\jbr\bin\jli.dll
0x00007ff8d8410000 - 0x00007ff8d85be000 	C:\Windows\System32\USER32.dll
0x00007ff8b9a40000 - 0x00007ff8b9cd3000 	C:\Windows\WinSxS\amd64_microsoft.windows.common-controls_6595b64144ccf1df_6.0.22621.2506_none_270c5ae97388e100\COMCTL32.dll
0x00007ff8d77a0000 - 0x00007ff8d77c6000 	C:\Windows\System32\win32u.dll
0x00007ff8d9990000 - 0x00007ff8d9a37000 	C:\Windows\System32\msvcrt.dll
0x00007ff8d8c60000 - 0x00007ff8d8c89000 	C:\Windows\System32\GDI32.dll
0x00007ff8d7f40000 - 0x00007ff8d8058000 	C:\Windows\System32\gdi32full.dll
0x00007ff8d7cc0000 - 0x00007ff8d7d5a000 	C:\Windows\System32\msvcp_win.dll
0x00007ff8d9a40000 - 0x00007ff8d9a71000 	C:\Windows\System32\IMM32.DLL
0x00007ff8ce650000 - 0x00007ff8ce65c000 	C:\Program Files\Android\Android Studio\jbr\bin\vcruntime140_1.dll
0x00007ff84e910000 - 0x00007ff84e99d000 	C:\Program Files\Android\Android Studio\jbr\bin\msvcp140.dll
0x00007ff82c120000 - 0x00007ff82cda0000 	C:\Program Files\Android\Android Studio\jbr\bin\server\jvm.dll
0x00007ff8d85c0000 - 0x00007ff8d8671000 	C:\Windows\System32\ADVAPI32.dll
0x00007ff8d9ae0000 - 0x00007ff8d9b85000 	C:\Windows\System32\sechost.dll
0x00007ff8d82f0000 - 0x00007ff8d8407000 	C:\Windows\System32\RPCRT4.dll
0x00007ff8c67d0000 - 0x00007ff8c67d9000 	C:\Windows\SYSTEM32\WSOCK32.dll
0x00007ff8d8680000 - 0x00007ff8d86f1000 	C:\Windows\System32\WS2_32.dll
0x00007ff8d1820000 - 0x00007ff8d1854000 	C:\Windows\SYSTEM32\WINMM.dll
0x00007ff8c67c0000 - 0x00007ff8c67ca000 	C:\Windows\SYSTEM32\VERSION.dll
0x00007ff8d6890000 - 0x00007ff8d68a8000 	C:\Windows\SYSTEM32\kernel.appcore.dll
0x00007ff8bf0d0000 - 0x00007ff8bf0da000 	C:\Program Files\Android\Android Studio\jbr\bin\jimage.dll
0x00007ff8d4b30000 - 0x00007ff8d4d63000 	C:\Windows\SYSTEM32\DBGHELP.DLL
0x00007ff8d88d0000 - 0x00007ff8d8c59000 	C:\Windows\System32\combase.dll
0x00007ff8d8f90000 - 0x00007ff8d9067000 	C:\Windows\System32\OLEAUT32.dll
0x00007ff89baa0000 - 0x00007ff89bad2000 	C:\Windows\SYSTEM32\dbgcore.DLL
0x00007ff8d77d0000 - 0x00007ff8d784a000 	C:\Windows\System32\bcryptPrimitives.dll
0x00007ff894b60000 - 0x00007ff894b85000 	C:\Program Files\Android\Android Studio\jbr\bin\java.dll
0x00007ff8beb00000 - 0x00007ff8beb18000 	C:\Program Files\Android\Android Studio\jbr\bin\zip.dll
0x00007ff8d9070000 - 0x00007ff8d98ca000 	C:\Windows\System32\SHELL32.dll
0x00007ff8d5690000 - 0x00007ff8d5f86000 	C:\Windows\SYSTEM32\windows.storage.dll
0x00007ff8d5540000 - 0x00007ff8d567e000 	C:\Windows\SYSTEM32\wintypes.dll
0x00007ff8d8180000 - 0x00007ff8d8273000 	C:\Windows\System32\SHCORE.dll
0x00007ff8d9bf0000 - 0x00007ff8d9c4e000 	C:\Windows\System32\shlwapi.dll
0x00007ff8d76d0000 - 0x00007ff8d76f6000 	C:\Windows\SYSTEM32\profapi.dll
0x00007ff8bb8c0000 - 0x00007ff8bb8d9000 	C:\Program Files\Android\Android Studio\jbr\bin\net.dll
0x00007ff8cd9e0000 - 0x00007ff8cdb17000 	C:\Windows\SYSTEM32\WINHTTP.dll
0x00007ff8d6d10000 - 0x00007ff8d6d79000 	C:\Windows\system32\mswsock.dll
0x00007ff8b9fe0000 - 0x00007ff8b9ff6000 	C:\Program Files\Android\Android Studio\jbr\bin\nio.dll
0x00007ff8be200000 - 0x00007ff8be210000 	C:\Program Files\Android\Android Studio\jbr\bin\verify.dll
0x00007ff8ce660000 - 0x00007ff8ce687000 	C:\Users\Svetl\.gradle\native\e1d6ef7f7dcc3fd88c89a11ec53ec762bb8ba0a96d01ffa2cd45eb1d1d8dd5c5\windows-amd64\native-platform.dll
0x00007ff836020000 - 0x00007ff836164000 	C:\Users\Svetl\.gradle\native\0d407fdbe67a94daf76414ababcb853783967236a71b16ec16e742cd7a986fd3\windows-amd64\native-platform-file-events.dll
0x00007ff8bd6d0000 - 0x00007ff8bd6d9000 	C:\Program Files\Android\Android Studio\jbr\bin\management.dll
0x00007ff8b69b0000 - 0x00007ff8b69bb000 	C:\Program Files\Android\Android Studio\jbr\bin\management_ext.dll
0x00007ff8d8e30000 - 0x00007ff8d8e38000 	C:\Windows\System32\PSAPI.DLL
0x00007ff8d6f60000 - 0x00007ff8d6f7b000 	C:\Windows\SYSTEM32\CRYPTSP.dll
0x00007ff8d67f0000 - 0x00007ff8d6825000 	C:\Windows\system32\rsaenh.dll
0x00007ff8d6e00000 - 0x00007ff8d6e2c000 	C:\Windows\SYSTEM32\USERENV.dll
0x00007ff8d7130000 - 0x00007ff8d7158000 	C:\Windows\SYSTEM32\bcrypt.dll
0x00007ff8d6f80000 - 0x00007ff8d6f8c000 	C:\Windows\SYSTEM32\CRYPTBASE.dll
0x00007ff8d6260000 - 0x00007ff8d628d000 	C:\Windows\SYSTEM32\IPHLPAPI.DLL
0x00007ff8d98d0000 - 0x00007ff8d98d9000 	C:\Windows\System32\NSI.dll
0x00007ff8cd930000 - 0x00007ff8cd949000 	C:\Windows\SYSTEM32\dhcpcsvc6.DLL
0x00007ff8cd910000 - 0x00007ff8cd92f000 	C:\Windows\SYSTEM32\dhcpcsvc.DLL
0x00007ff8d62d0000 - 0x00007ff8d63c9000 	C:\Windows\SYSTEM32\DNSAPI.dll
0x00007ff8960e0000 - 0x00007ff8960e8000 	C:\Windows\system32\wshunix.dll

dbghelp: loaded successfully - version: 4.0.5 - missing functions: none
symbol engine: initialized successfully - sym options: 0x614 - pdb path: .;C:\Program Files\Android\Android Studio\jbr\bin;C:\Windows\SYSTEM32;C:\Windows\WinSxS\amd64_microsoft.windows.common-controls_6595b64144ccf1df_6.0.22621.2506_none_270c5ae97388e100;C:\Program Files\Android\Android Studio\jbr\bin\server;C:\Users\Svetl\.gradle\native\e1d6ef7f7dcc3fd88c89a11ec53ec762bb8ba0a96d01ffa2cd45eb1d1d8dd5c5\windows-amd64;C:\Users\Svetl\.gradle\native\0d407fdbe67a94daf76414ababcb853783967236a71b16ec16e742cd7a986fd3\windows-amd64

VM Arguments:
jvm_args: --add-opens=java.base/java.util=ALL-UNNAMED --add-opens=java.base/java.lang=ALL-UNNAMED --add-opens=java.base/java.lang.invoke=ALL-UNNAMED --add-opens=java.base/java.util=ALL-UNNAMED --add-opens=java.prefs/java.util.prefs=ALL-UNNAMED --add-opens=java.prefs/java.util.prefs=ALL-UNNAMED --add-opens=java.base/java.nio.charset=ALL-UNNAMED --add-opens=java.base/java.net=ALL-UNNAMED --add-opens=java.base/java.util.concurrent.atomic=ALL-UNNAMED -Xmx2048m -Dfile.encoding=UTF-8 -Duser.country=RU -Duser.language=ru -Duser.variant 
java_command: org.gradle.launcher.daemon.bootstrap.GradleDaemon 7.5
java_class_path (initial): C:\Users\Svetl\.gradle\wrapper\dists\gradle-7.5-bin\f1w0cc9nuo0eivz97x2xlu9sv\gradle-7.5\lib\gradle-launcher-7.5.jar
Launcher Type: SUN_STANDARD

[Global flags]
     intx CICompilerCount                          = 12                                        {product} {ergonomic}
     uint ConcGCThreads                            = 4                                         {product} {ergonomic}
     uint G1ConcRefinementThreads                  = 15                                        {product} {ergonomic}
   size_t G1HeapRegionSize                         = 1048576                                   {product} {ergonomic}
    uintx GCDrainStackTargetSize                   = 64                                        {product} {ergonomic}
   size_t InitialHeapSize                          = 264241152                                 {product} {ergonomic}
   size_t MarkStackSize                            = 4194304                                   {product} {ergonomic}
   size_t MaxHeapSize                              = 2147483648                                {product} {command line}
   size_t MaxNewSize                               = 1287651328                                {product} {ergonomic}
   size_t MinHeapDeltaBytes                        = 1048576                                   {product} {ergonomic}
   size_t MinHeapSize                              = 8388608                                   {product} {ergonomic}
    uintx NonNMethodCodeHeapSize                   = 7602480                                {pd product} {ergonomic}
    uintx NonProfiledCodeHeapSize                  = 122027880                              {pd product} {ergonomic}
    uintx ProfiledCodeHeapSize                     = 122027880                              {pd product} {ergonomic}
    uintx ReservedCodeCacheSize                    = 251658240                              {pd product} {ergonomic}
     bool SegmentedCodeCache                       = true                                      {product} {ergonomic}
   size_t SoftMaxHeapSize                          = 2147483648                             {manageable} {ergonomic}
     bool UseCompressedClassPointers               = true                           {product lp64_product} {ergonomic}
     bool UseCompressedOops                        = true                           {product lp64_product} {ergonomic}
     bool UseG1GC                                  = true                                      {product} {ergonomic}
     bool UseLargePagesIndividualAllocation        = false                                  {pd product} {ergonomic}

Logging:
Log output configuration:
 #0: stdout all=warning uptime,level,tags
 #1: stderr all=off uptime,level,tags

Environment Variables:
PATH=C:\Program Files\Microsoft\jdk-11.0.16.101-hotspot\bin;C:\Windows\System32\HWAudioDriverLibs;C:\Windows\system32;C:\Windows;C:\Windows\System32\Wbem;C:\Windows\System32\WindowsPowerShell\v1.0\;C:\Windows\System32\OpenSSH\;C:\Users\Administrator\AppData\Local\Microsoft\WindowsApps;C:\Program Files\Microsoft SQL Server\Client SDK\ODBC\170\Tools\Binn\;C:\Program Files\Azure Data Studio\bin;C:\Program Files\dotnet\;C:\Program Files (x86)\Microsoft SQL Server\150\Tools\Binn\;C:\Program Files\Microsoft SQL Server\150\Tools\Binn\;C:\Program Files\Microsoft SQL Server\150\DTS\Binn\;C:\Program Files (x86)\Microsoft SQL Server\160\DTS\Binn\;C:\Program Files\Git\cmd;C:\Users\Svetl\AppData\Local\Microsoft\WindowsApps;C:\Program Files\Azure Data Studio\bin;C:\Users\Svetl\.dotnet\tools
USERNAME=Svetl
OS=Windows_NT
PROCESSOR_IDENTIFIER=Intel64 Family 6 Model 154 Stepping 3, GenuineIntel
TMP=C:\Users\Svetl\AppData\Local\Temp
TEMP=C:\Users\Svetl\AppData\Local\Temp


JNI global refs:
JNI global refs: 35, weak refs: 0

JNI global refs memory usage: 843, weak refs: 841

OOME stack traces (most recent first):
Classloader memory used:
Loader org.gradle.internal.classloader.VisitableURLClassLoader                         : 2485K
Loader bootstrap                                                                       : 2289K
Loader org.gradle.initialization.MixInLegacyTypesClassLoader                           : 424K
Loader jdk.internal.loader.ClassLoaders$PlatformClassLoader                            : 69410B
Loader jdk.internal.loader.ClassLoaders$AppClassLoader                                 : 25674B
Loader org.gradle.groovy.scripts.internal.DefaultScriptCompilationHandler$ScriptClassLoader: 3911B
Loader jdk.internal.reflect.DelegatingClassLoader                                      : 3895B
Loader org.codehaus.groovy.runtime.callsite.CallSiteClassLoader                        : 356B

Classes loaded by more than one classloader:
Class org.gradle.internal.installation.GradleInstallation                             : loaded 2 times (x 73B)
Class org.gradle.internal.classpath.ClassPath                                         : loaded 2 times (x 68B)
Class org.gradle.api.internal.classpath.DefaultModuleRegistry                         : loaded 2 times (x 84B)
Class org.gradle.api.Action                                                           : loaded 2 times (x 68B)
Class org.gradle.api.internal.DefaultClassPathProvider                                : loaded 2 times (x 74B)
Class org.gradle.internal.installation.GradleInstallation$1                           : loaded 2 times (x 73B)
Class org.gradle.internal.classloader.FilteringClassLoader                            : loaded 2 times (x 102B)
Class org.gradle.internal.classpath.DefaultClassPath$ImmutableUniqueList$Builder      : loaded 2 times (x 73B)
Class org.gradle.internal.classloader.ClassLoaderVisitor                              : loaded 2 times (x 74B)
Class org.gradle.internal.service.DefaultServiceLocator                               : loaded 2 times (x 81B)
Class org.gradle.internal.service.UnknownServiceException                             : loaded 2 times (x 81B)
Class org.gradle.internal.classloader.DefaultClassLoaderFactory                       : loaded 2 times (x 80B)
Class org.gradle.internal.classloader.VisitableURLClassLoader$Spec                    : loaded 2 times (x 72B)
Class org.gradle.api.GradleException                                                  : loaded 2 times (x 80B)
Class org.gradle.api.internal.classpath.ModuleRegistry                                : loaded 2 times (x 68B)
Class org.gradle.api.internal.ClassPathProvider                                       : loaded 2 times (x 68B)
Class org.gradle.internal.classloader.ClasspathUtil$1                                 : loaded 2 times (x 74B)
Class org.gradle.internal.classloader.ClassLoaderFactory                              : loaded 2 times (x 68B)
Class org.gradle.api.internal.classpath.ManifestUtil                                  : loaded 2 times (x 69B)
Class org.gradle.api.specs.Spec                                                       : loaded 2 times (x 68B)
Class org.gradle.internal.IoActions                                                   : loaded 2 times (x 69B)
Class org.gradle.api.internal.classpath.EffectiveClassPath                            : loaded 2 times (x 88B)
Class org.gradle.internal.installation.CurrentGradleInstallation                      : loaded 2 times (x 71B)
Class org.gradle.internal.installation.CurrentGradleInstallationLocator               : loaded 2 times (x 69B)
Class org.gradle.api.internal.classpath.Module                                        : loaded 2 times (x 68B)
Class org.gradle.internal.service.CachingServiceLocator                               : loaded 2 times (x 80B)
Class org.gradle.internal.classpath.DefaultClassPath                                  : loaded 2 times (x 88B)
Class org.gradle.api.Transformer                                                      : loaded 2 times (x 68B)
Class org.gradle.internal.classloader.SystemClassLoaderSpec                           : loaded 2 times (x 69B)
Class org.gradle.api.UncheckedIOException                                             : loaded 2 times (x 80B)
Class org.gradle.internal.classloader.ClasspathUtil                                   : loaded 2 times (x 69B)
Class org.gradle.api.internal.DefaultClassPathRegistry                                : loaded 2 times (x 74B)
Class org.gradle.api.internal.classpath.DefaultModuleRegistry$DefaultModule           : loaded 2 times (x 84B)
Class org.gradle.api.internal.classpath.UnknownModuleException                        : loaded 2 times (x 80B)
Class org.gradle.internal.service.ServiceLookupException                              : loaded 2 times (x 80B)
Class org.gradle.cache.GlobalCache                                                    : loaded 2 times (x 68B)
Class [Lorg.gradle.api.internal.ClassPathProvider;                                    : loaded 2 times (x 67B)
Class org.gradle.util.internal.GUtil                                                  : loaded 2 times (x 69B)
Class org.gradle.internal.classloader.ClassLoaderSpec                                 : loaded 2 times (x 69B)
Class org.gradle.internal.classloader.VisitableURLClassLoader                         : loaded 2 times (x 114B)
Class org.gradle.internal.Cast                                                        : loaded 2 times (x 69B)
Class org.gradle.api.internal.ClassPathRegistry                                       : loaded 2 times (x 68B)
Class org.gradle.internal.classloader.ClassLoaderHierarchy                            : loaded 2 times (x 68B)
Class org.gradle.internal.service.ServiceLocator                                      : loaded 2 times (x 68B)
Class org.gradle.internal.classpath.DefaultClassPath$ImmutableUniqueList              : loaded 2 times (x 159B)


---------------  S Y S T E M  ---------------

OS:
 Windows 11 , 64 bit Build 22621 (10.0.22621.2506)
OS uptime: 0 days 16:10 hours
Hyper-V role detected

CPU: total 20 (initial active 20) (10 cores per cpu, 2 threads per core) family 6 model 154 stepping 3 microcode 0x41e, cx8, cmov, fxsr, ht, mmx, 3dnowpref, sse, sse2, sse3, ssse3, sse4.1, sse4.2, popcnt, lzcnt, tsc, tscinvbit, avx, avx2, aes, erms, clmul, bmi1, bmi2, adx, sha, fma, vzeroupper, clflush, clflushopt, clwb, hv

Memory: 4k page, system-wide physical 16110M (1197M free)
TotalPageFile size 16110M (AvailPageFile size 9M)
current process WorkingSet (physical memory assigned to process): 244M, peak: 248M
current process commit charge ("private bytes"): 299M, peak: 411M

vm_info: OpenJDK 64-Bit Server VM (17.0.7+0-b2043.56-10550314) for windows-amd64 JRE (17.0.7+0-b2043.56-10550314), built on Jul 24 2023 18:27:45 by "androidbuild" with MS VC++ 16.10 / 16.11 (VS2019)

END.
