#
# There is insufficient memory for the Java Runtime Environment to continue.
# Native memory allocation (malloc) failed to allocate 299024 bytes for Chunk::new
# Possible reasons:
#   The system is out of physical RAM or swap space
#   The process is running with CompressedOops enabled, and the Java Heap may be blocking the growth of the native heap
# Possible solutions:
#   Reduce memory load on the system
#   Increase physical memory or swap space
#   Check if swap backing store is full
#   Decrease Java heap size (-Xmx/-Xms)
#   Decrease number of Java threads
#   Decrease Java thread stack sizes (-Xss)
#   Set larger code cache with -XX:ReservedCodeCacheSize=
#   JVM is running with Zero Based Compressed Oops mode in which the Java heap is
#     placed in the first 32GB address space. The Java Heap base address is the
#     maximum limit for the native heap growth. Please use -XX:HeapBaseMinAddress
#     to set the Java Heap base and to place the Java Heap above 32GB virtual address.
# This output file may be truncated or incomplete.
#
#  Out of Memory Error (arena.cpp:189), pid=11508, tid=2272
#
# JRE version: OpenJDK Runtime Environment (17.0.7) (build 17.0.7+0-b2043.56-10550314)
# Java VM: OpenJDK 64-Bit Server VM (17.0.7+0-b2043.56-10550314, mixed mode, tiered, compressed oops, compressed class ptrs, g1 gc, windows-amd64)
# No core dump will be written. Minidumps are not enabled by default on client versions of Windows
#

---------------  S U M M A R Y ------------

Command Line: --add-opens=java.base/java.util=ALL-UNNAMED --add-opens=java.base/java.lang=ALL-UNNAMED --add-opens=java.base/java.lang.invoke=ALL-UNNAMED --add-opens=java.base/java.util=ALL-UNNAMED --add-opens=java.prefs/java.util.prefs=ALL-UNNAMED --add-opens=java.prefs/java.util.prefs=ALL-UNNAMED --add-opens=java.base/java.nio.charset=ALL-UNNAMED --add-opens=java.base/java.net=ALL-UNNAMED --add-opens=java.base/java.util.concurrent.atomic=ALL-UNNAMED -Xmx4g -Dfile.encoding=windows-1251 -Duser.country=RU -Duser.language=ru -Duser.variant org.gradle.launcher.daemon.bootstrap.GradleDaemon 7.5

Host: 12th Gen Intel(R) Core(TM) i7-12700H, 20 cores, 15G,  Windows 11 , 64 bit Build 22621 (10.0.22621.2506)
Time: Thu Dec 14 13:43:10 2023 RTZ 4 (s 11 , 64 bit Build 22621 (10.0.22621.2506) elapsed time: 8.557622 seconds (0d 0h 0m 8s)

---------------  T H R E A D  ---------------

Current thread (0x0000025bb9bb3a80):  JavaThread "C2 CompilerThread1" daemon [_thread_in_native, id=2272, stack(0x0000007edef00000,0x0000007edf000000)]


Current CompileTask:
C2:   8557 5919   !   4       java.net.URLClassLoader$1::run (81 bytes)

Stack: [0x0000007edef00000,0x0000007edf000000]
Native frames: (J=compiled Java code, j=interpreted, Vv=VM code, C=native code)
V  [jvm.dll+0x683bfa]
V  [jvm.dll+0x8430a4]
V  [jvm.dll+0x8449be]
V  [jvm.dll+0x845023]
V  [jvm.dll+0x24ad2f]
V  [jvm.dll+0xac25c]
V  [jvm.dll+0xac82c]
V  [jvm.dll+0x11f9f7]
V  [jvm.dll+0x60fff2]
V  [jvm.dll+0x61441c]
V  [jvm.dll+0x21d0c8]
V  [jvm.dll+0x21c671]
V  [jvm.dll+0x1a605d]
V  [jvm.dll+0x22c148]
V  [jvm.dll+0x22a209]
V  [jvm.dll+0x7f858c]
V  [jvm.dll+0x7f2aea]
V  [jvm.dll+0x682a35]
C  [ucrtbase.dll+0x29363]
C  [KERNEL32.DLL+0x1257d]
C  [ntdll.dll+0x5aa58]


---------------  P R O C E S S  ---------------

Threads class SMR info:
_java_thread_list=0x0000025bbaa1d690, length=194, elements={
0x0000025b9283aae0, 0x0000025bb235fdd0, 0x0000025bb2360890, 0x0000025bb23d4430,
0x0000025bb23d4ef0, 0x0000025bb23d60b0, 0x0000025bb23d8a70, 0x0000025bb23d9750,
0x0000025bb23db110, 0x0000025bb23dba10, 0x0000025bb253d0d0, 0x0000025bb2541600,
0x0000025bb2541b10, 0x0000025bb254c4e0, 0x0000025bb254c9b0, 0x0000025bb9719bf0,
0x0000025bb8c93d70, 0x0000025bb8f19f50, 0x0000025bb7ed3250, 0x0000025bb7f66bd0,
0x0000025bb88c98a0, 0x0000025bb8c81540, 0x0000025bb8d483e0, 0x0000025bb8dc6050,
0x0000025bb8dc86d0, 0x0000025bb8dc6520, 0x0000025bb8dc8ba0, 0x0000025bb8dc69f0,
0x0000025bb8dc5b80, 0x0000025bb8dc51e0, 0x0000025bb8dc6ec0, 0x0000025bb8dc56b0,
0x0000025bb8dc7390, 0x0000025bb8dc7d30, 0x0000025bb8dc7860, 0x0000025bb8dc8200,
0x0000025bb9f85d10, 0x0000025bb9f80670, 0x0000025bb9f82820, 0x0000025bb9f849d0,
0x0000025bb9f801a0, 0x0000025bb9f814e0, 0x0000025bb9f7fcd0, 0x0000025bb9f81010,
0x0000025bb9f819b0, 0x0000025bb9f81e80, 0x0000025bb9f83b60, 0x0000025bb9f7ee60,
0x0000025bb9f82cf0, 0x0000025bb9f861e0, 0x0000025bb9f831c0, 0x0000025bb9f866b0,
0x0000025bb9f7f330, 0x0000025bb9f83690, 0x0000025bb9f84030, 0x0000025bb9b033e0,
0x0000025bb9afd870, 0x0000025bb9afebb0, 0x0000025bb9aff550, 0x0000025bb9b00d60,
0x0000025bb9b02a40, 0x0000025bb9affa20, 0x0000025bb9b02f10, 0x0000025bb9afe210,
0x0000025bb9affef0, 0x0000025bb9b003c0, 0x0000025bb9b00890, 0x0000025bb9b01230,
0x0000025bb9b01700, 0x0000025bb9b01bd0, 0x0000025bb9b038b0, 0x0000025bb9b020a0,
0x0000025bb9afc060, 0x0000025bb9b02570, 0x0000025bb9afc530, 0x0000025bb9afca00,
0x0000025bb9afced0, 0x0000025bb9afdd40, 0x0000025bb9afd3a0, 0x0000025bb9afe6e0,
0x0000025bb9aff080, 0x0000025bb7ce6b00, 0x0000025bb7ce6fd0, 0x0000025bb7ce9b20,
0x0000025bb7ced010, 0x0000025bb7ce7970, 0x0000025bb9bb3a80, 0x0000025bb7ce74a0,
0x0000025bb7ceb330, 0x0000025bb7ced9b0, 0x0000025bb7ce9ff0, 0x0000025bb7ce7e40,
0x0000025bb7ceae60, 0x0000025bb7cec670, 0x0000025bb7ce8310, 0x0000025bb7ceb800,
0x0000025bb7cecb40, 0x0000025bb7ce87e0, 0x0000025bb7cea990, 0x0000025bb7ced4e0,
0x0000025bb7ce8cb0, 0x0000025bb7cede80, 0x0000025bb7cee350, 0x0000025bb7ce9180,
0x0000025bb7ce9650, 0x0000025bb7cea4c0, 0x0000025bb7cebcd0, 0x0000025bb7cec1a0,
0x0000025bba935630, 0x0000025bba9364a0, 0x0000025bba933480, 0x0000025bba92ff90,
0x0000025bba930460, 0x0000025bba933e20, 0x0000025bba9347c0, 0x0000025bba932610,
0x0000025bba932ae0, 0x0000025bba932fb0, 0x0000025bba936970, 0x0000025bba932140,
0x0000025bba935160, 0x0000025bba935fd0, 0x0000025bba935b00, 0x0000025bba937310,
0x0000025bba933950, 0x0000025bba936e40, 0x0000025bba934c90, 0x0000025bba931c70,
0x0000025bba9342f0, 0x0000025bba9377e0, 0x0000025bba930930, 0x0000025bba930e00,
0x0000025bba9312d0, 0x0000025bb9bb3f90, 0x0000025bba9317a0, 0x0000025bb927b270,
0x0000025bb9279a60, 0x0000025bb9280910, 0x0000025bb927ddc0, 0x0000025bb927f5d0,
0x0000025bb927a8d0, 0x0000025bb927bc10, 0x0000025bb9279590, 0x0000025bb92790c0,
0x0000025bb9279f30, 0x0000025bb927c0e0, 0x0000025bb927faa0, 0x0000025bb927d8f0,
0x0000025bb927cf50, 0x0000025bb927a400, 0x0000025bb927b740, 0x0000025bb927ada0,
0x0000025bb927e290, 0x0000025bb927c5b0, 0x0000025bb927ec30, 0x0000025bb927ff70,
0x0000025bb927e760, 0x0000025bb927f100, 0x0000025bb9bb6300, 0x0000025bb927ca80,
0x0000025bb927d420, 0x0000025bb9280440, 0x0000025bb90a29c0, 0x0000025bb909eb30,
0x0000025bb909e190, 0x0000025bb909d7f0, 0x0000025bb909f9a0, 0x0000025bb909fe70,
0x0000025bb909d320, 0x0000025bb909f000, 0x0000025bb90a2e90, 0x0000025bb909ce50,
0x0000025bb909dcc0, 0x0000025bb909bfe0, 0x0000025bb90a0ce0, 0x0000025bb909c980,
0x0000025bb909e660, 0x0000025bb909bb10, 0x0000025bb909f4d0, 0x0000025bb90a0340,
0x0000025bb90a0810, 0x0000025bb90a11b0, 0x0000025bb909b640, 0x0000025bb90a1680,
0x0000025bb90a1b50, 0x0000025bb90a2020, 0x0000025bb90a24f0, 0x0000025bb909c4b0,
0x0000025bbbb512a0, 0x0000025bbbb53450, 0x0000025bbbb51770, 0x0000025bbbb53920,
0x0000025bbbb54c60, 0x0000025bbbb51c40
}

Java Threads: ( => current thread )
  0x0000025b9283aae0 JavaThread "main" [_thread_blocked, id=3064, stack(0x0000007ed8000000,0x0000007ed8100000)]
  0x0000025bb235fdd0 JavaThread "Reference Handler" daemon [_thread_blocked, id=23736, stack(0x0000007ed8700000,0x0000007ed8800000)]
  0x0000025bb2360890 JavaThread "Finalizer" daemon [_thread_blocked, id=1700, stack(0x0000007ed8800000,0x0000007ed8900000)]
  0x0000025bb23d4430 JavaThread "Signal Dispatcher" daemon [_thread_blocked, id=9764, stack(0x0000007ed8900000,0x0000007ed8a00000)]
  0x0000025bb23d4ef0 JavaThread "Attach Listener" daemon [_thread_blocked, id=8600, stack(0x0000007ed8a00000,0x0000007ed8b00000)]
  0x0000025bb23d60b0 JavaThread "Service Thread" daemon [_thread_blocked, id=11276, stack(0x0000007ed8b00000,0x0000007ed8c00000)]
  0x0000025bb23d8a70 JavaThread "Monitor Deflation Thread" daemon [_thread_blocked, id=2952, stack(0x0000007ed8c00000,0x0000007ed8d00000)]
  0x0000025bb23d9750 JavaThread "C2 CompilerThread0" daemon [_thread_in_native, id=3024, stack(0x0000007ed8d00000,0x0000007ed8e00000)]
  0x0000025bb23db110 JavaThread "C1 CompilerThread0" daemon [_thread_blocked, id=9496, stack(0x0000007ed8e00000,0x0000007ed8f00000)]
  0x0000025bb23dba10 JavaThread "Sweeper thread" daemon [_thread_blocked, id=23016, stack(0x0000007ed8f00000,0x0000007ed9000000)]
  0x0000025bb253d0d0 JavaThread "C1 CompilerThread1" daemon [_thread_blocked, id=19436, stack(0x0000007ed9000000,0x0000007ed9100000)]
  0x0000025bb2541600 JavaThread "C1 CompilerThread2" daemon [_thread_blocked, id=6128, stack(0x0000007ed9100000,0x0000007ed9200000)]
  0x0000025bb2541b10 JavaThread "C1 CompilerThread3" daemon [_thread_blocked, id=11236, stack(0x0000007ed9200000,0x0000007ed9300000)]
  0x0000025bb254c4e0 JavaThread "Common-Cleaner" daemon [_thread_blocked, id=11156, stack(0x0000007ed9300000,0x0000007ed9400000)]
  0x0000025bb254c9b0 JavaThread "Notification Thread" daemon [_thread_blocked, id=5016, stack(0x0000007ed9400000,0x0000007ed9500000)]
  0x0000025bb9719bf0 JavaThread "Daemon health stats" [_thread_blocked, id=5504, stack(0x0000007ed9d00000,0x0000007ed9e00000)]
  0x0000025bb8c93d70 JavaThread "Incoming local TCP Connector on port 53600" [_thread_in_native, id=12608, stack(0x0000007ed9e00000,0x0000007ed9f00000)]
  0x0000025bb8f19f50 JavaThread "Daemon periodic checks" [_thread_blocked, id=12036, stack(0x0000007ed9700000,0x0000007ed9800000)]
  0x0000025bb7ed3250 JavaThread "Daemon" [_thread_blocked, id=1532, stack(0x0000007ed9f00000,0x0000007eda000000)]
  0x0000025bb7f66bd0 JavaThread "Handler for socket connection from /127.0.0.1:53600 to /127.0.0.1:53601" [_thread_in_native, id=2260, stack(0x0000007eda000000,0x0000007eda100000)]
  0x0000025bb88c98a0 JavaThread "Cancel handler" [_thread_blocked, id=18096, stack(0x0000007eda100000,0x0000007eda200000)]
  0x0000025bb8c81540 JavaThread "Daemon worker" [_thread_blocked, id=14656, stack(0x0000007eda200000,0x0000007eda300000)]
  0x0000025bb8d483e0 JavaThread "Asynchronous log dispatcher for DefaultDaemonConnection: socket connection from /127.0.0.1:53600 to /127.0.0.1:53601" [_thread_blocked, id=4344, stack(0x0000007eda300000,0x0000007eda400000)]
  0x0000025bb8dc6050 JavaThread "Stdin handler" [_thread_blocked, id=18984, stack(0x0000007eda400000,0x0000007eda500000)]
  0x0000025bb8dc86d0 JavaThread "Daemon client event forwarder" [_thread_blocked, id=19284, stack(0x0000007eda500000,0x0000007eda600000)]
  0x0000025bb8dc6520 JavaThread "Cache worker for journal cache (C:\Users\Svetl\.gradle\caches\journal-1)" [_thread_blocked, id=14068, stack(0x0000007eda600000,0x0000007eda700000)]
  0x0000025bb8dc8ba0 JavaThread "File lock request listener" [_thread_in_native, id=4104, stack(0x0000007eda700000,0x0000007eda800000)]
  0x0000025bb8dc69f0 JavaThread "Cache worker for file hash cache (C:\Users\Svetl\.gradle\caches\7.5\fileHashes)" [_thread_in_native, id=19020, stack(0x0000007edb300000,0x0000007edb400000)]
  0x0000025bb8dc5b80 JavaThread "File watcher server" daemon [_thread_in_native, id=13400, stack(0x0000007edb600000,0x0000007edb700000)]
  0x0000025bb8dc51e0 JavaThread "File watcher consumer" daemon [_thread_blocked, id=1916, stack(0x0000007edb700000,0x0000007edb800000)]
  0x0000025bb8dc6ec0 JavaThread "Cache worker for checksums cache (C:\Users\Svetl\AndroidStudioProjects\up5v1\.gradle\7.5\checksums)" [_thread_blocked, id=10940, stack(0x0000007edb800000,0x0000007edb900000)]
  0x0000025bb8dc56b0 JavaThread "Cache worker for cache directory md-rule (C:\Users\Svetl\.gradle\caches\7.5\md-rule)" [_thread_blocked, id=1620, stack(0x0000007edb900000,0x0000007edba00000)]
  0x0000025bb8dc7390 JavaThread "Cache worker for file content cache (C:\Users\Svetl\.gradle\caches\7.5\fileContent)" [_thread_blocked, id=2880, stack(0x0000007edba00000,0x0000007edbb00000)]
  0x0000025bb8dc7d30 JavaThread "Cache worker for file hash cache (C:\Users\Svetl\AndroidStudioProjects\up5v1\.gradle\7.5\fileHashes)" [_thread_blocked, id=7028, stack(0x0000007edb500000,0x0000007edb600000)]
  0x0000025bb8dc7860 JavaThread "Cache worker for cache directory md-supplier (C:\Users\Svetl\.gradle\caches\7.5\md-supplier)" [_thread_blocked, id=13864, stack(0x0000007edbb00000,0x0000007edbc00000)]
  0x0000025bb8dc8200 JavaThread "Cache worker for execution history cache (C:\Users\Svetl\.gradle\caches\7.5\executionHistory)" [_thread_blocked, id=15324, stack(0x0000007edbc00000,0x0000007edbd00000)]
  0x0000025bb9f85d10 JavaThread "jar transforms" [_thread_blocked, id=16952, stack(0x0000007edbd00000,0x0000007edbe00000)]
  0x0000025bb9f80670 JavaThread "jar transforms Thread 2" [_thread_blocked, id=22276, stack(0x0000007edbe00000,0x0000007edbf00000)]
  0x0000025bb9f82820 JavaThread "jar transforms Thread 3" [_thread_blocked, id=20052, stack(0x0000007edc100000,0x0000007edc200000)]
  0x0000025bb9f849d0 JavaThread "jar transforms Thread 4" [_thread_blocked, id=6436, stack(0x0000007edc200000,0x0000007edc300000)]
  0x0000025bb9f801a0 JavaThread "Cache worker for dependencies-accessors (C:\Users\Svetl\AndroidStudioProjects\up5v1\.gradle\7.5\dependencies-accessors)" [_thread_blocked, id=3296, stack(0x0000007edc300000,0x0000007edc400000)]
  0x0000025bb9f814e0 JavaThread "jar transforms Thread 5" [_thread_blocked, id=5428, stack(0x0000007edc000000,0x0000007edc100000)]
  0x0000025bb9f7fcd0 JavaThread "Cache worker for Build Output Cleanup Cache (C:\Users\Svetl\AndroidStudioProjects\up5v1\.gradle\buildOutputCleanup)" [_thread_blocked, id=4260, stack(0x0000007edbf00000,0x0000007edc000000)]
  0x0000025bb9f81010 JavaThread "Unconstrained build operations" [_thread_blocked, id=12156, stack(0x0000007edb400000,0x0000007edb500000)]
  0x0000025bb9f819b0 JavaThread "Unconstrained build operations Thread 2" [_thread_blocked, id=13892, stack(0x0000007edc400000,0x0000007edc500000)]
  0x0000025bb9f81e80 JavaThread "Unconstrained build operations Thread 3" [_thread_blocked, id=12748, stack(0x0000007edc500000,0x0000007edc600000)]
  0x0000025bb9f83b60 JavaThread "Unconstrained build operations Thread 4" [_thread_blocked, id=10568, stack(0x0000007edc700000,0x0000007edc800000)]
  0x0000025bb9f7ee60 JavaThread "Unconstrained build operations Thread 5" [_thread_blocked, id=4672, stack(0x0000007edc800000,0x0000007edc900000)]
  0x0000025bb9f82cf0 JavaThread "Unconstrained build operations Thread 6" [_thread_blocked, id=13452, stack(0x0000007edc900000,0x0000007edca00000)]
  0x0000025bb9f861e0 JavaThread "Unconstrained build operations Thread 7" [_thread_blocked, id=10764, stack(0x0000007edca00000,0x0000007edcb00000)]
  0x0000025bb9f831c0 JavaThread "Unconstrained build operations Thread 8" [_thread_blocked, id=2304, stack(0x0000007edcb00000,0x0000007edcc00000)]
  0x0000025bb9f866b0 JavaThread "Unconstrained build operations Thread 9" [_thread_blocked, id=22652, stack(0x0000007edcc00000,0x0000007edcd00000)]
  0x0000025bb9f7f330 JavaThread "Unconstrained build operations Thread 10" [_thread_blocked, id=18444, stack(0x0000007edcd00000,0x0000007edce00000)]
  0x0000025bb9f83690 JavaThread "Unconstrained build operations Thread 11" [_thread_blocked, id=19728, stack(0x0000007edce00000,0x0000007edcf00000)]
  0x0000025bb9f84030 JavaThread "Unconstrained build operations Thread 12" [_thread_blocked, id=13496, stack(0x0000007edcf00000,0x0000007edd000000)]
  0x0000025bb9b033e0 JavaThread "Unconstrained build operations Thread 13" [_thread_blocked, id=2776, stack(0x0000007edd000000,0x0000007edd100000)]
  0x0000025bb9afd870 JavaThread "Unconstrained build operations Thread 14" [_thread_blocked, id=2596, stack(0x0000007edd100000,0x0000007edd200000)]
  0x0000025bb9afebb0 JavaThread "Unconstrained build operations Thread 15" [_thread_blocked, id=5100, stack(0x0000007edd200000,0x0000007edd300000)]
  0x0000025bb9aff550 JavaThread "Unconstrained build operations Thread 16" [_thread_blocked, id=4668, stack(0x0000007edd300000,0x0000007edd400000)]
  0x0000025bb9b00d60 JavaThread "Unconstrained build operations Thread 17" [_thread_blocked, id=24172, stack(0x0000007edd400000,0x0000007edd500000)]
  0x0000025bb9b02a40 JavaThread "Unconstrained build operations Thread 18" [_thread_blocked, id=24408, stack(0x0000007edd500000,0x0000007edd600000)]
  0x0000025bb9affa20 JavaThread "Unconstrained build operations Thread 19" [_thread_blocked, id=2172, stack(0x0000007edd600000,0x0000007edd700000)]
  0x0000025bb9b02f10 JavaThread "Unconstrained build operations Thread 20" [_thread_blocked, id=1316, stack(0x0000007edd700000,0x0000007edd800000)]
  0x0000025bb9afe210 JavaThread "Unconstrained build operations Thread 21" [_thread_blocked, id=6344, stack(0x0000007edd800000,0x0000007edd900000)]
  0x0000025bb9affef0 JavaThread "Unconstrained build operations Thread 22" [_thread_blocked, id=7944, stack(0x0000007edd900000,0x0000007edda00000)]
  0x0000025bb9b003c0 JavaThread "Unconstrained build operations Thread 23" [_thread_blocked, id=23308, stack(0x0000007edda00000,0x0000007eddb00000)]
  0x0000025bb9b00890 JavaThread "Unconstrained build operations Thread 24" [_thread_blocked, id=10072, stack(0x0000007eddb00000,0x0000007eddc00000)]
  0x0000025bb9b01230 JavaThread "Unconstrained build operations Thread 25" [_thread_blocked, id=12508, stack(0x0000007eddc00000,0x0000007eddd00000)]
  0x0000025bb9b01700 JavaThread "Unconstrained build operations Thread 26" [_thread_blocked, id=19588, stack(0x0000007eddd00000,0x0000007edde00000)]
  0x0000025bb9b01bd0 JavaThread "Unconstrained build operations Thread 27" [_thread_blocked, id=3508, stack(0x0000007edde00000,0x0000007eddf00000)]
  0x0000025bb9b038b0 JavaThread "Unconstrained build operations Thread 28" [_thread_blocked, id=7036, stack(0x0000007eddf00000,0x0000007ede000000)]
  0x0000025bb9b020a0 JavaThread "Unconstrained build operations Thread 29" [_thread_blocked, id=13728, stack(0x0000007ede000000,0x0000007ede100000)]
  0x0000025bb9afc060 JavaThread "Unconstrained build operations Thread 30" [_thread_blocked, id=4636, stack(0x0000007ede100000,0x0000007ede200000)]
  0x0000025bb9b02570 JavaThread "Unconstrained build operations Thread 31" [_thread_blocked, id=10452, stack(0x0000007ede200000,0x0000007ede300000)]
  0x0000025bb9afc530 JavaThread "Unconstrained build operations Thread 32" [_thread_blocked, id=2164, stack(0x0000007ede300000,0x0000007ede400000)]
  0x0000025bb9afca00 JavaThread "Unconstrained build operations Thread 33" [_thread_blocked, id=18140, stack(0x0000007ede400000,0x0000007ede500000)]
  0x0000025bb9afced0 JavaThread "Unconstrained build operations Thread 34" [_thread_blocked, id=4312, stack(0x0000007ede500000,0x0000007ede600000)]
  0x0000025bb9afdd40 JavaThread "Unconstrained build operations Thread 35" [_thread_blocked, id=9980, stack(0x0000007ede600000,0x0000007ede700000)]
  0x0000025bb9afd3a0 JavaThread "Unconstrained build operations Thread 36" [_thread_blocked, id=6856, stack(0x0000007ede700000,0x0000007ede800000)]
  0x0000025bb9afe6e0 JavaThread "Unconstrained build operations Thread 37" [_thread_blocked, id=2428, stack(0x0000007ede800000,0x0000007ede900000)]
  0x0000025bb9aff080 JavaThread "Unconstrained build operations Thread 38" [_thread_blocked, id=11932, stack(0x0000007ede900000,0x0000007edea00000)]
  0x0000025bb7ce6b00 JavaThread "Unconstrained build operations Thread 39" [_thread_blocked, id=6236, stack(0x0000007edea00000,0x0000007edeb00000)]
  0x0000025bb7ce6fd0 JavaThread "Unconstrained build operations Thread 40" [_thread_blocked, id=18484, stack(0x0000007edeb00000,0x0000007edec00000)]
  0x0000025bb7ce9b20 JavaThread "Unconstrained build operations Thread 41" [_thread_blocked, id=6564, stack(0x0000007edec00000,0x0000007eded00000)]
  0x0000025bb7ced010 JavaThread "Unconstrained build operations Thread 42" [_thread_blocked, id=23588, stack(0x0000007eded00000,0x0000007edee00000)]
  0x0000025bb7ce7970 JavaThread "Unconstrained build operations Thread 43" [_thread_blocked, id=24036, stack(0x0000007edee00000,0x0000007edef00000)]
=>0x0000025bb9bb3a80 JavaThread "C2 CompilerThread1" daemon [_thread_in_native, id=2272, stack(0x0000007edef00000,0x0000007edf000000)]
  0x0000025bb7ce74a0 JavaThread "Unconstrained build operations Thread 44" [_thread_blocked, id=1908, stack(0x0000007edf000000,0x0000007edf100000)]
  0x0000025bb7ceb330 JavaThread "Unconstrained build operations Thread 45" [_thread_blocked, id=10064, stack(0x0000007edf100000,0x0000007edf200000)]
  0x0000025bb7ced9b0 JavaThread "Unconstrained build operations Thread 46" [_thread_blocked, id=24292, stack(0x0000007edf200000,0x0000007edf300000)]
  0x0000025bb7ce9ff0 JavaThread "Unconstrained build operations Thread 47" [_thread_blocked, id=7748, stack(0x0000007edf300000,0x0000007edf400000)]
  0x0000025bb7ce7e40 JavaThread "Unconstrained build operations Thread 48" [_thread_blocked, id=18972, stack(0x0000007edf400000,0x0000007edf500000)]
  0x0000025bb7ceae60 JavaThread "Unconstrained build operations Thread 49" [_thread_blocked, id=19652, stack(0x0000007edf500000,0x0000007edf600000)]
  0x0000025bb7cec670 JavaThread "Unconstrained build operations Thread 50" [_thread_blocked, id=19828, stack(0x0000007edf600000,0x0000007edf700000)]
  0x0000025bb7ce8310 JavaThread "Unconstrained build operations Thread 51" [_thread_blocked, id=19396, stack(0x0000007edf700000,0x0000007edf800000)]
  0x0000025bb7ceb800 JavaThread "Unconstrained build operations Thread 52" [_thread_blocked, id=23060, stack(0x0000007edf800000,0x0000007edf900000)]
  0x0000025bb7cecb40 JavaThread "Unconstrained build operations Thread 53" [_thread_blocked, id=23064, stack(0x0000007edf900000,0x0000007edfa00000)]
  0x0000025bb7ce87e0 JavaThread "Unconstrained build operations Thread 54" [_thread_blocked, id=9884, stack(0x0000007edfa00000,0x0000007edfb00000)]
  0x0000025bb7cea990 JavaThread "Unconstrained build operations Thread 55" [_thread_blocked, id=19120, stack(0x0000007edfb00000,0x0000007edfc00000)]
  0x0000025bb7ced4e0 JavaThread "Unconstrained build operations Thread 56" [_thread_blocked, id=5572, stack(0x0000007edfc00000,0x0000007edfd00000)]
  0x0000025bb7ce8cb0 JavaThread "Unconstrained build operations Thread 57" [_thread_blocked, id=17096, stack(0x0000007edfd00000,0x0000007edfe00000)]
  0x0000025bb7cede80 JavaThread "Unconstrained build operations Thread 58" [_thread_blocked, id=24548, stack(0x0000007edfe00000,0x0000007edff00000)]
  0x0000025bb7cee350 JavaThread "Unconstrained build operations Thread 59" [_thread_blocked, id=6968, stack(0x0000007edff00000,0x0000007ee0000000)]
  0x0000025bb7ce9180 JavaThread "Unconstrained build operations Thread 60" [_thread_blocked, id=15088, stack(0x0000007ee0000000,0x0000007ee0100000)]
  0x0000025bb7ce9650 JavaThread "Unconstrained build operations Thread 61" [_thread_blocked, id=19868, stack(0x0000007ee0100000,0x0000007ee0200000)]
  0x0000025bb7cea4c0 JavaThread "Unconstrained build operations Thread 62" [_thread_blocked, id=4212, stack(0x0000007ee0200000,0x0000007ee0300000)]
  0x0000025bb7cebcd0 JavaThread "Unconstrained build operations Thread 63" [_thread_blocked, id=13588, stack(0x0000007ee0300000,0x0000007ee0400000)]
  0x0000025bb7cec1a0 JavaThread "Unconstrained build operations Thread 64" [_thread_blocked, id=6324, stack(0x0000007ee0400000,0x0000007ee0500000)]
  0x0000025bba935630 JavaThread "Unconstrained build operations Thread 65" [_thread_blocked, id=5108, stack(0x0000007ee0500000,0x0000007ee0600000)]
  0x0000025bba9364a0 JavaThread "Unconstrained build operations Thread 66" [_thread_blocked, id=15704, stack(0x0000007ee0600000,0x0000007ee0700000)]
  0x0000025bba933480 JavaThread "Unconstrained build operations Thread 67" [_thread_blocked, id=17420, stack(0x0000007ee0700000,0x0000007ee0800000)]
  0x0000025bba92ff90 JavaThread "Unconstrained build operations Thread 68" [_thread_blocked, id=5432, stack(0x0000007ee0800000,0x0000007ee0900000)]
  0x0000025bba930460 JavaThread "Unconstrained build operations Thread 69" [_thread_blocked, id=12404, stack(0x0000007ee0900000,0x0000007ee0a00000)]
  0x0000025bba933e20 JavaThread "Unconstrained build operations Thread 70" [_thread_blocked, id=19916, stack(0x0000007ee0a00000,0x0000007ee0b00000)]
  0x0000025bba9347c0 JavaThread "Unconstrained build operations Thread 71" [_thread_blocked, id=23464, stack(0x0000007ee0b00000,0x0000007ee0c00000)]
  0x0000025bba932610 JavaThread "Unconstrained build operations Thread 72" [_thread_blocked, id=11832, stack(0x0000007ee0c00000,0x0000007ee0d00000)]
  0x0000025bba932ae0 JavaThread "Unconstrained build operations Thread 73" [_thread_blocked, id=11096, stack(0x0000007ee0d00000,0x0000007ee0e00000)]
  0x0000025bba932fb0 JavaThread "Unconstrained build operations Thread 74" [_thread_blocked, id=9572, stack(0x0000007ee0e00000,0x0000007ee0f00000)]
  0x0000025bba936970 JavaThread "Unconstrained build operations Thread 75" [_thread_blocked, id=13204, stack(0x0000007ee0f00000,0x0000007ee1000000)]
  0x0000025bba932140 JavaThread "Unconstrained build operations Thread 76" [_thread_blocked, id=23388, stack(0x0000007ee1000000,0x0000007ee1100000)]
  0x0000025bba935160 JavaThread "Unconstrained build operations Thread 77" [_thread_blocked, id=8304, stack(0x0000007ee1100000,0x0000007ee1200000)]
  0x0000025bba935fd0 JavaThread "Unconstrained build operations Thread 78" [_thread_blocked, id=13736, stack(0x0000007ee1200000,0x0000007ee1300000)]
  0x0000025bba935b00 JavaThread "Unconstrained build operations Thread 79" [_thread_blocked, id=10912, stack(0x0000007ee1300000,0x0000007ee1400000)]
  0x0000025bba937310 JavaThread "Unconstrained build operations Thread 80" [_thread_blocked, id=13592, stack(0x0000007ee1400000,0x0000007ee1500000)]
  0x0000025bba933950 JavaThread "Unconstrained build operations Thread 81" [_thread_blocked, id=20976, stack(0x0000007ee1500000,0x0000007ee1600000)]
  0x0000025bba936e40 JavaThread "Unconstrained build operations Thread 82" [_thread_blocked, id=18560, stack(0x0000007ee1600000,0x0000007ee1700000)]
  0x0000025bba934c90 JavaThread "Unconstrained build operations Thread 83" [_thread_blocked, id=14700, stack(0x0000007ee1700000,0x0000007ee1800000)]
  0x0000025bba931c70 JavaThread "Unconstrained build operations Thread 84" [_thread_blocked, id=8232, stack(0x0000007ee1800000,0x0000007ee1900000)]
  0x0000025bba9342f0 JavaThread "Unconstrained build operations Thread 85" [_thread_blocked, id=24120, stack(0x0000007ee1900000,0x0000007ee1a00000)]
  0x0000025bba9377e0 JavaThread "Unconstrained build operations Thread 86" [_thread_blocked, id=6032, stack(0x0000007ee1a00000,0x0000007ee1b00000)]
  0x0000025bba930930 JavaThread "Unconstrained build operations Thread 87" [_thread_blocked, id=19196, stack(0x0000007ee1b00000,0x0000007ee1c00000)]
  0x0000025bba930e00 JavaThread "Unconstrained build operations Thread 88" [_thread_blocked, id=7844, stack(0x0000007ee1c00000,0x0000007ee1d00000)]
  0x0000025bba9312d0 JavaThread "Unconstrained build operations Thread 89" [_thread_blocked, id=23956, stack(0x0000007ee1d00000,0x0000007ee1e00000)]
  0x0000025bb9bb3f90 JavaThread "C2 CompilerThread2" daemon [_thread_blocked, id=14540, stack(0x0000007ee1e00000,0x0000007ee1f00000)]
  0x0000025bba9317a0 JavaThread "Unconstrained build operations Thread 90" [_thread_blocked, id=1964, stack(0x0000007ee1f00000,0x0000007ee2000000)]
  0x0000025bb927b270 JavaThread "Unconstrained build operations Thread 91" [_thread_blocked, id=19496, stack(0x0000007ee2000000,0x0000007ee2100000)]
  0x0000025bb9279a60 JavaThread "Unconstrained build operations Thread 92" [_thread_blocked, id=1568, stack(0x0000007ee2100000,0x0000007ee2200000)]
  0x0000025bb9280910 JavaThread "Unconstrained build operations Thread 93" [_thread_blocked, id=7452, stack(0x0000007ee2200000,0x0000007ee2300000)]
  0x0000025bb927ddc0 JavaThread "Unconstrained build operations Thread 94" [_thread_blocked, id=19408, stack(0x0000007ee2300000,0x0000007ee2400000)]
  0x0000025bb927f5d0 JavaThread "Unconstrained build operations Thread 95" [_thread_blocked, id=12412, stack(0x0000007ee2400000,0x0000007ee2500000)]
  0x0000025bb927a8d0 JavaThread "Unconstrained build operations Thread 96" [_thread_blocked, id=14824, stack(0x0000007ee2500000,0x0000007ee2600000)]
  0x0000025bb927bc10 JavaThread "Unconstrained build operations Thread 97" [_thread_blocked, id=21564, stack(0x0000007ee2600000,0x0000007ee2700000)]
  0x0000025bb9279590 JavaThread "Unconstrained build operations Thread 98" [_thread_blocked, id=22780, stack(0x0000007ee2700000,0x0000007ee2800000)]
  0x0000025bb92790c0 JavaThread "Unconstrained build operations Thread 99" [_thread_blocked, id=7504, stack(0x0000007ee2800000,0x0000007ee2900000)]
  0x0000025bb9279f30 JavaThread "Unconstrained build operations Thread 100" [_thread_blocked, id=3476, stack(0x0000007ee2900000,0x0000007ee2a00000)]
  0x0000025bb927c0e0 JavaThread "Unconstrained build operations Thread 101" [_thread_blocked, id=4184, stack(0x0000007ee2a00000,0x0000007ee2b00000)]
  0x0000025bb927faa0 JavaThread "Unconstrained build operations Thread 102" [_thread_blocked, id=3344, stack(0x0000007ee2b00000,0x0000007ee2c00000)]
  0x0000025bb927d8f0 JavaThread "Unconstrained build operations Thread 103" [_thread_blocked, id=23476, stack(0x0000007ee2c00000,0x0000007ee2d00000)]
  0x0000025bb927cf50 JavaThread "Unconstrained build operations Thread 104" [_thread_blocked, id=1276, stack(0x0000007ee2d00000,0x0000007ee2e00000)]
  0x0000025bb927a400 JavaThread "Unconstrained build operations Thread 105" [_thread_blocked, id=13576, stack(0x0000007ee2e00000,0x0000007ee2f00000)]
  0x0000025bb927b740 JavaThread "Unconstrained build operations Thread 106" [_thread_blocked, id=4868, stack(0x0000007ee2f00000,0x0000007ee3000000)]
  0x0000025bb927ada0 JavaThread "Unconstrained build operations Thread 107" [_thread_blocked, id=10800, stack(0x0000007ee3000000,0x0000007ee3100000)]
  0x0000025bb927e290 JavaThread "Unconstrained build operations Thread 108" [_thread_blocked, id=1580, stack(0x0000007ee3100000,0x0000007ee3200000)]
  0x0000025bb927c5b0 JavaThread "Unconstrained build operations Thread 109" [_thread_blocked, id=9976, stack(0x0000007ee3200000,0x0000007ee3300000)]
  0x0000025bb927ec30 JavaThread "Unconstrained build operations Thread 110" [_thread_blocked, id=22648, stack(0x0000007ee3300000,0x0000007ee3400000)]
  0x0000025bb927ff70 JavaThread "Unconstrained build operations Thread 111" [_thread_blocked, id=22976, stack(0x0000007ee3400000,0x0000007ee3500000)]
  0x0000025bb927e760 JavaThread "Unconstrained build operations Thread 112" [_thread_blocked, id=24516, stack(0x0000007ee3500000,0x0000007ee3600000)]
  0x0000025bb927f100 JavaThread "Unconstrained build operations Thread 113" [_thread_blocked, id=4272, stack(0x0000007ee3600000,0x0000007ee3700000)]
  0x0000025bb9bb6300 JavaThread "C2 CompilerThread3" daemon [_thread_blocked, id=19444, stack(0x0000007ee3700000,0x0000007ee3800000)]
  0x0000025bb927ca80 JavaThread "Unconstrained build operations Thread 114" [_thread_blocked, id=17364, stack(0x0000007ee3800000,0x0000007ee3900000)]
  0x0000025bb927d420 JavaThread "Unconstrained build operations Thread 115" [_thread_blocked, id=24000, stack(0x0000007ee3900000,0x0000007ee3a00000)]
  0x0000025bb9280440 JavaThread "Unconstrained build operations Thread 116" [_thread_blocked, id=1088, stack(0x0000007ee3a00000,0x0000007ee3b00000)]
  0x0000025bb90a29c0 JavaThread "Unconstrained build operations Thread 117" [_thread_blocked, id=2108, stack(0x0000007ee3b00000,0x0000007ee3c00000)]
  0x0000025bb909eb30 JavaThread "Unconstrained build operations Thread 118" [_thread_blocked, id=16912, stack(0x0000007ee3c00000,0x0000007ee3d00000)]
  0x0000025bb909e190 JavaThread "Unconstrained build operations Thread 119" [_thread_blocked, id=11144, stack(0x0000007ee3d00000,0x0000007ee3e00000)]
  0x0000025bb909d7f0 JavaThread "Unconstrained build operations Thread 120" [_thread_blocked, id=1720, stack(0x0000007ee3e00000,0x0000007ee3f00000)]
  0x0000025bb909f9a0 JavaThread "Unconstrained build operations Thread 121" [_thread_blocked, id=19328, stack(0x0000007ee3f00000,0x0000007ee4000000)]
  0x0000025bb909fe70 JavaThread "Unconstrained build operations Thread 122" [_thread_blocked, id=23576, stack(0x0000007ee4000000,0x0000007ee4100000)]
  0x0000025bb909d320 JavaThread "Unconstrained build operations Thread 123" [_thread_blocked, id=6996, stack(0x0000007ee4100000,0x0000007ee4200000)]
  0x0000025bb909f000 JavaThread "Unconstrained build operations Thread 124" [_thread_blocked, id=19860, stack(0x0000007ee4200000,0x0000007ee4300000)]
  0x0000025bb90a2e90 JavaThread "Unconstrained build operations Thread 125" [_thread_blocked, id=7044, stack(0x0000007ee4300000,0x0000007ee4400000)]
  0x0000025bb909ce50 JavaThread "Unconstrained build operations Thread 126" [_thread_blocked, id=13152, stack(0x0000007ee4400000,0x0000007ee4500000)]
  0x0000025bb909dcc0 JavaThread "Unconstrained build operations Thread 127" [_thread_blocked, id=11260, stack(0x0000007ee4500000,0x0000007ee4600000)]
  0x0000025bb909bfe0 JavaThread "Unconstrained build operations Thread 128" [_thread_blocked, id=9916, stack(0x0000007ee4600000,0x0000007ee4700000)]
  0x0000025bb90a0ce0 JavaThread "Unconstrained build operations Thread 129" [_thread_blocked, id=19084, stack(0x0000007ee4700000,0x0000007ee4800000)]
  0x0000025bb909c980 JavaThread "Unconstrained build operations Thread 130" [_thread_blocked, id=10772, stack(0x0000007ee4800000,0x0000007ee4900000)]
  0x0000025bb909e660 JavaThread "Unconstrained build operations Thread 131" [_thread_blocked, id=22928, stack(0x0000007ee4900000,0x0000007ee4a00000)]
  0x0000025bb909bb10 JavaThread "Unconstrained build operations Thread 132" [_thread_blocked, id=10532, stack(0x0000007ee4a00000,0x0000007ee4b00000)]
  0x0000025bb909f4d0 JavaThread "Unconstrained build operations Thread 133" [_thread_blocked, id=4380, stack(0x0000007ee4b00000,0x0000007ee4c00000)]
  0x0000025bb90a0340 JavaThread "Unconstrained build operations Thread 134" [_thread_blocked, id=22804, stack(0x0000007ee4c00000,0x0000007ee4d00000)]
  0x0000025bb90a0810 JavaThread "Unconstrained build operations Thread 135" [_thread_blocked, id=17924, stack(0x0000007ee4d00000,0x0000007ee4e00000)]
  0x0000025bb90a11b0 JavaThread "Unconstrained build operations Thread 136" [_thread_blocked, id=13128, stack(0x0000007ee4e00000,0x0000007ee4f00000)]
  0x0000025bb909b640 JavaThread "Unconstrained build operations Thread 137" [_thread_blocked, id=2756, stack(0x0000007ee4f00000,0x0000007ee5000000)]
  0x0000025bb90a1680 JavaThread "Unconstrained build operations Thread 138" [_thread_blocked, id=12636, stack(0x0000007ee5000000,0x0000007ee5100000)]
  0x0000025bb90a1b50 JavaThread "Unconstrained build operations Thread 139" [_thread_blocked, id=22140, stack(0x0000007ee5100000,0x0000007ee5200000)]
  0x0000025bb90a2020 JavaThread "Unconstrained build operations Thread 140" [_thread_blocked, id=7540, stack(0x0000007ee5200000,0x0000007ee5300000)]
  0x0000025bb90a24f0 JavaThread "Unconstrained build operations Thread 141" [_thread_blocked, id=24328, stack(0x0000007ee5300000,0x0000007ee5400000)]
  0x0000025bb909c4b0 JavaThread "Unconstrained build operations Thread 142" [_thread_blocked, id=18960, stack(0x0000007ee5400000,0x0000007ee5500000)]
  0x0000025bbbb512a0 JavaThread "Unconstrained build operations Thread 143" [_thread_blocked, id=6476, stack(0x0000007ee5500000,0x0000007ee5600000)]
  0x0000025bbbb53450 JavaThread "Unconstrained build operations Thread 144" [_thread_blocked, id=24316, stack(0x0000007ee5600000,0x0000007ee5700000)]
  0x0000025bbbb51770 JavaThread "Unconstrained build operations Thread 145" [_thread_blocked, id=11760, stack(0x0000007ee5700000,0x0000007ee5800000)]
  0x0000025bbbb53920 JavaThread "Unconstrained build operations Thread 146" [_thread_blocked, id=4420, stack(0x0000007ee5800000,0x0000007ee5900000)]
  0x0000025bbbb54c60 JavaThread "Unconstrained build operations Thread 147" [_thread_blocked, id=20628, stack(0x0000007ee5900000,0x0000007ee5a00000)]
  0x0000025bbbb51c40 JavaThread "Unconstrained build operations Thread 148" [_thread_blocked, id=1008, stack(0x0000007ee5a00000,0x0000007ee5b00000)]

Other Threads:
  0x0000025bb22ceb00 VMThread "VM Thread" [stack: 0x0000007ed8600000,0x0000007ed8700000] [id=6420]
  0x0000025b928cb3a0 WatcherThread [stack: 0x0000007ed9500000,0x0000007ed9600000] [id=21560]
  0x0000025b928a6180 GCTaskThread "GC Thread#0" [stack: 0x0000007ed8100000,0x0000007ed8200000] [id=24384]
  0x0000025bb7e403e0 GCTaskThread "GC Thread#1" [stack: 0x0000007ed9800000,0x0000007ed9900000] [id=5736]
  0x0000025bb79a6f80 GCTaskThread "GC Thread#2" [stack: 0x0000007ed9900000,0x0000007ed9a00000] [id=13464]
  0x0000025bb79a7440 GCTaskThread "GC Thread#3" [stack: 0x0000007ed9a00000,0x0000007ed9b00000] [id=17596]
  0x0000025bb80b9980 GCTaskThread "GC Thread#4" [stack: 0x0000007ed9b00000,0x0000007ed9c00000] [id=8376]
  0x0000025bb80b9420 GCTaskThread "GC Thread#5" [stack: 0x0000007ed9c00000,0x0000007ed9d00000] [id=22132]
  0x0000025bb80b96d0 GCTaskThread "GC Thread#6" [stack: 0x0000007ed9600000,0x0000007ed9700000] [id=3756]
  0x0000025bb80ba190 GCTaskThread "GC Thread#7" [stack: 0x0000007eda800000,0x0000007eda900000] [id=14464]
  0x0000025bb80ba440 GCTaskThread "GC Thread#8" [stack: 0x0000007eda900000,0x0000007edaa00000] [id=6552]
  0x0000025bb80ba6f0 GCTaskThread "GC Thread#9" [stack: 0x0000007edaa00000,0x0000007edab00000] [id=9548]
  0x0000025bb89e78b0 GCTaskThread "GC Thread#10" [stack: 0x0000007edab00000,0x0000007edac00000] [id=7500]
  0x0000025bb89e70a0 GCTaskThread "GC Thread#11" [stack: 0x0000007edac00000,0x0000007edad00000] [id=7536]
  0x0000025bb89e7350 GCTaskThread "GC Thread#12" [stack: 0x0000007edad00000,0x0000007edae00000] [id=13872]
  0x0000025bb89e98f0 GCTaskThread "GC Thread#13" [stack: 0x0000007edae00000,0x0000007edaf00000] [id=9652]
  0x0000025bb89e6080 GCTaskThread "GC Thread#14" [stack: 0x0000007edaf00000,0x0000007edb000000] [id=22280]
  0x0000025b928b7f70 ConcurrentGCThread "G1 Main Marker" [stack: 0x0000007ed8200000,0x0000007ed8300000] [id=7256]
  0x0000025b928b8820 ConcurrentGCThread "G1 Conc#0" [stack: 0x0000007ed8300000,0x0000007ed8400000] [id=23968]
  0x0000025bb89e88d0 ConcurrentGCThread "G1 Conc#1" [stack: 0x0000007edb000000,0x0000007edb100000] [id=11852]
  0x0000025bb89e8e30 ConcurrentGCThread "G1 Conc#2" [stack: 0x0000007edb100000,0x0000007edb200000] [id=8668]
  0x0000025bb89e7600 ConcurrentGCThread "G1 Conc#3" [stack: 0x0000007edb200000,0x0000007edb300000] [id=10748]
  0x0000025bb21c1cc0 ConcurrentGCThread "G1 Refine#0" [stack: 0x0000007ed8400000,0x0000007ed8500000] [id=9644]
  0x0000025bb21c2580 ConcurrentGCThread "G1 Service" [stack: 0x0000007ed8500000,0x0000007ed8600000] [id=15204]

Threads with active compile tasks:
C2 CompilerThread0     8578 5918       4       java.net.URLClassLoader$1::run (5 bytes)
C2 CompilerThread1     8578 5919   !   4       java.net.URLClassLoader$1::run (81 bytes)
C2 CompilerThread3     8578 6283       4       org.gradle.internal.snapshot.PathUtil::compareCharsIgnoringCase (46 bytes)

VM state: not at safepoint (normal execution)

VM Mutex/Monitor currently owned by a thread: None

Heap address: 0x0000000700000000, size: 4096 MB, Compressed Oops mode: Zero based, Oop shift amount: 3

CDS archive(s) not mapped
Compressed class space mapped at: 0x0000000800000000-0x0000000840000000, reserved size: 1073741824
Narrow klass base: 0x0000000800000000, Narrow klass shift: 0, Narrow klass range: 0x40000000

GC Precious Log:
 CPUs: 20 total, 20 available
 Memory: 16110M
 Large Page Support: Disabled
 NUMA Support: Disabled
 Compressed Oops: Enabled (Zero based)
 Heap Region Size: 2M
 Heap Min Capacity: 8M
 Heap Initial Capacity: 252M
 Heap Max Capacity: 4G
 Pre-touch: Disabled
 Parallel Workers: 15
 Concurrent Workers: 4
 Concurrent Refinement Workers: 15
 Periodic GC: Disabled

Heap:
 garbage-first heap   total 131072K, used 50390K [0x0000000700000000, 0x0000000800000000)
  region size 2048K, 12 young (24576K), 4 survivors (8192K)
 Metaspace       used 57509K, committed 57920K, reserved 1114112K
  class space    used 7525K, committed 7680K, reserved 1048576K

Heap Regions: E=young(eden), S=young(survivor), O=old, HS=humongous(starts), HC=humongous(continues), CS=collection set, F=free, OA=open archive, CA=closed archive, TAMS=top-at-mark-start (previous, next)
|   0|0x0000000700000000, 0x0000000700200000, 0x0000000700200000|100%| O|  |TAMS 0x0000000700200000, 0x0000000700000000| Untracked 
|   1|0x0000000700200000, 0x0000000700400000, 0x0000000700400000|100%| O|  |TAMS 0x0000000700200000, 0x0000000700200000| Untracked 
|   2|0x0000000700400000, 0x0000000700600000, 0x0000000700600000|100%|HS|  |TAMS 0x0000000700600000, 0x0000000700400000| Complete 
|   3|0x0000000700600000, 0x0000000700800000, 0x0000000700800000|100%|HC|  |TAMS 0x0000000700800000, 0x0000000700600000| Complete 
|   4|0x0000000700800000, 0x0000000700a00000, 0x0000000700a00000|100%| O|  |TAMS 0x0000000700a00000, 0x0000000700800000| Untracked 
|   5|0x0000000700a00000, 0x0000000700c00000, 0x0000000700c00000|100%| O|  |TAMS 0x0000000700c00000, 0x0000000700a00000| Untracked 
|   6|0x0000000700c00000, 0x0000000700e00000, 0x0000000700e00000|100%| O|  |TAMS 0x0000000700e00000, 0x0000000700c00000| Untracked 
|   7|0x0000000700e00000, 0x0000000701000000, 0x0000000701000000|100%| O|  |TAMS 0x0000000701000000, 0x0000000700e00000| Untracked 
|   8|0x0000000701000000, 0x0000000701200000, 0x0000000701200000|100%| O|  |TAMS 0x0000000701200000, 0x0000000701000000| Untracked 
|   9|0x0000000701200000, 0x0000000701400000, 0x0000000701400000|100%| O|  |TAMS 0x0000000701400000, 0x0000000701200000| Untracked 
|  10|0x0000000701400000, 0x0000000701600000, 0x0000000701600000|100%| O|  |TAMS 0x0000000701598000, 0x0000000701400000| Untracked 
|  11|0x0000000701600000, 0x0000000701800000, 0x0000000701800000|100%| O|  |TAMS 0x0000000701600000, 0x0000000701600000| Untracked 
|  12|0x0000000701800000, 0x0000000701a00000, 0x0000000701a00000|100%| O|  |TAMS 0x0000000701800000, 0x0000000701800000| Untracked 
|  13|0x0000000701a00000, 0x0000000701c00000, 0x0000000701c00000|100%| O|  |TAMS 0x0000000701a00000, 0x0000000701a00000| Untracked 
|  14|0x0000000701c00000, 0x0000000701ce4600, 0x0000000701e00000| 44%| O|  |TAMS 0x0000000701c00000, 0x0000000701c00000| Untracked 
|  15|0x0000000701e00000, 0x0000000701e00000, 0x0000000702000000|  0%| F|  |TAMS 0x0000000701e00000, 0x0000000701e00000| Untracked 
|  16|0x0000000702000000, 0x0000000702000000, 0x0000000702200000|  0%| F|  |TAMS 0x0000000702000000, 0x0000000702000000| Untracked 
|  17|0x0000000702200000, 0x0000000702200000, 0x0000000702400000|  0%| F|  |TAMS 0x0000000702200000, 0x0000000702200000| Untracked 
|  18|0x0000000702400000, 0x0000000702400000, 0x0000000702600000|  0%| F|  |TAMS 0x0000000702400000, 0x0000000702400000| Untracked 
|  19|0x0000000702600000, 0x0000000702600000, 0x0000000702800000|  0%| F|  |TAMS 0x0000000702600000, 0x0000000702600000| Untracked 
|  20|0x0000000702800000, 0x0000000702800000, 0x0000000702a00000|  0%| F|  |TAMS 0x0000000702800000, 0x0000000702800000| Untracked 
|  21|0x0000000702a00000, 0x0000000702a00000, 0x0000000702c00000|  0%| F|  |TAMS 0x0000000702a00000, 0x0000000702a00000| Untracked 
|  22|0x0000000702c00000, 0x0000000702c00000, 0x0000000702e00000|  0%| F|  |TAMS 0x0000000702c00000, 0x0000000702c00000| Untracked 
|  23|0x0000000702e00000, 0x0000000702e00000, 0x0000000703000000|  0%| F|  |TAMS 0x0000000702e00000, 0x0000000702e00000| Untracked 
|  24|0x0000000703000000, 0x0000000703000000, 0x0000000703200000|  0%| F|  |TAMS 0x0000000703000000, 0x0000000703000000| Untracked 
|  25|0x0000000703200000, 0x0000000703200000, 0x0000000703400000|  0%| F|  |TAMS 0x0000000703200000, 0x0000000703200000| Untracked 
|  26|0x0000000703400000, 0x0000000703400000, 0x0000000703600000|  0%| F|  |TAMS 0x0000000703400000, 0x0000000703400000| Untracked 
|  27|0x0000000703600000, 0x0000000703600000, 0x0000000703800000|  0%| F|  |TAMS 0x0000000703600000, 0x0000000703600000| Untracked 
|  28|0x0000000703800000, 0x0000000703800000, 0x0000000703a00000|  0%| F|  |TAMS 0x0000000703800000, 0x0000000703800000| Untracked 
|  29|0x0000000703a00000, 0x0000000703a00000, 0x0000000703c00000|  0%| F|  |TAMS 0x0000000703a00000, 0x0000000703a00000| Untracked 
|  30|0x0000000703c00000, 0x0000000703c51228, 0x0000000703e00000| 15%| S|CS|TAMS 0x0000000703c00000, 0x0000000703c00000| Complete 
|  31|0x0000000703e00000, 0x0000000704000000, 0x0000000704000000|100%| S|CS|TAMS 0x0000000703e00000, 0x0000000703e00000| Complete 
|  32|0x0000000704000000, 0x0000000704200000, 0x0000000704200000|100%| S|CS|TAMS 0x0000000704000000, 0x0000000704000000| Complete 
|  33|0x0000000704200000, 0x0000000704400000, 0x0000000704400000|100%| S|CS|TAMS 0x0000000704200000, 0x0000000704200000| Complete 
|  34|0x0000000704400000, 0x0000000704400000, 0x0000000704600000|  0%| F|  |TAMS 0x0000000704400000, 0x0000000704400000| Untracked 
|  35|0x0000000704600000, 0x0000000704600000, 0x0000000704800000|  0%| F|  |TAMS 0x0000000704600000, 0x0000000704600000| Untracked 
|  36|0x0000000704800000, 0x0000000704800000, 0x0000000704a00000|  0%| F|  |TAMS 0x0000000704800000, 0x0000000704800000| Untracked 
|  37|0x0000000704a00000, 0x0000000704a00000, 0x0000000704c00000|  0%| F|  |TAMS 0x0000000704a00000, 0x0000000704a00000| Untracked 
|  38|0x0000000704c00000, 0x0000000704c00000, 0x0000000704e00000|  0%| F|  |TAMS 0x0000000704c00000, 0x0000000704c00000| Untracked 
|  39|0x0000000704e00000, 0x0000000704e00000, 0x0000000705000000|  0%| F|  |TAMS 0x0000000704e00000, 0x0000000704e00000| Untracked 
|  40|0x0000000705000000, 0x0000000705000000, 0x0000000705200000|  0%| F|  |TAMS 0x0000000705000000, 0x0000000705000000| Untracked 
|  41|0x0000000705200000, 0x0000000705200000, 0x0000000705400000|  0%| F|  |TAMS 0x0000000705200000, 0x0000000705200000| Untracked 
|  42|0x0000000705400000, 0x0000000705400000, 0x0000000705600000|  0%| F|  |TAMS 0x0000000705400000, 0x0000000705400000| Untracked 
|  43|0x0000000705600000, 0x0000000705600000, 0x0000000705800000|  0%| F|  |TAMS 0x0000000705600000, 0x0000000705600000| Untracked 
|  44|0x0000000705800000, 0x0000000705800000, 0x0000000705a00000|  0%| F|  |TAMS 0x0000000705800000, 0x0000000705800000| Untracked 
|  45|0x0000000705a00000, 0x0000000705a00000, 0x0000000705c00000|  0%| F|  |TAMS 0x0000000705a00000, 0x0000000705a00000| Untracked 
|  46|0x0000000705c00000, 0x0000000705c00000, 0x0000000705e00000|  0%| F|  |TAMS 0x0000000705c00000, 0x0000000705c00000| Untracked 
|  47|0x0000000705e00000, 0x0000000705e00000, 0x0000000706000000|  0%| F|  |TAMS 0x0000000705e00000, 0x0000000705e00000| Untracked 
|  48|0x0000000706000000, 0x0000000706000000, 0x0000000706200000|  0%| F|  |TAMS 0x0000000706000000, 0x0000000706000000| Untracked 
|  49|0x0000000706200000, 0x0000000706200000, 0x0000000706400000|  0%| F|  |TAMS 0x0000000706200000, 0x0000000706200000| Untracked 
|  50|0x0000000706400000, 0x0000000706400000, 0x0000000706600000|  0%| F|  |TAMS 0x0000000706400000, 0x0000000706400000| Untracked 
|  51|0x0000000706600000, 0x0000000706600000, 0x0000000706800000|  0%| F|  |TAMS 0x0000000706600000, 0x0000000706600000| Untracked 
|  52|0x0000000706800000, 0x0000000706800000, 0x0000000706a00000|  0%| F|  |TAMS 0x0000000706800000, 0x0000000706800000| Untracked 
|  53|0x0000000706a00000, 0x0000000706a00000, 0x0000000706c00000|  0%| F|  |TAMS 0x0000000706a00000, 0x0000000706a00000| Untracked 
|  54|0x0000000706c00000, 0x0000000706c00000, 0x0000000706e00000|  0%| F|  |TAMS 0x0000000706c00000, 0x0000000706c00000| Untracked 
|  55|0x0000000706e00000, 0x0000000706e00000, 0x0000000707000000|  0%| F|  |TAMS 0x0000000706e00000, 0x0000000706e00000| Untracked 
|  56|0x0000000707000000, 0x000000070702ad40, 0x0000000707200000|  8%| E|  |TAMS 0x0000000707000000, 0x0000000707000000| Complete 
|  57|0x0000000707200000, 0x0000000707400000, 0x0000000707400000|100%| E|CS|TAMS 0x0000000707200000, 0x0000000707200000| Complete 
|  94|0x000000070bc00000, 0x000000070be00000, 0x000000070be00000|100%| E|CS|TAMS 0x000000070bc00000, 0x000000070bc00000| Complete 
|  95|0x000000070be00000, 0x000000070c000000, 0x000000070c000000|100%| E|CS|TAMS 0x000000070be00000, 0x000000070be00000| Complete 
|  96|0x000000070c000000, 0x000000070c200000, 0x000000070c200000|100%| E|CS|TAMS 0x000000070c000000, 0x000000070c000000| Complete 
|  97|0x000000070c200000, 0x000000070c400000, 0x000000070c400000|100%| E|CS|TAMS 0x000000070c200000, 0x000000070c200000| Complete 
|  98|0x000000070c400000, 0x000000070c600000, 0x000000070c600000|100%| E|CS|TAMS 0x000000070c400000, 0x000000070c400000| Complete 
| 125|0x000000070fa00000, 0x000000070fc00000, 0x000000070fc00000|100%| E|CS|TAMS 0x000000070fa00000, 0x000000070fa00000| Complete 

Card table byte_map: [0x0000025ba5fc0000,0x0000025ba67c0000] _byte_map_base: 0x0000025ba27c0000

Marking Bits (Prev, Next): (CMBitMap*) 0x0000025b928a7640, (CMBitMap*) 0x0000025b928a7680
 Prev Bits: [0x0000025ba6fc0000, 0x0000025baafc0000)
 Next Bits: [0x0000025baafc0000, 0x0000025baefc0000)

Polling page: 0x0000025b90750000

Metaspace:

Usage:
  Non-class:     48.81 MB used.
      Class:      7.35 MB used.
       Both:     56.16 MB used.

Virtual space:
  Non-class space:       64.00 MB reserved,      49.06 MB ( 77%) committed,  1 nodes.
      Class space:        1.00 GB reserved,       7.50 MB ( <1%) committed,  1 nodes.
             Both:        1.06 GB reserved,      56.56 MB (  5%) committed. 

Chunk freelists:
   Non-Class:  14.58 MB
       Class:  8.50 MB
        Both:  23.08 MB

MaxMetaspaceSize: unlimited
CompressedClassSpaceSize: 1.00 GB
Initial GC threshold: 21.00 MB
Current GC threshold: 58.69 MB
CDS: off
MetaspaceReclaimPolicy: balanced
 - commit_granule_bytes: 65536.
 - commit_granule_words: 8192.
 - virtual_space_node_default_size: 8388608.
 - enlarge_chunks_in_place: 1.
 - new_chunks_are_fully_committed: 0.
 - uncommit_free_chunks: 1.
 - use_allocation_guard: 0.
 - handle_deallocations: 1.


Internal statistics:

num_allocs_failed_limit: 6.
num_arena_births: 428.
num_arena_deaths: 0.
num_vsnodes_births: 2.
num_vsnodes_deaths: 0.
num_space_committed: 905.
num_space_uncommitted: 0.
num_chunks_returned_to_freelist: 6.
num_chunks_taken_from_freelist: 2078.
num_chunk_merges: 6.
num_chunk_splits: 1383.
num_chunks_enlarged: 966.
num_inconsistent_stats: 0.

CodeHeap 'non-profiled nmethods': size=119168Kb used=2613Kb max_used=3158Kb free=116555Kb
 bounds [0x0000025b9d8b0000, 0x0000025b9dbd0000, 0x0000025ba4d10000]
CodeHeap 'profiled nmethods': size=119104Kb used=10675Kb max_used=11258Kb free=108428Kb
 bounds [0x0000025b95d10000, 0x0000025b96810000, 0x0000025b9d160000]
CodeHeap 'non-nmethods': size=7488Kb used=4047Kb max_used=4084Kb free=3440Kb
 bounds [0x0000025b9d160000, 0x0000025b9d570000, 0x0000025b9d8b0000]
 total_blobs=6389 nmethods=5509 adapters=789
 compilation: enabled
              stopped_count=0, restarted_count=0
 full_count=0

Compilation events (20 events):
Event: 8.548 Thread 0x0000025bb2541600 6242       3       com.google.common.cache.LocalCache$NullEntry::setNextInAccessQueue (1 bytes)
Event: 8.548 Thread 0x0000025bb23db110 6243       3       com.google.common.cache.LocalCache$NullEntry::setPreviousInAccessQueue (1 bytes)
Event: 8.549 Thread 0x0000025bb253d0d0 6244       3       org.gradle.internal.snapshot.ChildMap$Entry::handleAncestorDescendantOrExactMatch (110 bytes)
Event: 8.549 Thread 0x0000025bb2541600 nmethod 6242 0x0000025b95e56510 code [0x0000025b95e566a0, 0x0000025b95e567b8]
Event: 8.549 Thread 0x0000025bb23db110 nmethod 6243 0x0000025b95e56190 code [0x0000025b95e56320, 0x0000025b95e56438]
Event: 8.549 Thread 0x0000025bb2541600 6245       3       org.gradle.internal.snapshot.VfsRelativePath::hasPrefix (15 bytes)
Event: 8.549 Thread 0x0000025bb2541600 nmethod 6245 0x0000025b95e55e10 code [0x0000025b95e55fa0, 0x0000025b95e560e8]
Event: 8.549 Thread 0x0000025bb2541600 6246       3       org.gradle.internal.snapshot.VfsRelativePath::<init> (15 bytes)
Event: 8.550 Thread 0x0000025bb2541600 nmethod 6246 0x0000025b95e55a10 code [0x0000025b95e55ba0, 0x0000025b95e55d78]
Event: 8.550 Thread 0x0000025bb253d0d0 nmethod 6244 0x0000025b95d20390 code [0x0000025b95d206e0, 0x0000025b95d21c68]
Event: 8.550 Thread 0x0000025bb2541b10 nmethod 6240 0x0000025b95d2eb10 code [0x0000025b95d2ee80, 0x0000025b95d306a8]
Event: 8.552 Thread 0x0000025bb253d0d0 6247       3       java.util.concurrent.locks.LockSupport::park (23 bytes)
Event: 8.553 Thread 0x0000025bb2541b10 6248       1       com.google.common.cache.LocalCache$1::get (2 bytes)
Event: 8.553 Thread 0x0000025bb253d0d0 nmethod 6247 0x0000025b95d2e690 code [0x0000025b95d2e840, 0x0000025b95d2ea08]
Event: 8.553 Thread 0x0000025bb23db110 6249       3       org.gradle.cache.internal.btree.BTreePersistentIndexedCache$DataBlock::getValue (47 bytes)
Event: 8.553 Thread 0x0000025bb2541b10 nmethod 6248 0x0000025b9d92cf10 code [0x0000025b9d92d0a0, 0x0000025b9d92d178]
Event: 8.554 Thread 0x0000025bb23db110 nmethod 6249 0x0000025b95d2df10 code [0x0000025b95d2e0e0, 0x0000025b95d2e4f8]
Event: 8.554 Thread 0x0000025bb23db110 6250       3       sun.misc.Unsafe::compareAndSwapObject (13 bytes)
Event: 8.554 Thread 0x0000025bb23db110 nmethod 6250 0x0000025b95d2d910 code [0x0000025b95d2daa0, 0x0000025b95d2dc18]
Event: 8.556 Thread 0x0000025bb2541b10 6251   !   3       java.io.File::toPath (54 bytes)

GC Heap History (20 events):
Event: 1.114 GC heap before
{Heap before GC invocations=1 (full 0):
 garbage-first heap   total 258048K, used 34492K [0x0000000700000000, 0x0000000800000000)
  region size 2048K, 15 young (30720K), 2 survivors (4096K)
 Metaspace       used 11211K, committed 11392K, reserved 1114112K
  class space    used 1164K, committed 1280K, reserved 1048576K
}
Event: 1.118 GC heap after
{Heap after GC invocations=2 (full 0):
 garbage-first heap   total 258048K, used 11335K [0x0000000700000000, 0x0000000800000000)
  region size 2048K, 1 young (2048K), 1 survivors (2048K)
 Metaspace       used 11211K, committed 11392K, reserved 1114112K
  class space    used 1164K, committed 1280K, reserved 1048576K
}
Event: 2.518 GC heap before
{Heap before GC invocations=2 (full 0):
 garbage-first heap   total 258048K, used 60487K [0x0000000700000000, 0x0000000800000000)
  region size 2048K, 27 young (55296K), 1 survivors (2048K)
 Metaspace       used 21331K, committed 21504K, reserved 1114112K
  class space    used 2577K, committed 2624K, reserved 1048576K
}
Event: 2.543 GC heap after
{Heap after GC invocations=3 (full 0):
 garbage-first heap   total 258048K, used 18382K [0x0000000700000000, 0x0000000800000000)
  region size 2048K, 5 young (10240K), 5 survivors (10240K)
 Metaspace       used 21331K, committed 21504K, reserved 1114112K
  class space    used 2577K, committed 2624K, reserved 1048576K
}
Event: 3.236 GC heap before
{Heap before GC invocations=4 (full 0):
 garbage-first heap   total 75776K, used 53198K [0x0000000700000000, 0x0000000800000000)
  region size 2048K, 22 young (45056K), 5 survivors (10240K)
 Metaspace       used 26799K, committed 27072K, reserved 1114112K
  class space    used 3531K, committed 3648K, reserved 1048576K
}
Event: 3.260 GC heap after
{Heap after GC invocations=5 (full 0):
 garbage-first heap   total 75776K, used 20320K [0x0000000700000000, 0x0000000800000000)
  region size 2048K, 2 young (4096K), 2 survivors (4096K)
 Metaspace       used 26799K, committed 27072K, reserved 1114112K
  class space    used 3531K, committed 3648K, reserved 1048576K
}
Event: 3.345 GC heap before
{Heap before GC invocations=5 (full 0):
 garbage-first heap   total 75776K, used 22368K [0x0000000700000000, 0x0000000800000000)
  region size 2048K, 3 young (6144K), 2 survivors (4096K)
 Metaspace       used 27185K, committed 27456K, reserved 1114112K
  class space    used 3595K, committed 3712K, reserved 1048576K
}
Event: 3.357 GC heap after
{Heap after GC invocations=6 (full 0):
 garbage-first heap   total 75776K, used 20567K [0x0000000700000000, 0x0000000800000000)
  region size 2048K, 1 young (2048K), 1 survivors (2048K)
 Metaspace       used 27185K, committed 27456K, reserved 1114112K
  class space    used 3595K, committed 3712K, reserved 1048576K
}
Event: 4.174 GC heap before
{Heap before GC invocations=6 (full 0):
 garbage-first heap   total 75776K, used 53335K [0x0000000700000000, 0x0000000800000000)
  region size 2048K, 17 young (34816K), 1 survivors (2048K)
 Metaspace       used 31966K, committed 32256K, reserved 1114112K
  class space    used 4383K, committed 4480K, reserved 1048576K
}
Event: 4.176 GC heap after
{Heap after GC invocations=7 (full 0):
 garbage-first heap   total 75776K, used 21678K [0x0000000700000000, 0x0000000800000000)
  region size 2048K, 1 young (2048K), 1 survivors (2048K)
 Metaspace       used 31966K, committed 32256K, reserved 1114112K
  class space    used 4383K, committed 4480K, reserved 1048576K
}
Event: 4.668 GC heap before
{Heap before GC invocations=7 (full 0):
 garbage-first heap   total 75776K, used 38062K [0x0000000700000000, 0x0000000800000000)
  region size 2048K, 10 young (20480K), 1 survivors (2048K)
 Metaspace       used 35684K, committed 35968K, reserved 1114112K
  class space    used 4853K, committed 4992K, reserved 1048576K
}
Event: 4.672 GC heap after
{Heap after GC invocations=8 (full 0):
 garbage-first heap   total 75776K, used 23390K [0x0000000700000000, 0x0000000800000000)
  region size 2048K, 2 young (4096K), 2 survivors (4096K)
 Metaspace       used 35684K, committed 35968K, reserved 1114112K
  class space    used 4853K, committed 4992K, reserved 1048576K
}
Event: 5.234 GC heap before
{Heap before GC invocations=9 (full 0):
 garbage-first heap   total 75776K, used 56158K [0x0000000700000000, 0x0000000800000000)
  region size 2048K, 18 young (36864K), 2 survivors (4096K)
 Metaspace       used 40336K, committed 40704K, reserved 1114112K
  class space    used 5334K, committed 5504K, reserved 1048576K
}
Event: 5.238 GC heap after
{Heap after GC invocations=10 (full 0):
 garbage-first heap   total 75776K, used 27172K [0x0000000700000000, 0x0000000800000000)
  region size 2048K, 3 young (6144K), 3 survivors (6144K)
 Metaspace       used 40336K, committed 40704K, reserved 1114112K
  class space    used 5334K, committed 5504K, reserved 1048576K
}
Event: 5.742 GC heap before
{Heap before GC invocations=10 (full 0):
 garbage-first heap   total 75776K, used 57892K [0x0000000700000000, 0x0000000800000000)
  region size 2048K, 17 young (34816K), 3 survivors (6144K)
 Metaspace       used 43068K, committed 43456K, reserved 1114112K
  class space    used 5620K, committed 5760K, reserved 1048576K
}
Event: 5.760 GC heap after
{Heap after GC invocations=11 (full 0):
 garbage-first heap   total 75776K, used 29758K [0x0000000700000000, 0x0000000800000000)
  region size 2048K, 2 young (4096K), 2 survivors (4096K)
 Metaspace       used 43068K, committed 43456K, reserved 1114112K
  class space    used 5620K, committed 5760K, reserved 1048576K
}
Event: 6.268 GC heap before
{Heap before GC invocations=11 (full 0):
 garbage-first heap   total 75776K, used 56382K [0x0000000700000000, 0x0000000800000000)
  region size 2048K, 15 young (30720K), 2 survivors (4096K)
 Metaspace       used 47076K, committed 47424K, reserved 1114112K
  class space    used 6172K, committed 6336K, reserved 1048576K
}
Event: 6.274 GC heap after
{Heap after GC invocations=12 (full 0):
 garbage-first heap   total 131072K, used 31205K [0x0000000700000000, 0x0000000800000000)
  region size 2048K, 1 young (2048K), 1 survivors (2048K)
 Metaspace       used 47076K, committed 47424K, reserved 1114112K
  class space    used 6172K, committed 6336K, reserved 1048576K
}
Event: 8.430 GC heap before
{Heap before GC invocations=12 (full 0):
 garbage-first heap   total 131072K, used 92645K [0x0000000700000000, 0x0000000800000000)
  region size 2048K, 31 young (63488K), 1 survivors (2048K)
 Metaspace       used 57347K, committed 57728K, reserved 1114112K
  class space    used 7516K, committed 7680K, reserved 1048576K
}
Event: 8.458 GC heap after
{Heap after GC invocations=13 (full 0):
 garbage-first heap   total 131072K, used 36054K [0x0000000700000000, 0x0000000800000000)
  region size 2048K, 4 young (8192K), 4 survivors (8192K)
 Metaspace       used 57347K, committed 57728K, reserved 1114112K
  class space    used 7516K, committed 7680K, reserved 1048576K
}

Dll operation events (2 events):
Event: 0.010 Loaded shared library C:\Program Files\Android\Android Studio\jbr\bin\java.dll
Event: 0.468 Loaded shared library C:\Program Files\Android\Android Studio\jbr\bin\verify.dll

Deoptimization events (20 events):
Event: 8.511 Thread 0x0000025bb9afe210 DEOPT PACKING pc=0x0000025b9617abf4 sp=0x0000007edd8fd0c0
Event: 8.511 Thread 0x0000025bb9afe210 DEOPT UNPACKING pc=0x0000025b9d1b7143 sp=0x0000007edd8fc618 mode 0
Event: 8.523 Thread 0x0000025bb8c81540 DEOPT PACKING pc=0x0000025b9617abf4 sp=0x0000007eda2f74f0
Event: 8.523 Thread 0x0000025bb8c81540 DEOPT UNPACKING pc=0x0000025b9d1b7143 sp=0x0000007eda2f6a48 mode 0
Event: 8.535 Thread 0x0000025bb8c81540 Uncommon trap: trap_request=0xffffffde fr.pc=0x0000025b9db39514 relative=0x0000000000000414
Event: 8.535 Thread 0x0000025bb8c81540 Uncommon trap: reason=class_check action=maybe_recompile pc=0x0000025b9db39514 method=java.util.stream.MatchOps$MatchOp.evaluateSequential(Ljava/util/stream/PipelineHelper;Ljava/util/Spliterator;)Ljava/lang/Boolean; @ 14 c2
Event: 8.535 Thread 0x0000025bb8c81540 DEOPT PACKING pc=0x0000025b9db39514 sp=0x0000007eda2f8ba0
Event: 8.535 Thread 0x0000025bb8c81540 DEOPT UNPACKING pc=0x0000025b9d1b69a3 sp=0x0000007eda2f8ac8 mode 2
Event: 8.540 Thread 0x0000025bb8c81540 Uncommon trap: trap_request=0xffffffde fr.pc=0x0000025b9db39514 relative=0x0000000000000414
Event: 8.540 Thread 0x0000025bb8c81540 Uncommon trap: reason=class_check action=maybe_recompile pc=0x0000025b9db39514 method=java.util.stream.MatchOps$MatchOp.evaluateSequential(Ljava/util/stream/PipelineHelper;Ljava/util/Spliterator;)Ljava/lang/Boolean; @ 14 c2
Event: 8.540 Thread 0x0000025bb8c81540 DEOPT PACKING pc=0x0000025b9db39514 sp=0x0000007eda2f8820
Event: 8.540 Thread 0x0000025bb8c81540 DEOPT UNPACKING pc=0x0000025b9d1b69a3 sp=0x0000007eda2f8748 mode 2
Event: 8.541 Thread 0x0000025bb8c81540 Uncommon trap: trap_request=0xffffffde fr.pc=0x0000025b9db39514 relative=0x0000000000000414
Event: 8.541 Thread 0x0000025bb8c81540 Uncommon trap: reason=class_check action=maybe_recompile pc=0x0000025b9db39514 method=java.util.stream.MatchOps$MatchOp.evaluateSequential(Ljava/util/stream/PipelineHelper;Ljava/util/Spliterator;)Ljava/lang/Boolean; @ 14 c2
Event: 8.541 Thread 0x0000025bb8c81540 DEOPT PACKING pc=0x0000025b9db39514 sp=0x0000007eda2f84a0
Event: 8.541 Thread 0x0000025bb8c81540 DEOPT UNPACKING pc=0x0000025b9d1b69a3 sp=0x0000007eda2f83c8 mode 2
Event: 8.544 Thread 0x0000025bb8c81540 Uncommon trap: trap_request=0xffffffde fr.pc=0x0000025b9db39514 relative=0x0000000000000414
Event: 8.544 Thread 0x0000025bb8c81540 Uncommon trap: reason=class_check action=maybe_recompile pc=0x0000025b9db39514 method=java.util.stream.MatchOps$MatchOp.evaluateSequential(Ljava/util/stream/PipelineHelper;Ljava/util/Spliterator;)Ljava/lang/Boolean; @ 14 c2
Event: 8.544 Thread 0x0000025bb8c81540 DEOPT PACKING pc=0x0000025b9db39514 sp=0x0000007eda2f84a0
Event: 8.544 Thread 0x0000025bb8c81540 DEOPT UNPACKING pc=0x0000025b9d1b69a3 sp=0x0000007eda2f83c8 mode 2

Classes unloaded (0 events):
No events

Classes redefined (0 events):
No events

Internal exceptions (20 events):
Event: 6.285 Thread 0x0000025bb8c81540 Exception <a 'java/lang/NoSuchMethodError'{0x000000070faa0998}: 'java.lang.Object java.lang.invoke.DirectMethodHandle$Holder.newInvokeSpecial(java.lang.Object, int, java.lang.Object)'> (0x000000070faa0998) 
thrown [s\src\hotspot\share\interpreter\linkResolver.cpp, line 771]
Event: 6.395 Thread 0x0000025bb8c81540 Exception <a 'java/lang/IncompatibleClassChangeError'{0x000000070c1e8268}: Found class java.lang.Object, but interface was expected> (0x000000070c1e8268) 
thrown [s\src\hotspot\share\interpreter\linkResolver.cpp, line 838]
Event: 6.396 Thread 0x0000025bb8c81540 Exception <a 'java/lang/NoSuchMethodError'{0x000000070c1efd18}: 'int java.lang.invoke.DirectMethodHandle$Holder.invokeSpecialIFC(java.lang.Object, java.lang.Object, java.lang.Object, java.lang.Object, java.lang.Object)'> (0x000000070c1efd18) 
thrown [s\src\hotspot\share\interpreter\linkResolver.cpp, line 771]
Event: 6.482 Thread 0x0000025bb8c81540 Exception <a 'java/lang/NoSuchMethodError'{0x00000007072a3ab8}: 'int java.lang.invoke.DirectMethodHandle$Holder.invokeStatic(java.lang.Object)'> (0x00000007072a3ab8) 
thrown [s\src\hotspot\share\interpreter\linkResolver.cpp, line 771]
Event: 6.482 Thread 0x0000025bb8c81540 Exception <a 'java/lang/NoSuchMethodError'{0x00000007072a7ea8}: 'int java.lang.invoke.DirectMethodHandle$Holder.invokeStaticInit(java.lang.Object)'> (0x00000007072a7ea8) 
thrown [s\src\hotspot\share\interpreter\linkResolver.cpp, line 771]
Event: 6.518 Thread 0x0000025bb8c81540 Exception <a 'java/lang/NoSuchMethodError'{0x00000007073e7a30}: 'void java.lang.invoke.DirectMethodHandle$Holder.invokeStatic(java.lang.Object, java.lang.Object, java.lang.Object, int, java.lang.Object)'> (0x00000007073e7a30) 
thrown [s\src\hotspot\share\interpreter\linkResolver.cpp, line 771]
Event: 6.648 Thread 0x0000025bb8c81540 Exception <a 'java/lang/NoSuchMethodError'{0x0000000706f8d6c0}: 'java.lang.Object java.lang.invoke.DelegatingMethodHandle$Holder.reinvoke_L(java.lang.Object, java.lang.Object, java.lang.Object, java.lang.Object, java.lang.Object, java.lang.Object, java.lang.Object, java.lang.Object, java.lang.Object, java.lang.Object, java.lang.Object, java.lang.Object, java.lang.Object, java.lang.Object, java.lang.Object, java.lang.Object, java.lang.Object, java.lang.Object, java.lang.Object, java.lang.Object, java.lang.O
Event: 6.649 Thread 0x0000025bb8c81540 Exception <a 'java/lang/NoSuchMethodError'{0x0000000706f993e0}: 'java.lang.Object java.lang.invoke.Invokers$Holder.invoker(java.lang.Object, java.lang.Object, java.lang.Object, java.lang.Object, java.lang.Object, java.lang.Object, java.lang.Object, java.lang.Object, java.lang.Object, java.lang.Object, java.lang.Object, java.lang.Object, java.lang.Object, java.lang.Object, java.lang.Object, java.lang.Object, java.lang.Object, java.lang.Object, java.lang.Object, java.lang.Object, java.lang.Object)'> (0x00000
Event: 6.650 Thread 0x0000025bb8c81540 Exception <a 'java/lang/NoSuchMethodError'{0x0000000706fa0368}: 'java.lang.Object java.lang.invoke.DelegatingMethodHandle$Holder.delegate(java.lang.Object, java.lang.Object, java.lang.Object, java.lang.Object, java.lang.Object, java.lang.Object, java.lang.Object, java.lang.Object, java.lang.Object, java.lang.Object, java.lang.Object, java.lang.Object, java.lang.Object, java.lang.Object, java.lang.Object, java.lang.Object, java.lang.Object, java.lang.Object, java.lang.Object, java.lang.Object, java.lang.Obj
Event: 6.667 Thread 0x0000025bb8c81540 Exception <a 'java/lang/NoSuchMethodError'{0x0000000706c18980}: 'java.lang.Object java.lang.invoke.DirectMethodHandle$Holder.invokeStatic(java.lang.Object, java.lang.Object, java.lang.Object, java.lang.Object, java.lang.Object, java.lang.Object, java.lang.Object, java.lang.Object, java.lang.Object, java.lang.Object, java.lang.Object, java.lang.Object, java.lang.Object, java.lang.Object, java.lang.Object, java.lang.Object, java.lang.Object)'> (0x0000000706c18980) 
thrown [s\src\hotspot\share\interpreter\lin
Event: 6.669 Thread 0x0000025bb8c81540 Exception <a 'java/lang/NoSuchMethodError'{0x0000000706c40b28}: 'java.lang.Object java.lang.invoke.DirectMethodHandle$Holder.invokeStatic(java.lang.Object, java.lang.Object, java.lang.Object, java.lang.Object, java.lang.Object, java.lang.Object, java.lang.Object, java.lang.Object, java.lang.Object, java.lang.Object, java.lang.Object, java.lang.Object, java.lang.Object, java.lang.Object, java.lang.Object, java.lang.Object, java.lang.Object, java.lang.Object)'> (0x0000000706c40b28) 
thrown [s\src\hotspot\sha
Event: 6.676 Thread 0x0000025bb8c81540 Exception <a 'java/lang/NoSuchMethodError'{0x0000000706c698d0}: 'java.lang.Object java.lang.invoke.DirectMethodHandle$Holder.invokeStatic(java.lang.Object, java.lang.Object, java.lang.Object, java.lang.Object, java.lang.Object, java.lang.Object, java.lang.Object, java.lang.Object, java.lang.Object, java.lang.Object, java.lang.Object, java.lang.Object, java.lang.Object, java.lang.Object, java.lang.Object, java.lang.Object, java.lang.Object, java.lang.Object, java.lang.Object)'> (0x0000000706c698d0) 
thrown 
Event: 6.680 Thread 0x0000025bb8c81540 Exception <a 'java/lang/NoSuchMethodError'{0x0000000706c93728}: 'java.lang.Object java.lang.invoke.DirectMethodHandle$Holder.invokeStatic(java.lang.Object, java.lang.Object, java.lang.Object, java.lang.Object, java.lang.Object, java.lang.Object, java.lang.Object, java.lang.Object, java.lang.Object, java.lang.Object, java.lang.Object, java.lang.Object, java.lang.Object, java.lang.Object, java.lang.Object, java.lang.Object, java.lang.Object, java.lang.Object, java.lang.Object, java.lang.Object)'> (0x00000007
Event: 6.687 Thread 0x0000025bb8c81540 Exception <a 'java/lang/NoSuchMethodError'{0x0000000706cbe5e0}: 'java.lang.Object java.lang.invoke.DirectMethodHandle$Holder.invokeStatic(java.lang.Object, java.lang.Object, java.lang.Object, java.lang.Object, java.lang.Object, java.lang.Object, java.lang.Object, java.lang.Object, java.lang.Object, java.lang.Object, java.lang.Object, java.lang.Object, java.lang.Object, java.lang.Object, java.lang.Object, java.lang.Object, java.lang.Object, java.lang.Object, java.lang.Object, java.lang.Object, java.lang.Obj
Event: 6.692 Thread 0x0000025bb8c81540 Exception <a 'java/lang/NoSuchMethodError'{0x0000000706ce9e38}: 'java.lang.Object java.lang.invoke.DirectMethodHandle$Holder.invokeStatic(java.lang.Object, java.lang.Object, java.lang.Object, java.lang.Object, java.lang.Object, java.lang.Object, java.lang.Object, java.lang.Object, java.lang.Object, java.lang.Object, java.lang.Object, java.lang.Object, java.lang.Object, java.lang.Object, java.lang.Object, java.lang.Object, java.lang.Object, java.lang.Object, java.lang.Object, java.lang.Object, java.lang.Obj
Event: 6.694 Thread 0x0000025bb8c81540 Exception <a 'java/lang/NoSuchMethodError'{0x0000000706d27d48}: 'java.lang.Object java.lang.invoke.DirectMethodHandle$Holder.invokeStatic(java.lang.Object, java.lang.Object, java.lang.Object, java.lang.Object, java.lang.Object, java.lang.Object, java.lang.Object, java.lang.Object, java.lang.Object, java.lang.Object, java.lang.Object, java.lang.Object, java.lang.Object, java.lang.Object, java.lang.Object, java.lang.Object, java.lang.Object, java.lang.Object, java.lang.Object, java.lang.Object, java.lang.Obj
Event: 6.696 Thread 0x0000025bb8c81540 Exception <a 'java/lang/NoSuchMethodError'{0x0000000706d568f0}: 'java.lang.Object java.lang.invoke.DirectMethodHandle$Holder.invokeStatic(java.lang.Object, java.lang.Object, java.lang.Object, java.lang.Object, java.lang.Object, java.lang.Object, java.lang.Object, java.lang.Object, java.lang.Object, java.lang.Object, java.lang.Object, java.lang.Object, java.lang.Object, java.lang.Object, java.lang.Object, java.lang.Object, java.lang.Object, java.lang.Object, java.lang.Object, java.lang.Object, java.lang.Obj
Event: 7.054 Thread 0x0000025bb8c81540 Exception <a 'java/lang/NoSuchMethodError'{0x0000000706221240}: 'void java.lang.invoke.DirectMethodHandle$Holder.invokeStatic(java.lang.Object, java.lang.Object, java.lang.Object, java.lang.Object, java.lang.Object, java.lang.Object)'> (0x0000000706221240) 
thrown [s\src\hotspot\share\interpreter\linkResolver.cpp, line 771]
Event: 7.138 Thread 0x0000025bb8c81540 Implicit null exception at 0x0000025b9d8eadf2 to 0x0000025b9d8eb3e8
Event: 7.176 Thread 0x0000025bb8c81540 Exception <a 'sun/nio/fs/WindowsException'{0x0000000705e76ad8}> (0x0000000705e76ad8) 
thrown [s\src\hotspot\share\prims\jni.cpp, line 517]

VM Operations (20 events):
Event: 7.185 Executing VM operation: HandshakeAllThreads
Event: 7.185 Executing VM operation: HandshakeAllThreads done
Event: 7.185 Executing VM operation: HandshakeAllThreads
Event: 7.185 Executing VM operation: HandshakeAllThreads done
Event: 7.186 Executing VM operation: ICBufferFull
Event: 7.187 Executing VM operation: ICBufferFull done
Event: 7.198 Executing VM operation: HandshakeAllThreads
Event: 7.198 Executing VM operation: HandshakeAllThreads done
Event: 7.220 Executing VM operation: HandshakeAllThreads
Event: 7.220 Executing VM operation: HandshakeAllThreads done
Event: 7.232 Executing VM operation: HandshakeAllThreads
Event: 7.232 Executing VM operation: HandshakeAllThreads done
Event: 7.467 Executing VM operation: HandshakeAllThreads
Event: 7.467 Executing VM operation: HandshakeAllThreads done
Event: 8.400 Executing VM operation: ICBufferFull
Event: 8.409 Executing VM operation: ICBufferFull done
Event: 8.430 Executing VM operation: G1CollectForAllocation
Event: 8.460 Executing VM operation: G1CollectForAllocation done
Event: 8.501 Executing VM operation: HandshakeAllThreads
Event: 8.501 Executing VM operation: HandshakeAllThreads done

Events (20 events):
Event: 8.506 Thread 0x0000025bb90a0ce0 Thread added: 0x0000025bb90a0ce0
Event: 8.506 Thread 0x0000025bb909c980 Thread added: 0x0000025bb909c980
Event: 8.506 Thread 0x0000025bb909e660 Thread added: 0x0000025bb909e660
Event: 8.506 Thread 0x0000025bb909bb10 Thread added: 0x0000025bb909bb10
Event: 8.506 Thread 0x0000025bb909f4d0 Thread added: 0x0000025bb909f4d0
Event: 8.506 Thread 0x0000025bb90a0340 Thread added: 0x0000025bb90a0340
Event: 8.507 Thread 0x0000025bb90a0810 Thread added: 0x0000025bb90a0810
Event: 8.507 Thread 0x0000025bb90a11b0 Thread added: 0x0000025bb90a11b0
Event: 8.515 Thread 0x0000025bb909b640 Thread added: 0x0000025bb909b640
Event: 8.516 Thread 0x0000025bb90a1680 Thread added: 0x0000025bb90a1680
Event: 8.517 Thread 0x0000025bb90a1b50 Thread added: 0x0000025bb90a1b50
Event: 8.517 Thread 0x0000025bb90a2020 Thread added: 0x0000025bb90a2020
Event: 8.518 Thread 0x0000025bb90a24f0 Thread added: 0x0000025bb90a24f0
Event: 8.518 Thread 0x0000025bb909c4b0 Thread added: 0x0000025bb909c4b0
Event: 8.519 Thread 0x0000025bbbb512a0 Thread added: 0x0000025bbbb512a0
Event: 8.520 Thread 0x0000025bbbb53450 Thread added: 0x0000025bbbb53450
Event: 8.520 Thread 0x0000025bbbb51770 Thread added: 0x0000025bbbb51770
Event: 8.520 Thread 0x0000025bbbb53920 Thread added: 0x0000025bbbb53920
Event: 8.521 Thread 0x0000025bbbb54c60 Thread added: 0x0000025bbbb54c60
Event: 8.522 Thread 0x0000025bbbb51c40 Thread added: 0x0000025bbbb51c40


Dynamic libraries:
0x00007ff74d2c0000 - 0x00007ff74d2ca000 	C:\Program Files\Android\Android Studio\jbr\bin\java.exe
0x00007ffa0b890000 - 0x00007ffa0baa7000 	C:\Windows\SYSTEM32\ntdll.dll
0x00007ffa0a4e0000 - 0x00007ffa0a5a4000 	C:\Windows\System32\KERNEL32.DLL
0x00007ffa090a0000 - 0x00007ffa09446000 	C:\Windows\System32\KERNELBASE.dll
0x00007ffa09450000 - 0x00007ffa09561000 	C:\Windows\System32\ucrtbase.dll
0x00007ff9b0470000 - 0x00007ff9b048b000 	C:\Program Files\Android\Android Studio\jbr\bin\VCRUNTIME140.dll
0x00007ff9b3a50000 - 0x00007ff9b3a67000 	C:\Program Files\Android\Android Studio\jbr\bin\jli.dll
0x00007ffa09700000 - 0x00007ffa098ae000 	C:\Windows\System32\USER32.dll
0x00007ffa08d20000 - 0x00007ffa08d46000 	C:\Windows\System32\win32u.dll
0x00007ffa0b820000 - 0x00007ffa0b849000 	C:\Windows\System32\GDI32.dll
0x00007ffa08d50000 - 0x00007ffa08e68000 	C:\Windows\System32\gdi32full.dll
0x00007ffa08c80000 - 0x00007ffa08d1a000 	C:\Windows\System32\msvcp_win.dll
0x00007ff9ea2c0000 - 0x00007ff9ea553000 	C:\Windows\WinSxS\amd64_microsoft.windows.common-controls_6595b64144ccf1df_6.0.22621.2506_none_270c5ae97388e100\COMCTL32.dll
0x00007ffa0b090000 - 0x00007ffa0b137000 	C:\Windows\System32\msvcrt.dll
0x00007ffa0b5e0000 - 0x00007ffa0b611000 	C:\Windows\System32\IMM32.DLL
0x00007ffa01480000 - 0x00007ffa0148c000 	C:\Program Files\Android\Android Studio\jbr\bin\vcruntime140_1.dll
0x00007ff9606d0000 - 0x00007ff96075d000 	C:\Program Files\Android\Android Studio\jbr\bin\msvcp140.dll
0x00007ff95f000000 - 0x00007ff95fc80000 	C:\Program Files\Android\Android Studio\jbr\bin\server\jvm.dll
0x00007ffa0b140000 - 0x00007ffa0b1f1000 	C:\Windows\System32\ADVAPI32.dll
0x00007ffa0b530000 - 0x00007ffa0b5d5000 	C:\Windows\System32\sechost.dll
0x00007ffa095e0000 - 0x00007ffa096f7000 	C:\Windows\System32\RPCRT4.dll
0x00007ff9fedd0000 - 0x00007ff9fedd9000 	C:\Windows\SYSTEM32\WSOCK32.dll
0x00007ffa0b200000 - 0x00007ffa0b271000 	C:\Windows\System32\WS2_32.dll
0x00007ffa02c70000 - 0x00007ffa02ca4000 	C:\Windows\SYSTEM32\WINMM.dll
0x00007ff9fae00000 - 0x00007ff9fae0a000 	C:\Windows\SYSTEM32\VERSION.dll
0x00007ffa07cd0000 - 0x00007ffa07ce8000 	C:\Windows\SYSTEM32\kernel.appcore.dll
0x00007ff9fd320000 - 0x00007ff9fd32a000 	C:\Program Files\Android\Android Studio\jbr\bin\jimage.dll
0x00007ffa064b0000 - 0x00007ffa066e3000 	C:\Windows\SYSTEM32\DBGHELP.DLL
0x00007ffa0ad00000 - 0x00007ffa0b089000 	C:\Windows\System32\combase.dll
0x00007ffa098b0000 - 0x00007ffa09987000 	C:\Windows\System32\OLEAUT32.dll
0x00007ff9d2b00000 - 0x00007ff9d2b32000 	C:\Windows\SYSTEM32\dbgcore.DLL
0x00007ffa08c00000 - 0x00007ffa08c7a000 	C:\Windows\System32\bcryptPrimitives.dll
0x00007ff9ccf80000 - 0x00007ff9ccfa5000 	C:\Program Files\Android\Android Studio\jbr\bin\java.dll
0x00007ff9ccbf0000 - 0x00007ff9ccc08000 	C:\Program Files\Android\Android Studio\jbr\bin\zip.dll
0x00007ffa09c80000 - 0x00007ffa0a4da000 	C:\Windows\System32\SHELL32.dll
0x00007ffa06ae0000 - 0x00007ffa073d6000 	C:\Windows\SYSTEM32\windows.storage.dll
0x00007ffa069a0000 - 0x00007ffa06ade000 	C:\Windows\SYSTEM32\wintypes.dll
0x00007ffa0b430000 - 0x00007ffa0b523000 	C:\Windows\System32\SHCORE.dll
0x00007ffa0a640000 - 0x00007ffa0a69e000 	C:\Windows\System32\shlwapi.dll
0x00007ffa08b30000 - 0x00007ffa08b56000 	C:\Windows\SYSTEM32\profapi.dll
0x00007ff9cc9f0000 - 0x00007ff9cca09000 	C:\Program Files\Android\Android Studio\jbr\bin\net.dll
0x00007ffa018c0000 - 0x00007ffa019f7000 	C:\Windows\SYSTEM32\WINHTTP.dll
0x00007ffa08170000 - 0x00007ffa081d9000 	C:\Windows\system32\mswsock.dll
0x00007ff9cc9d0000 - 0x00007ff9cc9e6000 	C:\Program Files\Android\Android Studio\jbr\bin\nio.dll
0x00007ff9f9a40000 - 0x00007ff9f9a50000 	C:\Program Files\Android\Android Studio\jbr\bin\verify.dll
0x00007ffa01490000 - 0x00007ffa014b7000 	C:\Users\Svetl\.gradle\native\e1d6ef7f7dcc3fd88c89a11ec53ec762bb8ba0a96d01ffa2cd45eb1d1d8dd5c5\windows-amd64\native-platform.dll
0x00007ff960580000 - 0x00007ff9606c4000 	C:\Users\Svetl\.gradle\native\0d407fdbe67a94daf76414ababcb853783967236a71b16ec16e742cd7a986fd3\windows-amd64\native-platform-file-events.dll
0x00007ff9f9340000 - 0x00007ff9f9349000 	C:\Program Files\Android\Android Studio\jbr\bin\management.dll
0x00007ff9f82d0000 - 0x00007ff9f82db000 	C:\Program Files\Android\Android Studio\jbr\bin\management_ext.dll
0x00007ffa09bc0000 - 0x00007ffa09bc8000 	C:\Windows\System32\PSAPI.DLL
0x00007ffa083c0000 - 0x00007ffa083db000 	C:\Windows\SYSTEM32\CRYPTSP.dll
0x00007ffa07c30000 - 0x00007ffa07c65000 	C:\Windows\system32\rsaenh.dll
0x00007ffa08260000 - 0x00007ffa0828c000 	C:\Windows\SYSTEM32\USERENV.dll
0x00007ffa08590000 - 0x00007ffa085b8000 	C:\Windows\SYSTEM32\bcrypt.dll
0x00007ffa083e0000 - 0x00007ffa083ec000 	C:\Windows\SYSTEM32\CRYPTBASE.dll
0x00007ffa076b0000 - 0x00007ffa076dd000 	C:\Windows\SYSTEM32\IPHLPAPI.DLL
0x00007ffa09a00000 - 0x00007ffa09a09000 	C:\Windows\System32\NSI.dll
0x00007ffa017f0000 - 0x00007ffa01809000 	C:\Windows\SYSTEM32\dhcpcsvc6.DLL
0x00007ffa017d0000 - 0x00007ffa017ef000 	C:\Windows\SYSTEM32\dhcpcsvc.DLL
0x00007ffa07720000 - 0x00007ffa07819000 	C:\Windows\SYSTEM32\DNSAPI.dll
0x00007ff9a2790000 - 0x00007ff9a2798000 	C:\Windows\system32\wshunix.dll
0x00007ffa00ee0000 - 0x00007ffa00eea000 	C:\Windows\System32\rasadhlp.dll
0x00007ffa00ef0000 - 0x00007ffa00f73000 	C:\Windows\System32\fwpuclnt.dll

dbghelp: loaded successfully - version: 4.0.5 - missing functions: none
symbol engine: initialized successfully - sym options: 0x614 - pdb path: .;C:\Program Files\Android\Android Studio\jbr\bin;C:\Windows\SYSTEM32;C:\Windows\WinSxS\amd64_microsoft.windows.common-controls_6595b64144ccf1df_6.0.22621.2506_none_270c5ae97388e100;C:\Program Files\Android\Android Studio\jbr\bin\server;C:\Users\Svetl\.gradle\native\e1d6ef7f7dcc3fd88c89a11ec53ec762bb8ba0a96d01ffa2cd45eb1d1d8dd5c5\windows-amd64;C:\Users\Svetl\.gradle\native\0d407fdbe67a94daf76414ababcb853783967236a71b16ec16e742cd7a986fd3\windows-amd64

VM Arguments:
jvm_args: --add-opens=java.base/java.util=ALL-UNNAMED --add-opens=java.base/java.lang=ALL-UNNAMED --add-opens=java.base/java.lang.invoke=ALL-UNNAMED --add-opens=java.base/java.util=ALL-UNNAMED --add-opens=java.prefs/java.util.prefs=ALL-UNNAMED --add-opens=java.prefs/java.util.prefs=ALL-UNNAMED --add-opens=java.base/java.nio.charset=ALL-UNNAMED --add-opens=java.base/java.net=ALL-UNNAMED --add-opens=java.base/java.util.concurrent.atomic=ALL-UNNAMED -Xmx4g -Dfile.encoding=windows-1251 -Duser.country=RU -Duser.language=ru -Duser.variant 
java_command: org.gradle.launcher.daemon.bootstrap.GradleDaemon 7.5
java_class_path (initial): C:\Users\Svetl\.gradle\wrapper\dists\gradle-7.5-bin\f1w0cc9nuo0eivz97x2xlu9sv\gradle-7.5\lib\gradle-launcher-7.5.jar
Launcher Type: SUN_STANDARD

[Global flags]
     intx CICompilerCount                          = 12                                        {product} {ergonomic}
     uint ConcGCThreads                            = 4                                         {product} {ergonomic}
     uint G1ConcRefinementThreads                  = 15                                        {product} {ergonomic}
   size_t G1HeapRegionSize                         = 2097152                                   {product} {ergonomic}
    uintx GCDrainStackTargetSize                   = 64                                        {product} {ergonomic}
   size_t InitialHeapSize                          = 264241152                                 {product} {ergonomic}
   size_t MarkStackSize                            = 4194304                                   {product} {ergonomic}
   size_t MaxHeapSize                              = 4294967296                                {product} {command line}
   size_t MaxNewSize                               = 2575302656                                {product} {ergonomic}
   size_t MinHeapDeltaBytes                        = 2097152                                   {product} {ergonomic}
   size_t MinHeapSize                              = 8388608                                   {product} {ergonomic}
    uintx NonNMethodCodeHeapSize                   = 7602480                                {pd product} {ergonomic}
    uintx NonProfiledCodeHeapSize                  = 122027880                              {pd product} {ergonomic}
    uintx ProfiledCodeHeapSize                     = 122027880                              {pd product} {ergonomic}
    uintx ReservedCodeCacheSize                    = 251658240                              {pd product} {ergonomic}
     bool SegmentedCodeCache                       = true                                      {product} {ergonomic}
   size_t SoftMaxHeapSize                          = 4294967296                             {manageable} {ergonomic}
     bool UseCompressedClassPointers               = true                           {product lp64_product} {ergonomic}
     bool UseCompressedOops                        = true                           {product lp64_product} {ergonomic}
     bool UseG1GC                                  = true                                      {product} {ergonomic}
     bool UseLargePagesIndividualAllocation        = false                                  {pd product} {ergonomic}

Logging:
Log output configuration:
 #0: stdout all=warning uptime,level,tags
 #1: stderr all=off uptime,level,tags

Environment Variables:
PATH=C:\Program Files\Microsoft\jdk-11.0.16.101-hotspot\bin;C:\Windows\System32\HWAudioDriverLibs;C:\Windows\system32;C:\Windows;C:\Windows\System32\Wbem;C:\Windows\System32\WindowsPowerShell\v1.0\;C:\Windows\System32\OpenSSH\;C:\Users\Administrator\AppData\Local\Microsoft\WindowsApps;C:\Program Files\Microsoft SQL Server\Client SDK\ODBC\170\Tools\Binn\;C:\Program Files\Azure Data Studio\bin;C:\Program Files\dotnet\;C:\Program Files (x86)\Microsoft SQL Server\150\Tools\Binn\;C:\Program Files\Microsoft SQL Server\150\Tools\Binn\;C:\Program Files\Microsoft SQL Server\150\DTS\Binn\;C:\Program Files (x86)\Microsoft SQL Server\160\DTS\Binn\;C:\Program Files\Git\cmd;C:\Users\Svetl\AppData\Local\Microsoft\WindowsApps;C:\Program Files\Azure Data Studio\bin;C:\Users\Svetl\.dotnet\tools
USERNAME=Svetl
OS=Windows_NT
PROCESSOR_IDENTIFIER=Intel64 Family 6 Model 154 Stepping 3, GenuineIntel
TMP=C:\Users\Svetl\AppData\Local\Temp
TEMP=C:\Users\Svetl\AppData\Local\Temp


JNI global refs:
JNI global refs: 35, weak refs: 0

JNI global refs memory usage: 843, weak refs: 841

OOME stack traces (most recent first):
Classloader memory used:
Loader bootstrap                                                                       : 2995K
Loader org.gradle.internal.classloader.VisitableURLClassLoader                         : 2965K
Loader org.gradle.initialization.MixInLegacyTypesClassLoader                           : 1082K
Loader jdk.internal.loader.ClassLoaders$PlatformClassLoader                            : 100K
Loader jdk.internal.loader.ClassLoaders$AppClassLoader                                 : 25667B
Loader jdk.internal.reflect.DelegatingClassLoader                                      : 11616B
Loader org.gradle.groovy.scripts.internal.DefaultScriptCompilationHandler$ScriptClassLoader: 8153B
Loader org.codehaus.groovy.runtime.callsite.CallSiteClassLoader                        : 1988B

Classes loaded by more than one classloader:
Class org.gradle.internal.installation.GradleInstallation                             : loaded 2 times (x 73B)
Class org.gradle.internal.classpath.ClassPath                                         : loaded 2 times (x 68B)
Class org.gradle.api.internal.classpath.DefaultModuleRegistry                         : loaded 2 times (x 84B)
Class org.gradle.api.Action                                                           : loaded 2 times (x 68B)
Class org.gradle.api.internal.DefaultClassPathProvider                                : loaded 2 times (x 74B)
Class org.gradle.internal.installation.GradleInstallation$1                           : loaded 2 times (x 73B)
Class org.gradle.internal.classloader.FilteringClassLoader                            : loaded 2 times (x 102B)
Class org.gradle.internal.classpath.DefaultClassPath$ImmutableUniqueList$Builder      : loaded 2 times (x 73B)
Class org.gradle.internal.classloader.ClassLoaderVisitor                              : loaded 2 times (x 74B)
Class org.gradle.internal.service.DefaultServiceLocator                               : loaded 2 times (x 81B)
Class org.gradle.internal.service.UnknownServiceException                             : loaded 2 times (x 81B)
Class org.gradle.internal.classloader.DefaultClassLoaderFactory                       : loaded 2 times (x 80B)
Class org.gradle.internal.classloader.VisitableURLClassLoader$Spec                    : loaded 2 times (x 72B)
Class org.gradle.api.GradleException                                                  : loaded 2 times (x 80B)
Class org.gradle.api.internal.classpath.ModuleRegistry                                : loaded 2 times (x 68B)
Class org.gradle.api.internal.ClassPathProvider                                       : loaded 2 times (x 68B)
Class org.gradle.internal.classloader.ClasspathUtil$1                                 : loaded 2 times (x 74B)
Class org.gradle.internal.classloader.ClassLoaderFactory                              : loaded 2 times (x 68B)
Class org.gradle.api.internal.classpath.ManifestUtil                                  : loaded 2 times (x 69B)
Class org.gradle.api.specs.Spec                                                       : loaded 2 times (x 68B)
Class org.gradle.internal.IoActions                                                   : loaded 2 times (x 69B)
Class settings_appsjcblgn4hxo9eelvoepug7                                              : loaded 2 times (x 177B)
Class org.gradle.api.internal.classpath.EffectiveClassPath                            : loaded 2 times (x 88B)
Class org.gradle.internal.installation.CurrentGradleInstallation                      : loaded 2 times (x 71B)
Class org.gradle.internal.installation.CurrentGradleInstallationLocator               : loaded 2 times (x 69B)
Class org.gradle.api.internal.classpath.Module                                        : loaded 2 times (x 68B)
Class org.gradle.internal.service.CachingServiceLocator                               : loaded 2 times (x 80B)
Class org.gradle.internal.classpath.DefaultClassPath                                  : loaded 2 times (x 88B)
Class org.gradle.api.Transformer                                                      : loaded 2 times (x 68B)
Class settings_appsjcblgn4hxo9eelvoepug7$_run_closure1$_closure2                      : loaded 2 times (x 134B)
Class org.gradle.internal.classloader.SystemClassLoaderSpec                           : loaded 2 times (x 69B)
Class org.gradle.api.UncheckedIOException                                             : loaded 2 times (x 80B)
Class org.gradle.internal.classloader.ClasspathUtil                                   : loaded 2 times (x 69B)
Class org.gradle.api.internal.DefaultClassPathRegistry                                : loaded 2 times (x 74B)
Class org.gradle.api.internal.classpath.DefaultModuleRegistry$DefaultModule           : loaded 2 times (x 84B)
Class org.gradle.api.internal.classpath.UnknownModuleException                        : loaded 2 times (x 80B)
Class org.gradle.internal.service.ServiceLookupException                              : loaded 2 times (x 80B)
Class settings_appsjcblgn4hxo9eelvoepug7$_run_closure1                                : loaded 2 times (x 134B)
Class org.gradle.cache.GlobalCache                                                    : loaded 2 times (x 68B)
Class [Lorg.gradle.api.internal.ClassPathProvider;                                    : loaded 2 times (x 67B)
Class org.gradle.util.internal.GUtil                                                  : loaded 2 times (x 69B)
Class org.gradle.internal.classloader.ClassLoaderSpec                                 : loaded 2 times (x 69B)
Class org.gradle.internal.classloader.VisitableURLClassLoader                         : loaded 2 times (x 114B)
Class org.gradle.internal.Cast                                                        : loaded 2 times (x 69B)
Class org.gradle.api.internal.ClassPathRegistry                                       : loaded 2 times (x 68B)
Class org.gradle.internal.classloader.ClassLoaderHierarchy                            : loaded 2 times (x 68B)
Class org.gradle.internal.service.ServiceLocator                                      : loaded 2 times (x 68B)
Class org.gradle.internal.classpath.DefaultClassPath$ImmutableUniqueList              : loaded 2 times (x 159B)


---------------  S Y S T E M  ---------------

OS:
 Windows 11 , 64 bit Build 22621 (10.0.22621.2506)
OS uptime: 0 days 2:14 hours
Hyper-V role detected

CPU: total 20 (initial active 20) (10 cores per cpu, 2 threads per core) family 6 model 154 stepping 3 microcode 0x41e, cx8, cmov, fxsr, ht, mmx, 3dnowpref, sse, sse2, sse3, ssse3, sse4.1, sse4.2, popcnt, lzcnt, tsc, tscinvbit, avx, avx2, aes, erms, clmul, bmi1, bmi2, adx, sha, fma, vzeroupper, clflush, clflushopt, clwb, hv

Memory: 4k page, system-wide physical 16110M (800M free)
TotalPageFile size 16110M (AvailPageFile size 3M)
current process WorkingSet (physical memory assigned to process): 313M, peak: 313M
current process commit charge ("private bytes"): 373M, peak: 410M

vm_info: OpenJDK 64-Bit Server VM (17.0.7+0-b2043.56-10550314) for windows-amd64 JRE (17.0.7+0-b2043.56-10550314), built on Jul 24 2023 18:27:45 by "androidbuild" with MS VC++ 16.10 / 16.11 (VS2019)

END.
