#
# There is insufficient memory for the Java Runtime Environment to continue.
# Native memory allocation (malloc) failed to allocate 275696 bytes for Chunk::new
# Possible reasons:
#   The system is out of physical RAM or swap space
#   The process is running with CompressedOops enabled, and the Java Heap may be blocking the growth of the native heap
# Possible solutions:
#   Reduce memory load on the system
#   Increase physical memory or swap space
#   Check if swap backing store is full
#   Decrease Java heap size (-Xmx/-Xms)
#   Decrease number of Java threads
#   Decrease Java thread stack sizes (-Xss)
#   Set larger code cache with -XX:ReservedCodeCacheSize=
#   JVM is running with Zero Based Compressed Oops mode in which the Java heap is
#     placed in the first 32GB address space. The Java Heap base address is the
#     maximum limit for the native heap growth. Please use -XX:HeapBaseMinAddress
#     to set the Java Heap base and to place the Java Heap above 32GB virtual address.
# This output file may be truncated or incomplete.
#
#  Out of Memory Error (arena.cpp:189), pid=12716, tid=16820
#
# JRE version: OpenJDK Runtime Environment (17.0.7) (build 17.0.7+0-b2043.56-10550314)
# Java VM: OpenJDK 64-Bit Server VM (17.0.7+0-b2043.56-10550314, mixed mode, tiered, compressed oops, compressed class ptrs, g1 gc, windows-amd64)
# No core dump will be written. Minidumps are not enabled by default on client versions of Windows
#

---------------  S U M M A R Y ------------

Command Line: --add-opens=java.base/java.util=ALL-UNNAMED --add-opens=java.base/java.lang=ALL-UNNAMED --add-opens=java.base/java.lang.invoke=ALL-UNNAMED --add-opens=java.base/java.util=ALL-UNNAMED --add-opens=java.prefs/java.util.prefs=ALL-UNNAMED --add-opens=java.prefs/java.util.prefs=ALL-UNNAMED --add-opens=java.base/java.nio.charset=ALL-UNNAMED --add-opens=java.base/java.net=ALL-UNNAMED --add-opens=java.base/java.util.concurrent.atomic=ALL-UNNAMED -Xmx4g -Dfile.encoding=windows-1251 -Duser.country=RU -Duser.language=ru -Duser.variant org.gradle.launcher.daemon.bootstrap.GradleDaemon 7.5

Host: 12th Gen Intel(R) Core(TM) i7-12700H, 20 cores, 15G,  Windows 11 , 64 bit Build 22621 (10.0.22621.2506)
Time: Wed Dec 13 19:47:34 2023 RTZ 4 (s 11 , 64 bit Build 22621 (10.0.22621.2506) elapsed time: 16.222769 seconds (0d 0h 0m 16s)

---------------  T H R E A D  ---------------

Current thread (0x0000023a6c2e7760):  JavaThread "C2 CompilerThread2" daemon [_thread_in_native, id=16820, stack(0x00000059aec00000,0x00000059aed00000)]


Current CompileTask:
C2:  16222 14275   !   4       org.gradle.internal.service.DefaultServiceRegistry$ManagedObjectServiceProvider::getInstance (47 bytes)

Stack: [0x00000059aec00000,0x00000059aed00000]
Native frames: (J=compiled Java code, j=interpreted, Vv=VM code, C=native code)
V  [jvm.dll+0x683bfa]
V  [jvm.dll+0x8430a4]
V  [jvm.dll+0x8449be]
V  [jvm.dll+0x845023]
V  [jvm.dll+0x24ad2f]
V  [jvm.dll+0xac25c]
V  [jvm.dll+0xac82c]
V  [jvm.dll+0x36a132]
V  [jvm.dll+0x1bddd2]
V  [jvm.dll+0x21d3a9]
V  [jvm.dll+0x21c671]
V  [jvm.dll+0x1a605d]
V  [jvm.dll+0x22c148]
V  [jvm.dll+0x22a209]
V  [jvm.dll+0x7f858c]
V  [jvm.dll+0x7f2aea]
V  [jvm.dll+0x682a35]
C  [ucrtbase.dll+0x29363]
C  [KERNEL32.DLL+0x1257d]
C  [ntdll.dll+0x5aa58]


---------------  P R O C E S S  ---------------

Threads class SMR info:
_java_thread_list=0x0000023a6e4c0980, length=66, elements={
0x0000023a3f74e000, 0x0000023a6138b680, 0x0000023a6138c230, 0x0000023a613a7670,
0x0000023a613a8130, 0x0000023a613f7ff0, 0x0000023a613fa8c0, 0x0000023a613fb5a0,
0x0000023a613fc040, 0x0000023a613fd950, 0x0000023a615c6c50, 0x0000023a615d7fd0,
0x0000023a67e155c0, 0x0000023a679d7170, 0x0000023a679d7b10, 0x0000023a679d67d0,
0x0000023a679d4620, 0x0000023a679d5e30, 0x0000023a679d7640, 0x0000023a679d4af0,
0x0000023a6a264b10, 0x0000023a6a2654b0, 0x0000023a6a262490, 0x0000023a6a2607b0,
0x0000023a6a263300, 0x0000023a6a262e30, 0x0000023a6a261150, 0x0000023a6a262960,
0x0000023a6a267190, 0x0000023a694ab880, 0x0000023a694aaee0, 0x0000023a694ada30,
0x0000023a694aa070, 0x0000023a694ad560, 0x0000023a694aaa10, 0x0000023a694ab3b0,
0x0000023a694aa540, 0x0000023a694ac220, 0x0000023a694ac6f0, 0x0000023a694ad090,
0x0000023a6aae85c0, 0x0000023a6aae80f0, 0x0000023a6aae5a70, 0x0000023a6aae55a0,
0x0000023a6aae8a90, 0x0000023a6aae9430, 0x0000023a6aaea770, 0x0000023a6ee93230,
0x0000023a6ee93bd0, 0x0000023a6ee8c850, 0x0000023a6ee91ef0, 0x0000023a6ee8fd40,
0x0000023a6c2ea4f0, 0x0000023a6c2e7760, 0x0000023a6c2e9fe0, 0x0000023a6c2e8690,
0x0000023a6c2ed280, 0x0000023a6ee94570, 0x0000023a6ee90bb0, 0x0000023a6ee92d60,
0x0000023a6ee91080, 0x0000023a6ee93700, 0x0000023a6ee8d1f0, 0x0000023a6c2e6320,
0x0000023a6c2eaa00, 0x0000023a6c2e8ba0
}

Java Threads: ( => current thread )
  0x0000023a3f74e000 JavaThread "main" [_thread_blocked, id=2484, stack(0x00000059ace00000,0x00000059acf00000)]
  0x0000023a6138b680 JavaThread "Reference Handler" daemon [_thread_blocked, id=5728, stack(0x00000059ad500000,0x00000059ad600000)]
  0x0000023a6138c230 JavaThread "Finalizer" daemon [_thread_blocked, id=17276, stack(0x00000059ad600000,0x00000059ad700000)]
  0x0000023a613a7670 JavaThread "Signal Dispatcher" daemon [_thread_blocked, id=1772, stack(0x00000059ad700000,0x00000059ad800000)]
  0x0000023a613a8130 JavaThread "Attach Listener" daemon [_thread_blocked, id=2356, stack(0x00000059ad800000,0x00000059ad900000)]
  0x0000023a613f7ff0 JavaThread "Service Thread" daemon [_thread_blocked, id=18932, stack(0x00000059ad900000,0x00000059ada00000)]
  0x0000023a613fa8c0 JavaThread "Monitor Deflation Thread" daemon [_thread_blocked, id=16208, stack(0x00000059ada00000,0x00000059adb00000)]
  0x0000023a613fb5a0 JavaThread "C2 CompilerThread0" daemon [_thread_in_native, id=14212, stack(0x00000059adb00000,0x00000059adc00000)]
  0x0000023a613fc040 JavaThread "C1 CompilerThread0" daemon [_thread_in_native, id=21956, stack(0x00000059adc00000,0x00000059add00000)]
  0x0000023a613fd950 JavaThread "Sweeper thread" daemon [_thread_blocked, id=13696, stack(0x00000059add00000,0x00000059ade00000)]
  0x0000023a615c6c50 JavaThread "Common-Cleaner" daemon [_thread_blocked, id=2184, stack(0x00000059ae000000,0x00000059ae100000)]
  0x0000023a615d7fd0 JavaThread "Notification Thread" daemon [_thread_blocked, id=10192, stack(0x00000059ae100000,0x00000059ae200000)]
  0x0000023a67e155c0 JavaThread "Daemon health stats" [_thread_blocked, id=19452, stack(0x00000059aed00000,0x00000059aee00000)]
  0x0000023a679d7170 JavaThread "Incoming local TCP Connector on port 59478" [_thread_in_native, id=13252, stack(0x00000059aee00000,0x00000059aef00000)]
  0x0000023a679d7b10 JavaThread "Daemon periodic checks" [_thread_blocked, id=2072, stack(0x00000059aef00000,0x00000059af000000)]
  0x0000023a679d67d0 JavaThread "Daemon" [_thread_blocked, id=15924, stack(0x00000059af000000,0x00000059af100000)]
  0x0000023a679d4620 JavaThread "Daemon worker" [_thread_in_Java, id=22624, stack(0x00000059af300000,0x00000059af400000)]
  0x0000023a679d5e30 JavaThread "Cache worker for journal cache (C:\Users\Svetl\.gradle\caches\journal-1)" [_thread_blocked, id=16464, stack(0x00000059af700000,0x00000059af800000)]
  0x0000023a679d7640 JavaThread "File lock request listener" [_thread_in_native, id=20532, stack(0x00000059af800000,0x00000059af900000)]
  0x0000023a679d4af0 JavaThread "Cache worker for file hash cache (C:\Users\Svetl\.gradle\caches\7.5\fileHashes)" [_thread_blocked, id=4772, stack(0x00000059b0500000,0x00000059b0600000)]
  0x0000023a6a264b10 JavaThread "File watcher server" daemon [_thread_in_native, id=16428, stack(0x00000059b0600000,0x00000059b0700000)]
  0x0000023a6a2654b0 JavaThread "File watcher consumer" daemon [_thread_blocked, id=20072, stack(0x00000059b0700000,0x00000059b0800000)]
  0x0000023a6a262490 JavaThread "Cache worker for file content cache (C:\Users\Svetl\.gradle\caches\7.5\fileContent)" [_thread_blocked, id=14576, stack(0x00000059b0a00000,0x00000059b0b00000)]
  0x0000023a6a2607b0 JavaThread "Cache worker for execution history cache (C:\Users\Svetl\.gradle\caches\7.5\executionHistory)" [_thread_blocked, id=9644, stack(0x00000059b0c00000,0x00000059b0d00000)]
  0x0000023a6a263300 JavaThread "jar transforms" [_thread_blocked, id=23692, stack(0x00000059b0d00000,0x00000059b0e00000)]
  0x0000023a6a262e30 JavaThread "jar transforms Thread 2" [_thread_blocked, id=16888, stack(0x00000059b0e00000,0x00000059b0f00000)]
  0x0000023a6a261150 JavaThread "jar transforms Thread 3" [_thread_blocked, id=20696, stack(0x00000059b1200000,0x00000059b1300000)]
  0x0000023a6a262960 JavaThread "jar transforms Thread 4" [_thread_blocked, id=12072, stack(0x00000059b1300000,0x00000059b1400000)]
  0x0000023a6a267190 JavaThread "jar transforms Thread 5" [_thread_blocked, id=6856, stack(0x00000059b1500000,0x00000059b1600000)]
  0x0000023a694ab880 JavaThread "jar transforms Thread 6" [_thread_blocked, id=17196, stack(0x00000059baa00000,0x00000059bab00000)]
  0x0000023a694aaee0 JavaThread "jar transforms Thread 7" [_thread_blocked, id=22268, stack(0x00000059bab00000,0x00000059bac00000)]
  0x0000023a694ada30 JavaThread "jar transforms Thread 8" [_thread_blocked, id=23560, stack(0x00000059bac00000,0x00000059bad00000)]
  0x0000023a694aa070 JavaThread "jar transforms Thread 9" [_thread_blocked, id=1348, stack(0x00000059bad00000,0x00000059bae00000)]
  0x0000023a694ad560 JavaThread "jar transforms Thread 10" [_thread_blocked, id=23864, stack(0x00000059bae00000,0x00000059baf00000)]
  0x0000023a694aaa10 JavaThread "jar transforms Thread 11" [_thread_blocked, id=15680, stack(0x00000059baf00000,0x00000059bb000000)]
  0x0000023a694ab3b0 JavaThread "jar transforms Thread 12" [_thread_blocked, id=24268, stack(0x00000059bb000000,0x00000059bb100000)]
  0x0000023a694aa540 JavaThread "jar transforms Thread 13" [_thread_blocked, id=4816, stack(0x00000059bb100000,0x00000059bb200000)]
  0x0000023a694ac220 JavaThread "jar transforms Thread 14" [_thread_blocked, id=23248, stack(0x00000059bb200000,0x00000059bb300000)]
  0x0000023a694ac6f0 JavaThread "jar transforms Thread 15" [_thread_blocked, id=7948, stack(0x00000059bb300000,0x00000059bb400000)]
  0x0000023a694ad090 JavaThread "jar transforms Thread 16" [_thread_blocked, id=17108, stack(0x00000059bb400000,0x00000059bb500000)]
  0x0000023a6aae85c0 JavaThread "jar transforms Thread 17" [_thread_blocked, id=13992, stack(0x00000059bb500000,0x00000059bb600000)]
  0x0000023a6aae80f0 JavaThread "jar transforms Thread 18" [_thread_blocked, id=6488, stack(0x00000059bb600000,0x00000059bb700000)]
  0x0000023a6aae5a70 JavaThread "jar transforms Thread 19" [_thread_blocked, id=15640, stack(0x00000059bb700000,0x00000059bb800000)]
  0x0000023a6aae55a0 JavaThread "jar transforms Thread 20" [_thread_blocked, id=8580, stack(0x00000059bb800000,0x00000059bb900000)]
  0x0000023a6aae8a90 JavaThread "Memory manager" [_thread_blocked, id=8704, stack(0x00000059bba00000,0x00000059bbb00000)]
  0x0000023a6aae9430 JavaThread "pool-3-thread-1" [_thread_blocked, id=14188, stack(0x00000059bbb00000,0x00000059bbc00000)]
  0x0000023a6aaea770 JavaThread "included builds" [_thread_blocked, id=20376, stack(0x00000059bbd00000,0x00000059bbe00000)]
  0x0000023a6ee93230 JavaThread "Handler for socket connection from /127.0.0.1:59478 to /127.0.0.1:59543" [_thread_in_native, id=11592, stack(0x00000059adf00000,0x00000059ae000000)]
  0x0000023a6ee93bd0 JavaThread "Cancel handler" [_thread_blocked, id=24164, stack(0x00000059ae300000,0x00000059ae400000)]
  0x0000023a6ee8c850 JavaThread "Asynchronous log dispatcher for DefaultDaemonConnection: socket connection from /127.0.0.1:59478 to /127.0.0.1:59543" [_thread_blocked, id=5544, stack(0x00000059ade00000,0x00000059adf00000)]
  0x0000023a6ee91ef0 JavaThread "Stdin handler" [_thread_blocked, id=16408, stack(0x00000059ae400000,0x00000059ae500000)]
  0x0000023a6ee8fd40 JavaThread "Daemon client event forwarder" [_thread_blocked, id=10164, stack(0x00000059ae500000,0x00000059ae600000)]
  0x0000023a6c2ea4f0 JavaThread "C2 CompilerThread1" daemon [_thread_in_native, id=18804, stack(0x00000059ae600000,0x00000059ae700000)]
=>0x0000023a6c2e7760 JavaThread "C2 CompilerThread2" daemon [_thread_in_native, id=16820, stack(0x00000059aec00000,0x00000059aed00000)]
  0x0000023a6c2e9fe0 JavaThread "C2 CompilerThread3" daemon [_thread_in_native, id=4744, stack(0x00000059af100000,0x00000059af200000)]
  0x0000023a6c2e8690 JavaThread "C2 CompilerThread4" daemon [_thread_in_native, id=23084, stack(0x00000059af200000,0x00000059af300000)]
  0x0000023a6c2ed280 JavaThread "C2 CompilerThread5" daemon [_thread_in_native, id=13824, stack(0x00000059af400000,0x00000059af500000)]
  0x0000023a6ee94570 JavaThread "Cache worker for checksums cache (C:\Users\Svetl\AndroidStudioProjects\up5v1\.gradle\7.5\checksums)" [_thread_blocked, id=1752, stack(0x00000059af500000,0x00000059af600000)]
  0x0000023a6ee90bb0 JavaThread "Cache worker for cache directory md-rule (C:\Users\Svetl\.gradle\caches\7.5\md-rule)" [_thread_blocked, id=12900, stack(0x00000059af600000,0x00000059af700000)]
  0x0000023a6ee92d60 JavaThread "Cache worker for file hash cache (C:\Users\Svetl\AndroidStudioProjects\up5v1\.gradle\7.5\fileHashes)" [_thread_blocked, id=23872, stack(0x00000059b0800000,0x00000059b0900000)]
  0x0000023a6ee91080 JavaThread "Cache worker for cache directory md-supplier (C:\Users\Svetl\.gradle\caches\7.5\md-supplier)" [_thread_blocked, id=18580, stack(0x00000059b0900000,0x00000059b0a00000)]
  0x0000023a6ee93700 JavaThread "Cache worker for dependencies-accessors (C:\Users\Svetl\AndroidStudioProjects\up5v1\.gradle\7.5\dependencies-accessors)" [_thread_blocked, id=22284, stack(0x00000059b0b00000,0x00000059b0c00000)]
  0x0000023a6ee8d1f0 JavaThread "Cache worker for Build Output Cleanup Cache (C:\Users\Svetl\AndroidStudioProjects\up5v1\.gradle\buildOutputCleanup)" [_thread_blocked, id=17336, stack(0x00000059b0f00000,0x00000059b1000000)]
  0x0000023a6c2e6320 JavaThread "C1 CompilerThread1" daemon [_thread_blocked, id=13804, stack(0x00000059b1000000,0x00000059b1100000)]
  0x0000023a6c2eaa00 JavaThread "C1 CompilerThread2" daemon [_thread_blocked, id=20984, stack(0x00000059b1100000,0x00000059b1200000)]
  0x0000023a6c2e8ba0 JavaThread "C1 CompilerThread3" daemon [_thread_blocked, id=13776, stack(0x00000059b1400000,0x00000059b1500000)]

Other Threads:
  0x0000023a612c28d0 VMThread "VM Thread" [stack: 0x00000059ad400000,0x00000059ad500000] [id=20320]
  0x0000023a41945310 WatcherThread [stack: 0x00000059ae200000,0x00000059ae300000] [id=11596]
  0x0000023a418f70a0 GCTaskThread "GC Thread#0" [stack: 0x00000059acf00000,0x00000059ad000000] [id=19360]
  0x0000023a67116e50 GCTaskThread "GC Thread#1" [stack: 0x00000059ae700000,0x00000059ae800000] [id=9704]
  0x0000023a67145100 GCTaskThread "GC Thread#2" [stack: 0x00000059ae800000,0x00000059ae900000] [id=20056]
  0x0000023a6689d940 GCTaskThread "GC Thread#3" [stack: 0x00000059ae900000,0x00000059aea00000] [id=5064]
  0x0000023a6689dbf0 GCTaskThread "GC Thread#4" [stack: 0x00000059aea00000,0x00000059aeb00000] [id=20880]
  0x0000023a6712b300 GCTaskThread "GC Thread#5" [stack: 0x00000059aeb00000,0x00000059aec00000] [id=16196]
  0x0000023a6802f3d0 GCTaskThread "GC Thread#6" [stack: 0x00000059af900000,0x00000059afa00000] [id=19276]
  0x0000023a67409810 GCTaskThread "GC Thread#7" [stack: 0x00000059afa00000,0x00000059afb00000] [id=18392]
  0x0000023a67407b70 GCTaskThread "GC Thread#8" [stack: 0x00000059afb00000,0x00000059afc00000] [id=19044]
  0x0000023a6862ef30 GCTaskThread "GC Thread#9" [stack: 0x00000059afc00000,0x00000059afd00000] [id=9504]
  0x0000023a68630760 GCTaskThread "GC Thread#10" [stack: 0x00000059afd00000,0x00000059afe00000] [id=2092]
  0x0000023a686304b0 GCTaskThread "GC Thread#11" [stack: 0x00000059afe00000,0x00000059aff00000] [id=13840]
  0x0000023a6862f1e0 GCTaskThread "GC Thread#12" [stack: 0x00000059aff00000,0x00000059b0000000] [id=19604]
  0x0000023a68630a10 GCTaskThread "GC Thread#13" [stack: 0x00000059b0000000,0x00000059b0100000] [id=19272]
  0x0000023a6862f490 GCTaskThread "GC Thread#14" [stack: 0x00000059b0100000,0x00000059b0200000] [id=3336]
  0x0000023a41908e90 ConcurrentGCThread "G1 Main Marker" [stack: 0x00000059ad000000,0x00000059ad100000] [id=5760]
  0x0000023a41909740 ConcurrentGCThread "G1 Conc#0" [stack: 0x00000059ad100000,0x00000059ad200000] [id=17620]
  0x0000023a6862fca0 ConcurrentGCThread "G1 Conc#1" [stack: 0x00000059b0200000,0x00000059b0300000] [id=18840]
  0x0000023a6862f740 ConcurrentGCThread "G1 Conc#2" [stack: 0x00000059b0300000,0x00000059b0400000] [id=18736]
  0x0000023a6862f9f0 ConcurrentGCThread "G1 Conc#3" [stack: 0x00000059b0400000,0x00000059b0500000] [id=15456]
  0x0000023a611f6b50 ConcurrentGCThread "G1 Refine#0" [stack: 0x00000059ad200000,0x00000059ad300000] [id=18868]
  0x0000023a611f7410 ConcurrentGCThread "G1 Service" [stack: 0x00000059ad300000,0x00000059ad400000] [id=5808]

Threads with active compile tasks:
C2 CompilerThread0    16235 14393       4       org.gradle.cache.internal.btree.FreeListBlockStore::read (12 bytes)
C2 CompilerThread1    16235 14274       4       org.gradle.internal.service.DefaultServiceRegistry$SingletonService::get (5 bytes)
C2 CompilerThread2    16235 14275   !   4       org.gradle.internal.service.DefaultServiceRegistry$ManagedObjectServiceProvider::getInstance (47 bytes)
C2 CompilerThread3    16235 14392       4       org.gradle.cache.internal.btree.CachingBlockStore::read (56 bytes)
C2 CompilerThread4    16235 14391       4       org.gradle.cache.internal.btree.BTreePersistentIndexedCache$IndexBlock::find (140 bytes)
C2 CompilerThread5    16235 14403       4       org.gradle.cache.internal.btree.BTreePersistentIndexedCache::access$1200 (10 bytes)

VM state: not at safepoint (normal execution)

VM Mutex/Monitor currently owned by a thread: None

Heap address: 0x0000000700000000, size: 4096 MB, Compressed Oops mode: Zero based, Oop shift amount: 3

CDS archive(s) not mapped
Compressed class space mapped at: 0x0000000800000000-0x0000000840000000, reserved size: 1073741824
Narrow klass base: 0x0000000800000000, Narrow klass shift: 0, Narrow klass range: 0x40000000

GC Precious Log:
 CPUs: 20 total, 20 available
 Memory: 16110M
 Large Page Support: Disabled
 NUMA Support: Disabled
 Compressed Oops: Enabled (Zero based)
 Heap Region Size: 2M
 Heap Min Capacity: 8M
 Heap Initial Capacity: 252M
 Heap Max Capacity: 4G
 Pre-touch: Disabled
 Parallel Workers: 15
 Concurrent Workers: 4
 Concurrent Refinement Workers: 15
 Periodic GC: Disabled

Heap:
 garbage-first heap   total 376832K, used 241335K [0x0000000700000000, 0x0000000800000000)
  region size 2048K, 70 young (143360K), 3 survivors (6144K)
 Metaspace       used 105779K, committed 106560K, reserved 1179648K
  class space    used 14158K, committed 14528K, reserved 1048576K

Heap Regions: E=young(eden), S=young(survivor), O=old, HS=humongous(starts), HC=humongous(continues), CS=collection set, F=free, OA=open archive, CA=closed archive, TAMS=top-at-mark-start (previous, next)
|   0|0x0000000700000000, 0x0000000700200000, 0x0000000700200000|100%| O|  |TAMS 0x0000000700200000, 0x0000000700000000| Untracked 
|   1|0x0000000700200000, 0x0000000700400000, 0x0000000700400000|100%| O|  |TAMS 0x0000000700400000, 0x0000000700200000| Untracked 
|   2|0x0000000700400000, 0x0000000700600000, 0x0000000700600000|100%|HS|  |TAMS 0x0000000700600000, 0x0000000700400000| Complete 
|   3|0x0000000700600000, 0x0000000700800000, 0x0000000700800000|100%|HC|  |TAMS 0x0000000700800000, 0x0000000700600000| Complete 
|   4|0x0000000700800000, 0x0000000700a00000, 0x0000000700a00000|100%| O|  |TAMS 0x0000000700a00000, 0x0000000700800000| Untracked 
|   5|0x0000000700a00000, 0x0000000700c00000, 0x0000000700c00000|100%| O|  |TAMS 0x0000000700c00000, 0x0000000700a00000| Untracked 
|   6|0x0000000700c00000, 0x0000000700e00000, 0x0000000700e00000|100%| O|  |TAMS 0x0000000700e00000, 0x0000000700c00000| Untracked 
|   7|0x0000000700e00000, 0x0000000701000000, 0x0000000701000000|100%| O|  |TAMS 0x0000000701000000, 0x0000000700e00000| Untracked 
|   8|0x0000000701000000, 0x0000000701200000, 0x0000000701200000|100%| O|  |TAMS 0x0000000701200000, 0x0000000701000000| Untracked 
|   9|0x0000000701200000, 0x0000000701400000, 0x0000000701400000|100%| O|  |TAMS 0x0000000701400000, 0x0000000701200000| Untracked 
|  10|0x0000000701400000, 0x0000000701600000, 0x0000000701600000|100%| O|  |TAMS 0x0000000701600000, 0x0000000701400000| Untracked 
|  11|0x0000000701600000, 0x0000000701800000, 0x0000000701800000|100%| O|  |TAMS 0x0000000701800000, 0x0000000701600000| Untracked 
|  12|0x0000000701800000, 0x0000000701a00000, 0x0000000701a00000|100%| O|  |TAMS 0x0000000701a00000, 0x0000000701800000| Untracked 
|  13|0x0000000701a00000, 0x0000000701c00000, 0x0000000701c00000|100%| O|  |TAMS 0x0000000701c00000, 0x0000000701a00000| Untracked 
|  14|0x0000000701c00000, 0x0000000701e00000, 0x0000000701e00000|100%| O|  |TAMS 0x0000000701e00000, 0x0000000701c00000| Untracked 
|  15|0x0000000701e00000, 0x0000000702000000, 0x0000000702000000|100%| O|  |TAMS 0x0000000702000000, 0x0000000701e00000| Untracked 
|  16|0x0000000702000000, 0x0000000702200000, 0x0000000702200000|100%| O|  |TAMS 0x0000000702200000, 0x0000000702000000| Untracked 
|  17|0x0000000702200000, 0x0000000702400000, 0x0000000702400000|100%| O|  |TAMS 0x0000000702400000, 0x0000000702200000| Untracked 
|  18|0x0000000702400000, 0x0000000702600000, 0x0000000702600000|100%| O|  |TAMS 0x0000000702600000, 0x0000000702400000| Untracked 
|  19|0x0000000702600000, 0x0000000702800000, 0x0000000702800000|100%|HS|  |TAMS 0x0000000702800000, 0x0000000702600000| Complete 
|  20|0x0000000702800000, 0x0000000702a00000, 0x0000000702a00000|100%|HC|  |TAMS 0x0000000702a00000, 0x0000000702800000| Complete 
|  21|0x0000000702a00000, 0x0000000702c00000, 0x0000000702c00000|100%| O|  |TAMS 0x0000000702c00000, 0x0000000702a00000| Untracked 
|  22|0x0000000702c00000, 0x0000000702e00000, 0x0000000702e00000|100%| O|  |TAMS 0x0000000702e00000, 0x0000000702c00000| Untracked 
|  23|0x0000000702e00000, 0x0000000703000000, 0x0000000703000000|100%| O|  |TAMS 0x0000000703000000, 0x0000000702e00000| Untracked 
|  24|0x0000000703000000, 0x0000000703200000, 0x0000000703200000|100%| O|  |TAMS 0x0000000703200000, 0x0000000703000000| Untracked 
|  25|0x0000000703200000, 0x0000000703200000, 0x0000000703400000|  0%| F|  |TAMS 0x0000000703200000, 0x0000000703200000| Untracked 
|  26|0x0000000703400000, 0x0000000703600000, 0x0000000703600000|100%| O|  |TAMS 0x0000000703600000, 0x0000000703400000| Untracked 
|  27|0x0000000703600000, 0x0000000703800000, 0x0000000703800000|100%| O|  |TAMS 0x0000000703800000, 0x0000000703600000| Untracked 
|  28|0x0000000703800000, 0x0000000703a00000, 0x0000000703a00000|100%| O|  |TAMS 0x0000000703a00000, 0x0000000703800000| Untracked 
|  29|0x0000000703a00000, 0x0000000703c00000, 0x0000000703c00000|100%| O|  |TAMS 0x0000000703c00000, 0x0000000703a00000| Untracked 
|  30|0x0000000703c00000, 0x0000000703e00000, 0x0000000703e00000|100%| O|  |TAMS 0x0000000703e00000, 0x0000000703c00000| Untracked 
|  31|0x0000000703e00000, 0x0000000704000000, 0x0000000704000000|100%| O|  |TAMS 0x0000000704000000, 0x0000000703e00000| Untracked 
|  32|0x0000000704000000, 0x0000000704200000, 0x0000000704200000|100%| O|  |TAMS 0x0000000704200000, 0x0000000704000000| Untracked 
|  33|0x0000000704200000, 0x0000000704400000, 0x0000000704400000|100%| O|  |TAMS 0x0000000704400000, 0x0000000704200000| Untracked 
|  34|0x0000000704400000, 0x0000000704600000, 0x0000000704600000|100%| O|  |TAMS 0x0000000704600000, 0x0000000704400000| Untracked 
|  35|0x0000000704600000, 0x0000000704800000, 0x0000000704800000|100%| O|  |TAMS 0x0000000704800000, 0x0000000704600000| Untracked 
|  36|0x0000000704800000, 0x0000000704a00000, 0x0000000704a00000|100%| O|  |TAMS 0x0000000704a00000, 0x0000000704800000| Untracked 
|  37|0x0000000704a00000, 0x0000000704c00000, 0x0000000704c00000|100%| O|  |TAMS 0x0000000704c00000, 0x0000000704a00000| Untracked 
|  38|0x0000000704c00000, 0x0000000704e00000, 0x0000000704e00000|100%| O|  |TAMS 0x0000000704e00000, 0x0000000704c00000| Untracked 
|  39|0x0000000704e00000, 0x0000000705000000, 0x0000000705000000|100%| O|  |TAMS 0x0000000705000000, 0x0000000704e00000| Untracked 
|  40|0x0000000705000000, 0x0000000705200000, 0x0000000705200000|100%| O|  |TAMS 0x0000000705200000, 0x0000000705000000| Untracked 
|  41|0x0000000705200000, 0x0000000705400000, 0x0000000705400000|100%| O|  |TAMS 0x0000000705400000, 0x0000000705200000| Untracked 
|  42|0x0000000705400000, 0x0000000705600000, 0x0000000705600000|100%| O|  |TAMS 0x0000000705600000, 0x0000000705400000| Untracked 
|  43|0x0000000705600000, 0x0000000705800000, 0x0000000705800000|100%| O|  |TAMS 0x0000000705800000, 0x0000000705600000| Untracked 
|  44|0x0000000705800000, 0x0000000705a00000, 0x0000000705a00000|100%| O|  |TAMS 0x0000000705a00000, 0x0000000705800000| Untracked 
|  45|0x0000000705a00000, 0x0000000705c00000, 0x0000000705c00000|100%| O|  |TAMS 0x0000000705c00000, 0x0000000705a00000| Untracked 
|  46|0x0000000705c00000, 0x0000000705e00000, 0x0000000705e00000|100%| O|  |TAMS 0x0000000705e00000, 0x0000000705c00000| Untracked 
|  47|0x0000000705e00000, 0x0000000706000000, 0x0000000706000000|100%| O|  |TAMS 0x0000000706000000, 0x0000000705e00000| Untracked 
|  48|0x0000000706000000, 0x0000000706200000, 0x0000000706200000|100%| O|  |TAMS 0x0000000706200000, 0x0000000706000000| Untracked 
|  49|0x0000000706200000, 0x0000000706400000, 0x0000000706400000|100%| O|  |TAMS 0x0000000706400000, 0x0000000706200000| Untracked 
|  50|0x0000000706400000, 0x0000000706600000, 0x0000000706600000|100%| O|  |TAMS 0x0000000706600000, 0x0000000706400000| Untracked 
|  51|0x0000000706600000, 0x000000070678e800, 0x0000000706800000| 77%| O|  |TAMS 0x000000070678e800, 0x0000000706600000| Complete 
|  52|0x0000000706800000, 0x0000000706800000, 0x0000000706a00000|  0%| F|  |TAMS 0x0000000706800000, 0x0000000706800000| Untracked 
|  53|0x0000000706a00000, 0x0000000706a00000, 0x0000000706c00000|  0%| F|  |TAMS 0x0000000706a00000, 0x0000000706a00000| Untracked 
|  54|0x0000000706c00000, 0x0000000706c00000, 0x0000000706e00000|  0%| F|  |TAMS 0x0000000706c00000, 0x0000000706c00000| Untracked 
|  55|0x0000000706e00000, 0x0000000706e00000, 0x0000000707000000|  0%| F|  |TAMS 0x0000000706e00000, 0x0000000706e00000| Untracked 
|  56|0x0000000707000000, 0x0000000707000000, 0x0000000707200000|  0%| F|  |TAMS 0x0000000707000000, 0x0000000707000000| Untracked 
|  57|0x0000000707200000, 0x0000000707200000, 0x0000000707400000|  0%| F|  |TAMS 0x0000000707200000, 0x0000000707200000| Untracked 
|  58|0x0000000707400000, 0x0000000707400000, 0x0000000707600000|  0%| F|  |TAMS 0x0000000707400000, 0x0000000707400000| Untracked 
|  59|0x0000000707600000, 0x0000000707600000, 0x0000000707800000|  0%| F|  |TAMS 0x0000000707600000, 0x0000000707600000| Untracked 
|  60|0x0000000707800000, 0x0000000707800000, 0x0000000707a00000|  0%| F|  |TAMS 0x0000000707800000, 0x0000000707800000| Untracked 
|  61|0x0000000707a00000, 0x0000000707a00000, 0x0000000707c00000|  0%| F|  |TAMS 0x0000000707a00000, 0x0000000707a00000| Untracked 
|  62|0x0000000707c00000, 0x0000000707c00000, 0x0000000707e00000|  0%| F|  |TAMS 0x0000000707c00000, 0x0000000707c00000| Untracked 
|  63|0x0000000707e00000, 0x0000000707e00000, 0x0000000708000000|  0%| F|  |TAMS 0x0000000707e00000, 0x0000000707e00000| Untracked 
|  64|0x0000000708000000, 0x0000000708000000, 0x0000000708200000|  0%| F|  |TAMS 0x0000000708000000, 0x0000000708000000| Untracked 
|  65|0x0000000708200000, 0x000000070821f6b0, 0x0000000708400000|  6%| S|CS|TAMS 0x0000000708200000, 0x0000000708200000| Complete 
|  66|0x0000000708400000, 0x0000000708600000, 0x0000000708600000|100%| S|CS|TAMS 0x0000000708400000, 0x0000000708400000| Complete 
|  67|0x0000000708600000, 0x0000000708800000, 0x0000000708800000|100%| S|CS|TAMS 0x0000000708600000, 0x0000000708600000| Complete 
|  68|0x0000000708800000, 0x0000000708800000, 0x0000000708a00000|  0%| F|  |TAMS 0x0000000708800000, 0x0000000708800000| Untracked 
|  69|0x0000000708a00000, 0x0000000708a00000, 0x0000000708c00000|  0%| F|  |TAMS 0x0000000708a00000, 0x0000000708a00000| Untracked 
|  70|0x0000000708c00000, 0x0000000708c00000, 0x0000000708e00000|  0%| F|  |TAMS 0x0000000708c00000, 0x0000000708c00000| Untracked 
|  71|0x0000000708e00000, 0x0000000708e00000, 0x0000000709000000|  0%| F|  |TAMS 0x0000000708e00000, 0x0000000708e00000| Untracked 
|  72|0x0000000709000000, 0x0000000709000000, 0x0000000709200000|  0%| F|  |TAMS 0x0000000709000000, 0x0000000709000000| Untracked 
|  73|0x0000000709200000, 0x0000000709200000, 0x0000000709400000|  0%| F|  |TAMS 0x0000000709200000, 0x0000000709200000| Untracked 
|  74|0x0000000709400000, 0x0000000709400000, 0x0000000709600000|  0%| F|  |TAMS 0x0000000709400000, 0x0000000709400000| Untracked 
|  75|0x0000000709600000, 0x0000000709600000, 0x0000000709800000|  0%| F|  |TAMS 0x0000000709600000, 0x0000000709600000| Untracked 
|  76|0x0000000709800000, 0x0000000709800000, 0x0000000709a00000|  0%| F|  |TAMS 0x0000000709800000, 0x0000000709800000| Untracked 
|  77|0x0000000709a00000, 0x0000000709a00000, 0x0000000709c00000|  0%| F|  |TAMS 0x0000000709a00000, 0x0000000709a00000| Untracked 
|  78|0x0000000709c00000, 0x0000000709c00000, 0x0000000709e00000|  0%| F|  |TAMS 0x0000000709c00000, 0x0000000709c00000| Untracked 
|  79|0x0000000709e00000, 0x0000000709e00000, 0x000000070a000000|  0%| F|  |TAMS 0x0000000709e00000, 0x0000000709e00000| Untracked 
|  80|0x000000070a000000, 0x000000070a000000, 0x000000070a200000|  0%| F|  |TAMS 0x000000070a000000, 0x000000070a000000| Untracked 
|  81|0x000000070a200000, 0x000000070a200000, 0x000000070a400000|  0%| F|  |TAMS 0x000000070a200000, 0x000000070a200000| Untracked 
|  82|0x000000070a400000, 0x000000070a400000, 0x000000070a600000|  0%| F|  |TAMS 0x000000070a400000, 0x000000070a400000| Untracked 
|  83|0x000000070a600000, 0x000000070a600000, 0x000000070a800000|  0%| F|  |TAMS 0x000000070a600000, 0x000000070a600000| Untracked 
|  84|0x000000070a800000, 0x000000070a800000, 0x000000070aa00000|  0%| F|  |TAMS 0x000000070a800000, 0x000000070a800000| Untracked 
|  85|0x000000070aa00000, 0x000000070aa00000, 0x000000070ac00000|  0%| F|  |TAMS 0x000000070aa00000, 0x000000070aa00000| Untracked 
|  86|0x000000070ac00000, 0x000000070ac00000, 0x000000070ae00000|  0%| F|  |TAMS 0x000000070ac00000, 0x000000070ac00000| Untracked 
|  87|0x000000070ae00000, 0x000000070ae00000, 0x000000070b000000|  0%| F|  |TAMS 0x000000070ae00000, 0x000000070ae00000| Untracked 
|  88|0x000000070b000000, 0x000000070b000000, 0x000000070b200000|  0%| F|  |TAMS 0x000000070b000000, 0x000000070b000000| Untracked 
|  89|0x000000070b200000, 0x000000070b200000, 0x000000070b400000|  0%| F|  |TAMS 0x000000070b200000, 0x000000070b200000| Untracked 
|  90|0x000000070b400000, 0x000000070b400000, 0x000000070b600000|  0%| F|  |TAMS 0x000000070b400000, 0x000000070b400000| Untracked 
|  91|0x000000070b600000, 0x000000070b600000, 0x000000070b800000|  0%| F|  |TAMS 0x000000070b600000, 0x000000070b600000| Untracked 
|  92|0x000000070b800000, 0x000000070b800000, 0x000000070ba00000|  0%| F|  |TAMS 0x000000070b800000, 0x000000070b800000| Untracked 
|  93|0x000000070ba00000, 0x000000070ba00000, 0x000000070bc00000|  0%| F|  |TAMS 0x000000070ba00000, 0x000000070ba00000| Untracked 
|  94|0x000000070bc00000, 0x000000070bc00000, 0x000000070be00000|  0%| F|  |TAMS 0x000000070bc00000, 0x000000070bc00000| Untracked 
|  95|0x000000070be00000, 0x000000070be00000, 0x000000070c000000|  0%| F|  |TAMS 0x000000070be00000, 0x000000070be00000| Untracked 
|  96|0x000000070c000000, 0x000000070c000000, 0x000000070c200000|  0%| F|  |TAMS 0x000000070c000000, 0x000000070c000000| Untracked 
|  97|0x000000070c200000, 0x000000070c200000, 0x000000070c400000|  0%| F|  |TAMS 0x000000070c200000, 0x000000070c200000| Untracked 
|  98|0x000000070c400000, 0x000000070c400000, 0x000000070c600000|  0%| F|  |TAMS 0x000000070c400000, 0x000000070c400000| Untracked 
|  99|0x000000070c600000, 0x000000070c600000, 0x000000070c800000|  0%| F|  |TAMS 0x000000070c600000, 0x000000070c600000| Untracked 
| 100|0x000000070c800000, 0x000000070c800000, 0x000000070ca00000|  0%| F|  |TAMS 0x000000070c800000, 0x000000070c800000| Untracked 
| 101|0x000000070ca00000, 0x000000070ca00000, 0x000000070cc00000|  0%| F|  |TAMS 0x000000070ca00000, 0x000000070ca00000| Untracked 
| 102|0x000000070cc00000, 0x000000070cc00000, 0x000000070ce00000|  0%| F|  |TAMS 0x000000070cc00000, 0x000000070cc00000| Untracked 
| 103|0x000000070ce00000, 0x000000070ce00000, 0x000000070d000000|  0%| F|  |TAMS 0x000000070ce00000, 0x000000070ce00000| Untracked 
| 104|0x000000070d000000, 0x000000070d000000, 0x000000070d200000|  0%| F|  |TAMS 0x000000070d000000, 0x000000070d000000| Untracked 
| 105|0x000000070d200000, 0x000000070d200000, 0x000000070d400000|  0%| F|  |TAMS 0x000000070d200000, 0x000000070d200000| Untracked 
| 106|0x000000070d400000, 0x000000070d400000, 0x000000070d600000|  0%| F|  |TAMS 0x000000070d400000, 0x000000070d400000| Untracked 
| 107|0x000000070d600000, 0x000000070d600000, 0x000000070d800000|  0%| F|  |TAMS 0x000000070d600000, 0x000000070d600000| Untracked 
| 108|0x000000070d800000, 0x000000070d800000, 0x000000070da00000|  0%| F|  |TAMS 0x000000070d800000, 0x000000070d800000| Untracked 
| 109|0x000000070da00000, 0x000000070da00000, 0x000000070dc00000|  0%| F|  |TAMS 0x000000070da00000, 0x000000070da00000| Untracked 
| 110|0x000000070dc00000, 0x000000070dc00000, 0x000000070de00000|  0%| F|  |TAMS 0x000000070dc00000, 0x000000070dc00000| Untracked 
| 111|0x000000070de00000, 0x000000070de00000, 0x000000070e000000|  0%| F|  |TAMS 0x000000070de00000, 0x000000070de00000| Untracked 
| 112|0x000000070e000000, 0x000000070e000000, 0x000000070e200000|  0%| F|  |TAMS 0x000000070e000000, 0x000000070e000000| Untracked 
| 113|0x000000070e200000, 0x000000070e200000, 0x000000070e400000|  0%| F|  |TAMS 0x000000070e200000, 0x000000070e200000| Untracked 
| 114|0x000000070e400000, 0x000000070e400000, 0x000000070e600000|  0%| F|  |TAMS 0x000000070e400000, 0x000000070e400000| Untracked 
| 115|0x000000070e600000, 0x000000070e600000, 0x000000070e800000|  0%| F|  |TAMS 0x000000070e600000, 0x000000070e600000| Untracked 
| 116|0x000000070e800000, 0x000000070e800000, 0x000000070ea00000|  0%| F|  |TAMS 0x000000070e800000, 0x000000070e800000| Untracked 
| 117|0x000000070ea00000, 0x000000070ec00000, 0x000000070ec00000|100%| E|  |TAMS 0x000000070ea00000, 0x000000070ea00000| Complete 
| 118|0x000000070ec00000, 0x000000070ee00000, 0x000000070ee00000|100%| E|CS|TAMS 0x000000070ec00000, 0x000000070ec00000| Complete 
| 119|0x000000070ee00000, 0x000000070f000000, 0x000000070f000000|100%| E|CS|TAMS 0x000000070ee00000, 0x000000070ee00000| Complete 
| 120|0x000000070f000000, 0x000000070f200000, 0x000000070f200000|100%| E|CS|TAMS 0x000000070f000000, 0x000000070f000000| Complete 
| 121|0x000000070f200000, 0x000000070f400000, 0x000000070f400000|100%| E|CS|TAMS 0x000000070f200000, 0x000000070f200000| Complete 
| 122|0x000000070f400000, 0x000000070f600000, 0x000000070f600000|100%| E|CS|TAMS 0x000000070f400000, 0x000000070f400000| Complete 
| 123|0x000000070f600000, 0x000000070f800000, 0x000000070f800000|100%| E|CS|TAMS 0x000000070f600000, 0x000000070f600000| Complete 
| 124|0x000000070f800000, 0x000000070fa00000, 0x000000070fa00000|100%| E|CS|TAMS 0x000000070f800000, 0x000000070f800000| Complete 
| 125|0x000000070fa00000, 0x000000070fc00000, 0x000000070fc00000|100%| E|CS|TAMS 0x000000070fa00000, 0x000000070fa00000| Complete 
| 126|0x000000070fc00000, 0x000000070fe00000, 0x000000070fe00000|100%| E|CS|TAMS 0x000000070fc00000, 0x000000070fc00000| Complete 
| 127|0x000000070fe00000, 0x0000000710000000, 0x0000000710000000|100%| E|CS|TAMS 0x000000070fe00000, 0x000000070fe00000| Complete 
| 128|0x0000000710000000, 0x0000000710200000, 0x0000000710200000|100%| E|  |TAMS 0x0000000710000000, 0x0000000710000000| Complete 
| 129|0x0000000710200000, 0x0000000710400000, 0x0000000710400000|100%| E|CS|TAMS 0x0000000710200000, 0x0000000710200000| Complete 
| 130|0x0000000710400000, 0x0000000710600000, 0x0000000710600000|100%| E|CS|TAMS 0x0000000710400000, 0x0000000710400000| Complete 
| 131|0x0000000710600000, 0x0000000710800000, 0x0000000710800000|100%| E|CS|TAMS 0x0000000710600000, 0x0000000710600000| Complete 
| 132|0x0000000710800000, 0x0000000710a00000, 0x0000000710a00000|100%| E|CS|TAMS 0x0000000710800000, 0x0000000710800000| Complete 
| 133|0x0000000710a00000, 0x0000000710c00000, 0x0000000710c00000|100%| E|CS|TAMS 0x0000000710a00000, 0x0000000710a00000| Complete 
| 134|0x0000000710c00000, 0x0000000710e00000, 0x0000000710e00000|100%| E|CS|TAMS 0x0000000710c00000, 0x0000000710c00000| Complete 
| 135|0x0000000710e00000, 0x0000000711000000, 0x0000000711000000|100%| E|CS|TAMS 0x0000000710e00000, 0x0000000710e00000| Complete 
| 136|0x0000000711000000, 0x0000000711200000, 0x0000000711200000|100%| E|CS|TAMS 0x0000000711000000, 0x0000000711000000| Complete 
| 137|0x0000000711200000, 0x0000000711400000, 0x0000000711400000|100%| E|CS|TAMS 0x0000000711200000, 0x0000000711200000| Complete 
| 138|0x0000000711400000, 0x0000000711600000, 0x0000000711600000|100%| E|CS|TAMS 0x0000000711400000, 0x0000000711400000| Complete 
| 139|0x0000000711600000, 0x0000000711800000, 0x0000000711800000|100%| E|CS|TAMS 0x0000000711600000, 0x0000000711600000| Complete 
| 140|0x0000000711800000, 0x0000000711a00000, 0x0000000711a00000|100%| E|CS|TAMS 0x0000000711800000, 0x0000000711800000| Complete 
| 141|0x0000000711a00000, 0x0000000711c00000, 0x0000000711c00000|100%| E|CS|TAMS 0x0000000711a00000, 0x0000000711a00000| Complete 
| 142|0x0000000711c00000, 0x0000000711e00000, 0x0000000711e00000|100%| E|CS|TAMS 0x0000000711c00000, 0x0000000711c00000| Complete 
| 143|0x0000000711e00000, 0x0000000712000000, 0x0000000712000000|100%| E|CS|TAMS 0x0000000711e00000, 0x0000000711e00000| Complete 
| 144|0x0000000712000000, 0x0000000712200000, 0x0000000712200000|100%| E|CS|TAMS 0x0000000712000000, 0x0000000712000000| Complete 
| 145|0x0000000712200000, 0x0000000712400000, 0x0000000712400000|100%| E|CS|TAMS 0x0000000712200000, 0x0000000712200000| Complete 
| 146|0x0000000712400000, 0x0000000712600000, 0x0000000712600000|100%| E|CS|TAMS 0x0000000712400000, 0x0000000712400000| Complete 
| 147|0x0000000712600000, 0x0000000712800000, 0x0000000712800000|100%| E|CS|TAMS 0x0000000712600000, 0x0000000712600000| Complete 
| 148|0x0000000712800000, 0x0000000712a00000, 0x0000000712a00000|100%| E|CS|TAMS 0x0000000712800000, 0x0000000712800000| Complete 
| 149|0x0000000712a00000, 0x0000000712c00000, 0x0000000712c00000|100%| E|CS|TAMS 0x0000000712a00000, 0x0000000712a00000| Complete 
| 150|0x0000000712c00000, 0x0000000712e00000, 0x0000000712e00000|100%| E|CS|TAMS 0x0000000712c00000, 0x0000000712c00000| Complete 
| 151|0x0000000712e00000, 0x0000000713000000, 0x0000000713000000|100%| E|CS|TAMS 0x0000000712e00000, 0x0000000712e00000| Complete 
| 152|0x0000000713000000, 0x0000000713200000, 0x0000000713200000|100%| E|CS|TAMS 0x0000000713000000, 0x0000000713000000| Complete 
| 153|0x0000000713200000, 0x0000000713400000, 0x0000000713400000|100%| E|CS|TAMS 0x0000000713200000, 0x0000000713200000| Complete 
| 154|0x0000000713400000, 0x0000000713600000, 0x0000000713600000|100%| E|CS|TAMS 0x0000000713400000, 0x0000000713400000| Complete 
| 155|0x0000000713600000, 0x0000000713800000, 0x0000000713800000|100%| E|CS|TAMS 0x0000000713600000, 0x0000000713600000| Complete 
| 156|0x0000000713800000, 0x0000000713a00000, 0x0000000713a00000|100%| E|CS|TAMS 0x0000000713800000, 0x0000000713800000| Complete 
| 157|0x0000000713a00000, 0x0000000713c00000, 0x0000000713c00000|100%| E|CS|TAMS 0x0000000713a00000, 0x0000000713a00000| Complete 
| 158|0x0000000713c00000, 0x0000000713e00000, 0x0000000713e00000|100%| E|CS|TAMS 0x0000000713c00000, 0x0000000713c00000| Complete 
| 159|0x0000000713e00000, 0x0000000714000000, 0x0000000714000000|100%| E|CS|TAMS 0x0000000713e00000, 0x0000000713e00000| Complete 
| 160|0x0000000714000000, 0x0000000714200000, 0x0000000714200000|100%| E|CS|TAMS 0x0000000714000000, 0x0000000714000000| Complete 
| 161|0x0000000714200000, 0x0000000714400000, 0x0000000714400000|100%| E|CS|TAMS 0x0000000714200000, 0x0000000714200000| Complete 
| 162|0x0000000714400000, 0x0000000714600000, 0x0000000714600000|100%| E|CS|TAMS 0x0000000714400000, 0x0000000714400000| Complete 
| 163|0x0000000714600000, 0x0000000714800000, 0x0000000714800000|100%| E|CS|TAMS 0x0000000714600000, 0x0000000714600000| Complete 
| 164|0x0000000714800000, 0x0000000714a00000, 0x0000000714a00000|100%| E|CS|TAMS 0x0000000714800000, 0x0000000714800000| Complete 
| 165|0x0000000714a00000, 0x0000000714c00000, 0x0000000714c00000|100%| E|CS|TAMS 0x0000000714a00000, 0x0000000714a00000| Complete 
| 166|0x0000000714c00000, 0x0000000714e00000, 0x0000000714e00000|100%| E|CS|TAMS 0x0000000714c00000, 0x0000000714c00000| Complete 
| 167|0x0000000714e00000, 0x0000000715000000, 0x0000000715000000|100%| E|CS|TAMS 0x0000000714e00000, 0x0000000714e00000| Complete 
| 168|0x0000000715000000, 0x0000000715200000, 0x0000000715200000|100%| E|CS|TAMS 0x0000000715000000, 0x0000000715000000| Complete 
| 169|0x0000000715200000, 0x0000000715400000, 0x0000000715400000|100%| E|CS|TAMS 0x0000000715200000, 0x0000000715200000| Complete 
| 170|0x0000000715400000, 0x0000000715600000, 0x0000000715600000|100%| E|CS|TAMS 0x0000000715400000, 0x0000000715400000| Complete 
| 171|0x0000000715600000, 0x0000000715800000, 0x0000000715800000|100%| E|CS|TAMS 0x0000000715600000, 0x0000000715600000| Complete 
| 172|0x0000000715800000, 0x0000000715a00000, 0x0000000715a00000|100%| E|CS|TAMS 0x0000000715800000, 0x0000000715800000| Complete 
| 173|0x0000000715a00000, 0x0000000715c00000, 0x0000000715c00000|100%| E|CS|TAMS 0x0000000715a00000, 0x0000000715a00000| Complete 
| 174|0x0000000715c00000, 0x0000000715e00000, 0x0000000715e00000|100%| E|CS|TAMS 0x0000000715c00000, 0x0000000715c00000| Complete 
| 175|0x0000000715e00000, 0x0000000716000000, 0x0000000716000000|100%| E|CS|TAMS 0x0000000715e00000, 0x0000000715e00000| Complete 
| 176|0x0000000716000000, 0x0000000716200000, 0x0000000716200000|100%| E|CS|TAMS 0x0000000716000000, 0x0000000716000000| Complete 
| 177|0x0000000716200000, 0x0000000716400000, 0x0000000716400000|100%| E|CS|TAMS 0x0000000716200000, 0x0000000716200000| Complete 
| 178|0x0000000716400000, 0x0000000716600000, 0x0000000716600000|100%| E|CS|TAMS 0x0000000716400000, 0x0000000716400000| Complete 
| 179|0x0000000716600000, 0x0000000716800000, 0x0000000716800000|100%| E|CS|TAMS 0x0000000716600000, 0x0000000716600000| Complete 
| 180|0x0000000716800000, 0x0000000716a00000, 0x0000000716a00000|100%| E|CS|TAMS 0x0000000716800000, 0x0000000716800000| Complete 
| 181|0x0000000716a00000, 0x0000000716c00000, 0x0000000716c00000|100%| E|CS|TAMS 0x0000000716a00000, 0x0000000716a00000| Complete 
| 182|0x0000000716c00000, 0x0000000716e00000, 0x0000000716e00000|100%| E|CS|TAMS 0x0000000716c00000, 0x0000000716c00000| Complete 
| 222|0x000000071bc00000, 0x000000071be00000, 0x000000071be00000|100%| E|CS|TAMS 0x000000071bc00000, 0x000000071bc00000| Complete 

Card table byte_map: [0x0000023a55000000,0x0000023a55800000] _byte_map_base: 0x0000023a51800000

Marking Bits (Prev, Next): (CMBitMap*) 0x0000023a418f8560, (CMBitMap*) 0x0000023a418f85a0
 Prev Bits: [0x0000023a56000000, 0x0000023a5a000000)
 Next Bits: [0x0000023a5a000000, 0x0000023a5e000000)

Polling page: 0x0000023a41050000

Metaspace:

Usage:
  Non-class:     89.48 MB used.
      Class:     13.83 MB used.
       Both:    103.31 MB used.

Virtual space:
  Non-class space:      128.00 MB reserved,      89.88 MB ( 70%) committed,  2 nodes.
      Class space:        1.00 GB reserved,      14.19 MB (  1%) committed,  1 nodes.
             Both:        1.12 GB reserved,     104.06 MB (  9%) committed. 

Chunk freelists:
   Non-Class:  5.98 MB
       Class:  1.66 MB
        Both:  7.65 MB

MaxMetaspaceSize: unlimited
CompressedClassSpaceSize: 1.00 GB
Initial GC threshold: 21.00 MB
Current GC threshold: 162.75 MB
CDS: off
MetaspaceReclaimPolicy: balanced
 - commit_granule_bytes: 65536.
 - commit_granule_words: 8192.
 - virtual_space_node_default_size: 8388608.
 - enlarge_chunks_in_place: 1.
 - new_chunks_are_fully_committed: 0.
 - uncommit_free_chunks: 1.
 - use_allocation_guard: 0.
 - handle_deallocations: 1.


Internal statistics:

num_allocs_failed_limit: 6.
num_arena_births: 1074.
num_arena_deaths: 36.
num_vsnodes_births: 3.
num_vsnodes_deaths: 0.
num_space_committed: 1665.
num_space_uncommitted: 0.
num_chunks_returned_to_freelist: 57.
num_chunks_taken_from_freelist: 5130.
num_chunk_merges: 30.
num_chunk_splits: 3320.
num_chunks_enlarged: 2162.
num_inconsistent_stats: 0.

CodeHeap 'non-profiled nmethods': size=119168Kb used=7548Kb max_used=8307Kb free=111619Kb
 bounds [0x0000023a4c900000, 0x0000023a4d120000, 0x0000023a53d60000]
CodeHeap 'profiled nmethods': size=119104Kb used=23778Kb max_used=25561Kb free=95326Kb
 bounds [0x0000023a44d60000, 0x0000023a46660000, 0x0000023a4c1b0000]
CodeHeap 'non-nmethods': size=7488Kb used=4101Kb max_used=4178Kb free=3386Kb
 bounds [0x0000023a4c1b0000, 0x0000023a4c5e0000, 0x0000023a4c900000]
 total_blobs=13064 nmethods=12113 adapters=860
 compilation: enabled
              stopped_count=0, restarted_count=0
 full_count=0

Compilation events (20 events):
Event: 16.217 Thread 0x0000023a6c2e6320 nmethod 14446 0x0000023a4507d790 code [0x0000023a4507d920, 0x0000023a4507da18]
Event: 16.217 Thread 0x0000023a6c2eaa00 14432       3       org.gradle.internal.component.external.model.maven.DefaultMutableMavenModuleResolveMetadata::<init> (38 bytes)
Event: 16.217 Thread 0x0000023a6c2e6320 14433       3       org.gradle.internal.component.external.model.AbstractMutableModuleComponentResolveMetadata::<init> (77 bytes)
Event: 16.217 Thread 0x0000023a6c2e8ba0 nmethod 14439 0x0000023a45438a90 code [0x0000023a45438d80, 0x0000023a45439db8]
Event: 16.217 Thread 0x0000023a613fc040 nmethod 14428 0x0000023a44e6ca90 code [0x0000023a44e6cca0, 0x0000023a44e6d328]
Event: 16.217 Thread 0x0000023a6c2eaa00 nmethod 14432 0x0000023a45053410 code [0x0000023a450535e0, 0x0000023a45053938]
Event: 16.217 Thread 0x0000023a613fc040 14447       3       org.gradle.api.internal.artifacts.ivyservice.resolveengine.graph.builder.DefaultPendingDependenciesVisitor::complete (49 bytes)
Event: 16.217 Thread 0x0000023a6c2eaa00 14434       3       org.gradle.internal.component.external.model.AbstractMutableModuleComponentResolveMetadata::defaultAttributes (20 bytes)
Event: 16.218 Thread 0x0000023a6c2e8ba0 14435       3       org.gradle.api.internal.artifacts.repositories.metadata.DefaultMavenImmutableAttributesFactory::mutable (10 bytes)
Event: 16.218 Thread 0x0000023a6c2e8ba0 nmethod 14435 0x0000023a454c8890 code [0x0000023a454c8a40, 0x0000023a454c8c28]
Event: 16.218 Thread 0x0000023a6c2eaa00 nmethod 14434 0x0000023a45271810 code [0x0000023a452719e0, 0x0000023a45271d78]
Event: 16.218 Thread 0x0000023a6c2e8ba0 14436       3       org.gradle.api.internal.artifacts.ivyservice.modulecache.ModuleMetadataSerializer$Reader::readSharedInfo (88 bytes)
Event: 16.218 Thread 0x0000023a6c2eaa00 14440       3       org.gradle.internal.component.model.MutableModuleSources::of (45 bytes)
Event: 16.218 Thread 0x0000023a613fc040 nmethod 14447 0x0000023a4590c390 code [0x0000023a4590c580, 0x0000023a4590cb38]
Event: 16.218 Thread 0x0000023a6c2e6320 nmethod 14433 0x0000023a44e6aa90 code [0x0000023a44e6ad00, 0x0000023a44e6bbd8]
Event: 16.219 Thread 0x0000023a6c2eaa00 nmethod 14440 0x0000023a451fbe90 code [0x0000023a451fc080, 0x0000023a451fc738]
Event: 16.219 Thread 0x0000023a6c2e8ba0 nmethod 14436 0x0000023a4611b190 code [0x0000023a4611b3e0, 0x0000023a4611c0d8]
Event: 16.220 Thread 0x0000023a6c2e8690 nmethod 14390 0x0000023a4cb95190 code [0x0000023a4cb95340, 0x0000023a4cb959f0]
Event: 16.220 Thread 0x0000023a6c2e8690 14391       4       org.gradle.cache.internal.btree.BTreePersistentIndexedCache$IndexBlock::find (140 bytes)
Event: 16.222 Thread 0x0000023a6c2e8ba0 14448       3       org.gradle.internal.component.external.model.maven.DefaultMavenModuleResolveMetadata::<init> (62 bytes)

GC Heap History (20 events):
Event: 7.730 GC heap before
{Heap before GC invocations=37 (full 0):
 garbage-first heap   total 141312K, used 107029K [0x0000000700000000, 0x0000000800000000)
  region size 2048K, 17 young (34816K), 3 survivors (6144K)
 Metaspace       used 87238K, committed 87808K, reserved 1179648K
  class space    used 11767K, committed 12032K, reserved 1048576K
}
Event: 7.733 GC heap after
{Heap after GC invocations=38 (full 0):
 garbage-first heap   total 141312K, used 83030K [0x0000000700000000, 0x0000000800000000)
  region size 2048K, 3 young (6144K), 3 survivors (6144K)
 Metaspace       used 87238K, committed 87808K, reserved 1179648K
  class space    used 11767K, committed 12032K, reserved 1048576K
}
Event: 7.960 GC heap before
{Heap before GC invocations=38 (full 0):
 garbage-first heap   total 141312K, used 113750K [0x0000000700000000, 0x0000000800000000)
  region size 2048K, 18 young (36864K), 3 survivors (6144K)
 Metaspace       used 87732K, committed 88320K, reserved 1179648K
  class space    used 11804K, committed 12096K, reserved 1048576K
}
Event: 7.963 GC heap after
{Heap after GC invocations=39 (full 0):
 garbage-first heap   total 169984K, used 89963K [0x0000000700000000, 0x0000000800000000)
  region size 2048K, 3 young (6144K), 3 survivors (6144K)
 Metaspace       used 87732K, committed 88320K, reserved 1179648K
  class space    used 11804K, committed 12096K, reserved 1048576K
}
Event: 8.434 GC heap before
{Heap before GC invocations=40 (full 0):
 garbage-first heap   total 169984K, used 132971K [0x0000000700000000, 0x0000000800000000)
  region size 2048K, 24 young (49152K), 3 survivors (6144K)
 Metaspace       used 91149K, committed 91712K, reserved 1179648K
  class space    used 12279K, committed 12544K, reserved 1048576K
}
Event: 8.437 GC heap after
{Heap after GC invocations=41 (full 0):
 garbage-first heap   total 169984K, used 94208K [0x0000000700000000, 0x0000000800000000)
  region size 2048K, 2 young (4096K), 2 survivors (4096K)
 Metaspace       used 91149K, committed 91712K, reserved 1179648K
  class space    used 12279K, committed 12544K, reserved 1048576K
}
Event: 8.554 GC heap before
{Heap before GC invocations=41 (full 0):
 garbage-first heap   total 169984K, used 133120K [0x0000000700000000, 0x0000000800000000)
  region size 2048K, 22 young (45056K), 2 survivors (4096K)
 Metaspace       used 91938K, committed 92544K, reserved 1179648K
  class space    used 12513K, committed 12800K, reserved 1048576K
}
Event: 8.557 GC heap after
{Heap after GC invocations=42 (full 0):
 garbage-first heap   total 169984K, used 96906K [0x0000000700000000, 0x0000000800000000)
  region size 2048K, 2 young (4096K), 2 survivors (4096K)
 Metaspace       used 91938K, committed 92544K, reserved 1179648K
  class space    used 12513K, committed 12800K, reserved 1048576K
}
Event: 8.730 GC heap before
{Heap before GC invocations=43 (full 0):
 garbage-first heap   total 194560K, used 133770K [0x0000000700000000, 0x0000000800000000)
  region size 2048K, 21 young (43008K), 2 survivors (4096K)
 Metaspace       used 92126K, committed 92736K, reserved 1179648K
  class space    used 12522K, committed 12800K, reserved 1048576K
}
Event: 8.733 GC heap after
{Heap after GC invocations=44 (full 0):
 garbage-first heap   total 194560K, used 99174K [0x0000000700000000, 0x0000000800000000)
  region size 2048K, 3 young (6144K), 3 survivors (6144K)
 Metaspace       used 92126K, committed 92736K, reserved 1179648K
  class space    used 12522K, committed 12800K, reserved 1048576K
}
Event: 8.738 GC heap before
{Heap before GC invocations=44 (full 0):
 garbage-first heap   total 194560K, used 101222K [0x0000000700000000, 0x0000000800000000)
  region size 2048K, 4 young (8192K), 3 survivors (6144K)
 Metaspace       used 92136K, committed 92800K, reserved 1179648K
  class space    used 12522K, committed 12800K, reserved 1048576K
}
Event: 8.740 GC heap after
{Heap after GC invocations=45 (full 0):
 garbage-first heap   total 194560K, used 98451K [0x0000000700000000, 0x0000000800000000)
  region size 2048K, 1 young (2048K), 1 survivors (2048K)
 Metaspace       used 92136K, committed 92800K, reserved 1179648K
  class space    used 12522K, committed 12800K, reserved 1048576K
}
Event: 8.979 GC heap before
{Heap before GC invocations=45 (full 0):
 garbage-first heap   total 194560K, used 153747K [0x0000000700000000, 0x0000000800000000)
  region size 2048K, 29 young (59392K), 1 survivors (2048K)
 Metaspace       used 92560K, committed 93184K, reserved 1179648K
  class space    used 12554K, committed 12864K, reserved 1048576K
}
Event: 8.982 GC heap after
{Heap after GC invocations=46 (full 0):
 garbage-first heap   total 194560K, used 101395K [0x0000000700000000, 0x0000000800000000)
  region size 2048K, 2 young (4096K), 2 survivors (4096K)
 Metaspace       used 92560K, committed 93184K, reserved 1179648K
  class space    used 12554K, committed 12864K, reserved 1048576K
}
Event: 9.268 GC heap before
{Heap before GC invocations=47 (full 0):
 garbage-first heap   total 198656K, used 156691K [0x0000000700000000, 0x0000000800000000)
  region size 2048K, 30 young (61440K), 2 survivors (4096K)
 Metaspace       used 93146K, committed 93760K, reserved 1179648K
  class space    used 12619K, committed 12928K, reserved 1048576K
}
Event: 9.271 GC heap after
{Heap after GC invocations=48 (full 0):
 garbage-first heap   total 198656K, used 105063K [0x0000000700000000, 0x0000000800000000)
  region size 2048K, 4 young (8192K), 4 survivors (8192K)
 Metaspace       used 93146K, committed 93760K, reserved 1179648K
  class space    used 12619K, committed 12928K, reserved 1048576K
}
Event: 9.276 GC heap before
{Heap before GC invocations=48 (full 0):
 garbage-first heap   total 198656K, used 107111K [0x0000000700000000, 0x0000000800000000)
  region size 2048K, 5 young (10240K), 4 survivors (8192K)
 Metaspace       used 93153K, committed 93760K, reserved 1179648K
  class space    used 12619K, committed 12928K, reserved 1048576K
}
Event: 9.279 GC heap after
{Heap after GC invocations=49 (full 0):
 garbage-first heap   total 198656K, used 105199K [0x0000000700000000, 0x0000000800000000)
  region size 2048K, 1 young (2048K), 1 survivors (2048K)
 Metaspace       used 93153K, committed 93760K, reserved 1179648K
  class space    used 12619K, committed 12928K, reserved 1048576K
}
Event: 10.128 GC heap before
{Heap before GC invocations=49 (full 0):
 garbage-first heap   total 198656K, used 162543K [0x0000000700000000, 0x0000000800000000)
  region size 2048K, 29 young (59392K), 1 survivors (2048K)
 Metaspace       used 99364K, committed 99968K, reserved 1179648K
  class space    used 13431K, committed 13696K, reserved 1048576K
}
Event: 10.132 GC heap after
{Heap after GC invocations=50 (full 0):
 garbage-first heap   total 456704K, used 108215K [0x0000000700000000, 0x0000000800000000)
  region size 2048K, 3 young (6144K), 3 survivors (6144K)
 Metaspace       used 99364K, committed 99968K, reserved 1179648K
  class space    used 13431K, committed 13696K, reserved 1048576K
}

Dll operation events (2 events):
Event: 0.004 Loaded shared library C:\Program Files\Android\Android Studio\jbr\bin\java.dll
Event: 0.239 Loaded shared library C:\Program Files\Android\Android Studio\jbr\bin\verify.dll

Deoptimization events (20 events):
Event: 16.156 Thread 0x0000023a679d4620 DEOPT PACKING pc=0x0000023a4ce0e284 sp=0x00000059af3fa6e0
Event: 16.156 Thread 0x0000023a679d4620 DEOPT UNPACKING pc=0x0000023a4c2069a3 sp=0x00000059af3fa6a8 mode 2
Event: 16.158 Thread 0x0000023a679d4620 Uncommon trap: trap_request=0xffffff45 fr.pc=0x0000023a4cf1f8c4 relative=0x00000000000000c4
Event: 16.158 Thread 0x0000023a679d4620 Uncommon trap: reason=unstable_if action=reinterpret pc=0x0000023a4cf1f8c4 method=jdk.internal.misc.Unsafe.convEndian(ZJ)J @ 4 c2
Event: 16.158 Thread 0x0000023a679d4620 DEOPT PACKING pc=0x0000023a4cf1f8c4 sp=0x00000059af3f9c80
Event: 16.158 Thread 0x0000023a679d4620 DEOPT UNPACKING pc=0x0000023a4c2069a3 sp=0x00000059af3f99d8 mode 2
Event: 16.182 Thread 0x0000023a679d4620 DEOPT PACKING pc=0x0000023a456c43f9 sp=0x00000059af3f82a0
Event: 16.182 Thread 0x0000023a679d4620 DEOPT UNPACKING pc=0x0000023a4c207143 sp=0x00000059af3f7798 mode 0
Event: 16.193 Thread 0x0000023a679d4620 DEOPT PACKING pc=0x0000023a465aa5c9 sp=0x00000059af3f7fd0
Event: 16.193 Thread 0x0000023a679d4620 DEOPT UNPACKING pc=0x0000023a4c207143 sp=0x00000059af3f7470 mode 0
Event: 16.216 Thread 0x0000023a679d4620 DEOPT PACKING pc=0x0000023a465aa5c9 sp=0x00000059af3f7f80
Event: 16.216 Thread 0x0000023a679d4620 DEOPT UNPACKING pc=0x0000023a4c207143 sp=0x00000059af3f7420 mode 0
Event: 16.221 Thread 0x0000023a679d4620 Uncommon trap: trap_request=0xffffffc6 fr.pc=0x0000023a4cf5d71c relative=0x000000000000089c
Event: 16.221 Thread 0x0000023a679d4620 Uncommon trap: reason=bimorphic_or_optimized_type_check action=maybe_recompile pc=0x0000023a4cf5d71c method=java.util.Collections.indexedBinarySearch(Ljava/util/List;Ljava/lang/Object;Ljava/util/Comparator;)I @ 3 c2
Event: 16.221 Thread 0x0000023a679d4620 DEOPT PACKING pc=0x0000023a4cf5d71c sp=0x00000059af3f89e0
Event: 16.221 Thread 0x0000023a679d4620 DEOPT UNPACKING pc=0x0000023a4c2069a3 sp=0x00000059af3f8928 mode 2
Event: 16.221 Thread 0x0000023a679d4620 Uncommon trap: trap_request=0xffffffc6 fr.pc=0x0000023a4cf5d71c relative=0x000000000000089c
Event: 16.221 Thread 0x0000023a679d4620 Uncommon trap: reason=bimorphic_or_optimized_type_check action=maybe_recompile pc=0x0000023a4cf5d71c method=java.util.Collections.indexedBinarySearch(Ljava/util/List;Ljava/lang/Object;Ljava/util/Comparator;)I @ 3 c2
Event: 16.221 Thread 0x0000023a679d4620 DEOPT PACKING pc=0x0000023a4cf5d71c sp=0x00000059af3f89e0
Event: 16.221 Thread 0x0000023a679d4620 DEOPT UNPACKING pc=0x0000023a4c2069a3 sp=0x00000059af3f8928 mode 2

Classes unloaded (18 events):
Event: 9.037 Thread 0x0000023a612c28d0 Unloading class 0x0000000800c68800 'java/lang/invoke/LambdaForm$DMH+0x0000000800c68800'
Event: 9.037 Thread 0x0000023a612c28d0 Unloading class 0x0000000800c68400 'java/lang/invoke/LambdaForm$DMH+0x0000000800c68400'
Event: 9.037 Thread 0x0000023a612c28d0 Unloading class 0x0000000800c67c00 'java/lang/invoke/LambdaForm$DMH+0x0000000800c67c00'
Event: 9.037 Thread 0x0000023a612c28d0 Unloading class 0x0000000800c68000 'java/lang/invoke/LambdaForm$DMH+0x0000000800c68000'
Event: 9.037 Thread 0x0000023a612c28d0 Unloading class 0x0000000800c67800 'java/lang/invoke/LambdaForm$DMH+0x0000000800c67800'
Event: 9.037 Thread 0x0000023a612c28d0 Unloading class 0x0000000800c67400 'java/lang/invoke/LambdaForm$DMH+0x0000000800c67400'
Event: 9.037 Thread 0x0000023a612c28d0 Unloading class 0x0000000800c67000 'java/lang/invoke/LambdaForm$DMH+0x0000000800c67000'
Event: 9.037 Thread 0x0000023a612c28d0 Unloading class 0x0000000800c66c00 'java/lang/invoke/LambdaForm$DMH+0x0000000800c66c00'
Event: 9.037 Thread 0x0000023a612c28d0 Unloading class 0x0000000800c66000 'java/lang/invoke/LambdaForm$DMH+0x0000000800c66000'
Event: 9.037 Thread 0x0000023a612c28d0 Unloading class 0x0000000800c66400 'java/lang/invoke/LambdaForm$DMH+0x0000000800c66400'
Event: 9.037 Thread 0x0000023a612c28d0 Unloading class 0x0000000800c66800 'java/lang/invoke/LambdaForm$DMH+0x0000000800c66800'
Event: 9.037 Thread 0x0000023a612c28d0 Unloading class 0x0000000800c65800 'java/lang/invoke/LambdaForm$DMH+0x0000000800c65800'
Event: 9.037 Thread 0x0000023a612c28d0 Unloading class 0x0000000800c65c00 'java/lang/invoke/LambdaForm$DMH+0x0000000800c65c00'
Event: 9.037 Thread 0x0000023a612c28d0 Unloading class 0x0000000800c65400 'java/lang/invoke/LambdaForm$DMH+0x0000000800c65400'
Event: 9.037 Thread 0x0000023a612c28d0 Unloading class 0x0000000800c65000 'java/lang/invoke/LambdaForm$DMH+0x0000000800c65000'
Event: 9.037 Thread 0x0000023a612c28d0 Unloading class 0x0000000800c64c00 'java/lang/invoke/LambdaForm$DMH+0x0000000800c64c00'
Event: 9.037 Thread 0x0000023a612c28d0 Unloading class 0x0000000800c64800 'java/lang/invoke/LambdaForm$DMH+0x0000000800c64800'
Event: 9.037 Thread 0x0000023a612c28d0 Unloading class 0x0000000800c64000 'java/lang/invoke/LambdaForm$DMH+0x0000000800c64000'

Classes redefined (0 events):
No events

Internal exceptions (20 events):
Event: 10.675 Thread 0x0000023a6ea89750 Implicit null exception at 0x0000023a4cbe4e83 to 0x0000023a4cbe506c
Event: 10.675 Thread 0x0000023a6ea89750 Implicit null exception at 0x0000023a4d0d2bd8 to 0x0000023a4d0d5a60
Event: 10.704 Thread 0x0000023a679d4fc0 Exception <a 'java/lang/NoSuchMethodError'{0x0000000710f194f0}: static Lorg/gradle/internal/build/event/types/DefaultTaskFailureResult;.<clinit>()V> (0x0000000710f194f0) 
thrown [s\src\hotspot\share\prims\jni.cpp, line 1108]
Event: 10.708 Thread 0x0000023a679d4fc0 Exception <a 'java/lang/NoSuchMethodError'{0x0000000710f3b9e0}: static [Ljava/lang/Object;.<clinit>()V> (0x0000000710f3b9e0) 
thrown [s\src\hotspot\share\prims\jni.cpp, line 1108]
Event: 10.711 Thread 0x0000023a679d4fc0 Exception <a 'java/lang/NoSuchMethodError'{0x0000000710f51248}: static Lorg/gradle/internal/build/event/types/DefaultFailure;.<clinit>()V> (0x0000000710f51248) 
thrown [s\src\hotspot\share\prims\jni.cpp, line 1108]
Event: 10.728 Thread 0x0000023a6ea88db0 Implicit null exception at 0x0000023a4d08a033 to 0x0000023a4d08aaa0
Event: 10.728 Thread 0x0000023a6ea88db0 Exception <a 'sun/nio/fs/WindowsException'{0x0000000710c00fa8}> (0x0000000710c00fa8) 
thrown [s\src\hotspot\share\prims\jni.cpp, line 517]
Event: 10.737 Thread 0x0000023a679d4620 Exception <a 'sun/nio/fs/WindowsException'{0x0000000710c66038}> (0x0000000710c66038) 
thrown [s\src\hotspot\share\prims\jni.cpp, line 517]
Event: 10.737 Thread 0x0000023a679d4620 Exception <a 'sun/nio/fs/WindowsException'{0x0000000710c663f8}> (0x0000000710c663f8) 
thrown [s\src\hotspot\share\prims\jni.cpp, line 517]
Event: 10.737 Thread 0x0000023a679d4620 Exception <a 'sun/nio/fs/WindowsException'{0x0000000710c67da0}> (0x0000000710c67da0) 
thrown [s\src\hotspot\share\prims\jni.cpp, line 517]
Event: 10.865 Thread 0x0000023a679d4620 Implicit null exception at 0x0000023a4d0c460f to 0x0000023a4d0c4660
Event: 10.974 Thread 0x0000023a679d4620 Implicit null exception at 0x0000023a4d0f1c2f to 0x0000023a4d0f1f40
Event: 10.990 Thread 0x0000023a3f74e000 Implicit null exception at 0x0000023a4d10546f to 0x0000023a4d108680
Event: 10.997 Thread 0x0000023a679d67d0 Exception <a 'java/lang/NoSuchMethodError'{0x000000070fbae050}: static Lorg/gradle/tooling/internal/provider/serialization/ClassLoaderDetails;.<clinit>()V> (0x000000070fbae050) 
thrown [s\src\hotspot\share\prims\jni.cpp, line 1108]
Event: 10.999 Thread 0x0000023a679d67d0 Exception <a 'java/lang/NoSuchMethodError'{0x000000070fbbfac8}: static Lorg/gradle/tooling/internal/provider/serialization/WellKnownClassLoaderRegistry$KnownClassLoaderSpec;.<clinit>()V> (0x000000070fbbfac8) 
thrown [s\src\hotspot\share\prims\jni.cpp, line 1108]
Event: 10.999 Thread 0x0000023a679d67d0 Exception <a 'java/lang/NoSuchMethodError'{0x000000070fbc1140}: static Lorg/gradle/internal/classloader/ClassLoaderSpec;.<clinit>()V> (0x000000070fbc1140) 
thrown [s\src\hotspot\share\prims\jni.cpp, line 1108]
Event: 11.003 Thread 0x0000023a679d67d0 Exception <a 'java/lang/NoSuchMethodError'{0x000000070fbd2dd0}: static Lorg/gradle/internal/classloader/ClassLoaderSpec;.<clinit>()V> (0x000000070fbd2dd0) 
thrown [s\src\hotspot\share\prims\jni.cpp, line 1108]
Event: 11.006 Thread 0x0000023a679d67d0 Exception <a 'java/lang/NoSuchMethodError'{0x000000070fbde918}: static Lorg/gradle/internal/classloader/VisitableURLClassLoader$Spec;.<clinit>()V> (0x000000070fbde918) 
thrown [s\src\hotspot\share\prims\jni.cpp, line 1108]
Event: 11.010 Thread 0x0000023a679d67d0 Exception <a 'java/lang/NoSuchMethodError'{0x000000070fbf3028}: static [Ljava/net/URL;.<clinit>()V> (0x000000070fbf3028) 
thrown [s\src\hotspot\share\prims\jni.cpp, line 1108]
Event: 16.125 Thread 0x0000023a679d4620 Implicit null exception at 0x0000023a4cfc146e to 0x0000023a4cfc1aa8

VM Operations (20 events):
Event: 11.042 Executing VM operation: HandshakeAllThreads
Event: 11.043 Executing VM operation: HandshakeAllThreads done
Event: 11.043 Executing VM operation: HandshakeAllThreads
Event: 11.043 Executing VM operation: HandshakeAllThreads done
Event: 11.044 Executing VM operation: HandshakeAllThreads
Event: 11.044 Executing VM operation: HandshakeAllThreads done
Event: 11.058 Executing VM operation: ICBufferFull
Event: 11.059 Executing VM operation: ICBufferFull done
Event: 11.070 Executing VM operation: HandshakeAllThreads
Event: 11.070 Executing VM operation: HandshakeAllThreads done
Event: 11.071 Executing VM operation: HandshakeAllThreads
Event: 11.071 Executing VM operation: HandshakeAllThreads done
Event: 12.084 Executing VM operation: Cleanup
Event: 12.084 Executing VM operation: Cleanup done
Event: 14.095 Executing VM operation: Cleanup
Event: 14.095 Executing VM operation: Cleanup done
Event: 15.108 Executing VM operation: Cleanup
Event: 15.108 Executing VM operation: Cleanup done
Event: 15.840 Executing VM operation: HandshakeAllThreads
Event: 15.840 Executing VM operation: HandshakeAllThreads done

Events (20 events):
Event: 16.117 Thread 0x0000023a6ee93230 Thread added: 0x0000023a6ee93230
Event: 16.119 Thread 0x0000023a6ee93bd0 Thread added: 0x0000023a6ee93bd0
Event: 16.120 Thread 0x0000023a6157e050 Thread exited: 0x0000023a6157e050
Event: 16.123 Thread 0x0000023a6ee8c850 Thread added: 0x0000023a6ee8c850
Event: 16.123 Thread 0x0000023a6ee91ef0 Thread added: 0x0000023a6ee91ef0
Event: 16.124 Thread 0x0000023a6ee8fd40 Thread added: 0x0000023a6ee8fd40
Event: 16.128 Thread 0x0000023a6c2ea4f0 Thread added: 0x0000023a6c2ea4f0
Event: 16.129 Thread 0x0000023a6c2e7760 Thread added: 0x0000023a6c2e7760
Event: 16.131 Thread 0x0000023a6c2e9fe0 Thread added: 0x0000023a6c2e9fe0
Event: 16.131 Thread 0x0000023a6c2e8690 Thread added: 0x0000023a6c2e8690
Event: 16.131 Thread 0x0000023a6c2ed280 Thread added: 0x0000023a6c2ed280
Event: 16.135 Thread 0x0000023a6ee94570 Thread added: 0x0000023a6ee94570
Event: 16.137 Thread 0x0000023a6ee90bb0 Thread added: 0x0000023a6ee90bb0
Event: 16.141 Thread 0x0000023a6ee92d60 Thread added: 0x0000023a6ee92d60
Event: 16.143 Thread 0x0000023a6ee91080 Thread added: 0x0000023a6ee91080
Event: 16.159 Thread 0x0000023a6ee93700 Thread added: 0x0000023a6ee93700
Event: 16.187 Thread 0x0000023a6ee8d1f0 Thread added: 0x0000023a6ee8d1f0
Event: 16.193 Thread 0x0000023a6c2e6320 Thread added: 0x0000023a6c2e6320
Event: 16.209 Thread 0x0000023a6c2eaa00 Thread added: 0x0000023a6c2eaa00
Event: 16.210 Thread 0x0000023a6c2e8ba0 Thread added: 0x0000023a6c2e8ba0


Dynamic libraries:
0x00007ff74d820000 - 0x00007ff74d82a000 	C:\Program Files\Android\Android Studio\jbr\bin\java.exe
0x00007ffa33a90000 - 0x00007ffa33ca7000 	C:\Windows\SYSTEM32\ntdll.dll
0x00007ffa32690000 - 0x00007ffa32754000 	C:\Windows\System32\KERNEL32.DLL
0x00007ffa30e00000 - 0x00007ffa311a6000 	C:\Windows\System32\KERNELBASE.dll
0x00007ffa313c0000 - 0x00007ffa314d1000 	C:\Windows\System32\ucrtbase.dll
0x00007ff9a35a0000 - 0x00007ff9a35b7000 	C:\Program Files\Android\Android Studio\jbr\bin\jli.dll
0x00007ffa25020000 - 0x00007ffa2503b000 	C:\Program Files\Android\Android Studio\jbr\bin\VCRUNTIME140.dll
0x00007ffa32310000 - 0x00007ffa324be000 	C:\Windows\System32\USER32.dll
0x00007ffa31600000 - 0x00007ffa31626000 	C:\Windows\System32\win32u.dll
0x00007ffa33240000 - 0x00007ffa33269000 	C:\Windows\System32\GDI32.dll
0x00007ffa130a0000 - 0x00007ffa13333000 	C:\Windows\WinSxS\amd64_microsoft.windows.common-controls_6595b64144ccf1df_6.0.22621.2506_none_270c5ae97388e100\COMCTL32.dll
0x00007ffa314e0000 - 0x00007ffa315f8000 	C:\Windows\System32\gdi32full.dll
0x00007ffa311b0000 - 0x00007ffa3124a000 	C:\Windows\System32\msvcp_win.dll
0x00007ffa32ab0000 - 0x00007ffa32b57000 	C:\Windows\System32\msvcrt.dll
0x00007ffa330b0000 - 0x00007ffa330e1000 	C:\Windows\System32\IMM32.DLL
0x00007ffa29ab0000 - 0x00007ffa29abc000 	C:\Program Files\Android\Android Studio\jbr\bin\vcruntime140_1.dll
0x00007ff9dd3f0000 - 0x00007ff9dd47d000 	C:\Program Files\Android\Android Studio\jbr\bin\msvcp140.dll
0x00007ff9a3b10000 - 0x00007ff9a4790000 	C:\Program Files\Android\Android Studio\jbr\bin\server\jvm.dll
0x00007ffa32c60000 - 0x00007ffa32d11000 	C:\Windows\System32\ADVAPI32.dll
0x00007ffa32260000 - 0x00007ffa32305000 	C:\Windows\System32\sechost.dll
0x00007ffa32060000 - 0x00007ffa32177000 	C:\Windows\System32\RPCRT4.dll
0x00007ff9a4e80000 - 0x00007ff9a4e89000 	C:\Windows\SYSTEM32\WSOCK32.dll
0x00007ffa1b220000 - 0x00007ffa1b22a000 	C:\Windows\SYSTEM32\VERSION.dll
0x00007ffa330f0000 - 0x00007ffa33161000 	C:\Windows\System32\WS2_32.dll
0x00007ffa2ae70000 - 0x00007ffa2aea4000 	C:\Windows\SYSTEM32\WINMM.dll
0x00007ffa2fe90000 - 0x00007ffa2fea8000 	C:\Windows\SYSTEM32\kernel.appcore.dll
0x00007ff9a4e70000 - 0x00007ff9a4e7a000 	C:\Program Files\Android\Android Studio\jbr\bin\jimage.dll
0x00007ffa2e6b0000 - 0x00007ffa2e8e3000 	C:\Windows\SYSTEM32\DBGHELP.DLL
0x00007ffa32d20000 - 0x00007ffa330a9000 	C:\Windows\System32\combase.dll
0x00007ffa32180000 - 0x00007ffa32257000 	C:\Windows\System32\OLEAUT32.dll
0x00007ff9f6e80000 - 0x00007ff9f6eb2000 	C:\Windows\SYSTEM32\dbgcore.DLL
0x00007ffa31630000 - 0x00007ffa316aa000 	C:\Windows\System32\bcryptPrimitives.dll
0x00007ff9a4e40000 - 0x00007ff9a4e65000 	C:\Program Files\Android\Android Studio\jbr\bin\java.dll
0x00007ff9a4e20000 - 0x00007ff9a4e38000 	C:\Program Files\Android\Android Studio\jbr\bin\zip.dll
0x00007ffa317e0000 - 0x00007ffa3203a000 	C:\Windows\System32\SHELL32.dll
0x00007ffa2ecf0000 - 0x00007ffa2f5e6000 	C:\Windows\SYSTEM32\windows.storage.dll
0x00007ffa2ebb0000 - 0x00007ffa2ecee000 	C:\Windows\SYSTEM32\wintypes.dll
0x00007ffa32760000 - 0x00007ffa32853000 	C:\Windows\System32\SHCORE.dll
0x00007ffa325d0000 - 0x00007ffa3262e000 	C:\Windows\System32\shlwapi.dll
0x00007ffa30d30000 - 0x00007ffa30d56000 	C:\Windows\SYSTEM32\profapi.dll
0x00007ff9a4e00000 - 0x00007ff9a4e19000 	C:\Program Files\Android\Android Studio\jbr\bin\net.dll
0x00007ffa275a0000 - 0x00007ffa276d7000 	C:\Windows\SYSTEM32\WINHTTP.dll
0x00007ffa30370000 - 0x00007ffa303d9000 	C:\Windows\system32\mswsock.dll
0x00007ff9a4de0000 - 0x00007ff9a4df6000 	C:\Program Files\Android\Android Studio\jbr\bin\nio.dll
0x00007ff9a4dd0000 - 0x00007ff9a4de0000 	C:\Program Files\Android\Android Studio\jbr\bin\verify.dll
0x00007ffa28290000 - 0x00007ffa282b7000 	C:\Users\Svetl\.gradle\native\e1d6ef7f7dcc3fd88c89a11ec53ec762bb8ba0a96d01ffa2cd45eb1d1d8dd5c5\windows-amd64\native-platform.dll
0x00007ff9bf100000 - 0x00007ff9bf244000 	C:\Users\Svetl\.gradle\native\0d407fdbe67a94daf76414ababcb853783967236a71b16ec16e742cd7a986fd3\windows-amd64\native-platform-file-events.dll
0x00007ff9a4dc0000 - 0x00007ff9a4dc9000 	C:\Program Files\Android\Android Studio\jbr\bin\management.dll
0x00007ff9a3740000 - 0x00007ff9a374b000 	C:\Program Files\Android\Android Studio\jbr\bin\management_ext.dll
0x00007ffa331a0000 - 0x00007ffa331a8000 	C:\Windows\System32\PSAPI.DLL
0x00007ffa305c0000 - 0x00007ffa305db000 	C:\Windows\SYSTEM32\CRYPTSP.dll
0x00007ffa2fe50000 - 0x00007ffa2fe85000 	C:\Windows\system32\rsaenh.dll
0x00007ffa30460000 - 0x00007ffa3048c000 	C:\Windows\SYSTEM32\USERENV.dll
0x00007ffa30790000 - 0x00007ffa307b8000 	C:\Windows\SYSTEM32\bcrypt.dll
0x00007ffa305e0000 - 0x00007ffa305ec000 	C:\Windows\SYSTEM32\CRYPTBASE.dll
0x00007ffa2f8c0000 - 0x00007ffa2f8ed000 	C:\Windows\SYSTEM32\IPHLPAPI.DLL
0x00007ffa32040000 - 0x00007ffa32049000 	C:\Windows\System32\NSI.dll
0x00007ffa27740000 - 0x00007ffa27759000 	C:\Windows\SYSTEM32\dhcpcsvc6.DLL
0x00007ffa272e0000 - 0x00007ffa272ff000 	C:\Windows\SYSTEM32\dhcpcsvc.DLL
0x00007ffa2f930000 - 0x00007ffa2fa29000 	C:\Windows\SYSTEM32\DNSAPI.dll
0x00007ff9f0b50000 - 0x00007ff9f0b58000 	C:\Windows\system32\wshunix.dll
0x00007ffa1c070000 - 0x00007ffa1c08e000 	C:\Users\Svetl\AppData\Local\Temp\native-platform7354492847288619718dir\native-platform.dll

dbghelp: loaded successfully - version: 4.0.5 - missing functions: none
symbol engine: initialized successfully - sym options: 0x614 - pdb path: .;C:\Program Files\Android\Android Studio\jbr\bin;C:\Windows\SYSTEM32;C:\Windows\WinSxS\amd64_microsoft.windows.common-controls_6595b64144ccf1df_6.0.22621.2506_none_270c5ae97388e100;C:\Program Files\Android\Android Studio\jbr\bin\server;C:\Users\Svetl\.gradle\native\e1d6ef7f7dcc3fd88c89a11ec53ec762bb8ba0a96d01ffa2cd45eb1d1d8dd5c5\windows-amd64;C:\Users\Svetl\.gradle\native\0d407fdbe67a94daf76414ababcb853783967236a71b16ec16e742cd7a986fd3\windows-amd64;C:\Users\Svetl\AppData\Local\Temp\native-platform7354492847288619718dir

VM Arguments:
jvm_args: --add-opens=java.base/java.util=ALL-UNNAMED --add-opens=java.base/java.lang=ALL-UNNAMED --add-opens=java.base/java.lang.invoke=ALL-UNNAMED --add-opens=java.base/java.util=ALL-UNNAMED --add-opens=java.prefs/java.util.prefs=ALL-UNNAMED --add-opens=java.prefs/java.util.prefs=ALL-UNNAMED --add-opens=java.base/java.nio.charset=ALL-UNNAMED --add-opens=java.base/java.net=ALL-UNNAMED --add-opens=java.base/java.util.concurrent.atomic=ALL-UNNAMED -Xmx4g -Dfile.encoding=windows-1251 -Duser.country=RU -Duser.language=ru -Duser.variant 
java_command: org.gradle.launcher.daemon.bootstrap.GradleDaemon 7.5
java_class_path (initial): C:\Users\Svetl\.gradle\wrapper\dists\gradle-7.5-bin\f1w0cc9nuo0eivz97x2xlu9sv\gradle-7.5\lib\gradle-launcher-7.5.jar
Launcher Type: SUN_STANDARD

[Global flags]
     intx CICompilerCount                          = 12                                        {product} {ergonomic}
     uint ConcGCThreads                            = 4                                         {product} {ergonomic}
     uint G1ConcRefinementThreads                  = 15                                        {product} {ergonomic}
   size_t G1HeapRegionSize                         = 2097152                                   {product} {ergonomic}
    uintx GCDrainStackTargetSize                   = 64                                        {product} {ergonomic}
   size_t InitialHeapSize                          = 264241152                                 {product} {ergonomic}
   size_t MarkStackSize                            = 4194304                                   {product} {ergonomic}
   size_t MaxHeapSize                              = 4294967296                                {product} {command line}
   size_t MaxNewSize                               = 2575302656                                {product} {ergonomic}
   size_t MinHeapDeltaBytes                        = 2097152                                   {product} {ergonomic}
   size_t MinHeapSize                              = 8388608                                   {product} {ergonomic}
    uintx NonNMethodCodeHeapSize                   = 7602480                                {pd product} {ergonomic}
    uintx NonProfiledCodeHeapSize                  = 122027880                              {pd product} {ergonomic}
    uintx ProfiledCodeHeapSize                     = 122027880                              {pd product} {ergonomic}
    uintx ReservedCodeCacheSize                    = 251658240                              {pd product} {ergonomic}
     bool SegmentedCodeCache                       = true                                      {product} {ergonomic}
   size_t SoftMaxHeapSize                          = 4294967296                             {manageable} {ergonomic}
     bool UseCompressedClassPointers               = true                           {product lp64_product} {ergonomic}
     bool UseCompressedOops                        = true                           {product lp64_product} {ergonomic}
     bool UseG1GC                                  = true                                      {product} {ergonomic}
     bool UseLargePagesIndividualAllocation        = false                                  {pd product} {ergonomic}

Logging:
Log output configuration:
 #0: stdout all=warning uptime,level,tags
 #1: stderr all=off uptime,level,tags

Environment Variables:
PATH=C:\Program Files\Microsoft\jdk-11.0.16.101-hotspot\bin;C:\Windows\System32\HWAudioDriverLibs;C:\Windows\system32;C:\Windows;C:\Windows\System32\Wbem;C:\Windows\System32\WindowsPowerShell\v1.0\;C:\Windows\System32\OpenSSH\;C:\Users\Administrator\AppData\Local\Microsoft\WindowsApps;C:\Program Files\Microsoft SQL Server\Client SDK\ODBC\170\Tools\Binn\;C:\Program Files\Azure Data Studio\bin;C:\Program Files\dotnet\;C:\Program Files (x86)\Microsoft SQL Server\150\Tools\Binn\;C:\Program Files\Microsoft SQL Server\150\Tools\Binn\;C:\Program Files\Microsoft SQL Server\150\DTS\Binn\;C:\Program Files (x86)\Microsoft SQL Server\160\DTS\Binn\;C:\Program Files\Git\cmd;C:\Users\Svetl\AppData\Local\Microsoft\WindowsApps;C:\Program Files\Azure Data Studio\bin;C:\Users\Svetl\.dotnet\tools
USERNAME=Svetl
OS=Windows_NT
PROCESSOR_IDENTIFIER=Intel64 Family 6 Model 154 Stepping 3, GenuineIntel
TMP=C:\Users\Svetl\AppData\Local\Temp
TEMP=C:\Users\Svetl\AppData\Local\Temp


JNI global refs:
JNI global refs: 44, weak refs: 50

JNI global refs memory usage: 843, weak refs: 841

OOME stack traces (most recent first):
Classloader memory used:
Loader org.gradle.internal.classloader.VisitableURLClassLoader                         : 4707K
Loader org.gradle.internal.classloader.VisitableURLClassLoader                         : 3936K
Loader bootstrap                                                                       : 3126K
Loader org.gradle.initialization.MixInLegacyTypesClassLoader                           : 1244K
Loader jdk.internal.reflect.DelegatingClassLoader                                      : 101503B
Loader jdk.internal.loader.ClassLoaders$PlatformClassLoader                            : 68277B
Loader jdk.internal.loader.ClassLoaders$AppClassLoader                                 : 25674B
Loader org.gradle.groovy.scripts.internal.DefaultScriptCompilationHandler$ScriptClassLoader: 17753B
Loader org.codehaus.groovy.runtime.callsite.CallSiteClassLoader                        : 2462B
Loader sun.reflect.misc.MethodUtil                                                     : 373B


[error occurred during error reporting (Classloader stats), id 0xe0000001, Out of Memory Error (s\src\hotspot\share\memory\arena.cpp:78)]


---------------  S Y S T E M  ---------------

OS:
 Windows 11 , 64 bit Build 22621 (10.0.22621.2506)
OS uptime: 0 days 0:47 hours
Hyper-V role detected

CPU: total 20 (initial active 20) (10 cores per cpu, 2 threads per core) family 6 model 154 stepping 3 microcode 0x41e, cx8, cmov, fxsr, ht, mmx, 3dnowpref, sse, sse2, sse3, ssse3, sse4.1, sse4.2, popcnt, lzcnt, tsc, tscinvbit, avx, avx2, aes, erms, clmul, bmi1, bmi2, adx, sha, fma, vzeroupper, clflush, clflushopt, clwb, hv

Memory: 4k page, system-wide physical 16110M (1342M free)
TotalPageFile size 16110M (AvailPageFile size 0M)
current process WorkingSet (physical memory assigned to process): 610M, peak: 624M
current process commit charge ("private bytes"): 725M, peak: 852M

vm_info: OpenJDK 64-Bit Server VM (17.0.7+0-b2043.56-10550314) for windows-amd64 JRE (17.0.7+0-b2043.56-10550314), built on Jul 24 2023 18:27:45 by "androidbuild" with MS VC++ 16.10 / 16.11 (VS2019)

END.
