#
# There is insufficient memory for the Java Runtime Environment to continue.
# Native memory allocation (malloc) failed to allocate 1691024 bytes for Chunk::new
# Possible reasons:
#   The system is out of physical RAM or swap space
#   The process is running with CompressedOops enabled, and the Java Heap may be blocking the growth of the native heap
# Possible solutions:
#   Reduce memory load on the system
#   Increase physical memory or swap space
#   Check if swap backing store is full
#   Decrease Java heap size (-Xmx/-Xms)
#   Decrease number of Java threads
#   Decrease Java thread stack sizes (-Xss)
#   Set larger code cache with -XX:ReservedCodeCacheSize=
#   JVM is running with Zero Based Compressed Oops mode in which the Java heap is
#     placed in the first 32GB address space. The Java Heap base address is the
#     maximum limit for the native heap growth. Please use -XX:HeapBaseMinAddress
#     to set the Java Heap base and to place the Java Heap above 32GB virtual address.
# This output file may be truncated or incomplete.
#
#  Out of Memory Error (arena.cpp:189), pid=21428, tid=4944
#
# JRE version: OpenJDK Runtime Environment (17.0.7) (build 17.0.7+0-b2043.56-10550314)
# Java VM: OpenJDK 64-Bit Server VM (17.0.7+0-b2043.56-10550314, mixed mode, tiered, compressed oops, compressed class ptrs, g1 gc, windows-amd64)
# No core dump will be written. Minidumps are not enabled by default on client versions of Windows
#

---------------  S U M M A R Y ------------

Command Line: org.jetbrains.kotlin.cli.jvm.K2JVMCompiler @C:\Users\Svetl\AndroidStudioProjects\up5v1\app\build\20231213_9656153019693884445.compiler.options

Host: 12th Gen Intel(R) Core(TM) i7-12700H, 20 cores, 15G,  Windows 11 , 64 bit Build 22621 (10.0.22621.2506)
Time: Wed Dec 13 17:42:47 2023 RTZ 4 (s 11 , 64 bit Build 22621 (10.0.22621.2506) elapsed time: 6.186541 seconds (0d 0h 0m 6s)

---------------  T H R E A D  ---------------

Current thread (0x0000018137b7ad70):  JavaThread "C2 CompilerThread3" daemon [_thread_in_native, id=4944, stack(0x0000003520700000,0x0000003520800000)]


Current CompileTask:
C2:   6186 4955       4       org.jetbrains.kotlin.parsing.AbstractKotlinParsing::at (114 bytes)

Stack: [0x0000003520700000,0x0000003520800000]
Native frames: (J=compiled Java code, j=interpreted, Vv=VM code, C=native code)
V  [jvm.dll+0x683bfa]
V  [jvm.dll+0x8430a4]
V  [jvm.dll+0x8449be]
V  [jvm.dll+0x845023]
V  [jvm.dll+0x24ad2f]
V  [jvm.dll+0xac25c]
V  [jvm.dll+0xac82c]
V  [jvm.dll+0x36a187]
V  [jvm.dll+0x334821]
V  [jvm.dll+0x333cca]
V  [jvm.dll+0x21d251]
V  [jvm.dll+0x21c671]
V  [jvm.dll+0x1a605d]
V  [jvm.dll+0x22c148]
V  [jvm.dll+0x22a209]
V  [jvm.dll+0x7f858c]
V  [jvm.dll+0x7f2aea]
V  [jvm.dll+0x682a35]
C  [ucrtbase.dll+0x29363]
C  [KERNEL32.DLL+0x1257d]
C  [ntdll.dll+0x5aa58]


---------------  P R O C E S S  ---------------

Threads class SMR info:
_java_thread_list=0x0000018137b7a6a0, length=20, elements={
0x00000181105b7420, 0x000001812f62e260, 0x000001812fe43bc0, 0x000001812fe567f0,
0x000001812fe593b0, 0x000001812fe5bd70, 0x000001812fe78770, 0x000001812fe79500,
0x000001812fe79fa0, 0x000001812fe7c9a0, 0x000001812ffe8920, 0x000001812ffe8e30,
0x000001812fff1780, 0x0000018130005010, 0x000001813000d5a0, 0x00000181305f6850,
0x0000018135592cc0, 0x0000018137b7ad70, 0x0000018137b7b6c0, 0x00000181374cb380
}

Java Threads: ( => current thread )
  0x00000181105b7420 JavaThread "main" [_thread_in_vm, id=12844, stack(0x000000351e300000,0x000000351e400000)]
  0x000001812f62e260 JavaThread "Reference Handler" daemon [_thread_blocked, id=16424, stack(0x000000351ea00000,0x000000351eb00000)]
  0x000001812fe43bc0 JavaThread "Finalizer" daemon [_thread_blocked, id=11220, stack(0x000000351eb00000,0x000000351ec00000)]
  0x000001812fe567f0 JavaThread "Signal Dispatcher" daemon [_thread_blocked, id=12328, stack(0x000000351ec00000,0x000000351ed00000)]
  0x000001812fe593b0 JavaThread "Attach Listener" daemon [_thread_blocked, id=22932, stack(0x000000351ed00000,0x000000351ee00000)]
  0x000001812fe5bd70 JavaThread "Service Thread" daemon [_thread_blocked, id=22224, stack(0x000000351ee00000,0x000000351ef00000)]
  0x000001812fe78770 JavaThread "Monitor Deflation Thread" daemon [_thread_blocked, id=3128, stack(0x000000351ef00000,0x000000351f000000)]
  0x000001812fe79500 JavaThread "C2 CompilerThread0" daemon [_thread_in_native, id=11056, stack(0x000000351f000000,0x000000351f100000)]
  0x000001812fe79fa0 JavaThread "C1 CompilerThread0" daemon [_thread_blocked, id=12716, stack(0x000000351f100000,0x000000351f200000)]
  0x000001812fe7c9a0 JavaThread "Sweeper thread" daemon [_thread_blocked, id=4552, stack(0x000000351f200000,0x000000351f300000)]
  0x000001812ffe8920 JavaThread "C1 CompilerThread1" daemon [_thread_blocked, id=1008, stack(0x000000351f300000,0x000000351f400000)]
  0x000001812ffe8e30 JavaThread "C1 CompilerThread2" daemon [_thread_blocked, id=11624, stack(0x000000351f400000,0x000000351f500000)]
  0x000001812fff1780 JavaThread "Notification Thread" daemon [_thread_blocked, id=1696, stack(0x000000351f500000,0x000000351f600000)]
  0x0000018130005010 JavaThread "Common-Cleaner" daemon [_thread_blocked, id=3820, stack(0x000000351f700000,0x000000351f800000)]
  0x000001813000d5a0 JavaThread "C2 CompilerThread1" daemon [_thread_in_native, id=17484, stack(0x000000351f800000,0x000000351f900000)]
  0x00000181305f6850 JavaThread "C1 CompilerThread3" daemon [_thread_blocked, id=5696, stack(0x000000351f900000,0x000000351fa00000)]
  0x0000018135592cc0 JavaThread "C2 CompilerThread2" daemon [_thread_in_vm, id=5112, stack(0x0000003520600000,0x0000003520700000)]
=>0x0000018137b7ad70 JavaThread "C2 CompilerThread3" daemon [_thread_in_native, id=4944, stack(0x0000003520700000,0x0000003520800000)]
  0x0000018137b7b6c0 JavaThread "C2 CompilerThread4" daemon [_thread_in_native, id=22888, stack(0x0000003520800000,0x0000003520900000)]
  0x00000181374cb380 JavaThread "C2 CompilerThread5" daemon [_thread_in_native, id=9208, stack(0x0000003520d00000,0x0000003520e00000)]

Other Threads:
  0x000001812fe41190 VMThread "VM Thread" [stack: 0x000000351e900000,0x000000351ea00000] [id=12016]
  0x000001812f5b54a0 WatcherThread [stack: 0x000000351f600000,0x000000351f700000] [id=11068]
  0x0000018110624d60 GCTaskThread "GC Thread#0" [stack: 0x000000351e400000,0x000000351e500000] [id=19532]
  0x0000018130829820 GCTaskThread "GC Thread#1" [stack: 0x000000351fa00000,0x000000351fb00000] [id=3612]
  0x000001813091d260 GCTaskThread "GC Thread#2" [stack: 0x000000351fb00000,0x000000351fc00000] [id=1712]
  0x000001813091d510 GCTaskThread "GC Thread#3" [stack: 0x000000351fc00000,0x000000351fd00000] [id=7784]
  0x000001813091fbd0 GCTaskThread "GC Thread#4" [stack: 0x000000351fd00000,0x000000351fe00000] [id=13128]
  0x000001813091fe80 GCTaskThread "GC Thread#5" [stack: 0x000000351fe00000,0x000000351ff00000] [id=23108]
  0x000001813527df20 GCTaskThread "GC Thread#6" [stack: 0x000000351ff00000,0x0000003520000000] [id=2652]
  0x0000018135394fc0 GCTaskThread "GC Thread#7" [stack: 0x0000003520000000,0x0000003520100000] [id=12532]
  0x00000181353a48d0 GCTaskThread "GC Thread#8" [stack: 0x0000003520100000,0x0000003520200000] [id=21168]
  0x00000181353a40c0 GCTaskThread "GC Thread#9" [stack: 0x0000003520200000,0x0000003520300000] [id=14856]
  0x00000181353a3e10 GCTaskThread "GC Thread#10" [stack: 0x0000003520900000,0x0000003520a00000] [id=8224]
  0x00000181353a4b80 GCTaskThread "GC Thread#11" [stack: 0x0000003520a00000,0x0000003520b00000] [id=8376]
  0x00000181353a4e30 GCTaskThread "GC Thread#12" [stack: 0x0000003520b00000,0x0000003520c00000] [id=7688]
  0x00000181353a3600 GCTaskThread "GC Thread#13" [stack: 0x0000003520c00000,0x0000003520d00000] [id=304]
  0x0000018135afb820 GCTaskThread "GC Thread#14" [stack: 0x0000003520f00000,0x0000003521000000] [id=3484]
  0x0000018110635860 ConcurrentGCThread "G1 Main Marker" [stack: 0x000000351e500000,0x000000351e600000] [id=20448]
  0x0000018110636270 ConcurrentGCThread "G1 Conc#0" [stack: 0x000000351e600000,0x000000351e700000] [id=11652]
  0x00000181353a4370 ConcurrentGCThread "G1 Conc#1" [stack: 0x0000003520300000,0x0000003520400000] [id=11044]
  0x00000181353a3b60 ConcurrentGCThread "G1 Conc#2" [stack: 0x0000003520400000,0x0000003520500000] [id=1100]
  0x00000181353a4620 ConcurrentGCThread "G1 Conc#3" [stack: 0x0000003520500000,0x0000003520600000] [id=21228]
  0x000001812f507870 ConcurrentGCThread "G1 Refine#0" [stack: 0x000000351e700000,0x000000351e800000] [id=2680]
  0x000001812f508290 ConcurrentGCThread "G1 Service" [stack: 0x000000351e800000,0x000000351e900000] [id=11012]

Threads with active compile tasks:
C2 CompilerThread0     6203 4789   !   4       org.jetbrains.kotlin.metadata.ProtoBuf$Function::<init> (1410 bytes)
C2 CompilerThread1     6203 5122  s    4       java.util.jar.JarFile::getInputStream (72 bytes)
C2 CompilerThread2     6204 4850       4       org.jetbrains.kotlin.metadata.ProtoBuf$Type::writeTo (354 bytes)
C2 CompilerThread3     6205 4955       4       org.jetbrains.kotlin.parsing.AbstractKotlinParsing::at (114 bytes)
C2 CompilerThread4     6205 5121   !   4       jdk.internal.loader.BuiltinClassLoader::findClassOnClassPathOrNull (64 bytes)
C2 CompilerThread5     6205 5058       4       org.jetbrains.kotlin.metadata.ProtoBuf$Function::getSerializedSize (512 bytes)

VM state: not at safepoint (normal execution)

VM Mutex/Monitor currently owned by a thread: None

Heap address: 0x0000000704400000, size: 4028 MB, Compressed Oops mode: Zero based, Oop shift amount: 3

CDS archive(s) not mapped
Compressed class space mapped at: 0x0000000800000000-0x0000000840000000, reserved size: 1073741824
Narrow klass base: 0x0000000800000000, Narrow klass shift: 0, Narrow klass range: 0x40000000

GC Precious Log:
 CPUs: 20 total, 20 available
 Memory: 16110M
 Large Page Support: Disabled
 NUMA Support: Disabled
 Compressed Oops: Enabled (Zero based)
 Heap Region Size: 2M
 Heap Min Capacity: 8M
 Heap Initial Capacity: 252M
 Heap Max Capacity: 4028M
 Pre-touch: Disabled
 Parallel Workers: 15
 Concurrent Workers: 4
 Concurrent Refinement Workers: 15
 Periodic GC: Disabled

Heap:
 garbage-first heap   total 96256K, used 60543K [0x0000000704400000, 0x0000000800000000)
  region size 2048K, 15 young (30720K), 3 survivors (6144K)
 Metaspace       used 53371K, committed 53696K, reserved 1114112K
  class space    used 6417K, committed 6592K, reserved 1048576K

Heap Regions: E=young(eden), S=young(survivor), O=old, HS=humongous(starts), HC=humongous(continues), CS=collection set, F=free, OA=open archive, CA=closed archive, TAMS=top-at-mark-start (previous, next)
|   0|0x0000000704400000, 0x0000000704600000, 0x0000000704600000|100%|HS|  |TAMS 0x0000000704600000, 0x0000000704400000| Complete 
|   1|0x0000000704600000, 0x0000000704800000, 0x0000000704800000|100%|HC|  |TAMS 0x0000000704800000, 0x0000000704600000| Complete 
|   2|0x0000000704800000, 0x0000000704a00000, 0x0000000704a00000|100%|HS|  |TAMS 0x0000000704800000, 0x0000000704800000| Complete 
|   3|0x0000000704a00000, 0x0000000704c00000, 0x0000000704c00000|100%|HS|  |TAMS 0x0000000704c00000, 0x0000000704a00000| Complete 
|   4|0x0000000704c00000, 0x0000000704e00000, 0x0000000704e00000|100%|HC|  |TAMS 0x0000000704e00000, 0x0000000704c00000| Complete 
|   5|0x0000000704e00000, 0x0000000705000000, 0x0000000705000000|100%| O|  |TAMS 0x0000000705000000, 0x0000000704e00000| Untracked 
|   6|0x0000000705000000, 0x0000000705200000, 0x0000000705200000|100%| O|  |TAMS 0x0000000705200000, 0x0000000705000000| Untracked 
|   7|0x0000000705200000, 0x0000000705400000, 0x0000000705400000|100%| O|  |TAMS 0x0000000705400000, 0x0000000705200000| Untracked 
|   8|0x0000000705400000, 0x0000000705600000, 0x0000000705600000|100%| O|  |TAMS 0x0000000705600000, 0x0000000705400000| Untracked 
|   9|0x0000000705600000, 0x00000007057f5e00, 0x0000000705800000| 98%| O|  |TAMS 0x0000000705600000, 0x0000000705600000| Untracked 
|  10|0x0000000705800000, 0x0000000705a00000, 0x0000000705a00000|100%| O|  |TAMS 0x0000000705800000, 0x0000000705800000| Untracked 
|  11|0x0000000705a00000, 0x0000000705c00000, 0x0000000705c00000|100%| O|  |TAMS 0x0000000705a7d000, 0x0000000705a00000| Untracked 
|  12|0x0000000705c00000, 0x0000000705e00000, 0x0000000705e00000|100%| O|  |TAMS 0x0000000705c00000, 0x0000000705c00000| Untracked 
|  13|0x0000000705e00000, 0x0000000706000000, 0x0000000706000000|100%| O|  |TAMS 0x0000000705e00000, 0x0000000705e00000| Untracked 
|  14|0x0000000706000000, 0x0000000706000000, 0x0000000706200000|  0%| F|  |TAMS 0x0000000706000000, 0x0000000706000000| Untracked 
|  15|0x0000000706200000, 0x0000000706200000, 0x0000000706400000|  0%| F|  |TAMS 0x0000000706200000, 0x0000000706200000| Untracked 
|  16|0x0000000706400000, 0x0000000706400000, 0x0000000706600000|  0%| F|  |TAMS 0x0000000706400000, 0x0000000706400000| Untracked 
|  17|0x0000000706600000, 0x0000000706600000, 0x0000000706800000|  0%| F|  |TAMS 0x0000000706600000, 0x0000000706600000| Untracked 
|  18|0x0000000706800000, 0x0000000706a00000, 0x0000000706a00000|100%| O|  |TAMS 0x0000000706800000, 0x0000000706800000| Untracked 
|  19|0x0000000706a00000, 0x0000000706b2a000, 0x0000000706c00000| 58%| O|  |TAMS 0x0000000706a00000, 0x0000000706a00000| Untracked 
|  20|0x0000000706c00000, 0x0000000706c00000, 0x0000000706e00000|  0%| F|  |TAMS 0x0000000706c00000, 0x0000000706c00000| Untracked 
|  21|0x0000000706e00000, 0x0000000706e00000, 0x0000000707000000|  0%| F|  |TAMS 0x0000000706e00000, 0x0000000706e00000| Untracked 
|  22|0x0000000707000000, 0x0000000707000000, 0x0000000707200000|  0%| F|  |TAMS 0x0000000707000000, 0x0000000707000000| Untracked 
|  23|0x0000000707200000, 0x0000000707200000, 0x0000000707400000|  0%| F|  |TAMS 0x0000000707200000, 0x0000000707200000| Untracked 
|  24|0x0000000707400000, 0x0000000707400000, 0x0000000707600000|  0%| F|  |TAMS 0x0000000707400000, 0x0000000707400000| Untracked 
|  25|0x0000000707600000, 0x0000000707800000, 0x0000000707800000|100%| S|CS|TAMS 0x0000000707600000, 0x0000000707600000| Complete 
|  26|0x0000000707800000, 0x0000000707a00000, 0x0000000707a00000|100%| S|CS|TAMS 0x0000000707800000, 0x0000000707800000| Complete 
|  27|0x0000000707a00000, 0x0000000707c00000, 0x0000000707c00000|100%| S|CS|TAMS 0x0000000707a00000, 0x0000000707a00000| Complete 
|  28|0x0000000707c00000, 0x0000000707c00000, 0x0000000707e00000|  0%| F|  |TAMS 0x0000000707c00000, 0x0000000707c00000| Untracked 
|  29|0x0000000707e00000, 0x0000000707e00000, 0x0000000708000000|  0%| F|  |TAMS 0x0000000707e00000, 0x0000000707e00000| Untracked 
|  30|0x0000000708000000, 0x0000000708000000, 0x0000000708200000|  0%| F|  |TAMS 0x0000000708000000, 0x0000000708000000| Untracked 
|  31|0x0000000708200000, 0x0000000708200000, 0x0000000708400000|  0%| F|  |TAMS 0x0000000708200000, 0x0000000708200000| Untracked 
|  32|0x0000000708400000, 0x0000000708400000, 0x0000000708600000|  0%| F|  |TAMS 0x0000000708400000, 0x0000000708400000| Untracked 
|  33|0x0000000708600000, 0x0000000708600000, 0x0000000708800000|  0%| F|  |TAMS 0x0000000708600000, 0x0000000708600000| Untracked 
|  34|0x0000000708800000, 0x0000000708800000, 0x0000000708a00000|  0%| F|  |TAMS 0x0000000708800000, 0x0000000708800000| Untracked 
|  35|0x0000000708a00000, 0x0000000708b32788, 0x0000000708c00000| 59%| E|  |TAMS 0x0000000708a00000, 0x0000000708a00000| Complete 
|  36|0x0000000708c00000, 0x0000000708e00000, 0x0000000708e00000|100%| E|CS|TAMS 0x0000000708c00000, 0x0000000708c00000| Complete 
|  37|0x0000000708e00000, 0x0000000709000000, 0x0000000709000000|100%| E|CS|TAMS 0x0000000708e00000, 0x0000000708e00000| Complete 
|  38|0x0000000709000000, 0x0000000709200000, 0x0000000709200000|100%| E|CS|TAMS 0x0000000709000000, 0x0000000709000000| Complete 
|  39|0x0000000709200000, 0x0000000709400000, 0x0000000709400000|100%| E|CS|TAMS 0x0000000709200000, 0x0000000709200000| Complete 
|  40|0x0000000709400000, 0x0000000709600000, 0x0000000709600000|100%| E|CS|TAMS 0x0000000709400000, 0x0000000709400000| Complete 
|  41|0x0000000709600000, 0x0000000709800000, 0x0000000709800000|100%| E|CS|TAMS 0x0000000709600000, 0x0000000709600000| Complete 
|  42|0x0000000709800000, 0x0000000709a00000, 0x0000000709a00000|100%| E|CS|TAMS 0x0000000709800000, 0x0000000709800000| Complete 
|  43|0x0000000709a00000, 0x0000000709c00000, 0x0000000709c00000|100%| E|CS|TAMS 0x0000000709a00000, 0x0000000709a00000| Complete 
|  44|0x0000000709c00000, 0x0000000709e00000, 0x0000000709e00000|100%| E|CS|TAMS 0x0000000709c00000, 0x0000000709c00000| Complete 
|  45|0x0000000709e00000, 0x000000070a000000, 0x000000070a000000|100%| E|CS|TAMS 0x0000000709e00000, 0x0000000709e00000| Complete 
| 125|0x0000000713e00000, 0x0000000714000000, 0x0000000714000000|100%| E|CS|TAMS 0x0000000713e00000, 0x0000000713e00000| Complete 

Card table byte_map: [0x0000018123d10000,0x00000181244f0000] _byte_map_base: 0x00000181204ee000

Marking Bits (Prev, Next): (CMBitMap*) 0x0000018110625370, (CMBitMap*) 0x00000181106253b0
 Prev Bits: [0x0000018124cd0000, 0x0000018128bc0000)
 Next Bits: [0x0000018128bc0000, 0x000001812cab0000)

Polling page: 0x000001810e590000

Metaspace:

Usage:
  Non-class:     45.86 MB used.
      Class:      6.27 MB used.
       Both:     52.12 MB used.

Virtual space:
  Non-class space:       64.00 MB reserved,      46.00 MB ( 72%) committed,  1 nodes.
      Class space:        1.00 GB reserved,       6.44 MB ( <1%) committed,  1 nodes.
             Both:        1.06 GB reserved,      52.44 MB (  5%) committed. 

Chunk freelists:
   Non-Class:  1.83 MB
       Class:  9.48 MB
        Both:  11.31 MB

MaxMetaspaceSize: unlimited
CompressedClassSpaceSize: 1.00 GB
Initial GC threshold: 21.00 MB
Current GC threshold: 58.69 MB
CDS: off
MetaspaceReclaimPolicy: balanced
 - commit_granule_bytes: 65536.
 - commit_granule_words: 8192.
 - virtual_space_node_default_size: 8388608.
 - enlarge_chunks_in_place: 1.
 - new_chunks_are_fully_committed: 0.
 - uncommit_free_chunks: 1.
 - use_allocation_guard: 0.
 - handle_deallocations: 1.


Internal statistics:

num_allocs_failed_limit: 6.
num_arena_births: 238.
num_arena_deaths: 0.
num_vsnodes_births: 2.
num_vsnodes_deaths: 0.
num_space_committed: 837.
num_space_uncommitted: 0.
num_chunks_returned_to_freelist: 6.
num_chunks_taken_from_freelist: 1787.
num_chunk_merges: 6.
num_chunk_splits: 1435.
num_chunks_enlarged: 1257.
num_inconsistent_stats: 0.

CodeHeap 'non-profiled nmethods': size=119168Kb used=2484Kb max_used=2484Kb free=116683Kb
 bounds [0x000001811b630000, 0x000001811b8a0000, 0x0000018122a90000]
CodeHeap 'profiled nmethods': size=119104Kb used=11362Kb max_used=11362Kb free=107741Kb
 bounds [0x0000018113a90000, 0x00000181145b0000, 0x000001811aee0000]
CodeHeap 'non-nmethods': size=7488Kb used=2978Kb max_used=3069Kb free=4510Kb
 bounds [0x000001811aee0000, 0x000001811b1f0000, 0x000001811b630000]
 total_blobs=5681 nmethods=5071 adapters=519
 compilation: enabled
              stopped_count=0, restarted_count=0
 full_count=0

Compilation events (20 events):
Event: 6.158 Thread 0x000001812fe79fa0 nmethod 5111 0x000001811459c390 code [0x000001811459c540, 0x000001811459c6c8]
Event: 6.158 Thread 0x000001812fe79fa0 5115       3       java.lang.String::contains (19 bytes)
Event: 6.159 Thread 0x000001812fe79fa0 nmethod 5115 0x00000181145a0c90 code [0x00000181145a0e40, 0x00000181145a10b8]
Event: 6.159 Thread 0x000001812ffe8e30 nmethod 5110 0x000001811459f510 code [0x000001811459f800, 0x00000181145a06f8]
Event: 6.159 Thread 0x000001812fe79fa0 5118       3       org.jetbrains.kotlin.load.kotlin.FileBasedKotlinClass::resolveNameByInternalName (178 bytes)
Event: 6.159 Thread 0x000001812ffe8e30 5113       3       gnu.trove.TObjectHash::<init> (10 bytes)
Event: 6.160 Thread 0x00000181305f6850 nmethod 5106 0x000001811459c790 code [0x000001811459cc60, 0x000001811459eb08]
Event: 6.160 Thread 0x00000181305f6850 5114       3       gnu.trove.THash::<init> (8 bytes)
Event: 6.160 Thread 0x000001812ffe8e30 nmethod 5113 0x00000181145a1190 code [0x00000181145a1360, 0x00000181145a16e8]
Event: 6.160 Thread 0x000001812ffe8e30 5117       3       org.jetbrains.kotlin.metadata.jvm.deserialization.JvmMetadataVersion::isCompatible (77 bytes)
Event: 6.161 Thread 0x00000181305f6850 nmethod 5114 0x00000181145a1810 code [0x00000181145a19c0, 0x00000181145a1c88]
Event: 6.161 Thread 0x00000181305f6850 5116       1       org.jetbrains.kotlin.resolve.CompilerDeserializationConfiguration::getSkipMetadataVersionCheck (5 bytes)
Event: 6.161 Thread 0x00000181305f6850 nmethod 5116 0x000001811b889210 code [0x000001811b8893a0, 0x000001811b889478]
Event: 6.162 Thread 0x000001812ffe8e30 nmethod 5117 0x00000181145a4e90 code [0x00000181145a5060, 0x00000181145a5408]
Event: 6.163 Thread 0x000001812ffe8920 nmethod 5112 0x00000181145a1d90 code [0x00000181145a2240, 0x00000181145a42a8]
Event: 6.164 Thread 0x000001812fe79fa0 nmethod 5118 0x00000181145a5510 code [0x00000181145a5980, 0x00000181145a77e8]
Event: 6.165 Thread 0x0000018137b7b6c0 nmethod 5090 0x000001811b889510 code [0x000001811b889720, 0x000001811b889d98]
Event: 6.167 Thread 0x0000018137b7b6c0 5107   !   4       kotlin.SynchronizedLazyImpl::getValue (92 bytes)
Event: 6.172 Thread 0x0000018137b7b6c0 nmethod 5107 0x000001811b88a590 code [0x000001811b88a720, 0x000001811b88ab98]
Event: 6.172 Thread 0x0000018137b7b6c0 5085       4       org.jetbrains.kotlin.com.intellij.util.keyFMap.ArrayBackedFMap::get (33 bytes)

GC Heap History (18 events):
Event: 0.727 GC heap before
{Heap before GC invocations=0 (full 0):
 garbage-first heap   total 258048K, used 24576K [0x0000000704400000, 0x0000000800000000)
  region size 2048K, 11 young (22528K), 0 survivors (0K)
 Metaspace       used 12268K, committed 12416K, reserved 1114112K
  class space    used 1122K, committed 1216K, reserved 1048576K
}
Event: 0.730 GC heap after
{Heap after GC invocations=1 (full 0):
 garbage-first heap   total 258048K, used 7217K [0x0000000704400000, 0x0000000800000000)
  region size 2048K, 2 young (4096K), 2 survivors (4096K)
 Metaspace       used 12268K, committed 12416K, reserved 1114112K
  class space    used 1122K, committed 1216K, reserved 1048576K
}
Event: 1.482 GC heap before
{Heap before GC invocations=1 (full 0):
 garbage-first heap   total 258048K, used 37937K [0x0000000704400000, 0x0000000800000000)
  region size 2048K, 17 young (34816K), 2 survivors (4096K)
 Metaspace       used 19869K, committed 20096K, reserved 1114112K
  class space    used 2105K, committed 2240K, reserved 1048576K
}
Event: 1.488 GC heap after
{Heap after GC invocations=2 (full 0):
 garbage-first heap   total 258048K, used 10291K [0x0000000704400000, 0x0000000800000000)
  region size 2048K, 3 young (6144K), 3 survivors (6144K)
 Metaspace       used 19869K, committed 20096K, reserved 1114112K
  class space    used 2105K, committed 2240K, reserved 1048576K
}
Event: 1.594 GC heap before
{Heap before GC invocations=2 (full 0):
 garbage-first heap   total 258048K, used 16435K [0x0000000704400000, 0x0000000800000000)
  region size 2048K, 7 young (14336K), 3 survivors (6144K)
 Metaspace       used 21334K, committed 21504K, reserved 1114112K
  class space    used 2343K, committed 2432K, reserved 1048576K
}
Event: 1.600 GC heap after
{Heap after GC invocations=3 (full 0):
 garbage-first heap   total 258048K, used 10738K [0x0000000704400000, 0x0000000800000000)
  region size 2048K, 4 young (8192K), 4 survivors (8192K)
 Metaspace       used 21334K, committed 21504K, reserved 1114112K
  class space    used 2343K, committed 2432K, reserved 1048576K
}
Event: 2.187 GC heap before
{Heap before GC invocations=4 (full 0):
 garbage-first heap   total 55296K, used 39410K [0x0000000704400000, 0x0000000800000000)
  region size 2048K, 16 young (32768K), 4 survivors (8192K)
 Metaspace       used 28338K, committed 28544K, reserved 1114112K
  class space    used 3141K, committed 3264K, reserved 1048576K
}
Event: 2.198 GC heap after
{Heap after GC invocations=5 (full 0):
 garbage-first heap   total 55296K, used 17271K [0x0000000704400000, 0x0000000800000000)
  region size 2048K, 2 young (4096K), 2 survivors (4096K)
 Metaspace       used 28338K, committed 28544K, reserved 1114112K
  class space    used 3141K, committed 3264K, reserved 1048576K
}
Event: 2.236 GC heap before
{Heap before GC invocations=5 (full 0):
 garbage-first heap   total 55296K, used 19319K [0x0000000704400000, 0x0000000800000000)
  region size 2048K, 3 young (6144K), 2 survivors (4096K)
 Metaspace       used 28903K, committed 29120K, reserved 1114112K
  class space    used 3202K, committed 3328K, reserved 1048576K
}
Event: 2.240 GC heap after
{Heap after GC invocations=6 (full 0):
 garbage-first heap   total 55296K, used 17481K [0x0000000704400000, 0x0000000800000000)
  region size 2048K, 1 young (2048K), 1 survivors (2048K)
 Metaspace       used 28903K, committed 29120K, reserved 1114112K
  class space    used 3202K, committed 3328K, reserved 1048576K
}
Event: 2.740 GC heap before
{Heap before GC invocations=6 (full 0):
 garbage-first heap   total 55296K, used 40009K [0x0000000704400000, 0x0000000800000000)
  region size 2048K, 11 young (22528K), 1 survivors (2048K)
 Metaspace       used 32855K, committed 33088K, reserved 1114112K
  class space    used 3991K, committed 4096K, reserved 1048576K
}
Event: 2.749 GC heap after
{Heap after GC invocations=7 (full 0):
 garbage-first heap   total 55296K, used 22443K [0x0000000704400000, 0x0000000800000000)
  region size 2048K, 2 young (4096K), 2 survivors (4096K)
 Metaspace       used 32855K, committed 33088K, reserved 1114112K
  class space    used 3991K, committed 4096K, reserved 1048576K
}
Event: 3.064 GC heap before
{Heap before GC invocations=7 (full 0):
 garbage-first heap   total 55296K, used 34731K [0x0000000704400000, 0x0000000800000000)
  region size 2048K, 9 young (18432K), 2 survivors (4096K)
 Metaspace       used 35726K, committed 35968K, reserved 1114112K
  class space    used 4538K, committed 4672K, reserved 1048576K
}
Event: 3.074 GC heap after
{Heap after GC invocations=8 (full 0):
 garbage-first heap   total 157696K, used 24787K [0x0000000704400000, 0x0000000800000000)
  region size 2048K, 2 young (4096K), 2 survivors (4096K)
 Metaspace       used 35726K, committed 35968K, reserved 1114112K
  class space    used 4538K, committed 4672K, reserved 1048576K
}
Event: 4.419 GC heap before
{Heap before GC invocations=9 (full 0):
 garbage-first heap   total 96256K, used 78035K [0x0000000704400000, 0x0000000800000000)
  region size 2048K, 29 young (59392K), 2 survivors (4096K)
 Metaspace       used 47306K, committed 47552K, reserved 1114112K
  class space    used 5755K, committed 5888K, reserved 1048576K
}
Event: 4.434 GC heap after
{Heap after GC invocations=10 (full 0):
 garbage-first heap   total 96256K, used 28536K [0x0000000704400000, 0x0000000800000000)
  region size 2048K, 4 young (8192K), 4 survivors (8192K)
 Metaspace       used 47306K, committed 47552K, reserved 1114112K
  class space    used 5755K, committed 5888K, reserved 1048576K
}
Event: 5.638 GC heap before
{Heap before GC invocations=10 (full 0):
 garbage-first heap   total 96256K, used 69496K [0x0000000704400000, 0x0000000800000000)
  region size 2048K, 23 young (47104K), 4 survivors (8192K)
 Metaspace       used 51959K, committed 52288K, reserved 1114112K
  class space    used 6280K, committed 6464K, reserved 1048576K
}
Event: 5.658 GC heap after
{Heap after GC invocations=11 (full 0):
 garbage-first heap   total 96256K, used 38015K [0x0000000704400000, 0x0000000800000000)
  region size 2048K, 3 young (6144K), 3 survivors (6144K)
 Metaspace       used 51959K, committed 52288K, reserved 1114112K
  class space    used 6280K, committed 6464K, reserved 1048576K
}

Dll operation events (2 events):
Event: 0.007 Loaded shared library C:\Program Files\Android\Android Studio\jbr\bin\java.dll
Event: 1.412 Loaded shared library C:\Program Files\Android\Android Studio\jbr\bin\verify.dll

Deoptimization events (20 events):
Event: 5.944 Thread 0x00000181105b7420 Uncommon trap: trap_request=0xffffff45 fr.pc=0x000001811b8564ac relative=0x00000000000068ac
Event: 5.944 Thread 0x00000181105b7420 Uncommon trap: reason=unstable_if action=reinterpret pc=0x000001811b8564ac method=org.jetbrains.org.objectweb.asm.ClassReader.readMethod(Lorg/jetbrains/org/objectweb/asm/ClassVisitor;Lorg/jetbrains/org/objectweb/asm/Context;I)I @ 316 c2
Event: 5.944 Thread 0x00000181105b7420 DEOPT PACKING pc=0x000001811b8564ac sp=0x000000351e3fbe00
Event: 5.944 Thread 0x00000181105b7420 DEOPT UNPACKING pc=0x000001811af369a3 sp=0x000000351e3fbd88 mode 2
Event: 6.119 Thread 0x00000181105b7420 Uncommon trap: trap_request=0xffffff45 fr.pc=0x000001811b64b93c relative=0x00000000000004fc
Event: 6.119 Thread 0x00000181105b7420 Uncommon trap: reason=unstable_if action=reinterpret pc=0x000001811b64b93c method=java.lang.AbstractStringBuilder.putStringAt(ILjava/lang/String;II)V @ 8 c2
Event: 6.120 Thread 0x00000181105b7420 DEOPT PACKING pc=0x000001811b64b93c sp=0x000000351e3fcdc0
Event: 6.120 Thread 0x00000181105b7420 DEOPT UNPACKING pc=0x000001811af369a3 sp=0x000000351e3fcc48 mode 2
Event: 6.120 Thread 0x00000181105b7420 Uncommon trap: trap_request=0xffffff45 fr.pc=0x000001811b66dd7c relative=0x00000000000003dc
Event: 6.120 Thread 0x00000181105b7420 Uncommon trap: reason=unstable_if action=reinterpret pc=0x000001811b66dd7c method=java.lang.AbstractStringBuilder.isLatin1()Z @ 10 c2
Event: 6.120 Thread 0x00000181105b7420 DEOPT PACKING pc=0x000001811b66dd7c sp=0x000000351e3fcdd0
Event: 6.120 Thread 0x00000181105b7420 DEOPT UNPACKING pc=0x000001811af369a3 sp=0x000000351e3fcd50 mode 2
Event: 6.120 Thread 0x00000181105b7420 Uncommon trap: trap_request=0xffffff45 fr.pc=0x000001811b64cab4 relative=0x00000000000004f4
Event: 6.121 Thread 0x00000181105b7420 Uncommon trap: reason=unstable_if action=reinterpret pc=0x000001811b64cab4 method=java.lang.AbstractStringBuilder.putStringAt(ILjava/lang/String;II)V @ 8 c2
Event: 6.121 Thread 0x00000181105b7420 DEOPT PACKING pc=0x000001811b64cab4 sp=0x000000351e3fcd50
Event: 6.121 Thread 0x00000181105b7420 DEOPT UNPACKING pc=0x000001811af369a3 sp=0x000000351e3fcc40 mode 2
Event: 6.121 Thread 0x00000181105b7420 Uncommon trap: trap_request=0xffffff45 fr.pc=0x000001811b64b054 relative=0x0000000000000134
Event: 6.121 Thread 0x00000181105b7420 Uncommon trap: reason=unstable_if action=reinterpret pc=0x000001811b64b054 method=java.lang.AbstractStringBuilder.putStringAt(ILjava/lang/String;II)V @ 8 c2
Event: 6.121 Thread 0x00000181105b7420 DEOPT PACKING pc=0x000001811b64b054 sp=0x000000351e3fcd00
Event: 6.121 Thread 0x00000181105b7420 DEOPT UNPACKING pc=0x000001811af369a3 sp=0x000000351e3fcc48 mode 2

Classes unloaded (0 events):
No events

Classes redefined (0 events):
No events

Internal exceptions (20 events):
Event: 1.417 Thread 0x00000181105b7420 Exception <a 'java/lang/NoSuchMethodError'{0x00000007120d2980}: 'java.lang.Object java.lang.invoke.DirectMethodHandle$Holder.invokeStaticInit(java.lang.Object)'> (0x00000007120d2980) 
thrown [s\src\hotspot\share\interpreter\linkResolver.cpp, line 771]
Event: 1.673 Thread 0x00000181105b7420 Exception <a 'java/lang/NoSuchMethodError'{0x0000000706ed5e18}: 'java.lang.Object java.lang.invoke.DirectMethodHandle$Holder.invokeStaticInit(java.lang.Object, int)'> (0x0000000706ed5e18) 
thrown [s\src\hotspot\share\interpreter\linkResolver.cpp, line 771]
Event: 1.682 Thread 0x00000181105b7420 Exception <a 'java/lang/NoSuchMethodError'{0x0000000706f55730}: 'void java.lang.invoke.DirectMethodHandle$Holder.invokeStatic(java.lang.Object, java.lang.Object)'> (0x0000000706f55730) 
thrown [s\src\hotspot\share\interpreter\linkResolver.cpp, line 771]
Event: 1.718 Thread 0x00000181105b7420 Exception <a 'java/lang/NoSuchMethodError'{0x0000000706c8bc48}: 'long java.lang.invoke.DirectMethodHandle$Holder.invokeStatic(java.lang.Object)'> (0x0000000706c8bc48) 
thrown [s\src\hotspot\share\interpreter\linkResolver.cpp, line 771]
Event: 1.719 Thread 0x00000181105b7420 Exception <a 'java/lang/NoSuchMethodError'{0x0000000706c8f3a0}: 'long java.lang.invoke.DirectMethodHandle$Holder.invokeStaticInit(java.lang.Object)'> (0x0000000706c8f3a0) 
thrown [s\src\hotspot\share\interpreter\linkResolver.cpp, line 771]
Event: 1.785 Thread 0x00000181105b7420 Exception <a 'java/lang/NoSuchMethodError'{0x0000000706805e98}: 'int java.lang.invoke.DirectMethodHandle$Holder.invokeStaticInit(java.lang.Object, java.lang.Object, java.lang.Object)'> (0x0000000706805e98) 
thrown [s\src\hotspot\share\interpreter\linkResolver.cpp, line 771]
Event: 1.791 Thread 0x00000181105b7420 Exception <a 'java/lang/NoSuchMethodError'{0x000000070682d550}: 'int java.lang.invoke.DirectMethodHandle$Holder.invokeStaticInit(java.lang.Object, java.lang.Object)'> (0x000000070682d550) 
thrown [s\src\hotspot\share\interpreter\linkResolver.cpp, line 771]
Event: 1.809 Thread 0x00000181105b7420 Exception <a 'java/lang/NoSuchMethodError'{0x00000007069f0060}: 'void java.lang.invoke.DirectMethodHandle$Holder.invokeSpecial(java.lang.Object, java.lang.Object, java.lang.Object)'> (0x00000007069f0060) 
thrown [s\src\hotspot\share\interpreter\linkResolver.cpp, line 771]
Event: 2.149 Thread 0x00000181105b7420 Exception <a 'java/lang/NoSuchMethodError'{0x0000000705a7a3a0}: 'void java.lang.invoke.DirectMethodHandle$Holder.invokeStatic(java.lang.Object, java.lang.Object, java.lang.Object, java.lang.Object)'> (0x0000000705a7a3a0) 
thrown [s\src\hotspot\share\interpreter\linkResolver.cpp, line 771]
Event: 2.247 Thread 0x00000181105b7420 Exception <a 'java/lang/NoSuchMethodError'{0x0000000713e33600}: 'void java.lang.invoke.DirectMethodHandle$Holder.invokeStaticInit(java.lang.Object, java.lang.Object)'> (0x0000000713e33600) 
thrown [s\src\hotspot\share\interpreter\linkResolver.cpp, line 771]
Event: 2.340 Thread 0x00000181105b7420 Exception <a 'java/lang/NoSuchMethodError'{0x000000071329a260}: 'void java.lang.invoke.DirectMethodHandle$Holder.invokeVirtual(java.lang.Object, java.lang.Object)'> (0x000000071329a260) 
thrown [s\src\hotspot\share\interpreter\linkResolver.cpp, line 771]
Event: 2.355 Thread 0x00000181105b7420 Exception <a 'java/lang/NoSuchMethodError'{0x000000071333b178}: 'int java.lang.invoke.DirectMethodHandle$Holder.invokeVirtual(java.lang.Object, java.lang.Object)'> (0x000000071333b178) 
thrown [s\src\hotspot\share\interpreter\linkResolver.cpp, line 771]
Event: 2.375 Thread 0x00000181105b7420 Exception <a 'java/lang/NoSuchMethodError'{0x00000007133e18e0}: 'java.lang.Object java.lang.invoke.Invokers$Holder.invokeExact_MT(java.lang.Object, java.lang.Object, java.lang.Object, java.lang.Object, java.lang.Object, java.lang.Object)'> (0x00000007133e18e0) 
thrown [s\src\hotspot\share\interpreter\linkResolver.cpp, line 771]
Event: 3.244 Thread 0x00000181105b7420 Exception <a 'java/lang/NoSuchMethodError'{0x0000000709874ad8}: 'java.lang.Object java.lang.invoke.DirectMethodHandle$Holder.invokeVirtual(java.lang.Object, java.lang.Object, java.lang.Object)'> (0x0000000709874ad8) 
thrown [s\src\hotspot\share\interpreter\linkResolver.cpp, line 771]
Event: 4.080 Thread 0x00000181105b7420 Exception <a 'java/lang/NoSuchMethodError'{0x00000007073ec058}: 'java.lang.Object java.lang.invoke.DirectMethodHandle$Holder.newInvokeSpecial(java.lang.Object, java.lang.Object, int)'> (0x00000007073ec058) 
thrown [s\src\hotspot\share\interpreter\linkResolver.cpp, line 771]
Event: 4.930 Thread 0x00000181105b7420 Exception <a 'java/lang/NoSuchMethodError'{0x0000000709230c68}: 'java.lang.Object java.lang.invoke.DirectMethodHandle$Holder.newInvokeSpecial(java.lang.Object, java.lang.Object, java.lang.Object, int)'> (0x0000000709230c68) 
thrown [s\src\hotspot\share\interpreter\linkResolver.cpp, line 771]
Event: 4.931 Thread 0x00000181105b7420 Exception <a 'java/lang/NoSuchMethodError'{0x00000007092352f0}: 'java.lang.Object java.lang.invoke.DirectMethodHandle$Holder.invokeSpecial(java.lang.Object, java.lang.Object, java.lang.Object, java.lang.Object, int)'> (0x00000007092352f0) 
thrown [s\src\hotspot\share\interpreter\linkResolver.cpp, line 771]
Event: 4.932 Thread 0x00000181105b7420 Exception <a 'java/lang/NoSuchMethodError'{0x0000000709239160}: 'java.lang.Object java.lang.invoke.Invokers$Holder.linkToTargetMethod(java.lang.Object, java.lang.Object, int, java.lang.Object)'> (0x0000000709239160) 
thrown [s\src\hotspot\share\interpreter\linkResolver.cpp, line 771]
Event: 5.083 Thread 0x00000181105b7420 Exception <a 'java/lang/NoSuchMethodError'{0x0000000708c47a68}: 'java.lang.Object java.lang.invoke.DirectMethodHandle$Holder.invokeInterface(java.lang.Object, java.lang.Object)'> (0x0000000708c47a68) 
thrown [s\src\hotspot\share\interpreter\linkResolver.cpp, line 771]
Event: 6.085 Thread 0x00000181105b7420 Exception <a 'java/lang/NoSuchMethodError'{0x0000000708cee2d0}: 'int java.lang.invoke.DirectMethodHandle$Holder.invokeStaticInit(java.lang.Object, int)'> (0x0000000708cee2d0) 
thrown [s\src\hotspot\share\interpreter\linkResolver.cpp, line 771]

VM Operations (20 events):
Event: 4.419 Executing VM operation: G1CollectForAllocation
Event: 4.434 Executing VM operation: G1CollectForAllocation done
Event: 4.641 Executing VM operation: HandshakeAllThreads
Event: 4.642 Executing VM operation: HandshakeAllThreads done
Event: 4.662 Executing VM operation: HandshakeAllThreads
Event: 4.662 Executing VM operation: HandshakeAllThreads done
Event: 4.902 Executing VM operation: HandshakeAllThreads
Event: 4.902 Executing VM operation: HandshakeAllThreads done
Event: 5.041 Executing VM operation: ICBufferFull
Event: 5.042 Executing VM operation: ICBufferFull done
Event: 5.093 Executing VM operation: HandshakeAllThreads
Event: 5.093 Executing VM operation: HandshakeAllThreads done
Event: 5.581 Executing VM operation: ICBufferFull
Event: 5.582 Executing VM operation: ICBufferFull done
Event: 5.637 Executing VM operation: G1CollectForAllocation
Event: 5.658 Executing VM operation: G1CollectForAllocation done
Event: 5.764 Executing VM operation: HandshakeAllThreads
Event: 5.764 Executing VM operation: HandshakeAllThreads done
Event: 5.966 Executing VM operation: HandshakeAllThreads
Event: 5.966 Executing VM operation: HandshakeAllThreads done

Events (20 events):
Event: 4.278 loading class java/security/CodeSigner
Event: 4.278 loading class java/security/CodeSigner done
Event: 4.493 loading class java/text/StringCharacterIterator
Event: 4.493 loading class java/text/CharacterIterator
Event: 4.493 loading class java/text/CharacterIterator done
Event: 4.493 loading class java/text/StringCharacterIterator done
Event: 4.901 loading class java/util/ArrayList$ListItr
Event: 4.901 loading class java/util/ArrayList$ListItr done
Event: 5.134 loading class java/util/AbstractList$RandomAccessSpliterator
Event: 5.134 loading class java/util/AbstractList$RandomAccessSpliterator done
Event: 5.135 loading class java/util/stream/ReferencePipeline$2
Event: 5.135 loading class java/util/stream/ReferencePipeline$2 done
Event: 5.138 loading class java/util/stream/ReferencePipeline$2$1
Event: 5.138 loading class java/util/stream/ReferencePipeline$2$1 done
Event: 5.153 loading class java/util/RegularEnumSet$EnumSetIterator
Event: 5.153 loading class java/util/RegularEnumSet$EnumSetIterator done
Event: 5.762 loading class java/util/AbstractList$RandomAccessSubList
Event: 5.763 loading class java/util/AbstractList$RandomAccessSubList done
Event: 5.922 loading class java/util/Collections$SingletonMap
Event: 5.923 loading class java/util/Collections$SingletonMap done


Dynamic libraries:
0x00007ff662b50000 - 0x00007ff662b5a000 	C:\Program Files\Android\Android Studio\jbr\bin\java.exe
0x00007ffc5d130000 - 0x00007ffc5d347000 	C:\Windows\SYSTEM32\ntdll.dll
0x00007ffc5bd80000 - 0x00007ffc5be44000 	C:\Windows\System32\KERNEL32.DLL
0x00007ffc5a720000 - 0x00007ffc5aac6000 	C:\Windows\System32\KERNELBASE.dll
0x00007ffc5aad0000 - 0x00007ffc5abe1000 	C:\Windows\System32\ucrtbase.dll
0x00007ffc45630000 - 0x00007ffc4564b000 	C:\Program Files\Android\Android Studio\jbr\bin\VCRUNTIME140.dll
0x00007ffc42a40000 - 0x00007ffc42a57000 	C:\Program Files\Android\Android Studio\jbr\bin\jli.dll
0x00007ffc5b930000 - 0x00007ffc5bade000 	C:\Windows\System32\USER32.dll
0x00007ffc5a4a0000 - 0x00007ffc5a4c6000 	C:\Windows\System32\win32u.dll
0x00007ffc3d910000 - 0x00007ffc3dba3000 	C:\Windows\WinSxS\amd64_microsoft.windows.common-controls_6595b64144ccf1df_6.0.22621.2506_none_270c5ae97388e100\COMCTL32.dll
0x00007ffc5bbf0000 - 0x00007ffc5bc19000 	C:\Windows\System32\GDI32.dll
0x00007ffc5ae80000 - 0x00007ffc5af27000 	C:\Windows\System32\msvcrt.dll
0x00007ffc5a600000 - 0x00007ffc5a718000 	C:\Windows\System32\gdi32full.dll
0x00007ffc5ad60000 - 0x00007ffc5adfa000 	C:\Windows\System32\msvcp_win.dll
0x00007ffc5b5e0000 - 0x00007ffc5b611000 	C:\Windows\System32\IMM32.DLL
0x00007ffc3d8d0000 - 0x00007ffc3d8dc000 	C:\Program Files\Android\Android Studio\jbr\bin\vcruntime140_1.dll
0x00007ffbb8540000 - 0x00007ffbb85cd000 	C:\Program Files\Android\Android Studio\jbr\bin\msvcp140.dll
0x00007ffbb6f20000 - 0x00007ffbb7ba0000 	C:\Program Files\Android\Android Studio\jbr\bin\server\jvm.dll
0x00007ffc5d030000 - 0x00007ffc5d0e1000 	C:\Windows\System32\ADVAPI32.dll
0x00007ffc5cdd0000 - 0x00007ffc5ce75000 	C:\Windows\System32\sechost.dll
0x00007ffc5b670000 - 0x00007ffc5b787000 	C:\Windows\System32\RPCRT4.dll
0x00007ffc54410000 - 0x00007ffc54444000 	C:\Windows\SYSTEM32\WINMM.dll
0x00007ffc53680000 - 0x00007ffc53689000 	C:\Windows\SYSTEM32\WSOCK32.dll
0x00007ffc448d0000 - 0x00007ffc448da000 	C:\Windows\SYSTEM32\VERSION.dll
0x00007ffc5cc50000 - 0x00007ffc5ccc1000 	C:\Windows\System32\WS2_32.dll
0x00007ffc59590000 - 0x00007ffc595a8000 	C:\Windows\SYSTEM32\kernel.appcore.dll
0x00007ffc52520000 - 0x00007ffc5252a000 	C:\Program Files\Android\Android Studio\jbr\bin\jimage.dll
0x00007ffc578c0000 - 0x00007ffc57af3000 	C:\Windows\SYSTEM32\DBGHELP.DLL
0x00007ffc5b1d0000 - 0x00007ffc5b559000 	C:\Windows\System32\combase.dll
0x00007ffc5af30000 - 0x00007ffc5b007000 	C:\Windows\System32\OLEAUT32.dll
0x00007ffc1eb60000 - 0x00007ffc1eb92000 	C:\Windows\SYSTEM32\dbgcore.DLL
0x00007ffc5ae00000 - 0x00007ffc5ae7a000 	C:\Windows\System32\bcryptPrimitives.dll
0x00007ffc50d10000 - 0x00007ffc50d35000 	C:\Program Files\Android\Android Studio\jbr\bin\java.dll
0x00007ffc51d00000 - 0x00007ffc51d18000 	C:\Program Files\Android\Android Studio\jbr\bin\zip.dll
0x00007ffc5c380000 - 0x00007ffc5cbda000 	C:\Windows\System32\SHELL32.dll
0x00007ffc58390000 - 0x00007ffc58c86000 	C:\Windows\SYSTEM32\windows.storage.dll
0x00007ffc58250000 - 0x00007ffc5838e000 	C:\Windows\SYSTEM32\wintypes.dll
0x00007ffc5b7b0000 - 0x00007ffc5b8a3000 	C:\Windows\System32\SHCORE.dll
0x00007ffc5bb90000 - 0x00007ffc5bbee000 	C:\Windows\System32\shlwapi.dll
0x00007ffc5a3d0000 - 0x00007ffc5a3f6000 	C:\Windows\SYSTEM32\profapi.dll
0x00007ffc51c40000 - 0x00007ffc51c59000 	C:\Program Files\Android\Android Studio\jbr\bin\net.dll
0x00007ffc530a0000 - 0x00007ffc531d7000 	C:\Windows\SYSTEM32\WINHTTP.dll
0x00007ffc59a10000 - 0x00007ffc59a79000 	C:\Windows\system32\mswsock.dll
0x00007ffc455f0000 - 0x00007ffc45606000 	C:\Program Files\Android\Android Studio\jbr\bin\nio.dll
0x00007ffc455e0000 - 0x00007ffc455f0000 	C:\Program Files\Android\Android Studio\jbr\bin\verify.dll

dbghelp: loaded successfully - version: 4.0.5 - missing functions: none
symbol engine: initialized successfully - sym options: 0x614 - pdb path: .;C:\Program Files\Android\Android Studio\jbr\bin;C:\Windows\SYSTEM32;C:\Windows\WinSxS\amd64_microsoft.windows.common-controls_6595b64144ccf1df_6.0.22621.2506_none_270c5ae97388e100;C:\Program Files\Android\Android Studio\jbr\bin\server

VM Arguments:
java_command: org.jetbrains.kotlin.cli.jvm.K2JVMCompiler @C:\Users\Svetl\AndroidStudioProjects\up5v1\app\build\20231213_9656153019693884445.compiler.options
java_class_path (initial): C:\Users\Svetl\.gradle\caches\modules-2\files-2.1\org.jetbrains.kotlin\kotlin-compiler-embeddable\1.7.10\909803167c98606fcf22b4c848647c68e351d48d\kotlin-compiler-embeddable-1.7.10.jar;C:\Users\Svetl\.gradle\caches\modules-2\files-2.1\org.jetbrains.kotlin\kotlin-reflect\1.7.10\165e600dfea6185cf5efa700756294cc4904dbeb\kotlin-reflect-1.7.10.jar;C:\Users\Svetl\.gradle\caches\modules-2\files-2.1\org.jetbrains.kotlin\kotlin-stdlib\1.7.10\d2abf9e77736acc4450dc4a3f707fa2c10f5099d\kotlin-stdlib-1.7.10.jar;C:\Users\Svetl\.gradle\caches\modules-2\files-2.1\org.jetbrains.kotlin\kotlin-script-runtime\1.7.10\c99c87a6988d8fd8d5142e9ed5c9f34a7cf561ee\kotlin-script-runtime-1.7.10.jar;C:\Users\Svetl\.gradle\caches\modules-2\files-2.1\org.jetbrains.kotlin\kotlin-daemon-embeddable\1.7.10\3a9f7aef7080d3ae63126cbba4f827ed664f32fa\kotlin-daemon-embeddable-1.7.10.jar;C:\Users\Svetl\.gradle\caches\modules-2\files-2.1\org.jetbrains.intellij.deps\trove4j\1.0.20200330\3afb14d5f9ceb459d724e907a21145e8ff394f02\trove4j-1.0.20200330.jar;C:\Users\Svetl\.gradle\caches\modules-2\files-2.1\net.java.dev.jna\jna\5.6.0\330f2244e9030119ab3030fc3fededc86713d9cc\jna-5.6.0.jar;C:\Users\Svetl\.gradle\caches\modules-2\files-2.1\org.jetbrains.kotlin\kotlin-stdlib-common\1.7.10\bac80c520d0a9e3f3673bc2658c6ed02ef45a76a\kotlin-stdlib-common-1.7.10.jar;C:\Users\Svetl\.gradle\caches\modules-2\files-2.1\org.jetbrains\annotations\13.0\919f0dfe192fb4e063e7dacadee7f8bb9a2672a9\annotations-13.0.jar
Launcher Type: SUN_STANDARD

[Global flags]
     intx CICompilerCount                          = 12                                        {product} {ergonomic}
     uint ConcGCThreads                            = 4                                         {product} {ergonomic}
     uint G1ConcRefinementThreads                  = 15                                        {product} {ergonomic}
   size_t G1HeapRegionSize                         = 2097152                                   {product} {ergonomic}
    uintx GCDrainStackTargetSize                   = 64                                        {product} {ergonomic}
   size_t InitialHeapSize                          = 264241152                                 {product} {ergonomic}
   size_t MarkStackSize                            = 4194304                                   {product} {ergonomic}
   size_t MaxHeapSize                              = 4223664128                                {product} {ergonomic}
   size_t MaxNewSize                               = 2533359616                                {product} {ergonomic}
   size_t MinHeapDeltaBytes                        = 2097152                                   {product} {ergonomic}
   size_t MinHeapSize                              = 8388608                                   {product} {ergonomic}
    uintx NonNMethodCodeHeapSize                   = 7602480                                {pd product} {ergonomic}
    uintx NonProfiledCodeHeapSize                  = 122027880                              {pd product} {ergonomic}
    uintx ProfiledCodeHeapSize                     = 122027880                              {pd product} {ergonomic}
    uintx ReservedCodeCacheSize                    = 251658240                              {pd product} {ergonomic}
     bool SegmentedCodeCache                       = true                                      {product} {ergonomic}
   size_t SoftMaxHeapSize                          = 4223664128                             {manageable} {ergonomic}
     bool UseCompressedClassPointers               = true                           {product lp64_product} {ergonomic}
     bool UseCompressedOops                        = true                           {product lp64_product} {ergonomic}
     bool UseG1GC                                  = true                                      {product} {ergonomic}
     bool UseLargePagesIndividualAllocation        = false                                  {pd product} {ergonomic}

Logging:
Log output configuration:
 #0: stdout all=warning uptime,level,tags
 #1: stderr all=off uptime,level,tags

Environment Variables:
PATH=C:\Program Files\Microsoft\jdk-11.0.16.101-hotspot\bin;C:\Windows\System32\HWAudioDriverLibs;C:\Windows\system32;C:\Windows;C:\Windows\System32\Wbem;C:\Windows\System32\WindowsPowerShell\v1.0\;C:\Windows\System32\OpenSSH\;C:\Users\Administrator\AppData\Local\Microsoft\WindowsApps;C:\Program Files\Microsoft SQL Server\Client SDK\ODBC\170\Tools\Binn\;C:\Program Files\Azure Data Studio\bin;C:\Program Files\dotnet\;C:\Program Files (x86)\Microsoft SQL Server\150\Tools\Binn\;C:\Program Files\Microsoft SQL Server\150\Tools\Binn\;C:\Program Files\Microsoft SQL Server\150\DTS\Binn\;C:\Program Files (x86)\Microsoft SQL Server\160\DTS\Binn\;C:\Program Files\Git\cmd;C:\Users\Svetl\AppData\Local\Microsoft\WindowsApps;C:\Program Files\Azure Data Studio\bin;C:\Users\Svetl\.dotnet\tools
USERNAME=Svetl
OS=Windows_NT
PROCESSOR_IDENTIFIER=Intel64 Family 6 Model 154 Stepping 3, GenuineIntel
TMP=C:\Users\Svetl\AppData\Local\Temp
TEMP=C:\Users\Svetl\AppData\Local\Temp


JNI global refs:
JNI global refs: 20, weak refs: 0

JNI global refs memory usage: 843, weak refs: 841

OOME stack traces (most recent first):
Classloader memory used:
Loader jdk.internal.loader.ClassLoaders$AppClassLoader                                 : 4973K
Loader bootstrap                                                                       : 1632K
Loader jdk.internal.loader.ClassLoaders$PlatformClassLoader                            : 36597B
Loader java.net.URLClassLoader                                                         : 22349B
Loader jdk.internal.reflect.DelegatingClassLoader                                      : 11956B


---------------  S Y S T E M  ---------------

OS:
 Windows 11 , 64 bit Build 22621 (10.0.22621.2506)
OS uptime: 0 days 4:24 hours
Hyper-V role detected

CPU: total 20 (initial active 20) (10 cores per cpu, 2 threads per core) family 6 model 154 stepping 3 microcode 0x41e, cx8, cmov, fxsr, ht, mmx, 3dnowpref, sse, sse2, sse3, ssse3, sse4.1, sse4.2, popcnt, lzcnt, tsc, tscinvbit, avx, avx2, aes, erms, clmul, bmi1, bmi2, adx, sha, fma, vzeroupper, clflush, clflushopt, clwb, hv

Memory: 4k page, system-wide physical 16110M (1370M free)
TotalPageFile size 16110M (AvailPageFile size 10M)
current process WorkingSet (physical memory assigned to process): 271M, peak: 277M
current process commit charge ("private bytes"): 326M, peak: 382M

vm_info: OpenJDK 64-Bit Server VM (17.0.7+0-b2043.56-10550314) for windows-amd64 JRE (17.0.7+0-b2043.56-10550314), built on Jul 24 2023 18:27:45 by "androidbuild" with MS VC++ 16.10 / 16.11 (VS2019)

END.
