#
# There is insufficient memory for the Java Runtime Environment to continue.
# Native memory allocation (mmap) failed to map 65536 bytes for Failed to commit metaspace.
# Possible reasons:
#   The system is out of physical RAM or swap space
#   The process is running with CompressedOops enabled, and the Java Heap may be blocking the growth of the native heap
# Possible solutions:
#   Reduce memory load on the system
#   Increase physical memory or swap space
#   Check if swap backing store is full
#   Decrease Java heap size (-Xmx/-Xms)
#   Decrease number of Java threads
#   Decrease Java thread stack sizes (-Xss)
#   Set larger code cache with -XX:ReservedCodeCacheSize=
#   JVM is running with Zero Based Compressed Oops mode in which the Java heap is
#     placed in the first 32GB address space. The Java Heap base address is the
#     maximum limit for the native heap growth. Please use -XX:HeapBaseMinAddress
#     to set the Java Heap base and to place the Java Heap above 32GB virtual address.
# This output file may be truncated or incomplete.
#
#  Out of Memory Error (virtualSpaceNode.cpp:110), pid=16908, tid=10236
#
# JRE version: OpenJDK Runtime Environment (17.0.7) (build 17.0.7+0-b2043.56-10550314)
# Java VM: OpenJDK 64-Bit Server VM (17.0.7+0-b2043.56-10550314, mixed mode, tiered, compressed oops, compressed class ptrs, g1 gc, windows-amd64)
# No core dump will be written. Minidumps are not enabled by default on client versions of Windows
#

---------------  S U M M A R Y ------------

Command Line: org.jetbrains.kotlin.cli.jvm.K2JVMCompiler @C:\Users\Svetl\AndroidStudioProjects\up5v1\app\build\20231211_10768502557325720464.compiler.options

Host: 12th Gen Intel(R) Core(TM) i7-12700H, 20 cores, 15G,  Windows 11 , 64 bit Build 22621 (10.0.22621.2506)
Time: Mon Dec 11 01:59:27 2023 RTZ 4 (s 11 , 64 bit Build 22621 (10.0.22621.2506) elapsed time: 0.815289 seconds (0d 0h 0m 0s)

---------------  T H R E A D  ---------------

Current thread (0x000002288621acf0):  JavaThread "C1 CompilerThread1" daemon [_thread_in_vm, id=10236, stack(0x00000040a6000000,0x00000040a6100000)]


Current CompileTask:
C1:    815 1601       3       sun.reflect.annotation.AnnotationParser::parseMemberValue (230 bytes)

Stack: [0x00000040a6000000,0x00000040a6100000]
Native frames: (J=compiled Java code, j=interpreted, Vv=VM code, C=native code)
V  [jvm.dll+0x683bfa]
V  [jvm.dll+0x8430a4]
V  [jvm.dll+0x8449be]
V  [jvm.dll+0x845023]
V  [jvm.dll+0x24ad2f]
V  [jvm.dll+0x83e45b]
V  [jvm.dll+0x6281e6]
V  [jvm.dll+0x62824a]
V  [jvm.dll+0x62aa6a]
V  [jvm.dll+0x628b86]
V  [jvm.dll+0x639e5a]
V  [jvm.dll+0x632c8a]
V  [jvm.dll+0x1ceb70]
V  [jvm.dll+0x1ced60]
V  [jvm.dll+0x148c51]
V  [jvm.dll+0x148a95]
V  [jvm.dll+0x1402de]
V  [jvm.dll+0x142895]
V  [jvm.dll+0x140b74]
V  [jvm.dll+0x13aaef]
V  [jvm.dll+0x14a6f6]
V  [jvm.dll+0x1361e0]
V  [jvm.dll+0x136540]
V  [jvm.dll+0x136806]
V  [jvm.dll+0x135c9a]
V  [jvm.dll+0x137961]
V  [jvm.dll+0x22c148]
V  [jvm.dll+0x22a209]
V  [jvm.dll+0x7f858c]
V  [jvm.dll+0x7f2aea]
V  [jvm.dll+0x682a35]
C  [ucrtbase.dll+0x29363]
C  [KERNEL32.DLL+0x1257d]
C  [ntdll.dll+0x5aa58]


---------------  P R O C E S S  ---------------

Threads class SMR info:
_java_thread_list=0x000002288663a280, length=16, elements={
0x00000228e2559860, 0x00000228860625d0, 0x0000022886063240, 0x0000022886094790,
0x0000022886097150, 0x0000022886097b00, 0x00000228860984b0, 0x0000022886099240,
0x0000022886099ce0, 0x00000228860bbc80, 0x000002288621acf0, 0x000002288621b200,
0x0000022886258fc0, 0x000002288624c1e0, 0x00000228862d7cb0, 0x00000228866bc730
}

Java Threads: ( => current thread )
  0x00000228e2559860 JavaThread "main" [_thread_in_vm, id=15164, stack(0x00000040a5000000,0x00000040a5100000)]
  0x00000228860625d0 JavaThread "Reference Handler" daemon [_thread_blocked, id=10312, stack(0x00000040a5700000,0x00000040a5800000)]
  0x0000022886063240 JavaThread "Finalizer" daemon [_thread_blocked, id=13684, stack(0x00000040a5800000,0x00000040a5900000)]
  0x0000022886094790 JavaThread "Signal Dispatcher" daemon [_thread_blocked, id=17932, stack(0x00000040a5900000,0x00000040a5a00000)]
  0x0000022886097150 JavaThread "Attach Listener" daemon [_thread_blocked, id=14244, stack(0x00000040a5a00000,0x00000040a5b00000)]
  0x0000022886097b00 JavaThread "Service Thread" daemon [_thread_blocked, id=24260, stack(0x00000040a5b00000,0x00000040a5c00000)]
  0x00000228860984b0 JavaThread "Monitor Deflation Thread" daemon [_thread_blocked, id=5916, stack(0x00000040a5c00000,0x00000040a5d00000)]
  0x0000022886099240 JavaThread "C2 CompilerThread0" daemon [_thread_blocked, id=10264, stack(0x00000040a5d00000,0x00000040a5e00000)]
  0x0000022886099ce0 JavaThread "C1 CompilerThread0" daemon [_thread_blocked, id=23432, stack(0x00000040a5e00000,0x00000040a5f00000)]
  0x00000228860bbc80 JavaThread "Sweeper thread" daemon [_thread_blocked, id=24540, stack(0x00000040a5f00000,0x00000040a6000000)]
=>0x000002288621acf0 JavaThread "C1 CompilerThread1" daemon [_thread_in_vm, id=10236, stack(0x00000040a6000000,0x00000040a6100000)]
  0x000002288621b200 JavaThread "C1 CompilerThread2" daemon [_thread_blocked, id=12140, stack(0x00000040a6100000,0x00000040a6200000)]
  0x0000022886258fc0 JavaThread "Notification Thread" daemon [_thread_blocked, id=6396, stack(0x00000040a6200000,0x00000040a6300000)]
  0x000002288624c1e0 JavaThread "Common-Cleaner" daemon [_thread_blocked, id=9284, stack(0x00000040a6400000,0x00000040a6500000)]
  0x00000228862d7cb0 JavaThread "C2 CompilerThread1" daemon [_thread_blocked, id=2560, stack(0x00000040a6500000,0x00000040a6600000)]
  0x00000228866bc730 JavaThread "C1 CompilerThread3" daemon [_thread_blocked, id=20428, stack(0x00000040a6600000,0x00000040a6700000)]

Other Threads:
  0x000002288605d9b0 VMThread "VM Thread" [stack: 0x00000040a5600000,0x00000040a5700000] [id=9240]
  0x0000022886259490 WatcherThread [stack: 0x00000040a6300000,0x00000040a6400000] [id=21952]
  0x00000228e25c6fa0 GCTaskThread "GC Thread#0" [stack: 0x00000040a5100000,0x00000040a5200000] [id=9208]
  0x00000228867415f0 GCTaskThread "GC Thread#1" [stack: 0x00000040a6700000,0x00000040a6800000] [id=23912]
  0x0000022886911640 GCTaskThread "GC Thread#2" [stack: 0x00000040a6800000,0x00000040a6900000] [id=13044]
  0x00000228869118f0 GCTaskThread "GC Thread#3" [stack: 0x00000040a6900000,0x00000040a6a00000] [id=13496]
  0x0000022886911ba0 GCTaskThread "GC Thread#4" [stack: 0x00000040a6a00000,0x00000040a6b00000] [id=22728]
  0x00000228866e3a20 GCTaskThread "GC Thread#5" [stack: 0x00000040a6b00000,0x00000040a6c00000] [id=11104]
  0x00000228e25d79a0 ConcurrentGCThread "G1 Main Marker" [stack: 0x00000040a5200000,0x00000040a5300000] [id=11864]
  0x00000228e25d82b0 ConcurrentGCThread "G1 Conc#0" [stack: 0x00000040a5300000,0x00000040a5400000] [id=18232]
  0x00000228e261e8f0 ConcurrentGCThread "G1 Refine#0" [stack: 0x00000040a5400000,0x00000040a5500000] [id=11180]
  0x00000228ffc22ab0 ConcurrentGCThread "G1 Service" [stack: 0x00000040a5500000,0x00000040a5600000] [id=4920]

Threads with active compile tasks:
C1 CompilerThread0      826 1597       3       kotlin.reflect.jvm.internal.impl.resolve.constants.ConstantValueFactory::createConstantValue (477 bytes)
C1 CompilerThread1      826 1601       3       sun.reflect.annotation.AnnotationParser::parseMemberValue (230 bytes)
C1 CompilerThread2      826 1602       3       kotlin.reflect.jvm.internal.impl.descriptors.runtime.structure.ReflectClassUtilKt::getDesc (362 bytes)

VM state: not at safepoint (normal execution)

VM Mutex/Monitor currently owned by a thread:  ([mutex/lock_event])
[0x00000228e024e020] Metaspace_lock - owner thread: 0x000002288621acf0
[0x00000228e2555c10] MethodData_lock - owner thread: 0x000002288621acf0

Heap address: 0x0000000704400000, size: 4028 MB, Compressed Oops mode: Zero based, Oop shift amount: 3

CDS archive(s) not mapped
Compressed class space mapped at: 0x0000000800000000-0x0000000840000000, reserved size: 1073741824
Narrow klass base: 0x0000000800000000, Narrow klass shift: 0, Narrow klass range: 0x40000000

GC Precious Log:
 CPUs: 20 total, 20 available
 Memory: 16110M
 Large Page Support: Disabled
 NUMA Support: Disabled
 Compressed Oops: Enabled (Zero based)
 Heap Region Size: 2M
 Heap Min Capacity: 8M
 Heap Initial Capacity: 252M
 Heap Max Capacity: 4028M
 Pre-touch: Disabled
 Parallel Workers: 15
 Concurrent Workers: 4
 Concurrent Refinement Workers: 15
 Periodic GC: Disabled

Heap:
 garbage-first heap   total 258048K, used 27672K [0x0000000704400000, 0x0000000800000000)
  region size 2048K, 13 young (26624K), 2 survivors (4096K)
 Metaspace       used 16398K, committed 16512K, reserved 1114112K
  class space    used 1621K, committed 1664K, reserved 1048576K

Heap Regions: E=young(eden), S=young(survivor), O=old, HS=humongous(starts), HC=humongous(continues), CS=collection set, F=free, OA=open archive, CA=closed archive, TAMS=top-at-mark-start (previous, next)
|   0|0x0000000704400000, 0x0000000704600000, 0x0000000704600000|100%|HS|  |TAMS 0x0000000704400000, 0x0000000704400000| Complete 
|   1|0x0000000704600000, 0x0000000704800000, 0x0000000704800000|100%|HC|  |TAMS 0x0000000704600000, 0x0000000704600000| Complete 
|   2|0x0000000704800000, 0x0000000704800000, 0x0000000704a00000|  0%| F|  |TAMS 0x0000000704800000, 0x0000000704800000| Untracked 
|   3|0x0000000704a00000, 0x0000000704a00000, 0x0000000704c00000|  0%| F|  |TAMS 0x0000000704a00000, 0x0000000704a00000| Untracked 
|   4|0x0000000704c00000, 0x0000000704c00000, 0x0000000704e00000|  0%| F|  |TAMS 0x0000000704c00000, 0x0000000704c00000| Untracked 
|   5|0x0000000704e00000, 0x0000000704e00000, 0x0000000705000000|  0%| F|  |TAMS 0x0000000704e00000, 0x0000000704e00000| Untracked 
|   6|0x0000000705000000, 0x0000000705000000, 0x0000000705200000|  0%| F|  |TAMS 0x0000000705000000, 0x0000000705000000| Untracked 
|   7|0x0000000705200000, 0x0000000705200000, 0x0000000705400000|  0%| F|  |TAMS 0x0000000705200000, 0x0000000705200000| Untracked 
|   8|0x0000000705400000, 0x0000000705400000, 0x0000000705600000|  0%| F|  |TAMS 0x0000000705400000, 0x0000000705400000| Untracked 
|   9|0x0000000705600000, 0x0000000705600000, 0x0000000705800000|  0%| F|  |TAMS 0x0000000705600000, 0x0000000705600000| Untracked 
|  10|0x0000000705800000, 0x0000000705800000, 0x0000000705a00000|  0%| F|  |TAMS 0x0000000705800000, 0x0000000705800000| Untracked 
|  11|0x0000000705a00000, 0x0000000705a00000, 0x0000000705c00000|  0%| F|  |TAMS 0x0000000705a00000, 0x0000000705a00000| Untracked 
|  12|0x0000000705c00000, 0x0000000705c00000, 0x0000000705e00000|  0%| F|  |TAMS 0x0000000705c00000, 0x0000000705c00000| Untracked 
|  13|0x0000000705e00000, 0x0000000705e00000, 0x0000000706000000|  0%| F|  |TAMS 0x0000000705e00000, 0x0000000705e00000| Untracked 
|  14|0x0000000706000000, 0x0000000706000000, 0x0000000706200000|  0%| F|  |TAMS 0x0000000706000000, 0x0000000706000000| Untracked 
|  15|0x0000000706200000, 0x0000000706200000, 0x0000000706400000|  0%| F|  |TAMS 0x0000000706200000, 0x0000000706200000| Untracked 
|  16|0x0000000706400000, 0x0000000706400000, 0x0000000706600000|  0%| F|  |TAMS 0x0000000706400000, 0x0000000706400000| Untracked 
|  17|0x0000000706600000, 0x0000000706600000, 0x0000000706800000|  0%| F|  |TAMS 0x0000000706600000, 0x0000000706600000| Untracked 
|  18|0x0000000706800000, 0x0000000706800000, 0x0000000706a00000|  0%| F|  |TAMS 0x0000000706800000, 0x0000000706800000| Untracked 
|  19|0x0000000706a00000, 0x0000000706a00000, 0x0000000706c00000|  0%| F|  |TAMS 0x0000000706a00000, 0x0000000706a00000| Untracked 
|  20|0x0000000706c00000, 0x0000000706c00000, 0x0000000706e00000|  0%| F|  |TAMS 0x0000000706c00000, 0x0000000706c00000| Untracked 
|  21|0x0000000706e00000, 0x0000000706e00000, 0x0000000707000000|  0%| F|  |TAMS 0x0000000706e00000, 0x0000000706e00000| Untracked 
|  22|0x0000000707000000, 0x0000000707000000, 0x0000000707200000|  0%| F|  |TAMS 0x0000000707000000, 0x0000000707000000| Untracked 
|  23|0x0000000707200000, 0x0000000707200000, 0x0000000707400000|  0%| F|  |TAMS 0x0000000707200000, 0x0000000707200000| Untracked 
|  24|0x0000000707400000, 0x0000000707400000, 0x0000000707600000|  0%| F|  |TAMS 0x0000000707400000, 0x0000000707400000| Untracked 
|  25|0x0000000707600000, 0x0000000707600000, 0x0000000707800000|  0%| F|  |TAMS 0x0000000707600000, 0x0000000707600000| Untracked 
|  26|0x0000000707800000, 0x0000000707800000, 0x0000000707a00000|  0%| F|  |TAMS 0x0000000707800000, 0x0000000707800000| Untracked 
|  27|0x0000000707a00000, 0x0000000707a00000, 0x0000000707c00000|  0%| F|  |TAMS 0x0000000707a00000, 0x0000000707a00000| Untracked 
|  28|0x0000000707c00000, 0x0000000707c00000, 0x0000000707e00000|  0%| F|  |TAMS 0x0000000707c00000, 0x0000000707c00000| Untracked 
|  29|0x0000000707e00000, 0x0000000707e00000, 0x0000000708000000|  0%| F|  |TAMS 0x0000000707e00000, 0x0000000707e00000| Untracked 
|  30|0x0000000708000000, 0x0000000708000000, 0x0000000708200000|  0%| F|  |TAMS 0x0000000708000000, 0x0000000708000000| Untracked 
|  31|0x0000000708200000, 0x0000000708200000, 0x0000000708400000|  0%| F|  |TAMS 0x0000000708200000, 0x0000000708200000| Untracked 
|  32|0x0000000708400000, 0x0000000708400000, 0x0000000708600000|  0%| F|  |TAMS 0x0000000708400000, 0x0000000708400000| Untracked 
|  33|0x0000000708600000, 0x0000000708600000, 0x0000000708800000|  0%| F|  |TAMS 0x0000000708600000, 0x0000000708600000| Untracked 
|  34|0x0000000708800000, 0x0000000708800000, 0x0000000708a00000|  0%| F|  |TAMS 0x0000000708800000, 0x0000000708800000| Untracked 
|  35|0x0000000708a00000, 0x0000000708a00000, 0x0000000708c00000|  0%| F|  |TAMS 0x0000000708a00000, 0x0000000708a00000| Untracked 
|  36|0x0000000708c00000, 0x0000000708c00000, 0x0000000708e00000|  0%| F|  |TAMS 0x0000000708c00000, 0x0000000708c00000| Untracked 
|  37|0x0000000708e00000, 0x0000000708e00000, 0x0000000709000000|  0%| F|  |TAMS 0x0000000708e00000, 0x0000000708e00000| Untracked 
|  38|0x0000000709000000, 0x0000000709000000, 0x0000000709200000|  0%| F|  |TAMS 0x0000000709000000, 0x0000000709000000| Untracked 
|  39|0x0000000709200000, 0x0000000709200000, 0x0000000709400000|  0%| F|  |TAMS 0x0000000709200000, 0x0000000709200000| Untracked 
|  40|0x0000000709400000, 0x0000000709400000, 0x0000000709600000|  0%| F|  |TAMS 0x0000000709400000, 0x0000000709400000| Untracked 
|  41|0x0000000709600000, 0x0000000709600000, 0x0000000709800000|  0%| F|  |TAMS 0x0000000709600000, 0x0000000709600000| Untracked 
|  42|0x0000000709800000, 0x0000000709800000, 0x0000000709a00000|  0%| F|  |TAMS 0x0000000709800000, 0x0000000709800000| Untracked 
|  43|0x0000000709a00000, 0x0000000709a00000, 0x0000000709c00000|  0%| F|  |TAMS 0x0000000709a00000, 0x0000000709a00000| Untracked 
|  44|0x0000000709c00000, 0x0000000709c00000, 0x0000000709e00000|  0%| F|  |TAMS 0x0000000709c00000, 0x0000000709c00000| Untracked 
|  45|0x0000000709e00000, 0x0000000709e00000, 0x000000070a000000|  0%| F|  |TAMS 0x0000000709e00000, 0x0000000709e00000| Untracked 
|  46|0x000000070a000000, 0x000000070a000000, 0x000000070a200000|  0%| F|  |TAMS 0x000000070a000000, 0x000000070a000000| Untracked 
|  47|0x000000070a200000, 0x000000070a200000, 0x000000070a400000|  0%| F|  |TAMS 0x000000070a200000, 0x000000070a200000| Untracked 
|  48|0x000000070a400000, 0x000000070a400000, 0x000000070a600000|  0%| F|  |TAMS 0x000000070a400000, 0x000000070a400000| Untracked 
|  49|0x000000070a600000, 0x000000070a600000, 0x000000070a800000|  0%| F|  |TAMS 0x000000070a600000, 0x000000070a600000| Untracked 
|  50|0x000000070a800000, 0x000000070a800000, 0x000000070aa00000|  0%| F|  |TAMS 0x000000070a800000, 0x000000070a800000| Untracked 
|  51|0x000000070aa00000, 0x000000070aa00000, 0x000000070ac00000|  0%| F|  |TAMS 0x000000070aa00000, 0x000000070aa00000| Untracked 
|  52|0x000000070ac00000, 0x000000070ac00000, 0x000000070ae00000|  0%| F|  |TAMS 0x000000070ac00000, 0x000000070ac00000| Untracked 
|  53|0x000000070ae00000, 0x000000070ae00000, 0x000000070b000000|  0%| F|  |TAMS 0x000000070ae00000, 0x000000070ae00000| Untracked 
|  54|0x000000070b000000, 0x000000070b000000, 0x000000070b200000|  0%| F|  |TAMS 0x000000070b000000, 0x000000070b000000| Untracked 
|  55|0x000000070b200000, 0x000000070b200000, 0x000000070b400000|  0%| F|  |TAMS 0x000000070b200000, 0x000000070b200000| Untracked 
|  56|0x000000070b400000, 0x000000070b400000, 0x000000070b600000|  0%| F|  |TAMS 0x000000070b400000, 0x000000070b400000| Untracked 
|  57|0x000000070b600000, 0x000000070b600000, 0x000000070b800000|  0%| F|  |TAMS 0x000000070b600000, 0x000000070b600000| Untracked 
|  58|0x000000070b800000, 0x000000070b800000, 0x000000070ba00000|  0%| F|  |TAMS 0x000000070b800000, 0x000000070b800000| Untracked 
|  59|0x000000070ba00000, 0x000000070ba00000, 0x000000070bc00000|  0%| F|  |TAMS 0x000000070ba00000, 0x000000070ba00000| Untracked 
|  60|0x000000070bc00000, 0x000000070bc00000, 0x000000070be00000|  0%| F|  |TAMS 0x000000070bc00000, 0x000000070bc00000| Untracked 
|  61|0x000000070be00000, 0x000000070be00000, 0x000000070c000000|  0%| F|  |TAMS 0x000000070be00000, 0x000000070be00000| Untracked 
|  62|0x000000070c000000, 0x000000070c000000, 0x000000070c200000|  0%| F|  |TAMS 0x000000070c000000, 0x000000070c000000| Untracked 
|  63|0x000000070c200000, 0x000000070c200000, 0x000000070c400000|  0%| F|  |TAMS 0x000000070c200000, 0x000000070c200000| Untracked 
|  64|0x000000070c400000, 0x000000070c400000, 0x000000070c600000|  0%| F|  |TAMS 0x000000070c400000, 0x000000070c400000| Untracked 
|  65|0x000000070c600000, 0x000000070c600000, 0x000000070c800000|  0%| F|  |TAMS 0x000000070c600000, 0x000000070c600000| Untracked 
|  66|0x000000070c800000, 0x000000070c800000, 0x000000070ca00000|  0%| F|  |TAMS 0x000000070c800000, 0x000000070c800000| Untracked 
|  67|0x000000070ca00000, 0x000000070ca00000, 0x000000070cc00000|  0%| F|  |TAMS 0x000000070ca00000, 0x000000070ca00000| Untracked 
|  68|0x000000070cc00000, 0x000000070cc00000, 0x000000070ce00000|  0%| F|  |TAMS 0x000000070cc00000, 0x000000070cc00000| Untracked 
|  69|0x000000070ce00000, 0x000000070ce00000, 0x000000070d000000|  0%| F|  |TAMS 0x000000070ce00000, 0x000000070ce00000| Untracked 
|  70|0x000000070d000000, 0x000000070d000000, 0x000000070d200000|  0%| F|  |TAMS 0x000000070d000000, 0x000000070d000000| Untracked 
|  71|0x000000070d200000, 0x000000070d200000, 0x000000070d400000|  0%| F|  |TAMS 0x000000070d200000, 0x000000070d200000| Untracked 
|  72|0x000000070d400000, 0x000000070d400000, 0x000000070d600000|  0%| F|  |TAMS 0x000000070d400000, 0x000000070d400000| Untracked 
|  73|0x000000070d600000, 0x000000070d600000, 0x000000070d800000|  0%| F|  |TAMS 0x000000070d600000, 0x000000070d600000| Untracked 
|  74|0x000000070d800000, 0x000000070d800000, 0x000000070da00000|  0%| F|  |TAMS 0x000000070d800000, 0x000000070d800000| Untracked 
|  75|0x000000070da00000, 0x000000070da00000, 0x000000070dc00000|  0%| F|  |TAMS 0x000000070da00000, 0x000000070da00000| Untracked 
|  76|0x000000070dc00000, 0x000000070dc00000, 0x000000070de00000|  0%| F|  |TAMS 0x000000070dc00000, 0x000000070dc00000| Untracked 
|  77|0x000000070de00000, 0x000000070de00000, 0x000000070e000000|  0%| F|  |TAMS 0x000000070de00000, 0x000000070de00000| Untracked 
|  78|0x000000070e000000, 0x000000070e000000, 0x000000070e200000|  0%| F|  |TAMS 0x000000070e000000, 0x000000070e000000| Untracked 
|  79|0x000000070e200000, 0x000000070e200000, 0x000000070e400000|  0%| F|  |TAMS 0x000000070e200000, 0x000000070e200000| Untracked 
|  80|0x000000070e400000, 0x000000070e400000, 0x000000070e600000|  0%| F|  |TAMS 0x000000070e400000, 0x000000070e400000| Untracked 
|  81|0x000000070e600000, 0x000000070e600000, 0x000000070e800000|  0%| F|  |TAMS 0x000000070e600000, 0x000000070e600000| Untracked 
|  82|0x000000070e800000, 0x000000070e800000, 0x000000070ea00000|  0%| F|  |TAMS 0x000000070e800000, 0x000000070e800000| Untracked 
|  83|0x000000070ea00000, 0x000000070ea00000, 0x000000070ec00000|  0%| F|  |TAMS 0x000000070ea00000, 0x000000070ea00000| Untracked 
|  84|0x000000070ec00000, 0x000000070ec00000, 0x000000070ee00000|  0%| F|  |TAMS 0x000000070ec00000, 0x000000070ec00000| Untracked 
|  85|0x000000070ee00000, 0x000000070ee00000, 0x000000070f000000|  0%| F|  |TAMS 0x000000070ee00000, 0x000000070ee00000| Untracked 
|  86|0x000000070f000000, 0x000000070f000000, 0x000000070f200000|  0%| F|  |TAMS 0x000000070f000000, 0x000000070f000000| Untracked 
|  87|0x000000070f200000, 0x000000070f200000, 0x000000070f400000|  0%| F|  |TAMS 0x000000070f200000, 0x000000070f200000| Untracked 
|  88|0x000000070f400000, 0x000000070f400000, 0x000000070f600000|  0%| F|  |TAMS 0x000000070f400000, 0x000000070f400000| Untracked 
|  89|0x000000070f600000, 0x000000070f600000, 0x000000070f800000|  0%| F|  |TAMS 0x000000070f600000, 0x000000070f600000| Untracked 
|  90|0x000000070f800000, 0x000000070f800000, 0x000000070fa00000|  0%| F|  |TAMS 0x000000070f800000, 0x000000070f800000| Untracked 
|  91|0x000000070fa00000, 0x000000070fa00000, 0x000000070fc00000|  0%| F|  |TAMS 0x000000070fa00000, 0x000000070fa00000| Untracked 
|  92|0x000000070fc00000, 0x000000070fc00000, 0x000000070fe00000|  0%| F|  |TAMS 0x000000070fc00000, 0x000000070fc00000| Untracked 
|  93|0x000000070fe00000, 0x000000070fe00000, 0x0000000710000000|  0%| F|  |TAMS 0x000000070fe00000, 0x000000070fe00000| Untracked 
|  94|0x0000000710000000, 0x0000000710000000, 0x0000000710200000|  0%| F|  |TAMS 0x0000000710000000, 0x0000000710000000| Untracked 
|  95|0x0000000710200000, 0x0000000710200000, 0x0000000710400000|  0%| F|  |TAMS 0x0000000710200000, 0x0000000710200000| Untracked 
|  96|0x0000000710400000, 0x0000000710400000, 0x0000000710600000|  0%| F|  |TAMS 0x0000000710400000, 0x0000000710400000| Untracked 
|  97|0x0000000710600000, 0x0000000710600000, 0x0000000710800000|  0%| F|  |TAMS 0x0000000710600000, 0x0000000710600000| Untracked 
|  98|0x0000000710800000, 0x0000000710800000, 0x0000000710a00000|  0%| F|  |TAMS 0x0000000710800000, 0x0000000710800000| Untracked 
|  99|0x0000000710a00000, 0x0000000710a00000, 0x0000000710c00000|  0%| F|  |TAMS 0x0000000710a00000, 0x0000000710a00000| Untracked 
| 100|0x0000000710c00000, 0x0000000710c00000, 0x0000000710e00000|  0%| F|  |TAMS 0x0000000710c00000, 0x0000000710c00000| Untracked 
| 101|0x0000000710e00000, 0x0000000710e00000, 0x0000000711000000|  0%| F|  |TAMS 0x0000000710e00000, 0x0000000710e00000| Untracked 
| 102|0x0000000711000000, 0x0000000711000000, 0x0000000711200000|  0%| F|  |TAMS 0x0000000711000000, 0x0000000711000000| Untracked 
| 103|0x0000000711200000, 0x0000000711200000, 0x0000000711400000|  0%| F|  |TAMS 0x0000000711200000, 0x0000000711200000| Untracked 
| 104|0x0000000711400000, 0x0000000711400000, 0x0000000711600000|  0%| F|  |TAMS 0x0000000711400000, 0x0000000711400000| Untracked 
| 105|0x0000000711600000, 0x0000000711600000, 0x0000000711800000|  0%| F|  |TAMS 0x0000000711600000, 0x0000000711600000| Untracked 
| 106|0x0000000711800000, 0x0000000711800000, 0x0000000711a00000|  0%| F|  |TAMS 0x0000000711800000, 0x0000000711800000| Untracked 
| 107|0x0000000711a00000, 0x0000000711a00000, 0x0000000711c00000|  0%| F|  |TAMS 0x0000000711a00000, 0x0000000711a00000| Untracked 
| 108|0x0000000711c00000, 0x0000000711c00000, 0x0000000711e00000|  0%| F|  |TAMS 0x0000000711c00000, 0x0000000711c00000| Untracked 
| 109|0x0000000711e00000, 0x0000000711e00000, 0x0000000712000000|  0%| F|  |TAMS 0x0000000711e00000, 0x0000000711e00000| Untracked 
| 110|0x0000000712000000, 0x0000000712000000, 0x0000000712200000|  0%| F|  |TAMS 0x0000000712000000, 0x0000000712000000| Untracked 
| 111|0x0000000712200000, 0x0000000712200000, 0x0000000712400000|  0%| F|  |TAMS 0x0000000712200000, 0x0000000712200000| Untracked 
| 112|0x0000000712400000, 0x0000000712400000, 0x0000000712600000|  0%| F|  |TAMS 0x0000000712400000, 0x0000000712400000| Untracked 
| 113|0x0000000712600000, 0x00000007127061e0, 0x0000000712800000| 51%| S|CS|TAMS 0x0000000712600000, 0x0000000712600000| Complete 
| 114|0x0000000712800000, 0x0000000712a00000, 0x0000000712a00000|100%| S|CS|TAMS 0x0000000712800000, 0x0000000712800000| Complete 
| 115|0x0000000712a00000, 0x0000000712a9a1a8, 0x0000000712c00000| 30%| E|  |TAMS 0x0000000712a00000, 0x0000000712a00000| Complete 
| 116|0x0000000712c00000, 0x0000000712e00000, 0x0000000712e00000|100%| E|CS|TAMS 0x0000000712c00000, 0x0000000712c00000| Complete 
| 117|0x0000000712e00000, 0x0000000713000000, 0x0000000713000000|100%| E|CS|TAMS 0x0000000712e00000, 0x0000000712e00000| Complete 
| 118|0x0000000713000000, 0x0000000713200000, 0x0000000713200000|100%| E|CS|TAMS 0x0000000713000000, 0x0000000713000000| Complete 
| 119|0x0000000713200000, 0x0000000713400000, 0x0000000713400000|100%| E|CS|TAMS 0x0000000713200000, 0x0000000713200000| Complete 
| 120|0x0000000713400000, 0x0000000713600000, 0x0000000713600000|100%| E|CS|TAMS 0x0000000713400000, 0x0000000713400000| Complete 
| 121|0x0000000713600000, 0x0000000713800000, 0x0000000713800000|100%| E|CS|TAMS 0x0000000713600000, 0x0000000713600000| Complete 
| 122|0x0000000713800000, 0x0000000713a00000, 0x0000000713a00000|100%| E|CS|TAMS 0x0000000713800000, 0x0000000713800000| Complete 
| 123|0x0000000713a00000, 0x0000000713c00000, 0x0000000713c00000|100%| E|CS|TAMS 0x0000000713a00000, 0x0000000713a00000| Complete 
| 124|0x0000000713c00000, 0x0000000713e00000, 0x0000000713e00000|100%| E|CS|TAMS 0x0000000713c00000, 0x0000000713c00000| Complete 
| 125|0x0000000713e00000, 0x0000000714000000, 0x0000000714000000|100%| E|CS|TAMS 0x0000000713e00000, 0x0000000713e00000| Complete 

Card table byte_map: [0x00000228f5cc0000,0x00000228f64a0000] _byte_map_base: 0x00000228f249e000

Marking Bits (Prev, Next): (CMBitMap*) 0x00000228e25c74b0, (CMBitMap*) 0x00000228e25c74f0
 Prev Bits: [0x00000228f6c80000, 0x00000228fab70000)
 Next Bits: [0x00000228fab70000, 0x00000228fea60000)

Polling page: 0x00000228e0460000

Metaspace:

Usage:
  Non-class:     14.43 MB used.
      Class:      1.58 MB used.
       Both:     16.01 MB used.

Virtual space:
  Non-class space:       64.00 MB reserved,      14.50 MB ( 23%) committed,  1 nodes.
      Class space:        1.00 GB reserved,       1.62 MB ( <1%) committed,  1 nodes.
             Both:        1.06 GB reserved,      16.12 MB (  1%) committed. 

Chunk freelists:
   Non-Class:  1.30 MB
       Class:  14.38 MB
        Both:  15.68 MB

MaxMetaspaceSize: unlimited
CompressedClassSpaceSize: 1.00 GB
Initial GC threshold: 21.00 MB
Current GC threshold: 21.00 MB
CDS: off
MetaspaceReclaimPolicy: balanced
 - commit_granule_bytes: 65536.
 - commit_granule_words: 8192.
 - virtual_space_node_default_size: 8388608.
 - enlarge_chunks_in_place: 1.
 - new_chunks_are_fully_committed: 0.
 - uncommit_free_chunks: 1.
 - use_allocation_guard: 0.
 - handle_deallocations: 1.


Internal statistics:

num_allocs_failed_limit: 0.
num_arena_births: 40.
num_arena_deaths: 0.
num_vsnodes_births: 2.
num_vsnodes_deaths: 0.
num_space_committed: 258.
num_space_uncommitted: 0.
num_chunks_returned_to_freelist: 0.
num_chunks_taken_from_freelist: 339.
num_chunk_merges: 0.
num_chunk_splits: 284.
num_chunks_enlarged: 254.
num_inconsistent_stats: 0.

CodeHeap 'non-profiled nmethods': size=119168Kb used=471Kb max_used=471Kb free=118697Kb
 bounds [0x00000228ed5d0000, 0x00000228ed840000, 0x00000228f4a30000]
CodeHeap 'profiled nmethods': size=119104Kb used=3329Kb max_used=3329Kb free=115774Kb
 bounds [0x00000228e5a30000, 0x00000228e5d80000, 0x00000228ece80000]
CodeHeap 'non-nmethods': size=7488Kb used=2859Kb max_used=2875Kb free=4628Kb
 bounds [0x00000228ece80000, 0x00000228ed160000, 0x00000228ed5d0000]
 total_blobs=2073 nmethods=1610 adapters=373
 compilation: enabled
              stopped_count=0, restarted_count=0
 full_count=0

Compilation events (20 events):
Event: 0.771 Thread 0x00000228866bc730 nmethod 1574 0x00000228e5d5fe90 code [0x00000228e5d60a40, 0x00000228e5d67b68]
Event: 0.771 Thread 0x000002288621b200 1592       3       kotlin.reflect.jvm.internal.impl.load.kotlin.BinaryClassAnnotationAndConstantLoaderImpl$loadAnnotation$1::visitConstantValue (26 bytes)
Event: 0.771 Thread 0x00000228866bc730 1594       3       kotlin.reflect.jvm.internal.impl.load.kotlin.BinaryClassAnnotationAndConstantLoaderImpl$AbstractAnnotationArgumentVisitor::visit (15 bytes)
Event: 0.771 Thread 0x000002288621acf0 nmethod 1591 0x00000228e5d6ae90 code [0x00000228e5d6b020, 0x00000228e5d6b1d8]
Event: 0.771 Thread 0x000002288621acf0 1595       3       kotlin.reflect.jvm.internal.impl.load.kotlin.BinaryClassAnnotationAndConstantLoaderImpl::access$createConstant (7 bytes)
Event: 0.771 Thread 0x000002288621acf0 nmethod 1595 0x00000228e5d6b290 code [0x00000228e5d6b420, 0x00000228e5d6b548]
Event: 0.771 Thread 0x000002288621acf0 1599       3       java.lang.reflect.Array::newInstance (6 bytes)
Event: 0.771 Thread 0x000002288621acf0 nmethod 1599 0x00000228e5d6b610 code [0x00000228e5d6b7a0, 0x00000228e5d6b8a8]
Event: 0.771 Thread 0x000002288621acf0 1596       3       kotlin.reflect.jvm.internal.impl.load.kotlin.BinaryClassAnnotationAndConstantLoaderImpl::createConstant (41 bytes)
Event: 0.772 Thread 0x000002288621b200 nmethod 1592 0x00000228e5d6b990 code [0x00000228e5d6bba0, 0x00000228e5d6c288]
Event: 0.772 Thread 0x0000022886099ce0 1597       3       kotlin.reflect.jvm.internal.impl.resolve.constants.ConstantValueFactory::createConstantValue (477 bytes)
Event: 0.772 Thread 0x000002288621b200 1598       3       kotlin.reflect.jvm.internal.impl.resolve.constants.StringValue::<init> (12 bytes)
Event: 0.772 Thread 0x00000228866bc730 nmethod 1594 0x00000228e5d6c510 code [0x00000228e5d6c740, 0x00000228e5d6cf38]
Event: 0.772 Thread 0x00000228866bc730 1593       3       java.lang.Class::getReflectionFactory (26 bytes)
Event: 0.772 Thread 0x00000228862d7cb0 nmethod 1587 0x00000228ed642b90 code [0x00000228ed642d20, 0x00000228ed642e28]
Event: 0.772 Thread 0x00000228862d7cb0 1604       4       java.util.ArrayList$Itr::next (66 bytes)
Event: 0.772 Thread 0x000002288621acf0 nmethod 1596 0x00000228e5d6d290 code [0x00000228e5d6d500, 0x00000228e5d6de08]
Event: 0.772 Thread 0x000002288621acf0 1601       3       sun.reflect.annotation.AnnotationParser::parseMemberValue (230 bytes)
Event: 0.772 Thread 0x000002288621b200 nmethod 1598 0x00000228e5d6e110 code [0x00000228e5d6e320, 0x00000228e5d6e9f8]
Event: 0.772 Thread 0x000002288621b200 1602       3       kotlin.reflect.jvm.internal.impl.descriptors.runtime.structure.ReflectClassUtilKt::getDesc (362 bytes)

GC Heap History (2 events):
Event: 0.434 GC heap before
{Heap before GC invocations=0 (full 0):
 garbage-first heap   total 258048K, used 24576K [0x0000000704400000, 0x0000000800000000)
  region size 2048K, 11 young (22528K), 0 survivors (0K)
 Metaspace       used 12218K, committed 12352K, reserved 1114112K
  class space    used 1117K, committed 1216K, reserved 1048576K
}
Event: 0.437 GC heap after
{Heap after GC invocations=1 (full 0):
 garbage-first heap   total 258048K, used 7192K [0x0000000704400000, 0x0000000800000000)
  region size 2048K, 2 young (4096K), 2 survivors (4096K)
 Metaspace       used 12218K, committed 12352K, reserved 1114112K
  class space    used 1117K, committed 1216K, reserved 1048576K
}

Dll operation events (1 events):
Event: 0.009 Loaded shared library C:\Program Files\Android\Android Studio\jbr\bin\java.dll

Deoptimization events (20 events):
Event: 0.438 Thread 0x00000228e2559860 Uncommon trap: trap_request=0xffffff45 fr.pc=0x00000228ed5f57c4 relative=0x0000000000000124
Event: 0.438 Thread 0x00000228e2559860 Uncommon trap: reason=unstable_if action=reinterpret pc=0x00000228ed5f57c4 method=kotlin.reflect.jvm.internal.impl.protobuf.CodedInputStream.readRawVarint32()I @ 69 c2
Event: 0.438 Thread 0x00000228e2559860 DEOPT PACKING pc=0x00000228ed5f57c4 sp=0x00000040a50f9d50
Event: 0.438 Thread 0x00000228e2559860 DEOPT UNPACKING pc=0x00000228eced69a3 sp=0x00000040a50f9cd8 mode 2
Event: 0.444 Thread 0x00000228e2559860 DEOPT PACKING pc=0x00000228e5a87e65 sp=0x00000040a50f9520
Event: 0.444 Thread 0x00000228e2559860 DEOPT UNPACKING pc=0x00000228eced7143 sp=0x00000040a50f8970 mode 0
Event: 0.449 Thread 0x00000228e2559860 DEOPT PACKING pc=0x00000228e5a8ca48 sp=0x00000040a50f9830
Event: 0.449 Thread 0x00000228e2559860 DEOPT UNPACKING pc=0x00000228eced7143 sp=0x00000040a50f8d48 mode 0
Event: 0.570 Thread 0x00000228e2559860 Uncommon trap: trap_request=0xffffff45 fr.pc=0x00000228ed5ff580 relative=0x00000000000006a0
Event: 0.570 Thread 0x00000228e2559860 Uncommon trap: reason=unstable_if action=reinterpret pc=0x00000228ed5ff580 method=java.util.concurrent.ConcurrentHashMap.get(Ljava/lang/Object;)Ljava/lang/Object; @ 76 c2
Event: 0.570 Thread 0x00000228e2559860 DEOPT PACKING pc=0x00000228ed5ff580 sp=0x00000040a50fc220
Event: 0.570 Thread 0x00000228e2559860 DEOPT UNPACKING pc=0x00000228eced69a3 sp=0x00000040a50fc1a8 mode 2
Event: 0.640 Thread 0x00000228e2559860 Uncommon trap: trap_request=0xffffff45 fr.pc=0x00000228ed603400 relative=0x00000000000006c0
Event: 0.640 Thread 0x00000228e2559860 Uncommon trap: reason=unstable_if action=reinterpret pc=0x00000228ed603400 method=java.util.ArrayList.grow(I)[Ljava/lang/Object; @ 17 c2
Event: 0.640 Thread 0x00000228e2559860 DEOPT PACKING pc=0x00000228ed603400 sp=0x00000040a50fda40
Event: 0.640 Thread 0x00000228e2559860 DEOPT UNPACKING pc=0x00000228eced69a3 sp=0x00000040a50fd8d8 mode 2
Event: 0.727 Thread 0x00000228e2559860 Uncommon trap: trap_request=0xffffff45 fr.pc=0x00000228ed5fb80c relative=0x000000000000026c
Event: 0.727 Thread 0x00000228e2559860 Uncommon trap: reason=unstable_if action=reinterpret pc=0x00000228ed5fb80c method=java.lang.String.startsWith(Ljava/lang/String;I)Z @ 14 c2
Event: 0.727 Thread 0x00000228e2559860 DEOPT PACKING pc=0x00000228ed5fb80c sp=0x00000040a50fc6e0
Event: 0.727 Thread 0x00000228e2559860 DEOPT UNPACKING pc=0x00000228eced69a3 sp=0x00000040a50fc640 mode 2

Classes unloaded (0 events):
No events

Classes redefined (0 events):
No events

Internal exceptions (1 events):
Event: 0.755 Thread 0x00000228e2559860 Exception <a 'java/lang/NoSuchMethodError'{0x0000000712d57ce8}: 'java.lang.Object java.lang.invoke.DirectMethodHandle$Holder.newInvokeSpecial(java.lang.Object, java.lang.Object, java.lang.Object, java.lang.Object, java.lang.Object)'> (0x0000000712d57ce8) 
thrown [s\src\hotspot\share\interpreter\linkResolver.cpp, line 771]

VM Operations (14 events):
Event: 0.106 Executing VM operation: HandshakeAllThreads
Event: 0.106 Executing VM operation: HandshakeAllThreads done
Event: 0.216 Executing VM operation: HandshakeAllThreads
Event: 0.216 Executing VM operation: HandshakeAllThreads done
Event: 0.322 Executing VM operation: HandshakeAllThreads
Event: 0.323 Executing VM operation: HandshakeAllThreads done
Event: 0.421 Executing VM operation: HandshakeAllThreads
Event: 0.421 Executing VM operation: HandshakeAllThreads done
Event: 0.434 Executing VM operation: G1CollectForAllocation
Event: 0.437 Executing VM operation: G1CollectForAllocation done
Event: 0.678 Executing VM operation: ICBufferFull
Event: 0.678 Executing VM operation: ICBufferFull done
Event: 0.699 Executing VM operation: HandshakeAllThreads
Event: 0.699 Executing VM operation: HandshakeAllThreads done

Events (20 events):
Event: 0.717 loading class jdk/internal/reflect/UTF8
Event: 0.717 loading class jdk/internal/reflect/UTF8 done
Event: 0.718 loading class jdk/internal/reflect/Label
Event: 0.718 loading class jdk/internal/reflect/Label done
Event: 0.718 loading class jdk/internal/reflect/Label$PatchInfo
Event: 0.718 loading class jdk/internal/reflect/Label$PatchInfo done
Event: 0.718 loading class jdk/internal/reflect/MethodAccessorGenerator$1
Event: 0.718 loading class jdk/internal/reflect/MethodAccessorGenerator$1 done
Event: 0.718 loading class jdk/internal/reflect/ClassDefiner
Event: 0.718 loading class jdk/internal/reflect/ClassDefiner done
Event: 0.718 loading class jdk/internal/reflect/ClassDefiner$1
Event: 0.718 loading class jdk/internal/reflect/ClassDefiner$1 done
Event: 0.719 loading class jdk/internal/reflect/BootstrapConstructorAccessorImpl
Event: 0.719 loading class jdk/internal/reflect/BootstrapConstructorAccessorImpl done
Event: 0.725 loading class sun/reflect/generics/tree/TypeVariableSignature
Event: 0.725 loading class sun/reflect/generics/tree/TypeVariableSignature done
Event: 0.725 loading class sun/reflect/generics/reflectiveObjects/TypeVariableImpl
Event: 0.725 loading class sun/reflect/generics/reflectiveObjects/LazyReflectiveObjectGenerator
Event: 0.725 loading class sun/reflect/generics/reflectiveObjects/LazyReflectiveObjectGenerator done
Event: 0.725 loading class sun/reflect/generics/reflectiveObjects/TypeVariableImpl done


Dynamic libraries:
0x00007ff717d40000 - 0x00007ff717d4a000 	C:\Program Files\Android\Android Studio\jbr\bin\java.exe
0x00007ff8da430000 - 0x00007ff8da647000 	C:\Windows\SYSTEM32\ntdll.dll
0x00007ff8d8e40000 - 0x00007ff8d8f04000 	C:\Windows\System32\KERNEL32.DLL
0x00007ff8d7850000 - 0x00007ff8d7bf6000 	C:\Windows\System32\KERNELBASE.dll
0x00007ff8d8060000 - 0x00007ff8d8171000 	C:\Windows\System32\ucrtbase.dll
0x00007ff8ccb80000 - 0x00007ff8ccb9b000 	C:\Program Files\Android\Android Studio\jbr\bin\VCRUNTIME140.dll
0x00007ff839f80000 - 0x00007ff839f97000 	C:\Program Files\Android\Android Studio\jbr\bin\jli.dll
0x00007ff8d8410000 - 0x00007ff8d85be000 	C:\Windows\System32\USER32.dll
0x00007ff8d77a0000 - 0x00007ff8d77c6000 	C:\Windows\System32\win32u.dll
0x00007ff8d8c60000 - 0x00007ff8d8c89000 	C:\Windows\System32\GDI32.dll
0x00007ff8d7f40000 - 0x00007ff8d8058000 	C:\Windows\System32\gdi32full.dll
0x00007ff8d7cc0000 - 0x00007ff8d7d5a000 	C:\Windows\System32\msvcp_win.dll
0x00007ff8b9a40000 - 0x00007ff8b9cd3000 	C:\Windows\WinSxS\amd64_microsoft.windows.common-controls_6595b64144ccf1df_6.0.22621.2506_none_270c5ae97388e100\COMCTL32.dll
0x00007ff8d9990000 - 0x00007ff8d9a37000 	C:\Windows\System32\msvcrt.dll
0x00007ff8d9a40000 - 0x00007ff8d9a71000 	C:\Windows\System32\IMM32.DLL
0x00007ff8c4c80000 - 0x00007ff8c4c8c000 	C:\Program Files\Android\Android Studio\jbr\bin\vcruntime140_1.dll
0x00007ff84ead0000 - 0x00007ff84eb5d000 	C:\Program Files\Android\Android Studio\jbr\bin\msvcp140.dll
0x00007ff83a610000 - 0x00007ff83b290000 	C:\Program Files\Android\Android Studio\jbr\bin\server\jvm.dll
0x00007ff8d85c0000 - 0x00007ff8d8671000 	C:\Windows\System32\ADVAPI32.dll
0x00007ff8d9ae0000 - 0x00007ff8d9b85000 	C:\Windows\System32\sechost.dll
0x00007ff8d82f0000 - 0x00007ff8d8407000 	C:\Windows\System32\RPCRT4.dll
0x00007ff84de10000 - 0x00007ff84de19000 	C:\Windows\SYSTEM32\WSOCK32.dll
0x00007ff8d8680000 - 0x00007ff8d86f1000 	C:\Windows\System32\WS2_32.dll
0x00007ff8d1820000 - 0x00007ff8d1854000 	C:\Windows\SYSTEM32\WINMM.dll
0x00007ff8c67c0000 - 0x00007ff8c67ca000 	C:\Windows\SYSTEM32\VERSION.dll
0x00007ff8d6890000 - 0x00007ff8d68a8000 	C:\Windows\SYSTEM32\kernel.appcore.dll
0x00007ff83a600000 - 0x00007ff83a60a000 	C:\Program Files\Android\Android Studio\jbr\bin\jimage.dll
0x00007ff8d4b30000 - 0x00007ff8d4d63000 	C:\Windows\SYSTEM32\DBGHELP.DLL
0x00007ff8d88d0000 - 0x00007ff8d8c59000 	C:\Windows\System32\combase.dll
0x00007ff8d8f90000 - 0x00007ff8d9067000 	C:\Windows\System32\OLEAUT32.dll
0x00007ff89baa0000 - 0x00007ff89bad2000 	C:\Windows\SYSTEM32\dbgcore.DLL
0x00007ff8d77d0000 - 0x00007ff8d784a000 	C:\Windows\System32\bcryptPrimitives.dll
0x00007ff83a5d0000 - 0x00007ff83a5f5000 	C:\Program Files\Android\Android Studio\jbr\bin\java.dll
0x00007ff83a5b0000 - 0x00007ff83a5c8000 	C:\Program Files\Android\Android Studio\jbr\bin\zip.dll
0x00007ff8d9070000 - 0x00007ff8d98ca000 	C:\Windows\System32\SHELL32.dll
0x00007ff8d5690000 - 0x00007ff8d5f86000 	C:\Windows\SYSTEM32\windows.storage.dll
0x00007ff8d5540000 - 0x00007ff8d567e000 	C:\Windows\SYSTEM32\wintypes.dll
0x00007ff8d8180000 - 0x00007ff8d8273000 	C:\Windows\System32\SHCORE.dll
0x00007ff8d9bf0000 - 0x00007ff8d9c4e000 	C:\Windows\System32\shlwapi.dll
0x00007ff8d76d0000 - 0x00007ff8d76f6000 	C:\Windows\SYSTEM32\profapi.dll
0x00007ff83a590000 - 0x00007ff83a5a9000 	C:\Program Files\Android\Android Studio\jbr\bin\net.dll
0x00007ff8cd9e0000 - 0x00007ff8cdb17000 	C:\Windows\SYSTEM32\WINHTTP.dll
0x00007ff8d6d10000 - 0x00007ff8d6d79000 	C:\Windows\system32\mswsock.dll
0x00007ff83a570000 - 0x00007ff83a586000 	C:\Program Files\Android\Android Studio\jbr\bin\nio.dll

dbghelp: loaded successfully - version: 4.0.5 - missing functions: none
symbol engine: initialized successfully - sym options: 0x614 - pdb path: .;C:\Program Files\Android\Android Studio\jbr\bin;C:\Windows\SYSTEM32;C:\Windows\WinSxS\amd64_microsoft.windows.common-controls_6595b64144ccf1df_6.0.22621.2506_none_270c5ae97388e100;C:\Program Files\Android\Android Studio\jbr\bin\server

VM Arguments:
java_command: org.jetbrains.kotlin.cli.jvm.K2JVMCompiler @C:\Users\Svetl\AndroidStudioProjects\up5v1\app\build\20231211_10768502557325720464.compiler.options
java_class_path (initial): C:\Users\Svetl\.gradle\caches\modules-2\files-2.1\org.jetbrains.kotlin\kotlin-compiler-embeddable\1.7.10\909803167c98606fcf22b4c848647c68e351d48d\kotlin-compiler-embeddable-1.7.10.jar;C:\Users\Svetl\.gradle\caches\modules-2\files-2.1\org.jetbrains.kotlin\kotlin-reflect\1.7.10\165e600dfea6185cf5efa700756294cc4904dbeb\kotlin-reflect-1.7.10.jar;C:\Users\Svetl\.gradle\caches\modules-2\files-2.1\org.jetbrains.kotlin\kotlin-stdlib\1.7.10\d2abf9e77736acc4450dc4a3f707fa2c10f5099d\kotlin-stdlib-1.7.10.jar;C:\Users\Svetl\.gradle\caches\modules-2\files-2.1\org.jetbrains.kotlin\kotlin-script-runtime\1.7.10\c99c87a6988d8fd8d5142e9ed5c9f34a7cf561ee\kotlin-script-runtime-1.7.10.jar;C:\Users\Svetl\.gradle\caches\modules-2\files-2.1\org.jetbrains.kotlin\kotlin-daemon-embeddable\1.7.10\3a9f7aef7080d3ae63126cbba4f827ed664f32fa\kotlin-daemon-embeddable-1.7.10.jar;C:\Users\Svetl\.gradle\caches\modules-2\files-2.1\org.jetbrains.intellij.deps\trove4j\1.0.20200330\3afb14d5f9ceb459d724e907a21145e8ff394f02\trove4j-1.0.20200330.jar;C:\Users\Svetl\.gradle\caches\modules-2\files-2.1\net.java.dev.jna\jna\5.6.0\330f2244e9030119ab3030fc3fededc86713d9cc\jna-5.6.0.jar;C:\Users\Svetl\.gradle\caches\modules-2\files-2.1\org.jetbrains.kotlin\kotlin-stdlib-common\1.7.10\bac80c520d0a9e3f3673bc2658c6ed02ef45a76a\kotlin-stdlib-common-1.7.10.jar;C:\Users\Svetl\.gradle\caches\modules-2\files-2.1\org.jetbrains\annotations\13.0\919f0dfe192fb4e063e7dacadee7f8bb9a2672a9\annotations-13.0.jar
Launcher Type: SUN_STANDARD

[Global flags]
     intx CICompilerCount                          = 12                                        {product} {ergonomic}
     uint ConcGCThreads                            = 4                                         {product} {ergonomic}
     uint G1ConcRefinementThreads                  = 15                                        {product} {ergonomic}
   size_t G1HeapRegionSize                         = 2097152                                   {product} {ergonomic}
    uintx GCDrainStackTargetSize                   = 64                                        {product} {ergonomic}
   size_t InitialHeapSize                          = 264241152                                 {product} {ergonomic}
   size_t MarkStackSize                            = 4194304                                   {product} {ergonomic}
   size_t MaxHeapSize                              = 4223664128                                {product} {ergonomic}
   size_t MaxNewSize                               = 2533359616                                {product} {ergonomic}
   size_t MinHeapDeltaBytes                        = 2097152                                   {product} {ergonomic}
   size_t MinHeapSize                              = 8388608                                   {product} {ergonomic}
    uintx NonNMethodCodeHeapSize                   = 7602480                                {pd product} {ergonomic}
    uintx NonProfiledCodeHeapSize                  = 122027880                              {pd product} {ergonomic}
    uintx ProfiledCodeHeapSize                     = 122027880                              {pd product} {ergonomic}
    uintx ReservedCodeCacheSize                    = 251658240                              {pd product} {ergonomic}
     bool SegmentedCodeCache                       = true                                      {product} {ergonomic}
   size_t SoftMaxHeapSize                          = 4223664128                             {manageable} {ergonomic}
     bool UseCompressedClassPointers               = true                           {product lp64_product} {ergonomic}
     bool UseCompressedOops                        = true                           {product lp64_product} {ergonomic}
     bool UseG1GC                                  = true                                      {product} {ergonomic}
     bool UseLargePagesIndividualAllocation        = false                                  {pd product} {ergonomic}

Logging:
Log output configuration:
 #0: stdout all=warning uptime,level,tags
 #1: stderr all=off uptime,level,tags

Environment Variables:
PATH=C:\Program Files\Microsoft\jdk-11.0.16.101-hotspot\bin;C:\Windows\System32\HWAudioDriverLibs;C:\Windows\system32;C:\Windows;C:\Windows\System32\Wbem;C:\Windows\System32\WindowsPowerShell\v1.0\;C:\Windows\System32\OpenSSH\;C:\Users\Administrator\AppData\Local\Microsoft\WindowsApps;C:\Program Files\Microsoft SQL Server\Client SDK\ODBC\170\Tools\Binn\;C:\Program Files\Azure Data Studio\bin;C:\Program Files\dotnet\;C:\Program Files (x86)\Microsoft SQL Server\150\Tools\Binn\;C:\Program Files\Microsoft SQL Server\150\Tools\Binn\;C:\Program Files\Microsoft SQL Server\150\DTS\Binn\;C:\Program Files (x86)\Microsoft SQL Server\160\DTS\Binn\;C:\Program Files\Git\cmd;C:\Users\Svetl\AppData\Local\Microsoft\WindowsApps;C:\Program Files\Azure Data Studio\bin;C:\Users\Svetl\.dotnet\tools
USERNAME=Svetl
OS=Windows_NT
PROCESSOR_IDENTIFIER=Intel64 Family 6 Model 154 Stepping 3, GenuineIntel
TMP=C:\Users\Svetl\AppData\Local\Temp
TEMP=C:\Users\Svetl\AppData\Local\Temp


JNI global refs:
JNI global refs: 19, weak refs: 0

JNI global refs memory usage: 843, weak refs: 841

OOME stack traces (most recent first):
Classloader memory used:
Loader jdk.internal.loader.ClassLoaders$AppClassLoader                                 : 1029K
Loader bootstrap                                                                       : 1015K
Loader jdk.internal.reflect.DelegatingClassLoader                                      : 4649B


---------------  S Y S T E M  ---------------

OS:
 Windows 11 , 64 bit Build 22621 (10.0.22621.2506)
OS uptime: 0 days 1:01 hours
Hyper-V role detected

CPU: total 20 (initial active 20) (10 cores per cpu, 2 threads per core) family 6 model 154 stepping 3 microcode 0x41e, cx8, cmov, fxsr, ht, mmx, 3dnowpref, sse, sse2, sse3, ssse3, sse4.1, sse4.2, popcnt, lzcnt, tsc, tscinvbit, avx, avx2, aes, erms, clmul, bmi1, bmi2, adx, sha, fma, vzeroupper, clflush, clflushopt, clwb, hv

Memory: 4k page, system-wide physical 16110M (782M free)
TotalPageFile size 16110M (AvailPageFile size 365M)
current process WorkingSet (physical memory assigned to process): 87M, peak: 87M
current process commit charge ("private bytes"): 371M, peak: 373M

vm_info: OpenJDK 64-Bit Server VM (17.0.7+0-b2043.56-10550314) for windows-amd64 JRE (17.0.7+0-b2043.56-10550314), built on Jul 24 2023 18:27:45 by "androidbuild" with MS VC++ 16.10 / 16.11 (VS2019)

END.
