#
# There is insufficient memory for the Java Runtime Environment to continue.
# Native memory allocation (malloc) failed to allocate 32744 bytes for ChunkPool::allocate
# Possible reasons:
#   The system is out of physical RAM or swap space
#   The process is running with CompressedOops enabled, and the Java Heap may be blocking the growth of the native heap
# Possible solutions:
#   Reduce memory load on the system
#   Increase physical memory or swap space
#   Check if swap backing store is full
#   Decrease Java heap size (-Xmx/-Xms)
#   Decrease number of Java threads
#   Decrease Java thread stack sizes (-Xss)
#   Set larger code cache with -XX:ReservedCodeCacheSize=
#   JVM is running with Zero Based Compressed Oops mode in which the Java heap is
#     placed in the first 32GB address space. The Java Heap base address is the
#     maximum limit for the native heap growth. Please use -XX:HeapBaseMinAddress
#     to set the Java Heap base and to place the Java Heap above 32GB virtual address.
# This output file may be truncated or incomplete.
#
#  Out of Memory Error (arena.cpp:78), pid=17900, tid=20060
#
# JRE version: OpenJDK Runtime Environment (17.0.7) (build 17.0.7+0-b2043.56-10550314)
# Java VM: OpenJDK 64-Bit Server VM (17.0.7+0-b2043.56-10550314, mixed mode, tiered, compressed oops, compressed class ptrs, g1 gc, windows-amd64)
# No core dump will be written. Minidumps are not enabled by default on client versions of Windows
#

---------------  S U M M A R Y ------------

Command Line: --add-opens=java.base/java.util=ALL-UNNAMED --add-opens=java.base/java.lang=ALL-UNNAMED --add-opens=java.base/java.lang.invoke=ALL-UNNAMED --add-opens=java.base/java.util=ALL-UNNAMED --add-opens=java.prefs/java.util.prefs=ALL-UNNAMED --add-opens=java.prefs/java.util.prefs=ALL-UNNAMED --add-opens=java.base/java.nio.charset=ALL-UNNAMED --add-opens=java.base/java.net=ALL-UNNAMED --add-opens=java.base/java.util.concurrent.atomic=ALL-UNNAMED -Xmx4g -Dfile.encoding=windows-1251 -Duser.country=RU -Duser.language=ru -Duser.variant org.gradle.launcher.daemon.bootstrap.GradleDaemon 7.5

Host: 12th Gen Intel(R) Core(TM) i7-12700H, 20 cores, 15G,  Windows 11 , 64 bit Build 22621 (10.0.22621.2506)
Time: Tue Dec 12 20:46:18 2023 RTZ 4 (s 11 , 64 bit Build 22621 (10.0.22621.2506) elapsed time: 102.123665 seconds (0d 0h 1m 42s)

---------------  T H R E A D  ---------------

Current thread (0x000001b1030beed0):  JavaThread "C2 CompilerThread1" daemon [_thread_in_native, id=20060, stack(0x000000a7e4800000,0x000000a7e4900000)]


Current CompileTask:
C2: 102123 8805       4       org.apache.commons.io.FilenameUtils::doNormalize (541 bytes)

Stack: [0x000000a7e4800000,0x000000a7e4900000]
Native frames: (J=compiled Java code, j=interpreted, Vv=VM code, C=native code)
V  [jvm.dll+0x683bfa]
V  [jvm.dll+0x8430a4]
V  [jvm.dll+0x8449be]
V  [jvm.dll+0x845023]
V  [jvm.dll+0x24ad2f]
V  [jvm.dll+0xac47c]
V  [jvm.dll+0xac82c]
V  [jvm.dll+0x65f768]
V  [jvm.dll+0x65f60c]
V  [jvm.dll+0x578417]
V  [jvm.dll+0x57fa63]
V  [jvm.dll+0x58393e]
V  [jvm.dll+0x58546f]
V  [jvm.dll+0x584fad]
V  [jvm.dll+0x584e90]
V  [jvm.dll+0x585019]
V  [jvm.dll+0x585019]
V  [jvm.dll+0x58cbb4]
V  [jvm.dll+0x225a12]
V  [jvm.dll+0x21ee54]
V  [jvm.dll+0x21c56b]
V  [jvm.dll+0x1a605d]
V  [jvm.dll+0x22c148]
V  [jvm.dll+0x22a209]
V  [jvm.dll+0x7f858c]
V  [jvm.dll+0x7f2aea]
V  [jvm.dll+0x682a35]
C  [ucrtbase.dll+0x29363]
C  [KERNEL32.DLL+0x1257d]
C  [ntdll.dll+0x5aa58]


---------------  P R O C E S S  ---------------

Threads class SMR info:
_java_thread_list=0x000001b17faf03b0, length=57, elements={
0x000001b15940ad80, 0x000001b178e9eaf0, 0x000001b178f629d0, 0x000001b178f78de0,
0x000001b178f798a0, 0x000001b178f7a350, 0x000001b178f7ad00, 0x000001b178fac020,
0x000001b178fad2f0, 0x000001b178fafcf0, 0x000001b179168130, 0x000001b179168e20,
0x000001b17fa81190, 0x000001b17ed27f60, 0x000001b17ea60b80, 0x000001b17ea61520,
0x000001b17ea619f0, 0x000001b17ea62390, 0x000001b17ea63ba0, 0x000001b17ea62860,
0x000001b17fe92d80, 0x000001b17fe928b0, 0x000001b17fe93250, 0x000001b17fe93720,
0x000001b17fe95400, 0x000001b17fe93bf0, 0x000001b17fe91570, 0x000001b17fe94a60,
0x000001b17fe8eef0, 0x000001b17fe958d0, 0x000001b17fe95da0, 0x000001b1024d7560,
0x000001b1024dc730, 0x000001b1024d5d50, 0x000001b1024d53b0, 0x000001b1024d7f00,
0x000001b1024daa50, 0x000001b1024daf20, 0x000001b1024d83d0, 0x000001b1024d88a0,
0x000001b1024d9240, 0x000001b1024db8c0, 0x000001b1024db3f0, 0x000001b103a6b8b0,
0x000001b103a67a20, 0x000001b103a69bd0, 0x000001b103a6bd80, 0x000001b103a67ef0,
0x000001b103a683c0, 0x000001b103a67080, 0x000001b103a69700, 0x000001b103a6a0a0,
0x000001b103a666e0, 0x000001b103a66bb0, 0x000001b103a6cbf0, 0x000001b1030beed0,
0x000001b103a68d60
}

Java Threads: ( => current thread )
  0x000001b15940ad80 JavaThread "main" [_thread_blocked, id=20696, stack(0x000000a7e2300000,0x000000a7e2400000)]
  0x000001b178e9eaf0 JavaThread "Reference Handler" daemon [_thread_blocked, id=18920, stack(0x000000a7e2a00000,0x000000a7e2b00000)]
  0x000001b178f629d0 JavaThread "Finalizer" daemon [_thread_blocked, id=19312, stack(0x000000a7e2b00000,0x000000a7e2c00000)]
  0x000001b178f78de0 JavaThread "Signal Dispatcher" daemon [_thread_blocked, id=24336, stack(0x000000a7e2c00000,0x000000a7e2d00000)]
  0x000001b178f798a0 JavaThread "Attach Listener" daemon [_thread_blocked, id=6252, stack(0x000000a7e2d00000,0x000000a7e2e00000)]
  0x000001b178f7a350 JavaThread "Service Thread" daemon [_thread_blocked, id=12096, stack(0x000000a7e2e00000,0x000000a7e2f00000)]
  0x000001b178f7ad00 JavaThread "Monitor Deflation Thread" daemon [_thread_blocked, id=2696, stack(0x000000a7e2f00000,0x000000a7e3000000)]
  0x000001b178fac020 JavaThread "C2 CompilerThread0" daemon [_thread_in_native, id=8152, stack(0x000000a7e3000000,0x000000a7e3100000)]
  0x000001b178fad2f0 JavaThread "C1 CompilerThread0" daemon [_thread_in_native, id=15048, stack(0x000000a7e3100000,0x000000a7e3200000)]
  0x000001b178fafcf0 JavaThread "Sweeper thread" daemon [_thread_blocked, id=10392, stack(0x000000a7e3200000,0x000000a7e3300000)]
  0x000001b179168130 JavaThread "Common-Cleaner" daemon [_thread_blocked, id=7304, stack(0x000000a7e3500000,0x000000a7e3600000)]
  0x000001b179168e20 JavaThread "Notification Thread" daemon [_thread_blocked, id=1856, stack(0x000000a7e3600000,0x000000a7e3700000)]
  0x000001b17fa81190 JavaThread "Daemon health stats" [_thread_blocked, id=5440, stack(0x000000a7e4000000,0x000000a7e4100000)]
  0x000001b17ed27f60 JavaThread "Incoming local TCP Connector on port 27889" [_thread_in_native, id=8980, stack(0x000000a7e4100000,0x000000a7e4200000)]
  0x000001b17ea60b80 JavaThread "Daemon periodic checks" [_thread_blocked, id=13456, stack(0x000000a7e4200000,0x000000a7e4300000)]
  0x000001b17ea61520 JavaThread "Cache worker for journal cache (C:\Users\Svetl\.gradle\caches\journal-1)" [_thread_blocked, id=10456, stack(0x000000a7e4a00000,0x000000a7e4b00000)]
  0x000001b17ea619f0 JavaThread "File lock request listener" [_thread_in_native, id=22688, stack(0x000000a7e4b00000,0x000000a7e4c00000)]
  0x000001b17ea62390 JavaThread "Cache worker for file hash cache (C:\Users\Svetl\.gradle\caches\7.5\fileHashes)" [_thread_blocked, id=19344, stack(0x000000a7e5800000,0x000000a7e5900000)]
  0x000001b17ea63ba0 JavaThread "File watcher server" daemon [_thread_in_native, id=12272, stack(0x000000a7e5a00000,0x000000a7e5b00000)]
  0x000001b17ea62860 JavaThread "File watcher consumer" daemon [_thread_blocked, id=4364, stack(0x000000a7e5b00000,0x000000a7e5c00000)]
  0x000001b17fe92d80 JavaThread "jar transforms" [_thread_blocked, id=7524, stack(0x000000a7e5c00000,0x000000a7e5d00000)]
  0x000001b17fe928b0 JavaThread "jar transforms Thread 2" [_thread_blocked, id=24080, stack(0x000000a7e5d00000,0x000000a7e5e00000)]
  0x000001b17fe93250 JavaThread "jar transforms Thread 3" [_thread_blocked, id=1084, stack(0x000000a7e5e00000,0x000000a7e5f00000)]
  0x000001b17fe93720 JavaThread "jar transforms Thread 4" [_thread_blocked, id=10076, stack(0x000000a7e5f00000,0x000000a7e6000000)]
  0x000001b17fe95400 JavaThread "jar transforms Thread 5" [_thread_blocked, id=20596, stack(0x000000a7e6000000,0x000000a7e6100000)]
  0x000001b17fe93bf0 JavaThread "jar transforms Thread 6" [_thread_blocked, id=23296, stack(0x000000a7e6100000,0x000000a7e6200000)]
  0x000001b17fe91570 JavaThread "Cache worker for file content cache (C:\Users\Svetl\.gradle\caches\7.5\fileContent)" [_thread_blocked, id=22260, stack(0x000000a7e6400000,0x000000a7e6500000)]
  0x000001b17fe94a60 JavaThread "Cache worker for execution history cache (C:\Users\Svetl\.gradle\caches\7.5\executionHistory)" [_thread_blocked, id=11216, stack(0x000000a7e6700000,0x000000a7e6800000)]
  0x000001b17fe8eef0 JavaThread "jar transforms Thread 7" [_thread_blocked, id=4048, stack(0x000000a7e6800000,0x000000a7e6900000)]
  0x000001b17fe958d0 JavaThread "jar transforms Thread 8" [_thread_blocked, id=7520, stack(0x000000a7e6900000,0x000000a7e6a00000)]
  0x000001b17fe95da0 JavaThread "jar transforms Thread 9" [_thread_blocked, id=1640, stack(0x000000a7e6b00000,0x000000a7e6c00000)]
  0x000001b1024d7560 JavaThread "jar transforms Thread 10" [_thread_blocked, id=14116, stack(0x000000a7f0200000,0x000000a7f0300000)]
  0x000001b1024dc730 JavaThread "jar transforms Thread 11" [_thread_blocked, id=22492, stack(0x000000a7f0300000,0x000000a7f0400000)]
  0x000001b1024d5d50 JavaThread "jar transforms Thread 12" [_thread_blocked, id=4976, stack(0x000000a7f0400000,0x000000a7f0500000)]
  0x000001b1024d53b0 JavaThread "jar transforms Thread 13" [_thread_blocked, id=3136, stack(0x000000a7f0500000,0x000000a7f0600000)]
  0x000001b1024d7f00 JavaThread "jar transforms Thread 14" [_thread_blocked, id=10400, stack(0x000000a7f0600000,0x000000a7f0700000)]
  0x000001b1024daa50 JavaThread "jar transforms Thread 15" [_thread_blocked, id=23196, stack(0x000000a7f0700000,0x000000a7f0800000)]
  0x000001b1024daf20 JavaThread "jar transforms Thread 16" [_thread_blocked, id=23436, stack(0x000000a7f0800000,0x000000a7f0900000)]
  0x000001b1024d83d0 JavaThread "jar transforms Thread 17" [_thread_blocked, id=8132, stack(0x000000a7f0900000,0x000000a7f0a00000)]
  0x000001b1024d88a0 JavaThread "jar transforms Thread 18" [_thread_blocked, id=15080, stack(0x000000a7f0a00000,0x000000a7f0b00000)]
  0x000001b1024d9240 JavaThread "jar transforms Thread 19" [_thread_blocked, id=12828, stack(0x000000a7f0b00000,0x000000a7f0c00000)]
  0x000001b1024db8c0 JavaThread "jar transforms Thread 20" [_thread_blocked, id=2408, stack(0x000000a7f0c00000,0x000000a7f0d00000)]
  0x000001b1024db3f0 JavaThread "Memory manager" [_thread_blocked, id=16728, stack(0x000000a7e6d00000,0x000000a7e6e00000)]
  0x000001b103a6b8b0 JavaThread "pool-3-thread-1" [_thread_blocked, id=23992, stack(0x000000a7f0d00000,0x000000a7f0e00000)]
  0x000001b103a67a20 JavaThread "Daemon Thread 2" [_thread_blocked, id=10408, stack(0x000000a7e2000000,0x000000a7e2100000)]
  0x000001b103a69bd0 JavaThread "Handler for socket connection from /127.0.0.1:27889 to /127.0.0.1:28617" [_thread_in_native, id=22776, stack(0x000000a7e2100000,0x000000a7e2200000)]
  0x000001b103a6bd80 JavaThread "Cancel handler" [_thread_blocked, id=12880, stack(0x000000a7e2200000,0x000000a7e2300000)]
  0x000001b103a67ef0 JavaThread "Daemon worker Thread 2" [_thread_in_vm, id=21104, stack(0x000000a7e3800000,0x000000a7e3900000)]
  0x000001b103a683c0 JavaThread "Asynchronous log dispatcher for DefaultDaemonConnection: socket connection from /127.0.0.1:27889 to /127.0.0.1:28617" [_thread_blocked, id=16680, stack(0x000000a7e3900000,0x000000a7e3a00000)]
  0x000001b103a67080 JavaThread "Stdin handler" [_thread_blocked, id=10520, stack(0x000000a7e3f00000,0x000000a7e4000000)]
  0x000001b103a69700 JavaThread "Daemon client event forwarder" [_thread_blocked, id=11444, stack(0x000000a7e4300000,0x000000a7e4400000)]
  0x000001b103a6a0a0 JavaThread "Cache worker for checksums cache (C:\Users\Svetl\AndroidStudioProjects\up5v1\.gradle\7.5\checksums)" [_thread_blocked, id=24144, stack(0x000000a7e4400000,0x000000a7e4500000)]
  0x000001b103a666e0 JavaThread "Cache worker for cache directory md-rule (C:\Users\Svetl\.gradle\caches\7.5\md-rule)" [_thread_blocked, id=7996, stack(0x000000a7e4500000,0x000000a7e4600000)]
  0x000001b103a66bb0 JavaThread "Cache worker for file hash cache (C:\Users\Svetl\AndroidStudioProjects\up5v1\.gradle\7.5\fileHashes)" [_thread_blocked, id=7892, stack(0x000000a7e4600000,0x000000a7e4700000)]
  0x000001b103a6cbf0 JavaThread "Cache worker for cache directory md-supplier (C:\Users\Svetl\.gradle\caches\7.5\md-supplier)" [_thread_blocked, id=10012, stack(0x000000a7e4700000,0x000000a7e4800000)]
=>0x000001b1030beed0 JavaThread "C2 CompilerThread1" daemon [_thread_in_native, id=20060, stack(0x000000a7e4800000,0x000000a7e4900000)]
  0x000001b103a68d60 JavaThread "Cache worker for dependencies-accessors (C:\Users\Svetl\AndroidStudioProjects\up5v1\.gradle\7.5\dependencies-accessors)" [_thread_blocked, id=2664, stack(0x000000a7e4900000,0x000000a7e4a00000)]

Other Threads:
  0x000001b178e9e470 VMThread "VM Thread" [stack: 0x000000a7e2900000,0x000000a7e2a00000] [id=520]
  0x000001b1594a0e50 WatcherThread [stack: 0x000000a7e3700000,0x000000a7e3800000] [id=2460]
  0x000001b159476910 GCTaskThread "GC Thread#0" [stack: 0x000000a7e2400000,0x000000a7e2500000] [id=9260]
  0x000001b17e4e12f0 GCTaskThread "GC Thread#1" [stack: 0x000000a7e3a00000,0x000000a7e3b00000] [id=8288]
  0x000001b17e6bb0e0 GCTaskThread "GC Thread#2" [stack: 0x000000a7e3b00000,0x000000a7e3c00000] [id=11312]
  0x000001b17e3863c0 GCTaskThread "GC Thread#3" [stack: 0x000000a7e3c00000,0x000000a7e3d00000] [id=5868]
  0x000001b17e92d030 GCTaskThread "GC Thread#4" [stack: 0x000000a7e3d00000,0x000000a7e3e00000] [id=14164]
  0x000001b17e0ae5c0 GCTaskThread "GC Thread#5" [stack: 0x000000a7e3e00000,0x000000a7e3f00000] [id=17848]
  0x000001b17f46bbd0 GCTaskThread "GC Thread#6" [stack: 0x000000a7e4c00000,0x000000a7e4d00000] [id=24092]
  0x000001b17f46d150 GCTaskThread "GC Thread#7" [stack: 0x000000a7e4d00000,0x000000a7e4e00000] [id=17072]
  0x000001b17f46c3e0 GCTaskThread "GC Thread#8" [stack: 0x000000a7e4e00000,0x000000a7e4f00000] [id=4176]
  0x000001b17f46cbf0 GCTaskThread "GC Thread#9" [stack: 0x000000a7e4f00000,0x000000a7e5000000] [id=2580]
  0x000001b17f46cea0 GCTaskThread "GC Thread#10" [stack: 0x000000a7e5000000,0x000000a7e5100000] [id=23420]
  0x000001b17f46d400 GCTaskThread "GC Thread#11" [stack: 0x000000a7e5100000,0x000000a7e5200000] [id=19528]
  0x000001b17f46be80 GCTaskThread "GC Thread#12" [stack: 0x000000a7e5200000,0x000000a7e5300000] [id=5848]
  0x000001b17f46c690 GCTaskThread "GC Thread#13" [stack: 0x000000a7e5300000,0x000000a7e5400000] [id=10752]
  0x000001b17f46c940 GCTaskThread "GC Thread#14" [stack: 0x000000a7e5400000,0x000000a7e5500000] [id=18280]
  0x000001b159488860 ConcurrentGCThread "G1 Main Marker" [stack: 0x000000a7e2500000,0x000000a7e2600000] [id=8212]
  0x000001b159489270 ConcurrentGCThread "G1 Conc#0" [stack: 0x000000a7e2600000,0x000000a7e2700000] [id=11484]
  0x000001b17f46c130 ConcurrentGCThread "G1 Conc#1" [stack: 0x000000a7e5500000,0x000000a7e5600000] [id=1872]
  0x000001b17f802070 ConcurrentGCThread "G1 Conc#2" [stack: 0x000000a7e5600000,0x000000a7e5700000] [id=8372]
  0x000001b17f804610 ConcurrentGCThread "G1 Conc#3" [stack: 0x000000a7e5700000,0x000000a7e5800000] [id=2956]
  0x000001b1594cec90 ConcurrentGCThread "G1 Refine#0" [stack: 0x000000a7e2700000,0x000000a7e2800000] [id=5852]
  0x000001b178d94d20 ConcurrentGCThread "G1 Service" [stack: 0x000000a7e2800000,0x000000a7e2900000] [id=3396]

Threads with active compile tasks:
C2 CompilerThread0   102135 8797       4       org.gradle.internal.service.DefaultServiceRegistry$SingletonService::get (5 bytes)
C1 CompilerThread0   102135 8830       3       sun.reflect.generics.reflectiveObjects.ParameterizedTypeImpl::equals (81 bytes)
C2 CompilerThread1   102135 8805       4       org.apache.commons.io.FilenameUtils::doNormalize (541 bytes)

VM state: not at safepoint (normal execution)

VM Mutex/Monitor currently owned by a thread:  ([mutex/lock_event])
[0x000001b159404f10] Metaspace_lock - owner thread: 0x000001b103a67ef0

Heap address: 0x0000000700000000, size: 4096 MB, Compressed Oops mode: Zero based, Oop shift amount: 3

CDS archive(s) not mapped
Compressed class space mapped at: 0x0000000800000000-0x0000000840000000, reserved size: 1073741824
Narrow klass base: 0x0000000800000000, Narrow klass shift: 0, Narrow klass range: 0x40000000

GC Precious Log:
 CPUs: 20 total, 20 available
 Memory: 16110M
 Large Page Support: Disabled
 NUMA Support: Disabled
 Compressed Oops: Enabled (Zero based)
 Heap Region Size: 2M
 Heap Min Capacity: 8M
 Heap Initial Capacity: 252M
 Heap Max Capacity: 4G
 Pre-touch: Disabled
 Parallel Workers: 15
 Concurrent Workers: 4
 Concurrent Refinement Workers: 15
 Periodic GC: Disabled

Heap:
 garbage-first heap   total 151552K, used 97098K [0x0000000700000000, 0x0000000800000000)
  region size 2048K, 13 young (26624K), 4 survivors (8192K)
 Metaspace       used 85127K, committed 85696K, reserved 1179648K
  class space    used 11169K, committed 11392K, reserved 1048576K

Heap Regions: E=young(eden), S=young(survivor), O=old, HS=humongous(starts), HC=humongous(continues), CS=collection set, F=free, OA=open archive, CA=closed archive, TAMS=top-at-mark-start (previous, next)
|   0|0x0000000700000000, 0x0000000700200000, 0x0000000700200000|100%| O|  |TAMS 0x0000000700200000, 0x0000000700000000| Untracked 
|   1|0x0000000700200000, 0x00000007003e2c00, 0x0000000700400000| 94%| O|  |TAMS 0x00000007003e2c00, 0x0000000700200000| Untracked 
|   2|0x0000000700400000, 0x0000000700600000, 0x0000000700600000|100%|HS|  |TAMS 0x0000000700600000, 0x0000000700400000| Complete 
|   3|0x0000000700600000, 0x0000000700800000, 0x0000000700800000|100%|HC|  |TAMS 0x0000000700800000, 0x0000000700600000| Complete 
|   4|0x0000000700800000, 0x0000000700a00000, 0x0000000700a00000|100%| O|  |TAMS 0x0000000700a00000, 0x0000000700800000| Untracked 
|   5|0x0000000700a00000, 0x0000000700c00000, 0x0000000700c00000|100%| O|  |TAMS 0x0000000700c00000, 0x0000000700a00000| Untracked 
|   6|0x0000000700c00000, 0x0000000700e00000, 0x0000000700e00000|100%| O|  |TAMS 0x0000000700e00000, 0x0000000700c00000| Untracked 
|   7|0x0000000700e00000, 0x0000000701000000, 0x0000000701000000|100%| O|  |TAMS 0x0000000701000000, 0x0000000700e00000| Untracked 
|   8|0x0000000701000000, 0x0000000701200000, 0x0000000701200000|100%| O|  |TAMS 0x0000000701200000, 0x0000000701000000| Untracked 
|   9|0x0000000701200000, 0x0000000701400000, 0x0000000701400000|100%|HS|  |TAMS 0x0000000701400000, 0x0000000701200000| Complete 
|  10|0x0000000701400000, 0x0000000701600000, 0x0000000701600000|100%| O|  |TAMS 0x0000000701600000, 0x0000000701400000| Untracked 
|  11|0x0000000701600000, 0x0000000701800000, 0x0000000701800000|100%| O|  |TAMS 0x0000000701800000, 0x0000000701600000| Untracked 
|  12|0x0000000701800000, 0x0000000701a00000, 0x0000000701a00000|100%|HS|  |TAMS 0x0000000701a00000, 0x0000000701800000| Complete 
|  13|0x0000000701a00000, 0x0000000701c00000, 0x0000000701c00000|100%|HC|  |TAMS 0x0000000701c00000, 0x0000000701a00000| Complete 
|  14|0x0000000701c00000, 0x0000000701e00000, 0x0000000701e00000|100%|HS|  |TAMS 0x0000000701e00000, 0x0000000701c00000| Complete 
|  15|0x0000000701e00000, 0x0000000702000000, 0x0000000702000000|100%| O|  |TAMS 0x0000000702000000, 0x0000000701e00000| Untracked 
|  16|0x0000000702000000, 0x0000000702200000, 0x0000000702200000|100%| O|  |TAMS 0x0000000702200000, 0x0000000702000000| Untracked 
|  17|0x0000000702200000, 0x0000000702400000, 0x0000000702400000|100%| O|  |TAMS 0x0000000702400000, 0x0000000702200000| Untracked 
|  18|0x0000000702400000, 0x0000000702600000, 0x0000000702600000|100%| O|  |TAMS 0x0000000702600000, 0x0000000702400000| Untracked 
|  19|0x0000000702600000, 0x0000000702800000, 0x0000000702800000|100%| O|  |TAMS 0x0000000702800000, 0x0000000702600000| Untracked 
|  20|0x0000000702800000, 0x0000000702a00000, 0x0000000702a00000|100%| O|  |TAMS 0x0000000702a00000, 0x0000000702800000| Untracked 
|  21|0x0000000702a00000, 0x0000000702c00000, 0x0000000702c00000|100%| O|  |TAMS 0x0000000702c00000, 0x0000000702a00000| Untracked 
|  22|0x0000000702c00000, 0x0000000702e00000, 0x0000000702e00000|100%| O|  |TAMS 0x0000000702e00000, 0x0000000702c00000| Untracked 
|  23|0x0000000702e00000, 0x0000000703000000, 0x0000000703000000|100%|HS|  |TAMS 0x0000000703000000, 0x0000000702e00000| Complete 
|  24|0x0000000703000000, 0x0000000703200000, 0x0000000703200000|100%|HC|  |TAMS 0x0000000703200000, 0x0000000703000000| Complete 
|  25|0x0000000703200000, 0x0000000703400000, 0x0000000703400000|100%| O|  |TAMS 0x0000000703400000, 0x0000000703200000| Untracked 
|  26|0x0000000703400000, 0x0000000703600000, 0x0000000703600000|100%| O|  |TAMS 0x0000000703600000, 0x0000000703400000| Untracked 
|  27|0x0000000703600000, 0x0000000703800000, 0x0000000703800000|100%| O|  |TAMS 0x0000000703800000, 0x0000000703600000| Untracked 
|  28|0x0000000703800000, 0x0000000703a00000, 0x0000000703a00000|100%| O|  |TAMS 0x0000000703a00000, 0x0000000703800000| Untracked 
|  29|0x0000000703a00000, 0x0000000703c00000, 0x0000000703c00000|100%| O|  |TAMS 0x0000000703c00000, 0x0000000703a00000| Untracked 
|  30|0x0000000703c00000, 0x0000000703e00000, 0x0000000703e00000|100%| O|  |TAMS 0x0000000703e00000, 0x0000000703c00000| Untracked 
|  31|0x0000000703e00000, 0x0000000704000000, 0x0000000704000000|100%| O|  |TAMS 0x0000000704000000, 0x0000000703e00000| Untracked 
|  32|0x0000000704000000, 0x0000000704200000, 0x0000000704200000|100%| O|  |TAMS 0x0000000704200000, 0x0000000704000000| Untracked 
|  33|0x0000000704200000, 0x0000000704400000, 0x0000000704400000|100%| O|  |TAMS 0x0000000704400000, 0x0000000704200000| Untracked 
|  34|0x0000000704400000, 0x0000000704600000, 0x0000000704600000|100%| O|  |TAMS 0x0000000704448c00, 0x0000000704400000| Untracked 
|  35|0x0000000704600000, 0x000000070476ae00, 0x0000000704800000| 70%| O|  |TAMS 0x0000000704600000, 0x0000000704600000| Untracked 
|  36|0x0000000704800000, 0x0000000704800000, 0x0000000704a00000|  0%| F|  |TAMS 0x0000000704800000, 0x0000000704800000| Untracked 
|  37|0x0000000704a00000, 0x0000000704a00000, 0x0000000704c00000|  0%| F|  |TAMS 0x0000000704a00000, 0x0000000704a00000| Untracked 
|  38|0x0000000704c00000, 0x0000000704c00000, 0x0000000704e00000|  0%| F|  |TAMS 0x0000000704c00000, 0x0000000704c00000| Untracked 
|  39|0x0000000704e00000, 0x0000000704e00000, 0x0000000705000000|  0%| F|  |TAMS 0x0000000704e00000, 0x0000000704e00000| Untracked 
|  40|0x0000000705000000, 0x0000000705000000, 0x0000000705200000|  0%| F|  |TAMS 0x0000000705000000, 0x0000000705000000| Untracked 
|  41|0x0000000705200000, 0x0000000705200000, 0x0000000705400000|  0%| F|  |TAMS 0x0000000705200000, 0x0000000705200000| Untracked 
|  42|0x0000000705400000, 0x0000000705400000, 0x0000000705600000|  0%| F|  |TAMS 0x0000000705400000, 0x0000000705400000| Untracked 
|  43|0x0000000705600000, 0x0000000705600000, 0x0000000705800000|  0%| F|  |TAMS 0x0000000705600000, 0x0000000705600000| Untracked 
|  44|0x0000000705800000, 0x0000000705800000, 0x0000000705a00000|  0%| F|  |TAMS 0x0000000705800000, 0x0000000705800000| Untracked 
|  45|0x0000000705a00000, 0x0000000705a00000, 0x0000000705c00000|  0%| F|  |TAMS 0x0000000705a00000, 0x0000000705a00000| Untracked 
|  46|0x0000000705c00000, 0x0000000705c00000, 0x0000000705e00000|  0%| F|  |TAMS 0x0000000705c00000, 0x0000000705c00000| Untracked 
|  47|0x0000000705e00000, 0x0000000705e00000, 0x0000000706000000|  0%| F|  |TAMS 0x0000000705e00000, 0x0000000705e00000| Untracked 
|  48|0x0000000706000000, 0x0000000706184fb0, 0x0000000706200000| 75%| S|CS|TAMS 0x0000000706000000, 0x0000000706000000| Complete 
|  49|0x0000000706200000, 0x0000000706400000, 0x0000000706400000|100%| S|CS|TAMS 0x0000000706200000, 0x0000000706200000| Complete 
|  50|0x0000000706400000, 0x0000000706600000, 0x0000000706600000|100%| S|CS|TAMS 0x0000000706400000, 0x0000000706400000| Complete 
|  51|0x0000000706600000, 0x0000000706600000, 0x0000000706800000|  0%| F|  |TAMS 0x0000000706600000, 0x0000000706600000| Untracked 
|  52|0x0000000706800000, 0x0000000706a00000, 0x0000000706a00000|100%| S|CS|TAMS 0x0000000706800000, 0x0000000706800000| Complete 
|  53|0x0000000706a00000, 0x0000000706a00000, 0x0000000706c00000|  0%| F|  |TAMS 0x0000000706a00000, 0x0000000706a00000| Untracked 
|  54|0x0000000706c00000, 0x0000000706c00000, 0x0000000706e00000|  0%| F|  |TAMS 0x0000000706c00000, 0x0000000706c00000| Untracked 
|  55|0x0000000706e00000, 0x0000000706e00000, 0x0000000707000000|  0%| F|  |TAMS 0x0000000706e00000, 0x0000000706e00000| Untracked 
|  56|0x0000000707000000, 0x0000000707000000, 0x0000000707200000|  0%| F|  |TAMS 0x0000000707000000, 0x0000000707000000| Untracked 
|  57|0x0000000707200000, 0x0000000707200000, 0x0000000707400000|  0%| F|  |TAMS 0x0000000707200000, 0x0000000707200000| Untracked 
|  58|0x0000000707400000, 0x0000000707400000, 0x0000000707600000|  0%| F|  |TAMS 0x0000000707400000, 0x0000000707400000| Untracked 
|  59|0x0000000707600000, 0x0000000707600000, 0x0000000707800000|  0%| F|  |TAMS 0x0000000707600000, 0x0000000707600000| Untracked 
|  60|0x0000000707800000, 0x0000000707800000, 0x0000000707a00000|  0%| F|  |TAMS 0x0000000707800000, 0x0000000707800000| Untracked 
|  61|0x0000000707a00000, 0x0000000707a00000, 0x0000000707c00000|  0%| F|  |TAMS 0x0000000707a00000, 0x0000000707a00000| Untracked 
|  62|0x0000000707c00000, 0x0000000707c00000, 0x0000000707e00000|  0%| F|  |TAMS 0x0000000707c00000, 0x0000000707c00000| Untracked 
|  63|0x0000000707e00000, 0x0000000707e00000, 0x0000000708000000|  0%| F|  |TAMS 0x0000000707e00000, 0x0000000707e00000| Untracked 
|  64|0x0000000708000000, 0x0000000708000000, 0x0000000708200000|  0%| F|  |TAMS 0x0000000708000000, 0x0000000708000000| Untracked 
|  65|0x0000000708200000, 0x000000070834d9b0, 0x0000000708400000| 65%| E|  |TAMS 0x0000000708200000, 0x0000000708200000| Complete 
|  66|0x0000000708400000, 0x0000000708600000, 0x0000000708600000|100%| E|CS|TAMS 0x0000000708400000, 0x0000000708400000| Complete 
|  67|0x0000000708600000, 0x0000000708800000, 0x0000000708800000|100%| E|CS|TAMS 0x0000000708600000, 0x0000000708600000| Complete 
|  68|0x0000000708800000, 0x0000000708a00000, 0x0000000708a00000|100%| E|CS|TAMS 0x0000000708800000, 0x0000000708800000| Complete 
|  97|0x000000070c200000, 0x000000070c400000, 0x000000070c400000|100%| E|CS|TAMS 0x000000070c200000, 0x000000070c200000| Complete 
|  98|0x000000070c400000, 0x000000070c600000, 0x000000070c600000|100%| E|CS|TAMS 0x000000070c400000, 0x000000070c400000| Complete 
|  99|0x000000070c600000, 0x000000070c800000, 0x000000070c800000|100%| E|CS|TAMS 0x000000070c600000, 0x000000070c600000| Complete 
| 100|0x000000070c800000, 0x000000070ca00000, 0x000000070ca00000|100%| E|CS|TAMS 0x000000070c800000, 0x000000070c800000| Complete 
| 125|0x000000070fa00000, 0x000000070fc00000, 0x000000070fc00000|100%| E|CS|TAMS 0x000000070fa00000, 0x000000070fa00000| Complete 

Card table byte_map: [0x000001b16cb90000,0x000001b16d390000] _byte_map_base: 0x000001b169390000

Marking Bits (Prev, Next): (CMBitMap*) 0x000001b159477f30, (CMBitMap*) 0x000001b159477f70
 Prev Bits: [0x000001b16db90000, 0x000001b171b90000)
 Next Bits: [0x000001b171b90000, 0x000001b175b90000)

Polling page: 0x000001b158bd0000

Metaspace:

Usage:
  Non-class:     72.22 MB used.
      Class:     10.91 MB used.
       Both:     83.13 MB used.

Virtual space:
  Non-class space:      128.00 MB reserved,      72.56 MB ( 57%) committed,  2 nodes.
      Class space:        1.00 GB reserved,      11.12 MB (  1%) committed,  1 nodes.
             Both:        1.12 GB reserved,      83.69 MB (  7%) committed. 

Chunk freelists:
   Non-Class:  6.75 MB
       Class:  4.67 MB
        Both:  11.42 MB

MaxMetaspaceSize: unlimited
CompressedClassSpaceSize: 1.00 GB
Initial GC threshold: 21.00 MB
Current GC threshold: 137.50 MB
CDS: off
MetaspaceReclaimPolicy: balanced
 - commit_granule_bytes: 65536.
 - commit_granule_words: 8192.
 - virtual_space_node_default_size: 8388608.
 - enlarge_chunks_in_place: 1.
 - new_chunks_are_fully_committed: 0.
 - uncommit_free_chunks: 1.
 - use_allocation_guard: 0.
 - handle_deallocations: 1.


Internal statistics:

num_allocs_failed_limit: 6.
num_arena_births: 688.
num_arena_deaths: 0.
num_vsnodes_births: 3.
num_vsnodes_deaths: 0.
num_space_committed: 1339.
num_space_uncommitted: 0.
num_chunks_returned_to_freelist: 6.
num_chunks_taken_from_freelist: 3688.
num_chunk_merges: 3.
num_chunk_splits: 2470.
num_chunks_enlarged: 1704.
num_inconsistent_stats: 0.

CodeHeap 'non-profiled nmethods': size=119168Kb used=4944Kb max_used=4944Kb free=114223Kb
 bounds [0x000001b164480000, 0x000001b164960000, 0x000001b16b8e0000]
CodeHeap 'profiled nmethods': size=119104Kb used=16170Kb max_used=16170Kb free=102934Kb
 bounds [0x000001b15c8e0000, 0x000001b15d8b0000, 0x000001b163d30000]
CodeHeap 'non-nmethods': size=7488Kb used=2369Kb max_used=4156Kb free=5118Kb
 bounds [0x000001b163d30000, 0x000001b164150000, 0x000001b164480000]
 total_blobs=8908 nmethods=8013 adapters=807
 compilation: enabled
              stopped_count=0, restarted_count=0
 full_count=0

Compilation events (20 events):
Event: 102.119 Thread 0x000001b178fad2f0 nmethod 8823 0x000001b15d8a4090 code [0x000001b15d8a4240, 0x000001b15d8a44e8]
Event: 102.119 Thread 0x000001b178fad2f0 8825       3       groovyjarjarasm.asm.ByteVector::putUTF8 (144 bytes)
Event: 102.119 Thread 0x000001b1030beed0 8805       4       org.apache.commons.io.FilenameUtils::doNormalize (541 bytes)
Event: 102.120 Thread 0x000001b178fad2f0 nmethod 8825 0x000001b15d8a4590 code [0x000001b15d8a4800, 0x000001b15d8a5368]
Event: 102.120 Thread 0x000001b178fad2f0 8824       3       org.codehaus.groovy.runtime.MetaClassHelper::getMaximumInterfaceDistance (101 bytes)
Event: 102.120 Thread 0x000001b178fad2f0 nmethod 8824 0x000001b15d8a5890 code [0x000001b15d8a5aa0, 0x000001b15d8a6058]
Event: 102.120 Thread 0x000001b178fad2f0 8819       3       sun.reflect.generics.parser.SignatureParser::parseFormalTypeParameter (16 bytes)
Event: 102.120 Thread 0x000001b178fad2f0 nmethod 8819 0x000001b15d8a6310 code [0x000001b15d8a6500, 0x000001b15d8a6a48]
Event: 102.120 Thread 0x000001b178fad2f0 8826       3       org.codehaus.groovy.reflection.CachedClass::getNewMetaMethods (166 bytes)
Event: 102.121 Thread 0x000001b178fad2f0 nmethod 8826 0x000001b15d8a6c90 code [0x000001b15d8a7000, 0x000001b15d8a88e8]
Event: 102.121 Thread 0x000001b178fad2f0 8821       3       sun.reflect.generics.tree.FormalTypeParameter::make (10 bytes)
Event: 102.121 Thread 0x000001b178fad2f0 nmethod 8821 0x000001b15d8a9090 code [0x000001b15d8a9240, 0x000001b15d8a9518]
Event: 102.121 Thread 0x000001b178fad2f0 8822       3       sun.reflect.generics.tree.FormalTypeParameter::<init> (15 bytes)
Event: 102.121 Thread 0x000001b178fad2f0 nmethod 8822 0x000001b15d8a9610 code [0x000001b15d8a97c0, 0x000001b15d8a99f8]
Event: 102.121 Thread 0x000001b178fad2f0 8827       1       org.gradle.internal.operations.BuildOperationDescriptor::getDetails (5 bytes)
Event: 102.121 Thread 0x000001b178fad2f0 nmethod 8827 0x000001b164953d90 code [0x000001b164953f20, 0x000001b164953ff8]
Event: 102.122 Thread 0x000001b178fad2f0 8828       3       org.gradle.internal.snapshot.impl.DefaultIsolatableFactory$IsolatableVisitor::array (7 bytes)
Event: 102.122 Thread 0x000001b178fad2f0 nmethod 8828 0x000001b15d8a9a90 code [0x000001b15d8a9c40, 0x000001b15d8a9ff8]
Event: 102.122 Thread 0x000001b178fad2f0 8829       3       org.gradle.internal.snapshot.impl.DefaultIsolatableFactory$IsolatableVisitor::array (10 bytes)
Event: 102.122 Thread 0x000001b178fad2f0 nmethod 8829 0x000001b15d8aa190 code [0x000001b15d8aa340, 0x000001b15d8aa698]

GC Heap History (20 events):
Event: 4.546 GC heap before
{Heap before GC invocations=22 (full 0):
 garbage-first heap   total 100352K, used 66745K [0x0000000700000000, 0x0000000800000000)
  region size 2048K, 9 young (18432K), 2 survivors (4096K)
 Metaspace       used 52549K, committed 52992K, reserved 1114112K
  class space    used 6921K, committed 7104K, reserved 1048576K
}
Event: 4.549 GC heap after
{Heap after GC invocations=23 (full 0):
 garbage-first heap   total 100352K, used 58053K [0x0000000700000000, 0x0000000800000000)
  region size 2048K, 2 young (4096K), 2 survivors (4096K)
 Metaspace       used 52549K, committed 52992K, reserved 1114112K
  class space    used 6921K, committed 7104K, reserved 1048576K
}
Event: 4.761 GC heap before
{Heap before GC invocations=23 (full 0):
 garbage-first heap   total 100352K, used 74437K [0x0000000700000000, 0x0000000800000000)
  region size 2048K, 10 young (20480K), 2 survivors (4096K)
 Metaspace       used 54984K, committed 55424K, reserved 1114112K
  class space    used 7231K, committed 7424K, reserved 1048576K
}
Event: 4.764 GC heap after
{Heap after GC invocations=24 (full 0):
 garbage-first heap   total 122880K, used 58523K [0x0000000700000000, 0x0000000800000000)
  region size 2048K, 1 young (2048K), 1 survivors (2048K)
 Metaspace       used 54984K, committed 55424K, reserved 1114112K
  class space    used 7231K, committed 7424K, reserved 1048576K
}
Event: 5.182 GC heap before
{Heap before GC invocations=25 (full 0):
 garbage-first heap   total 122880K, used 85147K [0x0000000700000000, 0x0000000800000000)
  region size 2048K, 15 young (30720K), 1 survivors (2048K)
 Metaspace       used 60288K, committed 60736K, reserved 1114112K
  class space    used 7892K, committed 8064K, reserved 1048576K
}
Event: 5.185 GC heap after
{Heap after GC invocations=26 (full 0):
 garbage-first heap   total 122880K, used 60008K [0x0000000700000000, 0x0000000800000000)
  region size 2048K, 2 young (4096K), 2 survivors (4096K)
 Metaspace       used 60288K, committed 60736K, reserved 1114112K
  class space    used 7892K, committed 8064K, reserved 1048576K
}
Event: 5.480 GC heap before
{Heap before GC invocations=26 (full 0):
 garbage-first heap   total 122880K, used 88680K [0x0000000700000000, 0x0000000800000000)
  region size 2048K, 17 young (34816K), 2 survivors (4096K)
 Metaspace       used 63082K, committed 63680K, reserved 1114112K
  class space    used 8242K, committed 8512K, reserved 1048576K
}
Event: 5.483 GC heap after
{Heap after GC invocations=27 (full 0):
 garbage-first heap   total 122880K, used 63348K [0x0000000700000000, 0x0000000800000000)
  region size 2048K, 3 young (6144K), 3 survivors (6144K)
 Metaspace       used 63082K, committed 63680K, reserved 1114112K
  class space    used 8242K, committed 8512K, reserved 1048576K
}
Event: 5.787 GC heap before
{Heap before GC invocations=28 (full 0):
 garbage-first heap   total 122880K, used 92020K [0x0000000700000000, 0x0000000800000000)
  region size 2048K, 17 young (34816K), 3 survivors (6144K)
 Metaspace       used 65442K, committed 65984K, reserved 1114112K
  class space    used 8530K, committed 8768K, reserved 1048576K
}
Event: 5.790 GC heap after
{Heap after GC invocations=29 (full 0):
 garbage-first heap   total 122880K, used 66121K [0x0000000700000000, 0x0000000800000000)
  region size 2048K, 2 young (4096K), 2 survivors (4096K)
 Metaspace       used 65442K, committed 65984K, reserved 1114112K
  class space    used 8530K, committed 8768K, reserved 1048576K
}
Event: 6.178 GC heap before
{Heap before GC invocations=29 (full 0):
 garbage-first heap   total 122880K, used 94793K [0x0000000700000000, 0x0000000800000000)
  region size 2048K, 16 young (32768K), 2 survivors (4096K)
 Metaspace       used 68765K, committed 69312K, reserved 1114112K
  class space    used 8956K, committed 9216K, reserved 1048576K
}
Event: 6.181 GC heap after
{Heap after GC invocations=30 (full 0):
 garbage-first heap   total 122880K, used 67455K [0x0000000700000000, 0x0000000800000000)
  region size 2048K, 1 young (2048K), 1 survivors (2048K)
 Metaspace       used 68765K, committed 69312K, reserved 1114112K
  class space    used 8956K, committed 9216K, reserved 1048576K
}
Event: 6.381 GC heap before
{Heap before GC invocations=31 (full 0):
 garbage-first heap   total 122880K, used 96127K [0x0000000700000000, 0x0000000800000000)
  region size 2048K, 15 young (30720K), 1 survivors (2048K)
 Metaspace       used 69599K, committed 70144K, reserved 1114112K
  class space    used 9074K, committed 9344K, reserved 1048576K
}
Event: 6.383 GC heap after
{Heap after GC invocations=32 (full 0):
 garbage-first heap   total 151552K, used 69930K [0x0000000700000000, 0x0000000800000000)
  region size 2048K, 2 young (4096K), 2 survivors (4096K)
 Metaspace       used 69599K, committed 70144K, reserved 1114112K
  class space    used 9074K, committed 9344K, reserved 1048576K
}
Event: 6.925 GC heap before
{Heap before GC invocations=32 (full 0):
 garbage-first heap   total 151552K, used 117034K [0x0000000700000000, 0x0000000800000000)
  region size 2048K, 25 young (51200K), 2 survivors (4096K)
 Metaspace       used 72671K, committed 73280K, reserved 1114112K
  class space    used 9512K, committed 9792K, reserved 1048576K
}
Event: 6.927 GC heap after
{Heap after GC invocations=33 (full 0):
 garbage-first heap   total 151552K, used 72921K [0x0000000700000000, 0x0000000800000000)
  region size 2048K, 4 young (8192K), 4 survivors (8192K)
 Metaspace       used 72671K, committed 73280K, reserved 1114112K
  class space    used 9512K, committed 9792K, reserved 1048576K
}
Event: 7.413 GC heap before
{Heap before GC invocations=33 (full 0):
 garbage-first heap   total 151552K, used 117977K [0x0000000700000000, 0x0000000800000000)
  region size 2048K, 26 young (53248K), 4 survivors (8192K)
 Metaspace       used 77873K, committed 78336K, reserved 1179648K
  class space    used 10406K, committed 10624K, reserved 1048576K
}
Event: 7.416 GC heap after
{Heap after GC invocations=34 (full 0):
 garbage-first heap   total 151552K, used 76107K [0x0000000700000000, 0x0000000800000000)
  region size 2048K, 4 young (8192K), 4 survivors (8192K)
 Metaspace       used 77873K, committed 78336K, reserved 1179648K
  class space    used 10406K, committed 10624K, reserved 1048576K
}
Event: 7.780 GC heap before
{Heap before GC invocations=34 (full 0):
 garbage-first heap   total 151552K, used 117067K [0x0000000700000000, 0x0000000800000000)
  region size 2048K, 25 young (51200K), 4 survivors (8192K)
 Metaspace       used 83375K, committed 83904K, reserved 1179648K
  class space    used 10976K, committed 11200K, reserved 1048576K
}
Event: 7.784 GC heap after
{Heap after GC invocations=35 (full 0):
 garbage-first heap   total 151552K, used 80714K [0x0000000700000000, 0x0000000800000000)
  region size 2048K, 4 young (8192K), 4 survivors (8192K)
 Metaspace       used 83375K, committed 83904K, reserved 1179648K
  class space    used 10976K, committed 11200K, reserved 1048576K
}

Dll operation events (2 events):
Event: 0.005 Loaded shared library C:\Program Files\Android\Android Studio\jbr\bin\java.dll
Event: 0.238 Loaded shared library C:\Program Files\Android\Android Studio\jbr\bin\verify.dll

Deoptimization events (20 events):
Event: 7.826 Thread 0x000001b17ea606b0 DEOPT PACKING pc=0x000001b1648ed610 sp=0x000000a7e43feaa0
Event: 7.826 Thread 0x000001b17ea606b0 DEOPT UNPACKING pc=0x000001b163d869a3 sp=0x000000a7e43fea58 mode 2
Event: 11.121 Thread 0x000001b17ea60b80 Uncommon trap: trap_request=0xffffff45 fr.pc=0x000001b1644bb770 relative=0x0000000000000630
Event: 11.121 Thread 0x000001b17ea60b80 Uncommon trap: reason=unstable_if action=reinterpret pc=0x000001b1644bb770 method=java.lang.AbstractStringBuilder.append(Ljava/lang/String;)Ljava/lang/AbstractStringBuilder; @ 1 c2
Event: 11.121 Thread 0x000001b17ea60b80 DEOPT PACKING pc=0x000001b1644bb770 sp=0x000000a7e42fe840
Event: 11.121 Thread 0x000001b17ea60b80 DEOPT UNPACKING pc=0x000001b163d869a3 sp=0x000000a7e42fe7c0 mode 2
Event: 11.121 Thread 0x000001b17ea60b80 Uncommon trap: trap_request=0xffffff45 fr.pc=0x000001b1645afe14 relative=0x0000000000000754
Event: 11.121 Thread 0x000001b17ea60b80 Uncommon trap: reason=unstable_if action=reinterpret pc=0x000001b1645afe14 method=java.lang.AbstractStringBuilder.append(Ljava/lang/String;)Ljava/lang/AbstractStringBuilder; @ 1 c2
Event: 11.121 Thread 0x000001b17ea60b80 DEOPT PACKING pc=0x000001b1645afe14 sp=0x000000a7e42fe7e0
Event: 11.121 Thread 0x000001b17ea60b80 DEOPT UNPACKING pc=0x000001b163d869a3 sp=0x000000a7e42fe7c8 mode 2
Event: 102.052 Thread 0x000001b17ed27f60 Uncommon trap: trap_request=0xffffff45 fr.pc=0x000001b1644e5394 relative=0x0000000000000854
Event: 102.052 Thread 0x000001b17ed27f60 Uncommon trap: reason=unstable_if action=reinterpret pc=0x000001b1644e5394 method=java.security.AccessControlContext.combine([Ljava/security/ProtectionDomain;[Ljava/security/ProtectionDomain;)[Ljava/security/ProtectionDomain; @ 162 c2
Event: 102.052 Thread 0x000001b17ed27f60 DEOPT PACKING pc=0x000001b1644e5394 sp=0x000000a7e41fea70
Event: 102.052 Thread 0x000001b17ed27f60 DEOPT UNPACKING pc=0x000001b163d869a3 sp=0x000000a7e41fea18 mode 2
Event: 102.095 Thread 0x000001b103a67ef0 DEOPT PACKING pc=0x000001b15d62962d sp=0x000000a7e38fae40
Event: 102.095 Thread 0x000001b103a67ef0 DEOPT UNPACKING pc=0x000001b163d87143 sp=0x000000a7e38fa368 mode 0
Event: 102.096 Thread 0x000001b103a67ef0 Uncommon trap: trap_request=0xffffff45 fr.pc=0x000001b1648bd75c relative=0x0000000000000c7c
Event: 102.096 Thread 0x000001b103a67ef0 Uncommon trap: reason=unstable_if action=reinterpret pc=0x000001b1648bd75c method=java.util.regex.Pattern.sequence(Ljava/util/regex/Pattern$Node;)Ljava/util/regex/Pattern$Node; @ 234 c2
Event: 102.096 Thread 0x000001b103a67ef0 DEOPT PACKING pc=0x000001b1648bd75c sp=0x000000a7e38f8b60
Event: 102.096 Thread 0x000001b103a67ef0 DEOPT UNPACKING pc=0x000001b163d869a3 sp=0x000000a7e38f8af8 mode 2

Classes unloaded (0 events):
No events

Classes redefined (0 events):
No events

Internal exceptions (20 events):
Event: 7.718 Thread 0x000001b103a6bd80 Implicit null exception at 0x000001b1647a7a03 to 0x000001b1647a7be8
Event: 7.718 Thread 0x000001b103a6bd80 Exception <a 'sun/nio/fs/WindowsException'{0x00000007078d62e0}> (0x00000007078d62e0) 
thrown [s\src\hotspot\share\prims\jni.cpp, line 517]
Event: 7.736 Thread 0x000001b17ea61ec0 Exception <a 'java/lang/NoSuchMethodError'{0x0000000707991d60}: 'java.lang.Object java.lang.invoke.Invokers$Holder.linkToTargetMethod(java.lang.Object, java.lang.Object, java.lang.Object, int, java.lang.Object, java.lang.Object)'> (0x0000000707991d60) 
thrown [s\src\hotspot\share\interpreter\linkResolver.cpp, line 771]
Event: 7.765 Thread 0x000001b17ea61ec0 Implicit null exception at 0x000001b1648b9b3e to 0x000001b1648ba3ac
Event: 11.121 Thread 0x000001b17ea60b80 Implicit null exception at 0x000001b1644bb172 to 0x000001b1644bb758
Event: 11.121 Thread 0x000001b17ea60b80 Implicit null exception at 0x000001b1645af6f2 to 0x000001b1645afdfc
Event: 102.104 Thread 0x000001b103a67ef0 Exception <a 'java/lang/ClassNotFoundException'{0x0000000708768088}: ijtestinit_cm9zwpjslhurr62w73tbtarhtBeanInfo> (0x0000000708768088) 
thrown [s\src\hotspot\share\classfile\systemDictionary.cpp, line 256]
Event: 102.104 Thread 0x000001b103a67ef0 Exception <a 'java/lang/ClassNotFoundException'{0x0000000708771320}: org/gradle/initialization/InitScriptBeanInfo> (0x0000000708771320) 
thrown [s\src\hotspot\share\classfile\systemDictionary.cpp, line 256]
Event: 102.104 Thread 0x000001b103a67ef0 Exception <a 'java/lang/ClassNotFoundException'{0x000000070877a870}: org/gradle/initialization/InitScriptCustomizer> (0x000000070877a870) 
thrown [s\src\hotspot\share\classfile\systemDictionary.cpp, line 256]
Event: 102.104 Thread 0x000001b103a67ef0 Exception <a 'java/lang/ClassNotFoundException'{0x0000000708788858}: ijtestinit_cm9zwpjslhurr62w73tbtarhtCustomizer> (0x0000000708788858) 
thrown [s\src\hotspot\share\classfile\systemDictionary.cpp, line 256]
Event: 102.106 Thread 0x000001b103a67ef0 Exception <a 'java/lang/ClassNotFoundException'{0x00000007087ca3b8}: groovy/lang/ReferenceBeanInfo> (0x00000007087ca3b8) 
thrown [s\src\hotspot\share\classfile\systemDictionary.cpp, line 256]
Event: 102.106 Thread 0x000001b103a67ef0 Exception <a 'java/lang/ClassNotFoundException'{0x00000007087ec840}: groovy/lang/ReferenceCustomizer> (0x00000007087ec840) 
thrown [s\src\hotspot\share\classfile\systemDictionary.cpp, line 256]
Event: 102.111 Thread 0x000001b103a67ef0 Exception <a 'java/lang/ClassNotFoundException'{0x00000007084a3fa8}: org/gradle/invocation/DefaultGradle_DecoratedBeanInfo> (0x00000007084a3fa8) 
thrown [s\src\hotspot\share\classfile\systemDictionary.cpp, line 256]
Event: 102.111 Thread 0x000001b103a67ef0 Exception <a 'java/lang/ClassNotFoundException'{0x00000007084b2078}: org/gradle/invocation/DefaultGradleBeanInfo> (0x00000007084b2078) 
thrown [s\src\hotspot\share\classfile\systemDictionary.cpp, line 256]
Event: 102.111 Thread 0x000001b103a67ef0 Exception <a 'java/lang/ClassNotFoundException'{0x00000007084c03d0}: org/gradle/invocation/DefaultGradleCustomizer> (0x00000007084c03d0) 
thrown [s\src\hotspot\share\classfile\systemDictionary.cpp, line 256]
Event: 102.113 Thread 0x000001b103a67ef0 Exception <a 'java/lang/ClassNotFoundException'{0x0000000708501c30}: org/gradle/invocation/DefaultGradle_DecoratedCustomizer> (0x0000000708501c30) 
thrown [s\src\hotspot\share\classfile\systemDictionary.cpp, line 256]
Event: 102.118 Thread 0x000001b103a67ef0 Exception <a 'java/lang/ClassNotFoundException'{0x00000007085b5a20}: org/gradle/execution/taskgraph/DefaultTaskExecutionGraphBeanInfo> (0x00000007085b5a20) 
thrown [s\src\hotspot\share\classfile\systemDictionary.cpp, line 256]
Event: 102.118 Thread 0x000001b103a67ef0 Exception <a 'java/lang/ClassNotFoundException'{0x00000007085c4028}: org/gradle/execution/taskgraph/DefaultTaskExecutionGraphCustomizer> (0x00000007085c4028) 
thrown [s\src\hotspot\share\classfile\systemDictionary.cpp, line 256]
Event: 102.120 Thread 0x000001b103a67ef0 Exception <a 'java/lang/ClassNotFoundException'{0x0000000708209568}: org/gradle/configuration/internal/DefaultListenerBuildOperationDecorator$BuildOperationEmittingClosureBeanInfo> (0x0000000708209568) 
thrown [s\src\hotspot\share\classfile\systemDictionary.cpp, line 256]
Event: 102.120 Thread 0x000001b103a67ef0 Exception <a 'java/lang/ClassNotFoundException'{0x0000000708218470}: org/gradle/configuration/internal/DefaultListenerBuildOperationDecorator$BuildOperationEmittingClosureCustomizer> (0x0000000708218470) 
thrown [s\src\hotspot\share\classfile\systemDictionary.cpp, line 256]

VM Operations (20 events):
Event: 21.222 Executing VM operation: Cleanup
Event: 21.222 Executing VM operation: Cleanup done
Event: 31.283 Executing VM operation: Cleanup
Event: 31.283 Executing VM operation: Cleanup done
Event: 46.409 Executing VM operation: Cleanup
Event: 46.409 Executing VM operation: Cleanup done
Event: 49.438 Executing VM operation: Cleanup
Event: 49.438 Executing VM operation: Cleanup done
Event: 51.439 Executing VM operation: Cleanup
Event: 51.439 Executing VM operation: Cleanup done
Event: 55.460 Executing VM operation: Cleanup
Event: 55.460 Executing VM operation: Cleanup done
Event: 56.463 Executing VM operation: Cleanup
Event: 56.463 Executing VM operation: Cleanup done
Event: 60.498 Executing VM operation: Cleanup
Event: 60.498 Executing VM operation: Cleanup done
Event: 61.504 Executing VM operation: Cleanup
Event: 61.505 Executing VM operation: Cleanup done
Event: 81.611 Executing VM operation: Cleanup
Event: 81.611 Executing VM operation: Cleanup done

Events (20 events):
Event: 10.166 Thread 0x000001b1794f91e0 Thread exited: 0x000001b1794f91e0
Event: 10.166 Thread 0x000001b1794fe5d0 Thread exited: 0x000001b1794fe5d0
Event: 10.901 Thread 0x000001b179120df0 Thread exited: 0x000001b179120df0
Event: 12.893 Thread 0x000001b17911e4c0 Thread exited: 0x000001b17911e4c0
Event: 67.817 Thread 0x000001b17ea61ec0 Thread exited: 0x000001b17ea61ec0
Event: 67.832 Thread 0x000001b17ea606b0 Thread exited: 0x000001b17ea606b0
Event: 102.052 Thread 0x000001b103a67a20 Thread added: 0x000001b103a67a20
Event: 102.052 Thread 0x000001b103a69bd0 Thread added: 0x000001b103a69bd0
Event: 102.055 Thread 0x000001b103a6bd80 Thread added: 0x000001b103a6bd80
Event: 102.057 Thread 0x000001b103a67ef0 Thread added: 0x000001b103a67ef0
Event: 102.059 Thread 0x000001b103a683c0 Thread added: 0x000001b103a683c0
Event: 102.059 Thread 0x000001b103a67080 Thread added: 0x000001b103a67080
Event: 102.060 Thread 0x000001b103a69700 Thread added: 0x000001b103a69700
Event: 102.089 Thread 0x000001b103a6a0a0 Thread added: 0x000001b103a6a0a0
Event: 102.090 Thread 0x000001b103a666e0 Thread added: 0x000001b103a666e0
Event: 102.091 Thread 0x000001b103a66bb0 Thread added: 0x000001b103a66bb0
Event: 102.092 Thread 0x000001b103a6cbf0 Thread added: 0x000001b103a6cbf0
Event: 102.096 loading class java/util/regex/Pattern$Pos
Event: 102.096 loading class java/util/regex/Pattern$Pos done
Event: 102.119 Thread 0x000001b1030beed0 Thread added: 0x000001b1030beed0


Dynamic libraries:
0x00007ff691a00000 - 0x00007ff691a0a000 	C:\Program Files\Android\Android Studio\jbr\bin\java.exe
0x00007ffb92f50000 - 0x00007ffb93167000 	C:\Windows\SYSTEM32\ntdll.dll
0x00007ffb914a0000 - 0x00007ffb91564000 	C:\Windows\System32\KERNEL32.DLL
0x00007ffb90780000 - 0x00007ffb90b26000 	C:\Windows\System32\KERNELBASE.dll
0x00007ffb90360000 - 0x00007ffb90471000 	C:\Windows\System32\ucrtbase.dll
0x00007ffaee640000 - 0x00007ffaee657000 	C:\Program Files\Android\Android Studio\jbr\bin\jli.dll
0x00007ffb91ec0000 - 0x00007ffb9206e000 	C:\Windows\System32\USER32.dll
0x00007ffae05a0000 - 0x00007ffae05bb000 	C:\Program Files\Android\Android Studio\jbr\bin\VCRUNTIME140.dll
0x00007ffb90660000 - 0x00007ffb90686000 	C:\Windows\System32\win32u.dll
0x00007ffb71bd0000 - 0x00007ffb71e63000 	C:\Windows\WinSxS\amd64_microsoft.windows.common-controls_6595b64144ccf1df_6.0.22621.2506_none_270c5ae97388e100\COMCTL32.dll
0x00007ffb91ca0000 - 0x00007ffb91cc9000 	C:\Windows\System32\GDI32.dll
0x00007ffb91140000 - 0x00007ffb911e7000 	C:\Windows\System32\msvcrt.dll
0x00007ffb90480000 - 0x00007ffb90598000 	C:\Windows\System32\gdi32full.dll
0x00007ffb902c0000 - 0x00007ffb9035a000 	C:\Windows\System32\msvcp_win.dll
0x00007ffb92650000 - 0x00007ffb92681000 	C:\Windows\System32\IMM32.DLL
0x00007ffae0590000 - 0x00007ffae059c000 	C:\Program Files\Android\Android Studio\jbr\bin\vcruntime140_1.dll
0x00007ffae0500000 - 0x00007ffae058d000 	C:\Program Files\Android\Android Studio\jbr\bin\msvcp140.dll
0x00007ffaef190000 - 0x00007ffaefe10000 	C:\Program Files\Android\Android Studio\jbr\bin\server\jvm.dll
0x00007ffb91ce0000 - 0x00007ffb91d91000 	C:\Windows\System32\ADVAPI32.dll
0x00007ffb913f0000 - 0x00007ffb91495000 	C:\Windows\System32\sechost.dll
0x00007ffb91da0000 - 0x00007ffb91eb7000 	C:\Windows\System32\RPCRT4.dll
0x00007ffb8a340000 - 0x00007ffb8a374000 	C:\Windows\SYSTEM32\WINMM.dll
0x00007ffaf0560000 - 0x00007ffaf0569000 	C:\Windows\SYSTEM32\WSOCK32.dll
0x00007ffb7e0b0000 - 0x00007ffb7e0ba000 	C:\Windows\SYSTEM32\VERSION.dll
0x00007ffb90d30000 - 0x00007ffb90da1000 	C:\Windows\System32\WS2_32.dll
0x00007ffb8f350000 - 0x00007ffb8f368000 	C:\Windows\SYSTEM32\kernel.appcore.dll
0x00007ffaf0550000 - 0x00007ffaf055a000 	C:\Program Files\Android\Android Studio\jbr\bin\jimage.dll
0x00007ffb8d720000 - 0x00007ffb8d953000 	C:\Windows\SYSTEM32\DBGHELP.DLL
0x00007ffb92070000 - 0x00007ffb923f9000 	C:\Windows\System32\combase.dll
0x00007ffb92510000 - 0x00007ffb925e7000 	C:\Windows\System32\OLEAUT32.dll
0x00007ffb774e0000 - 0x00007ffb77512000 	C:\Windows\SYSTEM32\dbgcore.DLL
0x00007ffb90690000 - 0x00007ffb9070a000 	C:\Windows\System32\bcryptPrimitives.dll
0x00007ffaf0520000 - 0x00007ffaf0545000 	C:\Program Files\Android\Android Studio\jbr\bin\java.dll
0x00007ffaef170000 - 0x00007ffaef188000 	C:\Program Files\Android\Android Studio\jbr\bin\zip.dll
0x00007ffb926b0000 - 0x00007ffb92f0a000 	C:\Windows\System32\SHELL32.dll
0x00007ffb8e1b0000 - 0x00007ffb8eaa6000 	C:\Windows\SYSTEM32\windows.storage.dll
0x00007ffb8e070000 - 0x00007ffb8e1ae000 	C:\Windows\SYSTEM32\wintypes.dll
0x00007ffb912f0000 - 0x00007ffb913e3000 	C:\Windows\System32\SHCORE.dll
0x00007ffb91570000 - 0x00007ffb915ce000 	C:\Windows\System32\shlwapi.dll
0x00007ffb901f0000 - 0x00007ffb90216000 	C:\Windows\SYSTEM32\profapi.dll
0x00007ffaef150000 - 0x00007ffaef169000 	C:\Program Files\Android\Android Studio\jbr\bin\net.dll
0x00007ffb87ac0000 - 0x00007ffb87bf7000 	C:\Windows\SYSTEM32\WINHTTP.dll
0x00007ffb8f830000 - 0x00007ffb8f899000 	C:\Windows\system32\mswsock.dll
0x00007ffaef130000 - 0x00007ffaef146000 	C:\Program Files\Android\Android Studio\jbr\bin\nio.dll
0x00007ffaef090000 - 0x00007ffaef0a0000 	C:\Program Files\Android\Android Studio\jbr\bin\verify.dll
0x00007ffb76e10000 - 0x00007ffb76e37000 	C:\Users\Svetl\.gradle\native\e1d6ef7f7dcc3fd88c89a11ec53ec762bb8ba0a96d01ffa2cd45eb1d1d8dd5c5\windows-amd64\native-platform.dll
0x00007ffb520b0000 - 0x00007ffb521f4000 	C:\Users\Svetl\.gradle\native\0d407fdbe67a94daf76414ababcb853783967236a71b16ec16e742cd7a986fd3\windows-amd64\native-platform-file-events.dll
0x00007ffaef080000 - 0x00007ffaef089000 	C:\Program Files\Android\Android Studio\jbr\bin\management.dll
0x00007ffaef070000 - 0x00007ffaef07b000 	C:\Program Files\Android\Android Studio\jbr\bin\management_ext.dll
0x00007ffb91cd0000 - 0x00007ffb91cd8000 	C:\Windows\System32\PSAPI.DLL
0x00007ffb8fa80000 - 0x00007ffb8fa9b000 	C:\Windows\SYSTEM32\CRYPTSP.dll
0x00007ffb8f310000 - 0x00007ffb8f345000 	C:\Windows\system32\rsaenh.dll
0x00007ffb8f920000 - 0x00007ffb8f94c000 	C:\Windows\SYSTEM32\USERENV.dll
0x00007ffb8fc50000 - 0x00007ffb8fc78000 	C:\Windows\SYSTEM32\bcrypt.dll
0x00007ffb8faa0000 - 0x00007ffb8faac000 	C:\Windows\SYSTEM32\CRYPTBASE.dll
0x00007ffb8edd0000 - 0x00007ffb8edfd000 	C:\Windows\SYSTEM32\IPHLPAPI.DLL
0x00007ffb91650000 - 0x00007ffb91659000 	C:\Windows\System32\NSI.dll
0x00007ffb876f0000 - 0x00007ffb87709000 	C:\Windows\SYSTEM32\dhcpcsvc6.DLL
0x00007ffb876d0000 - 0x00007ffb876ef000 	C:\Windows\SYSTEM32\dhcpcsvc.DLL
0x00007ffb8ee00000 - 0x00007ffb8eef9000 	C:\Windows\SYSTEM32\DNSAPI.dll
0x00007ffb49610000 - 0x00007ffb49618000 	C:\Windows\system32\wshunix.dll

dbghelp: loaded successfully - version: 4.0.5 - missing functions: none
symbol engine: initialized successfully - sym options: 0x614 - pdb path: .;C:\Program Files\Android\Android Studio\jbr\bin;C:\Windows\SYSTEM32;C:\Windows\WinSxS\amd64_microsoft.windows.common-controls_6595b64144ccf1df_6.0.22621.2506_none_270c5ae97388e100;C:\Program Files\Android\Android Studio\jbr\bin\server;C:\Users\Svetl\.gradle\native\e1d6ef7f7dcc3fd88c89a11ec53ec762bb8ba0a96d01ffa2cd45eb1d1d8dd5c5\windows-amd64;C:\Users\Svetl\.gradle\native\0d407fdbe67a94daf76414ababcb853783967236a71b16ec16e742cd7a986fd3\windows-amd64

VM Arguments:
jvm_args: --add-opens=java.base/java.util=ALL-UNNAMED --add-opens=java.base/java.lang=ALL-UNNAMED --add-opens=java.base/java.lang.invoke=ALL-UNNAMED --add-opens=java.base/java.util=ALL-UNNAMED --add-opens=java.prefs/java.util.prefs=ALL-UNNAMED --add-opens=java.prefs/java.util.prefs=ALL-UNNAMED --add-opens=java.base/java.nio.charset=ALL-UNNAMED --add-opens=java.base/java.net=ALL-UNNAMED --add-opens=java.base/java.util.concurrent.atomic=ALL-UNNAMED -Xmx4g -Dfile.encoding=windows-1251 -Duser.country=RU -Duser.language=ru -Duser.variant 
java_command: org.gradle.launcher.daemon.bootstrap.GradleDaemon 7.5
java_class_path (initial): C:\Users\Svetl\.gradle\wrapper\dists\gradle-7.5-bin\f1w0cc9nuo0eivz97x2xlu9sv\gradle-7.5\lib\gradle-launcher-7.5.jar
Launcher Type: SUN_STANDARD

[Global flags]
     intx CICompilerCount                          = 12                                        {product} {ergonomic}
     uint ConcGCThreads                            = 4                                         {product} {ergonomic}
     uint G1ConcRefinementThreads                  = 15                                        {product} {ergonomic}
   size_t G1HeapRegionSize                         = 2097152                                   {product} {ergonomic}
    uintx GCDrainStackTargetSize                   = 64                                        {product} {ergonomic}
   size_t InitialHeapSize                          = 264241152                                 {product} {ergonomic}
   size_t MarkStackSize                            = 4194304                                   {product} {ergonomic}
   size_t MaxHeapSize                              = 4294967296                                {product} {command line}
   size_t MaxNewSize                               = 2575302656                                {product} {ergonomic}
   size_t MinHeapDeltaBytes                        = 2097152                                   {product} {ergonomic}
   size_t MinHeapSize                              = 8388608                                   {product} {ergonomic}
    uintx NonNMethodCodeHeapSize                   = 7602480                                {pd product} {ergonomic}
    uintx NonProfiledCodeHeapSize                  = 122027880                              {pd product} {ergonomic}
    uintx ProfiledCodeHeapSize                     = 122027880                              {pd product} {ergonomic}
    uintx ReservedCodeCacheSize                    = 251658240                              {pd product} {ergonomic}
     bool SegmentedCodeCache                       = true                                      {product} {ergonomic}
   size_t SoftMaxHeapSize                          = 4294967296                             {manageable} {ergonomic}
     bool UseCompressedClassPointers               = true                           {product lp64_product} {ergonomic}
     bool UseCompressedOops                        = true                           {product lp64_product} {ergonomic}
     bool UseG1GC                                  = true                                      {product} {ergonomic}
     bool UseLargePagesIndividualAllocation        = false                                  {pd product} {ergonomic}

Logging:
Log output configuration:
 #0: stdout all=warning uptime,level,tags
 #1: stderr all=off uptime,level,tags

Environment Variables:
PATH=C:\Program Files\Microsoft\jdk-11.0.16.101-hotspot\bin;C:\Windows\System32\HWAudioDriverLibs;C:\Windows\system32;C:\Windows;C:\Windows\System32\Wbem;C:\Windows\System32\WindowsPowerShell\v1.0\;C:\Windows\System32\OpenSSH\;C:\Users\Administrator\AppData\Local\Microsoft\WindowsApps;C:\Program Files\Microsoft SQL Server\Client SDK\ODBC\170\Tools\Binn\;C:\Program Files\Azure Data Studio\bin;C:\Program Files\dotnet\;C:\Program Files (x86)\Microsoft SQL Server\150\Tools\Binn\;C:\Program Files\Microsoft SQL Server\150\Tools\Binn\;C:\Program Files\Microsoft SQL Server\150\DTS\Binn\;C:\Program Files (x86)\Microsoft SQL Server\160\DTS\Binn\;C:\Program Files\Git\cmd;C:\Users\Svetl\AppData\Local\Microsoft\WindowsApps;C:\Program Files\Azure Data Studio\bin;C:\Users\Svetl\.dotnet\tools
USERNAME=Svetl
OS=Windows_NT
PROCESSOR_IDENTIFIER=Intel64 Family 6 Model 154 Stepping 3, GenuineIntel
TMP=C:\Users\Svetl\AppData\Local\Temp
TEMP=C:\Users\Svetl\AppData\Local\Temp


JNI global refs:
JNI global refs: 35, weak refs: 8

JNI global refs memory usage: 843, weak refs: 841

OOME stack traces (most recent first):
Classloader memory used:
