#
# There is insufficient memory for the Java Runtime Environment to continue.
# Native memory allocation (malloc) failed to allocate 1610256 bytes for Chunk::new
# Possible reasons:
#   The system is out of physical RAM or swap space
#   The process is running with CompressedOops enabled, and the Java Heap may be blocking the growth of the native heap
# Possible solutions:
#   Reduce memory load on the system
#   Increase physical memory or swap space
#   Check if swap backing store is full
#   Decrease Java heap size (-Xmx/-Xms)
#   Decrease number of Java threads
#   Decrease Java thread stack sizes (-Xss)
#   Set larger code cache with -XX:ReservedCodeCacheSize=
#   JVM is running with Zero Based Compressed Oops mode in which the Java heap is
#     placed in the first 32GB address space. The Java Heap base address is the
#     maximum limit for the native heap growth. Please use -XX:HeapBaseMinAddress
#     to set the Java Heap base and to place the Java Heap above 32GB virtual address.
# This output file may be truncated or incomplete.
#
#  Out of Memory Error (arena.cpp:189), pid=14852, tid=3064
#
# JRE version: OpenJDK Runtime Environment (17.0.7) (build 17.0.7+0-b2043.56-10550314)
# Java VM: OpenJDK 64-Bit Server VM (17.0.7+0-b2043.56-10550314, mixed mode, tiered, compressed oops, compressed class ptrs, g1 gc, windows-amd64)
# No core dump will be written. Minidumps are not enabled by default on client versions of Windows
#

---------------  S U M M A R Y ------------

Command Line: org.jetbrains.kotlin.cli.jvm.K2JVMCompiler @C:\Users\Svetl\AndroidStudioProjects\up5v1\app\build\20231212_12136934704375271875.compiler.options

Host: 12th Gen Intel(R) Core(TM) i7-12700H, 20 cores, 15G,  Windows 11 , 64 bit Build 22621 (10.0.22621.2506)
Time: Wed Dec 13 00:00:04 2023 RTZ 4 (s 11 , 64 bit Build 22621 (10.0.22621.2506) elapsed time: 5.086706 seconds (0d 0h 0m 5s)

---------------  T H R E A D  ---------------

Current thread (0x0000017e869fdf50):  JavaThread "C2 CompilerThread5" daemon [_thread_in_native, id=3064, stack(0x0000005921c00000,0x0000005921d00000)]


Current CompileTask:
C2:   5086 6652       4       org.jetbrains.org.objectweb.asm.ClassReader::readMethod (1061 bytes)

Stack: [0x0000005921c00000,0x0000005921d00000]
Native frames: (J=compiled Java code, j=interpreted, Vv=VM code, C=native code)
V  [jvm.dll+0x683bfa]
V  [jvm.dll+0x8430a4]
V  [jvm.dll+0x8449be]
V  [jvm.dll+0x845023]
V  [jvm.dll+0x24ad2f]
V  [jvm.dll+0xac25c]
V  [jvm.dll+0xac82c]
V  [jvm.dll+0x36a132]
V  [jvm.dll+0x334821]
V  [jvm.dll+0x333cca]
V  [jvm.dll+0x21d251]
V  [jvm.dll+0x21c671]
V  [jvm.dll+0x1a605d]
V  [jvm.dll+0x22c148]
V  [jvm.dll+0x22a209]
V  [jvm.dll+0x7f858c]
V  [jvm.dll+0x7f2aea]
V  [jvm.dll+0x682a35]
C  [ucrtbase.dll+0x29363]
C  [KERNEL32.DLL+0x1257d]
C  [ntdll.dll+0x5aa58]


---------------  P R O C E S S  ---------------

Threads class SMR info:
_java_thread_list=0x0000017e88223910, length=22, elements={
0x0000017edeb87880, 0x0000017efe25b570, 0x0000017efe25c2f0, 0x0000017efe447a20,
0x0000017efe4485d0, 0x0000017efe46d4a0, 0x0000017efe4616f0, 0x0000017efe4628f0,
0x0000017efe463db0, 0x0000017efe4667b0, 0x0000017efe1fcf00, 0x0000017efe5dbae0,
0x0000017efe604e80, 0x0000017efe624250, 0x0000017efec63870, 0x0000017e847b3540,
0x0000017e858f27d0, 0x0000017e8544ebe0, 0x0000017e86a00ce0, 0x0000017e869fdf50,
0x0000017e869ff8a0, 0x0000017e893fb7e0
}

Java Threads: ( => current thread )
  0x0000017edeb87880 JavaThread "main" [_thread_in_vm, id=6680, stack(0x000000591f200000,0x000000591f300000)]
  0x0000017efe25b570 JavaThread "Reference Handler" daemon [_thread_blocked, id=10172, stack(0x000000591f900000,0x000000591fa00000)]
  0x0000017efe25c2f0 JavaThread "Finalizer" daemon [_thread_blocked, id=14152, stack(0x000000591fa00000,0x000000591fb00000)]
  0x0000017efe447a20 JavaThread "Signal Dispatcher" daemon [_thread_blocked, id=12376, stack(0x000000591fb00000,0x000000591fc00000)]
  0x0000017efe4485d0 JavaThread "Attach Listener" daemon [_thread_blocked, id=18132, stack(0x000000591fc00000,0x000000591fd00000)]
  0x0000017efe46d4a0 JavaThread "Service Thread" daemon [_thread_blocked, id=4252, stack(0x000000591fd00000,0x000000591fe00000)]
  0x0000017efe4616f0 JavaThread "Monitor Deflation Thread" daemon [_thread_blocked, id=22088, stack(0x000000591fe00000,0x000000591ff00000)]
  0x0000017efe4628f0 JavaThread "C2 CompilerThread0" daemon [_thread_in_native, id=2224, stack(0x000000591ff00000,0x0000005920000000)]
  0x0000017efe463db0 JavaThread "C1 CompilerThread0" daemon [_thread_blocked, id=21960, stack(0x0000005920000000,0x0000005920100000)]
  0x0000017efe4667b0 JavaThread "Sweeper thread" daemon [_thread_blocked, id=7544, stack(0x0000005920100000,0x0000005920200000)]
  0x0000017efe1fcf00 JavaThread "C1 CompilerThread1" daemon [_thread_blocked, id=10736, stack(0x0000005920200000,0x0000005920300000)]
  0x0000017efe5dbae0 JavaThread "C1 CompilerThread2" daemon [_thread_blocked, id=14404, stack(0x0000005920300000,0x0000005920400000)]
  0x0000017efe604e80 JavaThread "Notification Thread" daemon [_thread_blocked, id=9416, stack(0x0000005920400000,0x0000005920500000)]
  0x0000017efe624250 JavaThread "Common-Cleaner" daemon [_thread_blocked, id=10424, stack(0x0000005920600000,0x0000005920700000)]
  0x0000017efec63870 JavaThread "C1 CompilerThread3" daemon [_thread_blocked, id=23484, stack(0x0000005920800000,0x0000005920900000)]
  0x0000017e847b3540 JavaThread "C2 CompilerThread1" daemon [_thread_in_native, id=5220, stack(0x0000005920700000,0x0000005920800000)]
  0x0000017e858f27d0 JavaThread "C2 CompilerThread2" daemon [_thread_in_native, id=2748, stack(0x0000005920e00000,0x0000005920f00000)]
  0x0000017e8544ebe0 JavaThread "C2 CompilerThread3" daemon [_thread_in_native, id=2332, stack(0x0000005921600000,0x0000005921700000)]
  0x0000017e86a00ce0 JavaThread "C2 CompilerThread4" daemon [_thread_in_native, id=17716, stack(0x0000005921700000,0x0000005921800000)]
=>0x0000017e869fdf50 JavaThread "C2 CompilerThread5" daemon [_thread_in_native, id=3064, stack(0x0000005921c00000,0x0000005921d00000)]
  0x0000017e869ff8a0 JavaThread "C2 CompilerThread6" daemon [_thread_in_native, id=10536, stack(0x0000005921d00000,0x0000005921e00000)]
  0x0000017e893fb7e0 JavaThread "C2 CompilerThread7" daemon [_thread_in_native, id=1496, stack(0x0000005921e00000,0x0000005921f00000)]

Other Threads:
  0x0000017efe40dc00 VMThread "VM Thread" [stack: 0x000000591f800000,0x000000591f900000] [id=17324]
  0x0000017efe605350 WatcherThread [stack: 0x0000005920500000,0x0000005920600000] [id=2360]
  0x0000017edebf51c0 GCTaskThread "GC Thread#0" [stack: 0x000000591f300000,0x000000591f400000] [id=16132]
  0x0000017efed88990 GCTaskThread "GC Thread#1" [stack: 0x0000005920900000,0x0000005920a00000] [id=15300]
  0x0000017efed88c40 GCTaskThread "GC Thread#2" [stack: 0x0000005920a00000,0x0000005920b00000] [id=22800]
  0x0000017efed88ef0 GCTaskThread "GC Thread#3" [stack: 0x0000005920b00000,0x0000005920c00000] [id=19532]
  0x0000017efed893b0 GCTaskThread "GC Thread#4" [stack: 0x0000005920c00000,0x0000005920d00000] [id=22796]
  0x0000017efed2b590 GCTaskThread "GC Thread#5" [stack: 0x0000005920d00000,0x0000005920e00000] [id=11044]
  0x0000017e84425050 GCTaskThread "GC Thread#6" [stack: 0x0000005920f00000,0x0000005921000000] [id=10508]
  0x0000017e84425300 GCTaskThread "GC Thread#7" [stack: 0x0000005921000000,0x0000005921100000] [id=3920]
  0x0000017e844258b0 GCTaskThread "GC Thread#8" [stack: 0x0000005921100000,0x0000005921200000] [id=8352]
  0x0000017e844260c0 GCTaskThread "GC Thread#9" [stack: 0x0000005921200000,0x0000005921300000] [id=13640]
  0x0000017e84426b80 GCTaskThread "GC Thread#10" [stack: 0x0000005921800000,0x0000005921900000] [id=9484]
  0x0000017e84426620 GCTaskThread "GC Thread#11" [stack: 0x0000005921900000,0x0000005921a00000] [id=3540]
  0x0000017e84425600 GCTaskThread "GC Thread#12" [stack: 0x0000005921a00000,0x0000005921b00000] [id=8956]
  0x0000017e844268d0 GCTaskThread "GC Thread#13" [stack: 0x0000005921b00000,0x0000005921c00000] [id=16656]
  0x0000017e84be5a80 GCTaskThread "GC Thread#14" [stack: 0x0000005921f00000,0x0000005922000000] [id=5508]
  0x0000017edec05cc0 ConcurrentGCThread "G1 Main Marker" [stack: 0x000000591f400000,0x000000591f500000] [id=2416]
  0x0000017edec066d0 ConcurrentGCThread "G1 Conc#0" [stack: 0x000000591f500000,0x000000591f600000] [id=12720]
  0x0000017e84425b60 ConcurrentGCThread "G1 Conc#1" [stack: 0x0000005921300000,0x0000005921400000] [id=4836]
  0x0000017e84425e10 ConcurrentGCThread "G1 Conc#2" [stack: 0x0000005921400000,0x0000005921500000] [id=7144]
  0x0000017e84426370 ConcurrentGCThread "G1 Conc#3" [stack: 0x0000005921500000,0x0000005921600000] [id=19316]
  0x0000017efe14a6a0 ConcurrentGCThread "G1 Refine#0" [stack: 0x000000591f600000,0x000000591f700000] [id=13308]
  0x0000017efe14aed0 ConcurrentGCThread "G1 Service" [stack: 0x000000591f700000,0x000000591f800000] [id=2804]

Threads with active compile tasks:
C2 CompilerThread0     5095 6795       4       org.jetbrains.kotlin.serialization.deserialization.descriptors.DeserializedMemberScope::getContributedClassifier (63 bytes)
C2 CompilerThread1     5095 6407       4       org.jetbrains.kotlin.resolve.lazy.ForceResolveUtil::doForceResolveAllContents (222 bytes)
C2 CompilerThread2     5095 6712       4       gnu.trove.THashSet::add (55 bytes)
C2 CompilerThread3     5095 6530       4       org.jetbrains.kotlin.resolve.lazy.ForceResolveUtil::forceResolveAllContents (105 bytes)
C2 CompilerThread4     5095 6460       4       org.jetbrains.kotlin.resolve.lazy.ForceResolveUtil::forceResolveAllContents (46 bytes)
C2 CompilerThread5     5095 6652       4       org.jetbrains.org.objectweb.asm.ClassReader::readMethod (1061 bytes)
C2 CompilerThread6     5095 6276       4       org.jetbrains.kotlin.types.TypeUtils::contains (301 bytes)
C2 CompilerThread7     5095 6841       4       org.jetbrains.kotlin.serialization.deserialization.descriptors.DeserializedPackageMemberScope::hasClass (116 bytes)

VM state: not at safepoint (normal execution)

VM Mutex/Monitor currently owned by a thread: None

Heap address: 0x0000000704400000, size: 4028 MB, Compressed Oops mode: Zero based, Oop shift amount: 3

CDS archive(s) not mapped
Compressed class space mapped at: 0x0000000800000000-0x0000000840000000, reserved size: 1073741824
Narrow klass base: 0x0000000800000000, Narrow klass shift: 0, Narrow klass range: 0x40000000

GC Precious Log:
 CPUs: 20 total, 20 available
 Memory: 16110M
 Large Page Support: Disabled
 NUMA Support: Disabled
 Compressed Oops: Enabled (Zero based)
 Heap Region Size: 2M
 Heap Min Capacity: 8M
 Heap Initial Capacity: 252M
 Heap Max Capacity: 4028M
 Pre-touch: Disabled
 Parallel Workers: 15
 Concurrent Workers: 4
 Concurrent Refinement Workers: 15
 Periodic GC: Disabled

Heap:
 garbage-first heap   total 139264K, used 55616K [0x0000000704400000, 0x0000000800000000)
  region size 2048K, 6 young (12288K), 4 survivors (8192K)
 Metaspace       used 57950K, committed 58304K, reserved 1114112K
  class space    used 6867K, committed 7040K, reserved 1048576K

Heap Regions: E=young(eden), S=young(survivor), O=old, HS=humongous(starts), HC=humongous(continues), CS=collection set, F=free, OA=open archive, CA=closed archive, TAMS=top-at-mark-start (previous, next)
|   0|0x0000000704400000, 0x0000000704600000, 0x0000000704600000|100%|HS|  |TAMS 0x0000000704600000, 0x0000000704400000| Complete 
|   1|0x0000000704600000, 0x0000000704800000, 0x0000000704800000|100%|HC|  |TAMS 0x0000000704800000, 0x0000000704600000| Complete 
|   2|0x0000000704800000, 0x0000000704a00000, 0x0000000704a00000|100%| O|  |TAMS 0x0000000704800000, 0x0000000704800000| Untracked 
|   3|0x0000000704a00000, 0x0000000704c00000, 0x0000000704c00000|100%|HS|  |TAMS 0x0000000704c00000, 0x0000000704a00000| Complete 
|   4|0x0000000704c00000, 0x0000000704e00000, 0x0000000704e00000|100%|HC|  |TAMS 0x0000000704e00000, 0x0000000704c00000| Complete 
|   5|0x0000000704e00000, 0x0000000705000000, 0x0000000705000000|100%| O|  |TAMS 0x0000000705000000, 0x0000000704e00000| Untracked 
|   6|0x0000000705000000, 0x0000000705200000, 0x0000000705200000|100%| O|  |TAMS 0x0000000705200000, 0x0000000705000000| Untracked 
|   7|0x0000000705200000, 0x0000000705400000, 0x0000000705400000|100%| O|  |TAMS 0x0000000705400000, 0x0000000705200000| Untracked 
|   8|0x0000000705400000, 0x0000000705600000, 0x0000000705600000|100%| O|  |TAMS 0x0000000705600000, 0x0000000705400000| Untracked 
|   9|0x0000000705600000, 0x0000000705800000, 0x0000000705800000|100%| O|  |TAMS 0x0000000705600000, 0x0000000705600000| Untracked 
|  10|0x0000000705800000, 0x0000000705a00000, 0x0000000705a00000|100%| O|  |TAMS 0x0000000705800000, 0x0000000705800000| Untracked 
|  11|0x0000000705a00000, 0x0000000705c00000, 0x0000000705c00000|100%|HS|  |TAMS 0x0000000705a00000, 0x0000000705a00000| Complete 
|  12|0x0000000705c00000, 0x0000000705e00000, 0x0000000705e00000|100%| O|  |TAMS 0x0000000705c00000, 0x0000000705c00000| Untracked 
|  13|0x0000000705e00000, 0x0000000706000000, 0x0000000706000000|100%| O|  |TAMS 0x0000000705e00000, 0x0000000705e00000| Untracked 
|  14|0x0000000706000000, 0x0000000706200000, 0x0000000706200000|100%| O|  |TAMS 0x0000000706000000, 0x0000000706000000| Untracked 
|  15|0x0000000706200000, 0x0000000706400000, 0x0000000706400000|100%| O|  |TAMS 0x0000000706200000, 0x0000000706200000| Untracked 
|  16|0x0000000706400000, 0x0000000706600000, 0x0000000706600000|100%| O|  |TAMS 0x0000000706400000, 0x0000000706400000| Untracked 
|  17|0x0000000706600000, 0x0000000706800000, 0x0000000706800000|100%| O|  |TAMS 0x0000000706600000, 0x0000000706600000| Untracked 
|  18|0x0000000706800000, 0x0000000706a00000, 0x0000000706a00000|100%| O|  |TAMS 0x0000000706800000, 0x0000000706800000| Untracked 
|  19|0x0000000706a00000, 0x0000000706c00000, 0x0000000706c00000|100%| O|  |TAMS 0x0000000706a00000, 0x0000000706a00000| Untracked 
|  20|0x0000000706c00000, 0x0000000706e00000, 0x0000000706e00000|100%| O|  |TAMS 0x0000000706c00000, 0x0000000706c00000| Untracked 
|  21|0x0000000706e00000, 0x0000000707000000, 0x0000000707000000|100%| O|  |TAMS 0x0000000706e00000, 0x0000000706e00000| Untracked 
|  22|0x0000000707000000, 0x0000000707050000, 0x0000000707200000| 15%| O|  |TAMS 0x0000000707000000, 0x0000000707000000| Untracked 
|  23|0x0000000707200000, 0x0000000707200000, 0x0000000707400000|  0%| F|  |TAMS 0x0000000707200000, 0x0000000707200000| Untracked 
|  24|0x0000000707400000, 0x0000000707400000, 0x0000000707600000|  0%| F|  |TAMS 0x0000000707400000, 0x0000000707400000| Untracked 
|  25|0x0000000707600000, 0x0000000707600000, 0x0000000707800000|  0%| F|  |TAMS 0x0000000707600000, 0x0000000707600000| Untracked 
|  26|0x0000000707800000, 0x0000000707800000, 0x0000000707a00000|  0%| F|  |TAMS 0x0000000707800000, 0x0000000707800000| Untracked 
|  27|0x0000000707a00000, 0x0000000707a00000, 0x0000000707c00000|  0%| F|  |TAMS 0x0000000707a00000, 0x0000000707a00000| Untracked 
|  28|0x0000000707c00000, 0x0000000707c00000, 0x0000000707e00000|  0%| F|  |TAMS 0x0000000707c00000, 0x0000000707c00000| Untracked 
|  29|0x0000000707e00000, 0x0000000707e00000, 0x0000000708000000|  0%| F|  |TAMS 0x0000000707e00000, 0x0000000707e00000| Untracked 
|  30|0x0000000708000000, 0x0000000708000000, 0x0000000708200000|  0%| F|  |TAMS 0x0000000708000000, 0x0000000708000000| Untracked 
|  31|0x0000000708200000, 0x0000000708200000, 0x0000000708400000|  0%| F|  |TAMS 0x0000000708200000, 0x0000000708200000| Untracked 
|  32|0x0000000708400000, 0x0000000708400000, 0x0000000708600000|  0%| F|  |TAMS 0x0000000708400000, 0x0000000708400000| Untracked 
|  33|0x0000000708600000, 0x0000000708600000, 0x0000000708800000|  0%| F|  |TAMS 0x0000000708600000, 0x0000000708600000| Untracked 
|  34|0x0000000708800000, 0x0000000708a00000, 0x0000000708a00000|100%| S|CS|TAMS 0x0000000708800000, 0x0000000708800000| Complete 
|  35|0x0000000708a00000, 0x0000000708c00000, 0x0000000708c00000|100%| S|CS|TAMS 0x0000000708a00000, 0x0000000708a00000| Complete 
|  36|0x0000000708c00000, 0x0000000708e00000, 0x0000000708e00000|100%| S|CS|TAMS 0x0000000708c00000, 0x0000000708c00000| Complete 
|  37|0x0000000708e00000, 0x0000000708e00000, 0x0000000709000000|  0%| F|  |TAMS 0x0000000708e00000, 0x0000000708e00000| Untracked 
|  38|0x0000000709000000, 0x0000000709000000, 0x0000000709200000|  0%| F|  |TAMS 0x0000000709000000, 0x0000000709000000| Untracked 
|  39|0x0000000709200000, 0x0000000709200000, 0x0000000709400000|  0%| F|  |TAMS 0x0000000709200000, 0x0000000709200000| Untracked 
|  40|0x0000000709400000, 0x0000000709400000, 0x0000000709600000|  0%| F|  |TAMS 0x0000000709400000, 0x0000000709400000| Untracked 
|  41|0x0000000709600000, 0x0000000709800000, 0x0000000709800000|100%| S|CS|TAMS 0x0000000709600000, 0x0000000709600000| Complete 
|  42|0x0000000709800000, 0x0000000709800000, 0x0000000709a00000|  0%| F|  |TAMS 0x0000000709800000, 0x0000000709800000| Untracked 
|  43|0x0000000709a00000, 0x0000000709a00000, 0x0000000709c00000|  0%| F|  |TAMS 0x0000000709a00000, 0x0000000709a00000| Untracked 
|  44|0x0000000709c00000, 0x0000000709c00000, 0x0000000709e00000|  0%| F|  |TAMS 0x0000000709c00000, 0x0000000709c00000| Untracked 
|  45|0x0000000709e00000, 0x0000000709e00000, 0x000000070a000000|  0%| F|  |TAMS 0x0000000709e00000, 0x0000000709e00000| Untracked 
|  46|0x000000070a000000, 0x000000070a000000, 0x000000070a200000|  0%| F|  |TAMS 0x000000070a000000, 0x000000070a000000| Untracked 
|  47|0x000000070a200000, 0x000000070a200000, 0x000000070a400000|  0%| F|  |TAMS 0x000000070a200000, 0x000000070a200000| Untracked 
|  48|0x000000070a400000, 0x000000070a400000, 0x000000070a600000|  0%| F|  |TAMS 0x000000070a400000, 0x000000070a400000| Untracked 
|  49|0x000000070a600000, 0x000000070a600000, 0x000000070a800000|  0%| F|  |TAMS 0x000000070a600000, 0x000000070a600000| Untracked 
|  50|0x000000070a800000, 0x000000070a800000, 0x000000070aa00000|  0%| F|  |TAMS 0x000000070a800000, 0x000000070a800000| Untracked 
|  51|0x000000070aa00000, 0x000000070aa00000, 0x000000070ac00000|  0%| F|  |TAMS 0x000000070aa00000, 0x000000070aa00000| Untracked 
|  52|0x000000070ac00000, 0x000000070ac00000, 0x000000070ae00000|  0%| F|  |TAMS 0x000000070ac00000, 0x000000070ac00000| Untracked 
|  53|0x000000070ae00000, 0x000000070ae00000, 0x000000070b000000|  0%| F|  |TAMS 0x000000070ae00000, 0x000000070ae00000| Untracked 
|  54|0x000000070b000000, 0x000000070b000000, 0x000000070b200000|  0%| F|  |TAMS 0x000000070b000000, 0x000000070b000000| Untracked 
|  55|0x000000070b200000, 0x000000070b200000, 0x000000070b400000|  0%| F|  |TAMS 0x000000070b200000, 0x000000070b200000| Untracked 
|  56|0x000000070b400000, 0x000000070b400000, 0x000000070b600000|  0%| F|  |TAMS 0x000000070b400000, 0x000000070b400000| Untracked 
|  57|0x000000070b600000, 0x000000070b600000, 0x000000070b800000|  0%| F|  |TAMS 0x000000070b600000, 0x000000070b600000| Untracked 
|  58|0x000000070b800000, 0x000000070b800000, 0x000000070ba00000|  0%| F|  |TAMS 0x000000070b800000, 0x000000070b800000| Untracked 
|  59|0x000000070ba00000, 0x000000070ba00000, 0x000000070bc00000|  0%| F|  |TAMS 0x000000070ba00000, 0x000000070ba00000| Untracked 
|  60|0x000000070bc00000, 0x000000070bc00000, 0x000000070be00000|  0%| F|  |TAMS 0x000000070bc00000, 0x000000070bc00000| Untracked 
|  61|0x000000070be00000, 0x000000070be00000, 0x000000070c000000|  0%| F|  |TAMS 0x000000070be00000, 0x000000070be00000| Untracked 
|  62|0x000000070c000000, 0x000000070c000000, 0x000000070c200000|  0%| F|  |TAMS 0x000000070c000000, 0x000000070c000000| Untracked 
|  63|0x000000070c200000, 0x000000070c200000, 0x000000070c400000|  0%| F|  |TAMS 0x000000070c200000, 0x000000070c200000| Untracked 
|  67|0x000000070ca00000, 0x000000070ca00000, 0x000000070cc00000|  0%| F|  |TAMS 0x000000070ca00000, 0x000000070ca00000| Untracked 
|  68|0x000000070cc00000, 0x000000070cc00000, 0x000000070ce00000|  0%| F|  |TAMS 0x000000070cc00000, 0x000000070cc00000| Untracked 
|  69|0x000000070ce00000, 0x000000070ceea258, 0x000000070d000000| 45%| E|  |TAMS 0x000000070ce00000, 0x000000070ce00000| Complete 
| 125|0x0000000713e00000, 0x0000000714000000, 0x0000000714000000|100%| E|CS|TAMS 0x0000000713e00000, 0x0000000713e00000| Complete 

Card table byte_map: [0x0000017ef22e0000,0x0000017ef2ac0000] _byte_map_base: 0x0000017eeeabe000

Marking Bits (Prev, Next): (CMBitMap*) 0x0000017edebf57d0, (CMBitMap*) 0x0000017edebf5810
 Prev Bits: [0x0000017ef32a0000, 0x0000017ef7190000)
 Next Bits: [0x0000017ef7190000, 0x0000017efb080000)

Polling page: 0x0000017edca20000

Metaspace:

Usage:
  Non-class:     49.90 MB used.
      Class:      6.71 MB used.
       Both:     56.61 MB used.

Virtual space:
  Non-class space:       64.00 MB reserved,      50.06 MB ( 78%) committed,  1 nodes.
      Class space:        1.00 GB reserved,       6.88 MB ( <1%) committed,  1 nodes.
             Both:        1.06 GB reserved,      56.94 MB (  5%) committed. 

Chunk freelists:
   Non-Class:  13.70 MB
       Class:  9.03 MB
        Both:  22.73 MB

MaxMetaspaceSize: unlimited
CompressedClassSpaceSize: 1.00 GB
Initial GC threshold: 21.00 MB
Current GC threshold: 58.69 MB
CDS: off
MetaspaceReclaimPolicy: balanced
 - commit_granule_bytes: 65536.
 - commit_granule_words: 8192.
 - virtual_space_node_default_size: 8388608.
 - enlarge_chunks_in_place: 1.
 - new_chunks_are_fully_committed: 0.
 - uncommit_free_chunks: 1.
 - use_allocation_guard: 0.
 - handle_deallocations: 1.


Internal statistics:

num_allocs_failed_limit: 6.
num_arena_births: 264.
num_arena_deaths: 0.
num_vsnodes_births: 2.
num_vsnodes_deaths: 0.
num_space_committed: 909.
num_space_uncommitted: 0.
num_chunks_returned_to_freelist: 6.
num_chunks_taken_from_freelist: 2001.
num_chunk_merges: 3.
num_chunk_splits: 1592.
num_chunks_enlarged: 1398.
num_inconsistent_stats: 0.

CodeHeap 'non-profiled nmethods': size=119168Kb used=3026Kb max_used=3153Kb free=116141Kb
 bounds [0x0000017ee9c00000, 0x0000017ee9f20000, 0x0000017ef1060000]
CodeHeap 'profiled nmethods': size=119104Kb used=14152Kb max_used=14812Kb free=104951Kb
 bounds [0x0000017ee2060000, 0x0000017ee2ef0000, 0x0000017ee94b0000]
CodeHeap 'non-nmethods': size=7488Kb used=2993Kb max_used=3076Kb free=4494Kb
 bounds [0x0000017ee94b0000, 0x0000017ee97c0000, 0x0000017ee9c00000]
 total_blobs=6566 nmethods=5947 adapters=527
 compilation: enabled
              stopped_count=0, restarted_count=0
 full_count=0

Compilation events (20 events):
Event: 5.060 Thread 0x0000017efe463db0 6889       3       org.jetbrains.kotlin.com.google.common.collect.ImmutableMap::entryOf (15 bytes)
Event: 5.060 Thread 0x0000017efe1fcf00 6890       3       org.jetbrains.kotlin.com.google.common.collect.RegularImmutableMap::checkNoConflictInKeyBucket (42 bytes)
Event: 5.061 Thread 0x0000017efe463db0 nmethod 6889 0x0000017ee2900e10 code [0x0000017ee2900fc0, 0x0000017ee29012e8]
Event: 5.062 Thread 0x0000017efe463db0 6891       3       org.jetbrains.kotlin.com.google.common.collect.ImmutableMapEntry::<init> (12 bytes)
Event: 5.062 Thread 0x0000017efe1fcf00 nmethod 6890 0x0000017ee2088690 code [0x0000017ee2088880, 0x0000017ee2088d48]
Event: 5.062 Thread 0x0000017efec63870 nmethod 6887 0x0000017ee2274e90 code [0x0000017ee2275080, 0x0000017ee2275638]
Event: 5.062 Thread 0x0000017efe5dbae0 nmethod 6888 0x0000017ee2a84810 code [0x0000017ee2a849e0, 0x0000017ee2a84db8]
Event: 5.063 Thread 0x0000017efe463db0 nmethod 6891 0x0000017ee2094090 code [0x0000017ee2094240, 0x0000017ee2094568]
Event: 5.073 Thread 0x0000017efe5dbae0 6892       3       org.jetbrains.kotlin.com.google.common.base.Preconditions::checkNotNull (14 bytes)
Event: 5.074 Thread 0x0000017efe5dbae0 nmethod 6892 0x0000017ee2a88090 code [0x0000017ee2a88240, 0x0000017ee2a88428]
Event: 5.076 Thread 0x0000017efe5dbae0 6893       3       kotlin.SafePublicationLazyImpl::getValue (56 bytes)
Event: 5.077 Thread 0x0000017efe5dbae0 nmethod 6893 0x0000017ee2a90b10 code [0x0000017ee2a90ce0, 0x0000017ee2a910b8]
Event: 5.078 Thread 0x0000017efec63870 6894       3       org.jetbrains.kotlin.codegen.intrinsics.IntrinsicsMap::registerIntrinsic (61 bytes)
Event: 5.078 Thread 0x0000017efe5dbae0 6895       3       org.jetbrains.kotlin.codegen.intrinsics.IntrinsicsMap$Key::<init> (38 bytes)
Event: 5.078 Thread 0x0000017efe463db0 6896       3       org.jetbrains.kotlin.codegen.intrinsics.IntrinsicsMap$Key::hashCode (60 bytes)
Event: 5.080 Thread 0x0000017efe463db0 nmethod 6896 0x0000017ee2710710 code [0x0000017ee2710900, 0x0000017ee2710ca8]
Event: 5.080 Thread 0x0000017efe1fcf00 6897       3       org.jetbrains.kotlin.codegen.intrinsics.IntrinsicMethods::declareIntrinsicFunction (39 bytes)
Event: 5.081 Thread 0x0000017efe5dbae0 nmethod 6895 0x0000017ee232c890 code [0x0000017ee232cb20, 0x0000017ee232d738]
Event: 5.081 Thread 0x0000017efe1fcf00 nmethod 6897 0x0000017ee2559290 code [0x0000017ee2559460, 0x0000017ee2559738]
Event: 5.081 Thread 0x0000017efec63870 nmethod 6894 0x0000017ee2559a10 code [0x0000017ee2559d60, 0x0000017ee255af78]

GC Heap History (20 events):
Event: 0.833 GC heap before
{Heap before GC invocations=2 (full 0):
 garbage-first heap   total 258048K, used 14428K [0x0000000704400000, 0x0000000800000000)
  region size 2048K, 6 young (12288K), 3 survivors (6144K)
 Metaspace       used 21323K, committed 21504K, reserved 1114112K
  class space    used 2360K, committed 2432K, reserved 1048576K
}
Event: 0.836 GC heap after
{Heap after GC invocations=3 (full 0):
 garbage-first heap   total 258048K, used 11090K [0x0000000704400000, 0x0000000800000000)
  region size 2048K, 4 young (8192K), 4 survivors (8192K)
 Metaspace       used 21323K, committed 21504K, reserved 1114112K
  class space    used 2360K, committed 2432K, reserved 1048576K
}
Event: 1.167 GC heap before
{Heap before GC invocations=4 (full 0):
 garbage-first heap   total 55296K, used 39762K [0x0000000704400000, 0x0000000800000000)
  region size 2048K, 16 young (32768K), 4 survivors (8192K)
 Metaspace       used 28585K, committed 28864K, reserved 1114112K
  class space    used 3191K, committed 3328K, reserved 1048576K
}
Event: 1.173 GC heap after
{Heap after GC invocations=5 (full 0):
 garbage-first heap   total 55296K, used 17515K [0x0000000704400000, 0x0000000800000000)
  region size 2048K, 2 young (4096K), 2 survivors (4096K)
 Metaspace       used 28585K, committed 28864K, reserved 1114112K
  class space    used 3191K, committed 3328K, reserved 1048576K
}
Event: 1.197 GC heap before
{Heap before GC invocations=5 (full 0):
 garbage-first heap   total 55296K, used 19563K [0x0000000704400000, 0x0000000800000000)
  region size 2048K, 3 young (6144K), 2 survivors (4096K)
 Metaspace       used 29234K, committed 29504K, reserved 1114112K
  class space    used 3264K, committed 3392K, reserved 1048576K
}
Event: 1.199 GC heap after
{Heap after GC invocations=6 (full 0):
 garbage-first heap   total 55296K, used 17741K [0x0000000704400000, 0x0000000800000000)
  region size 2048K, 1 young (2048K), 1 survivors (2048K)
 Metaspace       used 29234K, committed 29504K, reserved 1114112K
  class space    used 3264K, committed 3392K, reserved 1048576K
}
Event: 1.390 GC heap before
{Heap before GC invocations=6 (full 0):
 garbage-first heap   total 55296K, used 38221K [0x0000000704400000, 0x0000000800000000)
  region size 2048K, 11 young (22528K), 1 survivors (2048K)
 Metaspace       used 32703K, committed 32960K, reserved 1114112K
  class space    used 3992K, committed 4096K, reserved 1048576K
}
Event: 1.395 GC heap after
{Heap after GC invocations=7 (full 0):
 garbage-first heap   total 157696K, used 22998K [0x0000000704400000, 0x0000000800000000)
  region size 2048K, 2 young (4096K), 2 survivors (4096K)
 Metaspace       used 32703K, committed 32960K, reserved 1114112K
  class space    used 3992K, committed 4096K, reserved 1048576K
}
Event: 1.635 GC heap before
{Heap before GC invocations=7 (full 0):
 garbage-first heap   total 157696K, used 35286K [0x0000000704400000, 0x0000000800000000)
  region size 2048K, 9 young (18432K), 2 survivors (4096K)
 Metaspace       used 35745K, committed 35968K, reserved 1114112K
  class space    used 4559K, committed 4672K, reserved 1048576K
}
Event: 1.640 GC heap after
{Heap after GC invocations=8 (full 0):
 garbage-first heap   total 157696K, used 24781K [0x0000000704400000, 0x0000000800000000)
  region size 2048K, 3 young (6144K), 3 survivors (6144K)
 Metaspace       used 35745K, committed 35968K, reserved 1114112K
  class space    used 4559K, committed 4672K, reserved 1048576K
}
Event: 2.377 GC heap before
{Heap before GC invocations=9 (full 0):
 garbage-first heap   total 96256K, used 73933K [0x0000000704400000, 0x0000000800000000)
  region size 2048K, 28 young (57344K), 3 survivors (6144K)
 Metaspace       used 46115K, committed 46272K, reserved 1114112K
  class space    used 5633K, committed 5696K, reserved 1048576K
}
Event: 2.390 GC heap after
{Heap after GC invocations=10 (full 0):
 garbage-first heap   total 96256K, used 28109K [0x0000000704400000, 0x0000000800000000)
  region size 2048K, 4 young (8192K), 4 survivors (8192K)
 Metaspace       used 46115K, committed 46272K, reserved 1114112K
  class space    used 5633K, committed 5696K, reserved 1048576K
}
Event: 2.473 GC heap before
{Heap before GC invocations=10 (full 0):
 garbage-first heap   total 96256K, used 30157K [0x0000000704400000, 0x0000000800000000)
  region size 2048K, 5 young (10240K), 4 survivors (8192K)
 Metaspace       used 46734K, committed 47040K, reserved 1114112K
  class space    used 5729K, committed 5888K, reserved 1048576K
}
Event: 2.480 GC heap after
{Heap after GC invocations=11 (full 0):
 garbage-first heap   total 96256K, used 28628K [0x0000000704400000, 0x0000000800000000)
  region size 2048K, 1 young (2048K), 1 survivors (2048K)
 Metaspace       used 46734K, committed 47040K, reserved 1114112K
  class space    used 5729K, committed 5888K, reserved 1048576K
}
Event: 3.212 GC heap before
{Heap before GC invocations=11 (full 0):
 garbage-first heap   total 96256K, used 69588K [0x0000000704400000, 0x0000000800000000)
  region size 2048K, 20 young (40960K), 1 survivors (2048K)
 Metaspace       used 51671K, committed 51968K, reserved 1114112K
  class space    used 6282K, committed 6464K, reserved 1048576K
}
Event: 3.222 GC heap after
{Heap after GC invocations=12 (full 0):
 garbage-first heap   total 139264K, used 38049K [0x0000000704400000, 0x0000000800000000)
  region size 2048K, 3 young (6144K), 3 survivors (6144K)
 Metaspace       used 51671K, committed 51968K, reserved 1114112K
  class space    used 6282K, committed 6464K, reserved 1048576K
}
Event: 4.167 GC heap before
{Heap before GC invocations=12 (full 0):
 garbage-first heap   total 139264K, used 93345K [0x0000000704400000, 0x0000000800000000)
  region size 2048K, 30 young (61440K), 3 survivors (6144K)
 Metaspace       used 55913K, committed 56256K, reserved 1114112K
  class space    used 6676K, committed 6848K, reserved 1048576K
}
Event: 4.177 GC heap after
{Heap after GC invocations=13 (full 0):
 garbage-first heap   total 139264K, used 45987K [0x0000000704400000, 0x0000000800000000)
  region size 2048K, 4 young (8192K), 4 survivors (8192K)
 Metaspace       used 55913K, committed 56256K, reserved 1114112K
  class space    used 6676K, committed 6848K, reserved 1048576K
}
Event: 4.891 GC heap before
{Heap before GC invocations=13 (full 0):
 garbage-first heap   total 139264K, used 99235K [0x0000000704400000, 0x0000000800000000)
  region size 2048K, 30 young (61440K), 4 survivors (8192K)
 Metaspace       used 57381K, committed 57728K, reserved 1114112K
  class space    used 6791K, committed 6976K, reserved 1048576K
}
Event: 4.905 GC heap after
{Heap after GC invocations=14 (full 0):
 garbage-first heap   total 139264K, used 53568K [0x0000000704400000, 0x0000000800000000)
  region size 2048K, 4 young (8192K), 4 survivors (8192K)
 Metaspace       used 57381K, committed 57728K, reserved 1114112K
  class space    used 6791K, committed 6976K, reserved 1048576K
}

Dll operation events (2 events):
Event: 0.005 Loaded shared library C:\Program Files\Android\Android Studio\jbr\bin\java.dll
Event: 0.727 Loaded shared library C:\Program Files\Android\Android Studio\jbr\bin\verify.dll

Deoptimization events (20 events):
Event: 4.951 Thread 0x0000017edeb87880 Uncommon trap: trap_request=0xffffffc6 fr.pc=0x0000017ee9f03318 relative=0x00000000000005f8
Event: 4.951 Thread 0x0000017edeb87880 Uncommon trap: reason=bimorphic_or_optimized_type_check action=maybe_recompile pc=0x0000017ee9f03318 method=org.jetbrains.kotlin.types.model.TypeSystemContext$DefaultImpls.typeConstructor(Lorg/jetbrains/kotlin/types/model/TypeSystemContext;Lorg/jetbrains/
Event: 4.951 Thread 0x0000017edeb87880 DEOPT PACKING pc=0x0000017ee9f03318 sp=0x000000591f2fc010
Event: 4.951 Thread 0x0000017edeb87880 DEOPT UNPACKING pc=0x0000017ee95069a3 sp=0x000000591f2fbfb0 mode 2
Event: 4.951 Thread 0x0000017edeb87880 Uncommon trap: trap_request=0xffffffc6 fr.pc=0x0000017ee9f03318 relative=0x00000000000005f8
Event: 4.951 Thread 0x0000017edeb87880 Uncommon trap: reason=bimorphic_or_optimized_type_check action=maybe_recompile pc=0x0000017ee9f03318 method=org.jetbrains.kotlin.types.model.TypeSystemContext$DefaultImpls.typeConstructor(Lorg/jetbrains/kotlin/types/model/TypeSystemContext;Lorg/jetbrains/
Event: 4.951 Thread 0x0000017edeb87880 DEOPT PACKING pc=0x0000017ee9f03318 sp=0x000000591f2fbea0
Event: 4.951 Thread 0x0000017edeb87880 DEOPT UNPACKING pc=0x0000017ee95069a3 sp=0x000000591f2fbe40 mode 2
Event: 4.952 Thread 0x0000017edeb87880 Uncommon trap: trap_request=0xffffffc6 fr.pc=0x0000017ee9f03318 relative=0x00000000000005f8
Event: 4.952 Thread 0x0000017edeb87880 Uncommon trap: reason=bimorphic_or_optimized_type_check action=maybe_recompile pc=0x0000017ee9f03318 method=org.jetbrains.kotlin.types.model.TypeSystemContext$DefaultImpls.typeConstructor(Lorg/jetbrains/kotlin/types/model/TypeSystemContext;Lorg/jetbrains/
Event: 4.952 Thread 0x0000017edeb87880 DEOPT PACKING pc=0x0000017ee9f03318 sp=0x000000591f2fb9f0
Event: 4.952 Thread 0x0000017edeb87880 DEOPT UNPACKING pc=0x0000017ee95069a3 sp=0x000000591f2fb990 mode 2
Event: 4.952 Thread 0x0000017edeb87880 Uncommon trap: trap_request=0xffffffc6 fr.pc=0x0000017ee9f03318 relative=0x00000000000005f8
Event: 4.952 Thread 0x0000017edeb87880 Uncommon trap: reason=bimorphic_or_optimized_type_check action=maybe_recompile pc=0x0000017ee9f03318 method=org.jetbrains.kotlin.types.model.TypeSystemContext$DefaultImpls.typeConstructor(Lorg/jetbrains/kotlin/types/model/TypeSystemContext;Lorg/jetbrains/
Event: 4.953 Thread 0x0000017edeb87880 DEOPT PACKING pc=0x0000017ee9f03318 sp=0x000000591f2fb8f0
Event: 4.953 Thread 0x0000017edeb87880 DEOPT UNPACKING pc=0x0000017ee95069a3 sp=0x000000591f2fb890 mode 2
Event: 5.024 Thread 0x0000017edeb87880 Uncommon trap: trap_request=0xffffff45 fr.pc=0x0000017ee9eb55d8 relative=0x00000000000003b8
Event: 5.024 Thread 0x0000017edeb87880 Uncommon trap: reason=unstable_if action=reinterpret pc=0x0000017ee9eb55d8 method=kotlin.LazyKt__LazyJVMKt.lazy(Lkotlin/LazyThreadSafetyMode;Lkotlin/jvm/functions/Function0;)Lkotlin/Lazy; @ 21 c2
Event: 5.024 Thread 0x0000017edeb87880 DEOPT PACKING pc=0x0000017ee9eb55d8 sp=0x000000591f2fe140
Event: 5.024 Thread 0x0000017edeb87880 DEOPT UNPACKING pc=0x0000017ee95069a3 sp=0x000000591f2fe100 mode 2

Classes unloaded (0 events):
No events

Classes redefined (0 events):
No events

Internal exceptions (20 events):
Event: 1.234 Thread 0x0000017edeb87880 Exception <a 'java/lang/NoSuchMethodError'{0x00000007137108c0}: 'void java.lang.invoke.DirectMethodHandle$Holder.invokeVirtual(java.lang.Object, java.lang.Object)'> (0x00000007137108c0) 
thrown [s\src\hotspot\share\interpreter\linkResolver.cpp, line 771]
Event: 1.243 Thread 0x0000017edeb87880 Exception <a 'java/lang/NoSuchMethodError'{0x00000007137bf720}: 'int java.lang.invoke.DirectMethodHandle$Holder.invokeVirtual(java.lang.Object, java.lang.Object)'> (0x00000007137bf720) 
thrown [s\src\hotspot\share\interpreter\linkResolver.cpp, line 771]
Event: 1.255 Thread 0x0000017edeb87880 Exception <a 'java/lang/NoSuchMethodError'{0x00000007134658d0}: 'java.lang.Object java.lang.invoke.Invokers$Holder.invokeExact_MT(java.lang.Object, java.lang.Object, java.lang.Object, java.lang.Object, java.lang.Object, java.lang.Object)'> (0x00000007134658d0) 
thrown [s\src\hotspot\share\interpreter\linkResolver.cpp, line 771]
Event: 1.762 Thread 0x0000017edeb87880 Exception <a 'java/lang/NoSuchMethodError'{0x00000007095bec70}: 'java.lang.Object java.lang.invoke.DirectMethodHandle$Holder.invokeVirtual(java.lang.Object, java.lang.Object, java.lang.Object)'> (0x00000007095bec70) 
thrown [s\src\hotspot\share\interpreter\linkResolver.cpp, line 771]
Event: 2.294 Thread 0x0000017edeb87880 Exception <a 'java/lang/NoSuchMethodError'{0x0000000706d4b510}: 'java.lang.Object java.lang.invoke.DirectMethodHandle$Holder.newInvokeSpecial(java.lang.Object, java.lang.Object, int)'> (0x0000000706d4b510) 
thrown [s\src\hotspot\share\interpreter\linkResolver.cpp, line 771]
Event: 2.751 Thread 0x0000017edeb87880 Exception <a 'java/lang/NoSuchMethodError'{0x00000007093c9650}: 'java.lang.Object java.lang.invoke.DirectMethodHandle$Holder.newInvokeSpecial(java.lang.Object, java.lang.Object, java.lang.Object, int)'> (0x00000007093c9650) 
thrown [s\src\hotspot\share\interpreter\linkResolver.cpp, line 771]
Event: 2.752 Thread 0x0000017edeb87880 Exception <a 'java/lang/NoSuchMethodError'{0x00000007093cdcd8}: 'java.lang.Object java.lang.invoke.DirectMethodHandle$Holder.invokeSpecial(java.lang.Object, java.lang.Object, java.lang.Object, java.lang.Object, int)'> (0x00000007093cdcd8) 
thrown [s\src\hotspot\share\interpreter\linkResolver.cpp, line 771]
Event: 2.752 Thread 0x0000017edeb87880 Exception <a 'java/lang/NoSuchMethodError'{0x00000007093d1b48}: 'java.lang.Object java.lang.invoke.Invokers$Holder.linkToTargetMethod(java.lang.Object, java.lang.Object, int, java.lang.Object)'> (0x00000007093d1b48) 
thrown [s\src\hotspot\share\interpreter\linkResolver.cpp, line 771]
Event: 2.866 Thread 0x0000017edeb87880 Exception <a 'java/lang/NoSuchMethodError'{0x0000000708de0688}: 'java.lang.Object java.lang.invoke.DirectMethodHandle$Holder.invokeInterface(java.lang.Object, java.lang.Object)'> (0x0000000708de0688) 
thrown [s\src\hotspot\share\interpreter\linkResolver.cpp, line 771]
Event: 3.519 Thread 0x0000017edeb87880 Exception <a 'java/lang/NoSuchMethodError'{0x000000070b6da948}: 'int java.lang.invoke.DirectMethodHandle$Holder.invokeStaticInit(java.lang.Object, int)'> (0x000000070b6da948) 
thrown [s\src\hotspot\share\interpreter\linkResolver.cpp, line 771]
Event: 3.741 Thread 0x0000017edeb87880 Exception <a 'java/lang/NoSuchMethodError'{0x000000070b0fed28}: 'java.lang.Object java.lang.invoke.DirectMethodHandle$Holder.newInvokeSpecial(java.lang.Object, java.lang.Object, java.lang.Object, java.lang.Object, java.lang.Object, java.lang.Object)'> (0x000000070b0fed28) 
thrown [s\src\hotspot\share\interpreter\linkResolver.cpp, line 771]
Event: 3.745 Thread 0x0000017edeb87880 Implicit null exception at 0x0000017ee9ca7a8d to 0x0000017ee9ca7ce8
Event: 3.753 Thread 0x0000017edeb87880 Implicit null exception at 0x0000017ee9c4f58f to 0x0000017ee9c4f800
Event: 3.756 Thread 0x0000017edeb87880 Implicit null exception at 0x0000017ee9d7404c to 0x0000017ee9d74134
Event: 3.756 Thread 0x0000017edeb87880 Implicit null exception at 0x0000017ee9ca99a0 to 0x0000017ee9ca9b1c
Event: 3.756 Thread 0x0000017edeb87880 Implicit null exception at 0x0000017ee9c7eed8 to 0x0000017ee9c7ef6e
Event: 3.763 Thread 0x0000017edeb87880 Implicit null exception at 0x0000017ee9c6570f to 0x0000017ee9c65789
Event: 3.860 Thread 0x0000017edeb87880 Exception <a 'java/lang/NoSuchMethodError'{0x000000070adeb3d0}: 'java.lang.Object java.lang.invoke.DirectMethodHandle$Holder.invokeStaticInit(java.lang.Object, java.lang.Object, java.lang.Object)'> (0x000000070adeb3d0) 
thrown [s\src\hotspot\share\interpreter\linkResolver.cpp, line 771]
Event: 3.869 Thread 0x0000017edeb87880 Exception <a 'java/lang/NoSuchMethodError'{0x000000070aa2f530}: 'java.lang.Object java.lang.invoke.DirectMethodHandle$Holder.newInvokeSpecial(java.lang.Object, int, java.lang.Object)'> (0x000000070aa2f530) 
thrown [s\src\hotspot\share\interpreter\linkResolver.cpp, line 771]
Event: 3.872 Thread 0x0000017edeb87880 Exception <a 'java/lang/NoSuchMethodError'{0x000000070aa358f0}: 'int java.lang.invoke.DirectMethodHandle$Holder.invokeInterface(java.lang.Object, java.lang.Object)'> (0x000000070aa358f0) 
thrown [s\src\hotspot\share\interpreter\linkResolver.cpp, line 771]

VM Operations (20 events):
Event: 4.396 Executing VM operation: ICBufferFull
Event: 4.396 Executing VM operation: ICBufferFull done
Event: 4.403 Executing VM operation: HandshakeAllThreads
Event: 4.412 Executing VM operation: HandshakeAllThreads done
Event: 4.448 Executing VM operation: HandshakeAllThreads
Event: 4.448 Executing VM operation: HandshakeAllThreads done
Event: 4.469 Executing VM operation: ICBufferFull
Event: 4.469 Executing VM operation: ICBufferFull done
Event: 4.573 Executing VM operation: ICBufferFull
Event: 4.574 Executing VM operation: ICBufferFull done
Event: 4.751 Executing VM operation: HandshakeAllThreads
Event: 4.751 Executing VM operation: HandshakeAllThreads done
Event: 4.804 Executing VM operation: HandshakeAllThreads
Event: 4.804 Executing VM operation: HandshakeAllThreads done
Event: 4.847 Executing VM operation: ICBufferFull
Event: 4.847 Executing VM operation: ICBufferFull done
Event: 4.891 Executing VM operation: G1CollectForAllocation
Event: 4.905 Executing VM operation: G1CollectForAllocation done
Event: 5.010 Executing VM operation: HandshakeAllThreads
Event: 5.018 Executing VM operation: HandshakeAllThreads done

Events (20 events):
Event: 4.459 Thread 0x0000017efe4667b0 flushing nmethod 0x0000017ee2a8ce10
Event: 4.459 Thread 0x0000017efe4667b0 flushing nmethod 0x0000017ee2a8d410
Event: 4.459 Thread 0x0000017efe4667b0 flushing nmethod 0x0000017ee2a8e190
Event: 4.459 Thread 0x0000017efe4667b0 flushing nmethod 0x0000017ee2a90b10
Event: 4.459 Thread 0x0000017efe4667b0 flushing nmethod 0x0000017ee2a91c10
Event: 4.459 Thread 0x0000017efe4667b0 flushing nmethod 0x0000017ee2a92010
Event: 4.459 Thread 0x0000017efe4667b0 flushing nmethod 0x0000017ee2a93210
Event: 4.459 Thread 0x0000017efe4667b0 flushing nmethod 0x0000017ee2a93610
Event: 4.459 Thread 0x0000017efe4667b0 flushing nmethod 0x0000017ee2ab9390
Event: 4.460 Thread 0x0000017efe4667b0 flushing nmethod 0x0000017ee2ad3a90
Event: 4.460 Thread 0x0000017efe4667b0 flushing nmethod 0x0000017ee2adfe10
Event: 4.460 Thread 0x0000017efe4667b0 flushing nmethod 0x0000017ee2b06490
Event: 4.460 Thread 0x0000017efe4667b0 flushing nmethod 0x0000017ee2b09710
Event: 4.460 Thread 0x0000017efe4667b0 flushing nmethod 0x0000017ee2b12990
Event: 4.460 Thread 0x0000017efe4667b0 flushing nmethod 0x0000017ee2b3ab90
Event: 4.461 Thread 0x0000017efe4667b0 flushing nmethod 0x0000017ee2b7ee10
Event: 4.461 Thread 0x0000017efe4667b0 flushing nmethod 0x0000017ee2b7f790
Event: 4.461 Thread 0x0000017efe4667b0 flushing nmethod 0x0000017ee2b90490
Event: 4.461 Thread 0x0000017efe4667b0 flushing nmethod 0x0000017ee2ba4690
Event: 4.461 Thread 0x0000017efe4667b0 flushing nmethod 0x0000017ee2c00d10


Dynamic libraries:
0x00007ff618820000 - 0x00007ff61882a000 	C:\Program Files\Android\Android Studio\jbr\bin\java.exe
0x00007ffc87690000 - 0x00007ffc878a7000 	C:\Windows\SYSTEM32\ntdll.dll
0x00007ffc866a0000 - 0x00007ffc86764000 	C:\Windows\System32\KERNEL32.DLL
0x00007ffc84f10000 - 0x00007ffc852b6000 	C:\Windows\System32\KERNELBASE.dll
0x00007ffc852c0000 - 0x00007ffc853d1000 	C:\Windows\System32\ucrtbase.dll
0x00007ffc6f060000 - 0x00007ffc6f07b000 	C:\Program Files\Android\Android Studio\jbr\bin\VCRUNTIME140.dll
0x00007ffc6f930000 - 0x00007ffc6f947000 	C:\Program Files\Android\Android Studio\jbr\bin\jli.dll
0x00007ffc86890000 - 0x00007ffc86a3e000 	C:\Windows\System32\USER32.dll
0x00007ffc84b10000 - 0x00007ffc84b36000 	C:\Windows\System32\win32u.dll
0x00007ffc68db0000 - 0x00007ffc69043000 	C:\Windows\WinSxS\amd64_microsoft.windows.common-controls_6595b64144ccf1df_6.0.22621.2506_none_270c5ae97388e100\COMCTL32.dll
0x00007ffc86860000 - 0x00007ffc86889000 	C:\Windows\System32\GDI32.dll
0x00007ffc860b0000 - 0x00007ffc86157000 	C:\Windows\System32\msvcrt.dll
0x00007ffc84b40000 - 0x00007ffc84c58000 	C:\Windows\System32\gdi32full.dll
0x00007ffc84a00000 - 0x00007ffc84a9a000 	C:\Windows\System32\msvcp_win.dll
0x00007ffc86c70000 - 0x00007ffc86ca1000 	C:\Windows\System32\IMM32.DLL
0x00007ffc6f050000 - 0x00007ffc6f05c000 	C:\Program Files\Android\Android Studio\jbr\bin\vcruntime140_1.dll
0x00007ffc01130000 - 0x00007ffc011bd000 	C:\Program Files\Android\Android Studio\jbr\bin\msvcp140.dll
0x00007ffc01440000 - 0x00007ffc020c0000 	C:\Program Files\Android\Android Studio\jbr\bin\server\jvm.dll
0x00007ffc867a0000 - 0x00007ffc86851000 	C:\Windows\System32\ADVAPI32.dll
0x00007ffc853e0000 - 0x00007ffc85485000 	C:\Windows\System32\sechost.dll
0x00007ffc87530000 - 0x00007ffc87647000 	C:\Windows\System32\RPCRT4.dll
0x00007ffc7ea80000 - 0x00007ffc7eab4000 	C:\Windows\SYSTEM32\WINMM.dll
0x00007ffc7d0f0000 - 0x00007ffc7d0f9000 	C:\Windows\SYSTEM32\WSOCK32.dll
0x00007ffc6ee20000 - 0x00007ffc6ee2a000 	C:\Windows\SYSTEM32\VERSION.dll
0x00007ffc86e20000 - 0x00007ffc86e91000 	C:\Windows\System32\WS2_32.dll
0x00007ffc83ad0000 - 0x00007ffc83ae8000 	C:\Windows\SYSTEM32\kernel.appcore.dll
0x00007ffc7c3f0000 - 0x00007ffc7c3fa000 	C:\Program Files\Android\Android Studio\jbr\bin\jimage.dll
0x00007ffc822b0000 - 0x00007ffc824e3000 	C:\Windows\SYSTEM32\DBGHELP.DLL
0x00007ffc86170000 - 0x00007ffc864f9000 	C:\Windows\System32\combase.dll
0x00007ffc865b0000 - 0x00007ffc86687000 	C:\Windows\System32\OLEAUT32.dll
0x00007ffc47710000 - 0x00007ffc47742000 	C:\Windows\SYSTEM32\dbgcore.DLL
0x00007ffc84c60000 - 0x00007ffc84cda000 	C:\Windows\System32\bcryptPrimitives.dll
0x00007ffc7b940000 - 0x00007ffc7b965000 	C:\Program Files\Android\Android Studio\jbr\bin\java.dll
0x00007ffc7bf90000 - 0x00007ffc7bfa8000 	C:\Program Files\Android\Android Studio\jbr\bin\zip.dll
0x00007ffc85630000 - 0x00007ffc85e8a000 	C:\Windows\System32\SHELL32.dll
0x00007ffc828e0000 - 0x00007ffc831d6000 	C:\Windows\SYSTEM32\windows.storage.dll
0x00007ffc827a0000 - 0x00007ffc828de000 	C:\Windows\SYSTEM32\wintypes.dll
0x00007ffc86b70000 - 0x00007ffc86c63000 	C:\Windows\System32\SHCORE.dll
0x00007ffc86a90000 - 0x00007ffc86aee000 	C:\Windows\System32\shlwapi.dll
0x00007ffc84930000 - 0x00007ffc84956000 	C:\Windows\SYSTEM32\profapi.dll
0x00007ffc6fc80000 - 0x00007ffc6fc99000 	C:\Program Files\Android\Android Studio\jbr\bin\net.dll
0x00007ffc7c5f0000 - 0x00007ffc7c727000 	C:\Windows\SYSTEM32\WINHTTP.dll
0x00007ffc83f70000 - 0x00007ffc83fd9000 	C:\Windows\system32\mswsock.dll
0x00007ffc6fc00000 - 0x00007ffc6fc16000 	C:\Program Files\Android\Android Studio\jbr\bin\nio.dll
0x00007ffc7c3e0000 - 0x00007ffc7c3f0000 	C:\Program Files\Android\Android Studio\jbr\bin\verify.dll

dbghelp: loaded successfully - version: 4.0.5 - missing functions: none
symbol engine: initialized successfully - sym options: 0x614 - pdb path: .;C:\Program Files\Android\Android Studio\jbr\bin;C:\Windows\SYSTEM32;C:\Windows\WinSxS\amd64_microsoft.windows.common-controls_6595b64144ccf1df_6.0.22621.2506_none_270c5ae97388e100;C:\Program Files\Android\Android Studio\jbr\bin\server

VM Arguments:
java_command: org.jetbrains.kotlin.cli.jvm.K2JVMCompiler @C:\Users\Svetl\AndroidStudioProjects\up5v1\app\build\20231212_12136934704375271875.compiler.options
java_class_path (initial): C:\Users\Svetl\.gradle\caches\modules-2\files-2.1\org.jetbrains.kotlin\kotlin-compiler-embeddable\1.7.10\909803167c98606fcf22b4c848647c68e351d48d\kotlin-compiler-embeddable-1.7.10.jar;C:\Users\Svetl\.gradle\caches\modules-2\files-2.1\org.jetbrains.kotlin\kotlin-reflect\1.7.10\165e600dfea6185cf5efa700756294cc4904dbeb\kotlin-reflect-1.7.10.jar;C:\Users\Svetl\.gradle\caches\modules-2\files-2.1\org.jetbrains.kotlin\kotlin-stdlib\1.7.10\d2abf9e77736acc4450dc4a3f707fa2c10f5099d\kotlin-stdlib-1.7.10.jar;C:\Users\Svetl\.gradle\caches\modules-2\files-2.1\org.jetbrains.kotlin\kotlin-script-runtime\1.7.10\c99c87a6988d8fd8d5142e9ed5c9f34a7cf561ee\kotlin-script-runtime-1.7.10.jar;C:\Users\Svetl\.gradle\caches\modules-2\files-2.1\org.jetbrains.kotlin\kotlin-daemon-embeddable\1.7.10\3a9f7aef7080d3ae63126cbba4f827ed664f32fa\kotlin-daemon-embeddable-1.7.10.jar;C:\Users\Svetl\.gradle\caches\modules-2\files-2.1\org.jetbrains.intellij.deps\trove4j\1.0.20200330\3afb14d5f9ceb459d724e907a21145e8ff394f02\trove4j-1.0.20200330.jar;C:\Users\Svetl\.gradle\caches\modules-2\files-2.1\net.java.dev.jna\jna\5.6.0\330f2244e9030119ab3030fc3fededc86713d9cc\jna-5.6.0.jar;C:\Users\Svetl\.gradle\caches\modules-2\files-2.1\org.jetbrains.kotlin\kotlin-stdlib-common\1.7.10\bac80c520d0a9e3f3673bc2658c6ed02ef45a76a\kotlin-stdlib-common-1.7.10.jar;C:\Users\Svetl\.gradle\caches\modules-2\files-2.1\org.jetbrains\annotations\13.0\919f0dfe192fb4e063e7dacadee7f8bb9a2672a9\annotations-13.0.jar
Launcher Type: SUN_STANDARD

[Global flags]
     intx CICompilerCount                          = 12                                        {product} {ergonomic}
     uint ConcGCThreads                            = 4                                         {product} {ergonomic}
     uint G1ConcRefinementThreads                  = 15                                        {product} {ergonomic}
   size_t G1HeapRegionSize                         = 2097152                                   {product} {ergonomic}
    uintx GCDrainStackTargetSize                   = 64                                        {product} {ergonomic}
   size_t InitialHeapSize                          = 264241152                                 {product} {ergonomic}
   size_t MarkStackSize                            = 4194304                                   {product} {ergonomic}
   size_t MaxHeapSize                              = 4223664128                                {product} {ergonomic}
   size_t MaxNewSize                               = 2533359616                                {product} {ergonomic}
   size_t MinHeapDeltaBytes                        = 2097152                                   {product} {ergonomic}
   size_t MinHeapSize                              = 8388608                                   {product} {ergonomic}
    uintx NonNMethodCodeHeapSize                   = 7602480                                {pd product} {ergonomic}
    uintx NonProfiledCodeHeapSize                  = 122027880                              {pd product} {ergonomic}
    uintx ProfiledCodeHeapSize                     = 122027880                              {pd product} {ergonomic}
    uintx ReservedCodeCacheSize                    = 251658240                              {pd product} {ergonomic}
     bool SegmentedCodeCache                       = true                                      {product} {ergonomic}
   size_t SoftMaxHeapSize                          = 4223664128                             {manageable} {ergonomic}
     bool UseCompressedClassPointers               = true                           {product lp64_product} {ergonomic}
     bool UseCompressedOops                        = true                           {product lp64_product} {ergonomic}
     bool UseG1GC                                  = true                                      {product} {ergonomic}
     bool UseLargePagesIndividualAllocation        = false                                  {pd product} {ergonomic}

Logging:
Log output configuration:
 #0: stdout all=warning uptime,level,tags
 #1: stderr all=off uptime,level,tags

Environment Variables:
PATH=C:\Program Files\Microsoft\jdk-11.0.16.101-hotspot\bin;C:\Windows\System32\HWAudioDriverLibs;C:\Windows\system32;C:\Windows;C:\Windows\System32\Wbem;C:\Windows\System32\WindowsPowerShell\v1.0\;C:\Windows\System32\OpenSSH\;C:\Users\Administrator\AppData\Local\Microsoft\WindowsApps;C:\Program Files\Microsoft SQL Server\Client SDK\ODBC\170\Tools\Binn\;C:\Program Files\Azure Data Studio\bin;C:\Program Files\dotnet\;C:\Program Files (x86)\Microsoft SQL Server\150\Tools\Binn\;C:\Program Files\Microsoft SQL Server\150\Tools\Binn\;C:\Program Files\Microsoft SQL Server\150\DTS\Binn\;C:\Program Files (x86)\Microsoft SQL Server\160\DTS\Binn\;C:\Program Files\Git\cmd;C:\Users\Svetl\AppData\Local\Microsoft\WindowsApps;C:\Program Files\Azure Data Studio\bin;C:\Users\Svetl\.dotnet\tools
USERNAME=Svetl
OS=Windows_NT
PROCESSOR_IDENTIFIER=Intel64 Family 6 Model 154 Stepping 3, GenuineIntel
TMP=C:\Users\Svetl\AppData\Local\Temp
TEMP=C:\Users\Svetl\AppData\Local\Temp


JNI global refs:
JNI global refs: 26, weak refs: 6

JNI global refs memory usage: 843, weak refs: 841

OOME stack traces (most recent first):
Classloader memory used:
Loader jdk.internal.loader.ClassLoaders$AppClassLoader                                 : 5550K
Loader bootstrap                                                                       : 1639K
Loader jdk.internal.loader.ClassLoaders$PlatformClassLoader                            : 36663B
Loader java.net.URLClassLoader                                                         : 22388B
Loader jdk.internal.reflect.DelegatingClassLoader                                      : 13151B


---------------  S Y S T E M  ---------------

OS:
 Windows 11 , 64 bit Build 22621 (10.0.22621.2506)
OS uptime: 0 days 0:50 hours
Hyper-V role detected

CPU: total 20 (initial active 20) (10 cores per cpu, 2 threads per core) family 6 model 154 stepping 3 microcode 0x41e, cx8, cmov, fxsr, ht, mmx, 3dnowpref, sse, sse2, sse3, ssse3, sse4.1, sse4.2, popcnt, lzcnt, tsc, tscinvbit, avx, avx2, aes, erms, clmul, bmi1, bmi2, adx, sha, fma, vzeroupper, clflush, clflushopt, clwb, hv

Memory: 4k page, system-wide physical 16110M (2430M free)
TotalPageFile size 16110M (AvailPageFile size 10M)
current process WorkingSet (physical memory assigned to process): 347M, peak: 350M
current process commit charge ("private bytes"): 400M, peak: 405M

vm_info: OpenJDK 64-Bit Server VM (17.0.7+0-b2043.56-10550314) for windows-amd64 JRE (17.0.7+0-b2043.56-10550314), built on Jul 24 2023 18:27:45 by "androidbuild" with MS VC++ 16.10 / 16.11 (VS2019)

END.
