#
# There is insufficient memory for the Java Runtime Environment to continue.
# Native memory allocation (malloc) failed to allocate 245856 bytes for Chunk::new
# Possible reasons:
#   The system is out of physical RAM or swap space
#   The process is running with CompressedOops enabled, and the Java Heap may be blocking the growth of the native heap
# Possible solutions:
#   Reduce memory load on the system
#   Increase physical memory or swap space
#   Check if swap backing store is full
#   Decrease Java heap size (-Xmx/-Xms)
#   Decrease number of Java threads
#   Decrease Java thread stack sizes (-Xss)
#   Set larger code cache with -XX:ReservedCodeCacheSize=
#   JVM is running with Zero Based Compressed Oops mode in which the Java heap is
#     placed in the first 32GB address space. The Java Heap base address is the
#     maximum limit for the native heap growth. Please use -XX:HeapBaseMinAddress
#     to set the Java Heap base and to place the Java Heap above 32GB virtual address.
# This output file may be truncated or incomplete.
#
#  Out of Memory Error (arena.cpp:189), pid=17440, tid=9320
#
# JRE version: OpenJDK Runtime Environment (17.0.7) (build 17.0.7+0-b2043.56-10550314)
# Java VM: OpenJDK 64-Bit Server VM (17.0.7+0-b2043.56-10550314, mixed mode, tiered, compressed oops, compressed class ptrs, g1 gc, windows-amd64)
# No core dump will be written. Minidumps are not enabled by default on client versions of Windows
#

---------------  S U M M A R Y ------------

Command Line: --add-opens=java.base/java.util=ALL-UNNAMED --add-opens=java.base/java.lang=ALL-UNNAMED --add-opens=java.base/java.lang.invoke=ALL-UNNAMED --add-opens=java.base/java.util=ALL-UNNAMED --add-opens=java.prefs/java.util.prefs=ALL-UNNAMED --add-opens=java.prefs/java.util.prefs=ALL-UNNAMED --add-opens=java.base/java.nio.charset=ALL-UNNAMED --add-opens=java.base/java.net=ALL-UNNAMED --add-opens=java.base/java.util.concurrent.atomic=ALL-UNNAMED -Xmx4g -Dfile.encoding=windows-1251 -Duser.country=RU -Duser.language=ru -Duser.variant org.gradle.launcher.daemon.bootstrap.GradleDaemon 7.5

Host: 12th Gen Intel(R) Core(TM) i7-12700H, 20 cores, 15G,  Windows 11 , 64 bit Build 22621 (10.0.22621.2506)
Time: Wed Dec 13 08:43:42 2023 RTZ 4 (s 11 , 64 bit Build 22621 (10.0.22621.2506) elapsed time: 51.302304 seconds (0d 0h 0m 51s)

---------------  T H R E A D  ---------------

Current thread (0x000001257b08f000):  JavaThread "C2 CompilerThread0" daemon [_thread_in_native, id=9320, stack(0x0000000aae800000,0x0000000aae900000)]


Current CompileTask:
C2:  51302 9260       4       org.gradle.tooling.internal.provider.runner.ClientBuildEventGenerator::started (168 bytes)

Stack: [0x0000000aae800000,0x0000000aae900000]
Native frames: (J=compiled Java code, j=interpreted, Vv=VM code, C=native code)
V  [jvm.dll+0x683bfa]
V  [jvm.dll+0x8430a4]
V  [jvm.dll+0x8449be]
V  [jvm.dll+0x845023]
V  [jvm.dll+0x24ad2f]
V  [jvm.dll+0xac25c]
V  [jvm.dll+0xac82c]
V  [jvm.dll+0x2b218f]
V  [jvm.dll+0x58c2f7]
V  [jvm.dll+0x225a12]
V  [jvm.dll+0x21ed62]
V  [jvm.dll+0x21c56b]
V  [jvm.dll+0x1a605d]
V  [jvm.dll+0x22c148]
V  [jvm.dll+0x22a209]
V  [jvm.dll+0x7f858c]
V  [jvm.dll+0x7f2aea]
V  [jvm.dll+0x682a35]
C  [ucrtbase.dll+0x29363]
C  [KERNEL32.DLL+0x1257d]
C  [ntdll.dll+0x5aa58]


---------------  P R O C E S S  ---------------

Threads class SMR info:
_java_thread_list=0x000001250a130430, length=56, elements={
0x000001255b4fbe10, 0x000001257b044430, 0x000001257b044ef0, 0x000001257b05bff0,
0x000001257b05cab0, 0x000001257b05d960, 0x000001257b08e410, 0x000001257b08f000,
0x000001257b090000, 0x000001257b0a3cf0, 0x000001257b24beb0, 0x000001257b256f70,
0x00000125056d11a0, 0x0000012505b337d0, 0x00000125054a3b80, 0x0000012505534070,
0x00000125065d5400, 0x0000012505e36980, 0x0000012505e33960, 0x0000012505e36e50,
0x0000012505e35170, 0x0000012505e37320, 0x0000012505e35fe0, 0x00000125087824e0,
0x0000012508788050, 0x0000012508784690, 0x00000125087871e0, 0x0000012508787b80,
0x00000125087841c0, 0x00000125068a8540, 0x00000125068a8a10, 0x00000125068ad710,
0x00000125068aea50, 0x00000125068aba30, 0x00000125068a9880, 0x00000125068aef20,
0x00000125068af8c0, 0x00000125068a8ee0, 0x00000125068a9d50, 0x00000125068abf00,
0x00000125068a93b0, 0x00000125068ac3d0, 0x00000125068acd70, 0x00000125068ad240,
0x00000125068af3f0, 0x00000125068aabc0, 0x000001250aab2930, 0x000001250aab5480,
0x000001250aab4140, 0x000001250aab2e00, 0x000001250aab1ac0, 0x000001250aab7b00,
0x000001250aab37a0, 0x000001250aab7fd0, 0x000001250aab5950, 0x000001250aab62f0
}

Java Threads: ( => current thread )
  0x000001255b4fbe10 JavaThread "main" [_thread_blocked, id=15508, stack(0x0000000aadb00000,0x0000000aadc00000)]
  0x000001257b044430 JavaThread "Reference Handler" daemon [_thread_blocked, id=24344, stack(0x0000000aae200000,0x0000000aae300000)]
  0x000001257b044ef0 JavaThread "Finalizer" daemon [_thread_blocked, id=12824, stack(0x0000000aae300000,0x0000000aae400000)]
  0x000001257b05bff0 JavaThread "Signal Dispatcher" daemon [_thread_blocked, id=18612, stack(0x0000000aae400000,0x0000000aae500000)]
  0x000001257b05cab0 JavaThread "Attach Listener" daemon [_thread_blocked, id=7344, stack(0x0000000aae500000,0x0000000aae600000)]
  0x000001257b05d960 JavaThread "Service Thread" daemon [_thread_blocked, id=24424, stack(0x0000000aae600000,0x0000000aae700000)]
  0x000001257b08e410 JavaThread "Monitor Deflation Thread" daemon [_thread_blocked, id=4568, stack(0x0000000aae700000,0x0000000aae800000)]
=>0x000001257b08f000 JavaThread "C2 CompilerThread0" daemon [_thread_in_native, id=9320, stack(0x0000000aae800000,0x0000000aae900000)]
  0x000001257b090000 JavaThread "C1 CompilerThread0" daemon [_thread_in_vm, id=22036, stack(0x0000000aae900000,0x0000000aaea00000)]
  0x000001257b0a3cf0 JavaThread "Sweeper thread" daemon [_thread_blocked, id=7504, stack(0x0000000aaea00000,0x0000000aaeb00000)]
  0x000001257b24beb0 JavaThread "Common-Cleaner" daemon [_thread_blocked, id=24012, stack(0x0000000aaed00000,0x0000000aaee00000)]
  0x000001257b256f70 JavaThread "Notification Thread" daemon [_thread_blocked, id=18536, stack(0x0000000aaee00000,0x0000000aaef00000)]
  0x00000125056d11a0 JavaThread "Daemon health stats" [_thread_blocked, id=18844, stack(0x0000000aaf800000,0x0000000aaf900000)]
  0x0000012505b337d0 JavaThread "Incoming local TCP Connector on port 53558" [_thread_in_native, id=20488, stack(0x0000000aaf900000,0x0000000aafa00000)]
  0x00000125054a3b80 JavaThread "Daemon periodic checks" [_thread_blocked, id=21828, stack(0x0000000aafa00000,0x0000000aafb00000)]
  0x0000012505534070 JavaThread "Daemon" [_thread_blocked, id=12224, stack(0x0000000aafb00000,0x0000000aafc00000)]
  0x00000125065d5400 JavaThread "Daemon worker" [_thread_in_Java, id=22064, stack(0x0000000aafe00000,0x0000000aaff00000)]
  0x0000012505e36980 JavaThread "Cache worker for journal cache (C:\Users\Svetl\.gradle\caches\journal-1)" [_thread_blocked, id=23776, stack(0x0000000ab0200000,0x0000000ab0300000)]
  0x0000012505e33960 JavaThread "File lock request listener" [_thread_in_native, id=9136, stack(0x0000000ab0300000,0x0000000ab0400000)]
  0x0000012505e36e50 JavaThread "Cache worker for file hash cache (C:\Users\Svetl\.gradle\caches\7.5\fileHashes)" [_thread_blocked, id=12384, stack(0x0000000ab1000000,0x0000000ab1100000)]
  0x0000012505e35170 JavaThread "File watcher server" daemon [_thread_in_native, id=9068, stack(0x0000000ab1100000,0x0000000ab1200000)]
  0x0000012505e37320 JavaThread "File watcher consumer" daemon [_thread_blocked, id=24104, stack(0x0000000ab1200000,0x0000000ab1300000)]
  0x0000012505e35fe0 JavaThread "Cache worker for file content cache (C:\Users\Svetl\.gradle\caches\7.5\fileContent)" [_thread_blocked, id=1352, stack(0x0000000ab1500000,0x0000000ab1600000)]
  0x00000125087824e0 JavaThread "Cache worker for execution history cache (C:\Users\Svetl\.gradle\caches\7.5\executionHistory)" [_thread_blocked, id=4696, stack(0x0000000ab1900000,0x0000000ab1a00000)]
  0x0000012508788050 JavaThread "jar transforms" [_thread_blocked, id=22140, stack(0x0000000ab1a00000,0x0000000ab1b00000)]
  0x0000012508784690 JavaThread "jar transforms Thread 2" [_thread_blocked, id=23232, stack(0x0000000ab1b00000,0x0000000ab1c00000)]
  0x00000125087871e0 JavaThread "jar transforms Thread 3" [_thread_blocked, id=5720, stack(0x0000000ab1f00000,0x0000000ab2000000)]
  0x0000012508787b80 JavaThread "jar transforms Thread 4" [_thread_blocked, id=23900, stack(0x0000000ab2000000,0x0000000ab2100000)]
  0x00000125087841c0 JavaThread "jar transforms Thread 5" [_thread_blocked, id=7512, stack(0x0000000ab2200000,0x0000000ab2300000)]
  0x00000125068a8540 JavaThread "jar transforms Thread 6" [_thread_blocked, id=15020, stack(0x0000000abb600000,0x0000000abb700000)]
  0x00000125068a8a10 JavaThread "jar transforms Thread 7" [_thread_blocked, id=18672, stack(0x0000000abb700000,0x0000000abb800000)]
  0x00000125068ad710 JavaThread "jar transforms Thread 8" [_thread_blocked, id=4336, stack(0x0000000abb800000,0x0000000abb900000)]
  0x00000125068aea50 JavaThread "jar transforms Thread 9" [_thread_blocked, id=12532, stack(0x0000000abb900000,0x0000000abba00000)]
  0x00000125068aba30 JavaThread "jar transforms Thread 10" [_thread_blocked, id=21920, stack(0x0000000abba00000,0x0000000abbb00000)]
  0x00000125068a9880 JavaThread "jar transforms Thread 11" [_thread_blocked, id=4384, stack(0x0000000abbb00000,0x0000000abbc00000)]
  0x00000125068aef20 JavaThread "jar transforms Thread 12" [_thread_blocked, id=23788, stack(0x0000000abbc00000,0x0000000abbd00000)]
  0x00000125068af8c0 JavaThread "jar transforms Thread 13" [_thread_blocked, id=20828, stack(0x0000000abbd00000,0x0000000abbe00000)]
  0x00000125068a8ee0 JavaThread "jar transforms Thread 14" [_thread_blocked, id=4324, stack(0x0000000abbe00000,0x0000000abbf00000)]
  0x00000125068a9d50 JavaThread "jar transforms Thread 15" [_thread_blocked, id=23324, stack(0x0000000abbf00000,0x0000000abc000000)]
  0x00000125068abf00 JavaThread "jar transforms Thread 16" [_thread_blocked, id=7604, stack(0x0000000abc000000,0x0000000abc100000)]
  0x00000125068a93b0 JavaThread "jar transforms Thread 17" [_thread_blocked, id=6728, stack(0x0000000abc100000,0x0000000abc200000)]
  0x00000125068ac3d0 JavaThread "jar transforms Thread 18" [_thread_blocked, id=22224, stack(0x0000000abc200000,0x0000000abc300000)]
  0x00000125068acd70 JavaThread "jar transforms Thread 19" [_thread_blocked, id=13068, stack(0x0000000abc300000,0x0000000abc400000)]
  0x00000125068ad240 JavaThread "jar transforms Thread 20" [_thread_blocked, id=20916, stack(0x0000000abc400000,0x0000000abc500000)]
  0x00000125068af3f0 JavaThread "Memory manager" [_thread_blocked, id=8652, stack(0x0000000abc600000,0x0000000abc700000)]
  0x00000125068aabc0 JavaThread "pool-3-thread-1" [_thread_blocked, id=21236, stack(0x0000000abc800000,0x0000000abc900000)]
  0x000001250aab2930 JavaThread "included builds" [_thread_blocked, id=23564, stack(0x0000000abca00000,0x0000000abcb00000)]
  0x000001250aab5480 JavaThread "Handler for socket connection from /127.0.0.1:53558 to /127.0.0.1:53582" [_thread_in_native, id=4804, stack(0x0000000aaec00000,0x0000000aaed00000)]
  0x000001250aab4140 JavaThread "Cancel handler" [_thread_blocked, id=21432, stack(0x0000000aaf000000,0x0000000aaf100000)]
  0x000001250aab2e00 JavaThread "Asynchronous log dispatcher for DefaultDaemonConnection: socket connection from /127.0.0.1:53558 to /127.0.0.1:53582" [_thread_blocked, id=24196, stack(0x0000000aaf100000,0x0000000aaf200000)]
  0x000001250aab1ac0 JavaThread "Stdin handler" [_thread_blocked, id=4256, stack(0x0000000aaf700000,0x0000000aaf800000)]
  0x000001250aab7b00 JavaThread "Daemon client event forwarder" [_thread_blocked, id=23672, stack(0x0000000aafc00000,0x0000000aafd00000)]
  0x000001250aab37a0 JavaThread "Cache worker for checksums cache (C:\Users\Svetl\AndroidStudioProjects\up5v1\.gradle\7.5\checksums)" [_thread_blocked, id=17284, stack(0x0000000aafd00000,0x0000000aafe00000)]
  0x000001250aab7fd0 JavaThread "Cache worker for cache directory md-rule (C:\Users\Svetl\.gradle\caches\7.5\md-rule)" [_thread_blocked, id=19828, stack(0x0000000aaff00000,0x0000000ab0000000)]
  0x000001250aab5950 JavaThread "Cache worker for file hash cache (C:\Users\Svetl\AndroidStudioProjects\up5v1\.gradle\7.5\fileHashes)" [_thread_blocked, id=15572, stack(0x0000000ab0000000,0x0000000ab0100000)]
  0x000001250aab62f0 JavaThread "Cache worker for cache directory md-supplier (C:\Users\Svetl\.gradle\caches\7.5\md-supplier)" [_thread_blocked, id=10312, stack(0x0000000ab0100000,0x0000000ab0200000)]

Other Threads:
  0x000001257af7ec30 VMThread "VM Thread" [stack: 0x0000000aae100000,0x0000000aae200000] [id=7004]
  0x000001257b24c380 WatcherThread [stack: 0x0000000aaef00000,0x0000000aaf000000] [id=22984]
  0x000001255b5672c0 GCTaskThread "GC Thread#0" [stack: 0x0000000aadc00000,0x0000000aadd00000] [id=5636]
  0x00000125043aea70 GCTaskThread "GC Thread#1" [stack: 0x0000000aaf200000,0x0000000aaf300000] [id=22220]
  0x0000012504e9e8f0 GCTaskThread "GC Thread#2" [stack: 0x0000000aaf300000,0x0000000aaf400000] [id=23932]
  0x0000012504e9eba0 GCTaskThread "GC Thread#3" [stack: 0x0000000aaf400000,0x0000000aaf500000] [id=9804]
  0x0000012504e9ee50 GCTaskThread "GC Thread#4" [stack: 0x0000000aaf500000,0x0000000aaf600000] [id=11968]
  0x000001250523c430 GCTaskThread "GC Thread#5" [stack: 0x0000000aaf600000,0x0000000aaf700000] [id=12508]
  0x00000125058c6b10 GCTaskThread "GC Thread#6" [stack: 0x0000000ab0400000,0x0000000ab0500000] [id=5484]
  0x0000012505c31120 GCTaskThread "GC Thread#7" [stack: 0x0000000ab0500000,0x0000000ab0600000] [id=3808]
  0x00000125060ed1f0 GCTaskThread "GC Thread#8" [stack: 0x0000000ab0600000,0x0000000ab0700000] [id=21984]
  0x0000012505c36420 GCTaskThread "GC Thread#9" [stack: 0x0000000ab0700000,0x0000000ab0800000] [id=19296]
  0x0000012505c366d0 GCTaskThread "GC Thread#10" [stack: 0x0000000ab0800000,0x0000000ab0900000] [id=10128]
  0x0000012505c36980 GCTaskThread "GC Thread#11" [stack: 0x0000000ab0900000,0x0000000ab0a00000] [id=21460]
  0x0000012505e83040 GCTaskThread "GC Thread#12" [stack: 0x0000000ab0a00000,0x0000000ab0b00000] [id=12944]
  0x0000012505e832f0 GCTaskThread "GC Thread#13" [stack: 0x0000000ab0b00000,0x0000000ab0c00000] [id=18600]
  0x0000012505f9d1d0 GCTaskThread "GC Thread#14" [stack: 0x0000000ab0c00000,0x0000000ab0d00000] [id=1668]
  0x000001255b5790b0 ConcurrentGCThread "G1 Main Marker" [stack: 0x0000000aadd00000,0x0000000aade00000] [id=7464]
  0x000001255b579960 ConcurrentGCThread "G1 Conc#0" [stack: 0x0000000aade00000,0x0000000aadf00000] [id=23204]
  0x0000012505f9d9e0 ConcurrentGCThread "G1 Conc#1" [stack: 0x0000000ab0d00000,0x0000000ab0e00000] [id=22684]
  0x0000012505f9e750 ConcurrentGCThread "G1 Conc#2" [stack: 0x0000000ab0e00000,0x0000000ab0f00000] [id=17280]
  0x0000012505f9ea00 ConcurrentGCThread "G1 Conc#3" [stack: 0x0000000ab0f00000,0x0000000ab1000000] [id=3784]
  0x000001257ae6f920 ConcurrentGCThread "G1 Refine#0" [stack: 0x0000000aadf00000,0x0000000aae000000] [id=6236]
  0x000001257ae701e0 ConcurrentGCThread "G1 Service" [stack: 0x0000000aae000000,0x0000000aae100000] [id=680]

Threads with active compile tasks:
C2 CompilerThread0    51332 9260       4       org.gradle.tooling.internal.provider.runner.ClientBuildEventGenerator::started (168 bytes)
C1 CompilerThread0    51332 9290       3       org.codehaus.groovy.reflection.AccessPermissionChecker::checkAccessPermission (70 bytes)

VM state: not at safepoint (normal execution)

VM Mutex/Monitor currently owned by a thread: None

Heap address: 0x0000000700000000, size: 4096 MB, Compressed Oops mode: Zero based, Oop shift amount: 3

CDS archive(s) not mapped
Compressed class space mapped at: 0x0000000800000000-0x0000000840000000, reserved size: 1073741824
Narrow klass base: 0x0000000800000000, Narrow klass shift: 0, Narrow klass range: 0x40000000

GC Precious Log:
 CPUs: 20 total, 20 available
 Memory: 16110M
 Large Page Support: Disabled
 NUMA Support: Disabled
 Compressed Oops: Enabled (Zero based)
 Heap Region Size: 2M
 Heap Min Capacity: 8M
 Heap Initial Capacity: 252M
 Heap Max Capacity: 4G
 Pre-touch: Disabled
 Parallel Workers: 15
 Concurrent Workers: 4
 Concurrent Refinement Workers: 15
 Periodic GC: Disabled

Heap:
 garbage-first heap   total 157696K, used 76668K [0x0000000700000000, 0x0000000800000000)
  region size 2048K, 7 young (14336K), 4 survivors (8192K)
 Metaspace       used 86434K, committed 87104K, reserved 1179648K
  class space    used 11385K, committed 11712K, reserved 1048576K

Heap Regions: E=young(eden), S=young(survivor), O=old, HS=humongous(starts), HC=humongous(continues), CS=collection set, F=free, OA=open archive, CA=closed archive, TAMS=top-at-mark-start (previous, next)
|   0|0x0000000700000000, 0x0000000700200000, 0x0000000700200000|100%| O|  |TAMS 0x0000000700200000, 0x0000000700000000| Untracked 
|   1|0x0000000700200000, 0x0000000700400000, 0x0000000700400000|100%| O|  |TAMS 0x0000000700400000, 0x0000000700200000| Untracked 
|   2|0x0000000700400000, 0x0000000700600000, 0x0000000700600000|100%|HS|  |TAMS 0x0000000700600000, 0x0000000700400000| Complete 
|   3|0x0000000700600000, 0x0000000700800000, 0x0000000700800000|100%|HC|  |TAMS 0x0000000700800000, 0x0000000700600000| Complete 
|   4|0x0000000700800000, 0x0000000700a00000, 0x0000000700a00000|100%| O|  |TAMS 0x0000000700a00000, 0x0000000700800000| Untracked 
|   5|0x0000000700a00000, 0x0000000700c00000, 0x0000000700c00000|100%| O|  |TAMS 0x0000000700c00000, 0x0000000700a00000| Untracked 
|   6|0x0000000700c00000, 0x0000000700e00000, 0x0000000700e00000|100%| O|  |TAMS 0x0000000700e00000, 0x0000000700c00000| Untracked 
|   7|0x0000000700e00000, 0x0000000701000000, 0x0000000701000000|100%| O|  |TAMS 0x0000000701000000, 0x0000000700e00000| Untracked 
|   8|0x0000000701000000, 0x0000000701200000, 0x0000000701200000|100%| O|  |TAMS 0x0000000701200000, 0x0000000701000000| Untracked 
|   9|0x0000000701200000, 0x0000000701400000, 0x0000000701400000|100%| O|  |TAMS 0x0000000701400000, 0x0000000701200000| Untracked 
|  10|0x0000000701400000, 0x0000000701600000, 0x0000000701600000|100%| O|  |TAMS 0x0000000701600000, 0x0000000701400000| Untracked 
|  11|0x0000000701600000, 0x0000000701800000, 0x0000000701800000|100%| O|  |TAMS 0x0000000701800000, 0x0000000701600000| Untracked 
|  12|0x0000000701800000, 0x0000000701a00000, 0x0000000701a00000|100%| O|  |TAMS 0x0000000701a00000, 0x0000000701800000| Untracked 
|  13|0x0000000701a00000, 0x0000000701c00000, 0x0000000701c00000|100%| O|  |TAMS 0x0000000701c00000, 0x0000000701a00000| Untracked 
|  14|0x0000000701c00000, 0x0000000701e00000, 0x0000000701e00000|100%| O|  |TAMS 0x0000000701e00000, 0x0000000701c00000| Untracked 
|  15|0x0000000701e00000, 0x0000000702000000, 0x0000000702000000|100%|HS|  |TAMS 0x0000000702000000, 0x0000000701e00000| Complete 
|  16|0x0000000702000000, 0x0000000702200000, 0x0000000702200000|100%|HC|  |TAMS 0x0000000702200000, 0x0000000702000000| Complete 
|  17|0x0000000702200000, 0x0000000702400000, 0x0000000702400000|100%| O|  |TAMS 0x0000000702400000, 0x0000000702200000| Untracked 
|  18|0x0000000702400000, 0x0000000702600000, 0x0000000702600000|100%| O|  |TAMS 0x0000000702600000, 0x0000000702400000| Untracked 
|  19|0x0000000702600000, 0x0000000702800000, 0x0000000702800000|100%| O|  |TAMS 0x0000000702800000, 0x0000000702600000| Untracked 
|  20|0x0000000702800000, 0x0000000702a00000, 0x0000000702a00000|100%| O|  |TAMS 0x0000000702a00000, 0x0000000702800000| Untracked 
|  21|0x0000000702a00000, 0x0000000702c00000, 0x0000000702c00000|100%| O|  |TAMS 0x0000000702c00000, 0x0000000702a00000| Untracked 
|  22|0x0000000702c00000, 0x0000000702e00000, 0x0000000702e00000|100%| O|  |TAMS 0x0000000702e00000, 0x0000000702c00000| Untracked 
|  23|0x0000000702e00000, 0x0000000703000000, 0x0000000703000000|100%| O|  |TAMS 0x0000000703000000, 0x0000000702e00000| Untracked 
|  24|0x0000000703000000, 0x0000000703200000, 0x0000000703200000|100%| O|  |TAMS 0x0000000703200000, 0x0000000703000000| Untracked 
|  25|0x0000000703200000, 0x0000000703400000, 0x0000000703400000|100%| O|  |TAMS 0x0000000703400000, 0x0000000703200000| Untracked 
|  26|0x0000000703400000, 0x0000000703600000, 0x0000000703600000|100%| O|  |TAMS 0x00000007034f4000, 0x0000000703400000| Untracked 
|  27|0x0000000703600000, 0x0000000703800000, 0x0000000703800000|100%| O|  |TAMS 0x0000000703600000, 0x0000000703600000| Untracked 
|  28|0x0000000703800000, 0x0000000703a00000, 0x0000000703a00000|100%| O|  |TAMS 0x0000000703800000, 0x0000000703800000| Untracked 
|  29|0x0000000703a00000, 0x0000000703c00000, 0x0000000703c00000|100%| O|  |TAMS 0x0000000703a00000, 0x0000000703a00000| Untracked 
|  30|0x0000000703c00000, 0x0000000703e00000, 0x0000000703e00000|100%| O|  |TAMS 0x0000000703c00000, 0x0000000703c00000| Untracked 
|  31|0x0000000703e00000, 0x0000000703edf200, 0x0000000704000000| 43%| O|  |TAMS 0x0000000703e00000, 0x0000000703e00000| Untracked 
|  32|0x0000000704000000, 0x0000000704000000, 0x0000000704200000|  0%| F|  |TAMS 0x0000000704000000, 0x0000000704000000| Untracked 
|  33|0x0000000704200000, 0x0000000704200000, 0x0000000704400000|  0%| F|  |TAMS 0x0000000704200000, 0x0000000704200000| Untracked 
|  34|0x0000000704400000, 0x0000000704400000, 0x0000000704600000|  0%| F|  |TAMS 0x0000000704400000, 0x0000000704400000| Untracked 
|  35|0x0000000704600000, 0x0000000704600000, 0x0000000704800000|  0%| F|  |TAMS 0x0000000704600000, 0x0000000704600000| Untracked 
|  36|0x0000000704800000, 0x0000000704800000, 0x0000000704a00000|  0%| F|  |TAMS 0x0000000704800000, 0x0000000704800000| Untracked 
|  37|0x0000000704a00000, 0x0000000704a00000, 0x0000000704c00000|  0%| F|  |TAMS 0x0000000704a00000, 0x0000000704a00000| Untracked 
|  38|0x0000000704c00000, 0x0000000704c00000, 0x0000000704e00000|  0%| F|  |TAMS 0x0000000704c00000, 0x0000000704c00000| Untracked 
|  39|0x0000000704e00000, 0x0000000704e00000, 0x0000000705000000|  0%| F|  |TAMS 0x0000000704e00000, 0x0000000704e00000| Untracked 
|  40|0x0000000705000000, 0x0000000705000000, 0x0000000705200000|  0%| F|  |TAMS 0x0000000705000000, 0x0000000705000000| Untracked 
|  41|0x0000000705200000, 0x0000000705200000, 0x0000000705400000|  0%| F|  |TAMS 0x0000000705200000, 0x0000000705200000| Untracked 
|  42|0x0000000705400000, 0x0000000705400000, 0x0000000705600000|  0%| F|  |TAMS 0x0000000705400000, 0x0000000705400000| Untracked 
|  43|0x0000000705600000, 0x0000000705800000, 0x0000000705800000|100%| S|CS|TAMS 0x0000000705600000, 0x0000000705600000| Complete 
|  44|0x0000000705800000, 0x0000000705a00000, 0x0000000705a00000|100%| S|CS|TAMS 0x0000000705800000, 0x0000000705800000| Complete 
|  45|0x0000000705a00000, 0x0000000705c00000, 0x0000000705c00000|100%| S|CS|TAMS 0x0000000705a00000, 0x0000000705a00000| Complete 
|  46|0x0000000705c00000, 0x0000000705e00000, 0x0000000705e00000|100%| S|CS|TAMS 0x0000000705c00000, 0x0000000705c00000| Complete 
|  47|0x0000000705e00000, 0x0000000705e00000, 0x0000000706000000|  0%| F|  |TAMS 0x0000000705e00000, 0x0000000705e00000| Untracked 
|  48|0x0000000706000000, 0x0000000706000000, 0x0000000706200000|  0%| F|  |TAMS 0x0000000706000000, 0x0000000706000000| Untracked 
|  49|0x0000000706200000, 0x0000000706200000, 0x0000000706400000|  0%| F|  |TAMS 0x0000000706200000, 0x0000000706200000| Untracked 
|  50|0x0000000706400000, 0x0000000706400000, 0x0000000706600000|  0%| F|  |TAMS 0x0000000706400000, 0x0000000706400000| Untracked 
|  51|0x0000000706600000, 0x0000000706600000, 0x0000000706800000|  0%| F|  |TAMS 0x0000000706600000, 0x0000000706600000| Untracked 
|  52|0x0000000706800000, 0x0000000706800000, 0x0000000706a00000|  0%| F|  |TAMS 0x0000000706800000, 0x0000000706800000| Untracked 
|  53|0x0000000706a00000, 0x0000000706a00000, 0x0000000706c00000|  0%| F|  |TAMS 0x0000000706a00000, 0x0000000706a00000| Untracked 
|  54|0x0000000706c00000, 0x0000000706c00000, 0x0000000706e00000|  0%| F|  |TAMS 0x0000000706c00000, 0x0000000706c00000| Untracked 
|  55|0x0000000706e00000, 0x0000000706e00000, 0x0000000707000000|  0%| F|  |TAMS 0x0000000706e00000, 0x0000000706e00000| Untracked 
|  56|0x0000000707000000, 0x0000000707000000, 0x0000000707200000|  0%| F|  |TAMS 0x0000000707000000, 0x0000000707000000| Untracked 
|  57|0x0000000707200000, 0x0000000707200000, 0x0000000707400000|  0%| F|  |TAMS 0x0000000707200000, 0x0000000707200000| Untracked 
|  58|0x0000000707400000, 0x0000000707400000, 0x0000000707600000|  0%| F|  |TAMS 0x0000000707400000, 0x0000000707400000| Untracked 
|  59|0x0000000707600000, 0x0000000707600000, 0x0000000707800000|  0%| F|  |TAMS 0x0000000707600000, 0x0000000707600000| Untracked 
|  60|0x0000000707800000, 0x0000000707800000, 0x0000000707a00000|  0%| F|  |TAMS 0x0000000707800000, 0x0000000707800000| Untracked 
|  61|0x0000000707a00000, 0x0000000707a00000, 0x0000000707c00000|  0%| F|  |TAMS 0x0000000707a00000, 0x0000000707a00000| Untracked 
|  62|0x0000000707c00000, 0x0000000707c00000, 0x0000000707e00000|  0%| F|  |TAMS 0x0000000707c00000, 0x0000000707c00000| Untracked 
|  63|0x0000000707e00000, 0x0000000707e00000, 0x0000000708000000|  0%| F|  |TAMS 0x0000000707e00000, 0x0000000707e00000| Untracked 
|  64|0x0000000708000000, 0x0000000708000000, 0x0000000708200000|  0%| F|  |TAMS 0x0000000708000000, 0x0000000708000000| Untracked 
|  65|0x0000000708200000, 0x0000000708200000, 0x0000000708400000|  0%| F|  |TAMS 0x0000000708200000, 0x0000000708200000| Untracked 
|  66|0x0000000708400000, 0x0000000708400000, 0x0000000708600000|  0%| F|  |TAMS 0x0000000708400000, 0x0000000708400000| Untracked 
|  67|0x0000000708600000, 0x0000000708600000, 0x0000000708800000|  0%| F|  |TAMS 0x0000000708600000, 0x0000000708600000| Untracked 
|  68|0x0000000708800000, 0x0000000708800000, 0x0000000708a00000|  0%| F|  |TAMS 0x0000000708800000, 0x0000000708800000| Untracked 
|  69|0x0000000708a00000, 0x0000000708a00000, 0x0000000708c00000|  0%| F|  |TAMS 0x0000000708a00000, 0x0000000708a00000| Untracked 
|  70|0x0000000708c00000, 0x0000000708c00000, 0x0000000708e00000|  0%| F|  |TAMS 0x0000000708c00000, 0x0000000708c00000| Untracked 
|  95|0x000000070be00000, 0x000000070be00000, 0x000000070c000000|  0%| F|  |TAMS 0x000000070be00000, 0x000000070be00000| Untracked 
|  96|0x000000070c000000, 0x000000070c000000, 0x000000070c200000|  0%| F|  |TAMS 0x000000070c000000, 0x000000070c000000| Untracked 
|  97|0x000000070c200000, 0x000000070c200000, 0x000000070c400000|  0%| F|  |TAMS 0x000000070c200000, 0x000000070c200000| Untracked 
|  98|0x000000070c400000, 0x000000070c50bc20, 0x000000070c600000| 52%| E|  |TAMS 0x000000070c400000, 0x000000070c400000| Complete 
|  99|0x000000070c600000, 0x000000070c800000, 0x000000070c800000|100%| E|CS|TAMS 0x000000070c600000, 0x000000070c600000| Complete 
| 125|0x000000070fa00000, 0x000000070fc00000, 0x000000070fc00000|100%| E|CS|TAMS 0x000000070fa00000, 0x000000070fa00000| Complete 

Card table byte_map: [0x000001256ec80000,0x000001256f480000] _byte_map_base: 0x000001256b480000

Marking Bits (Prev, Next): (CMBitMap*) 0x000001255b568780, (CMBitMap*) 0x000001255b5687c0
 Prev Bits: [0x000001256fc80000, 0x0000012573c80000)
 Next Bits: [0x0000012573c80000, 0x0000012577c80000)

Polling page: 0x00000125594a0000

Metaspace:

Usage:
  Non-class:     73.30 MB used.
      Class:     11.12 MB used.
       Both:     84.42 MB used.

Virtual space:
  Non-class space:      128.00 MB reserved,      73.62 MB ( 58%) committed,  2 nodes.
      Class space:        1.00 GB reserved,      11.44 MB (  1%) committed,  1 nodes.
             Both:        1.12 GB reserved,      85.06 MB (  7%) committed. 

Chunk freelists:
   Non-Class:  5.66 MB
       Class:  4.56 MB
        Both:  10.22 MB

MaxMetaspaceSize: unlimited
CompressedClassSpaceSize: 1.00 GB
Initial GC threshold: 21.00 MB
Current GC threshold: 114.06 MB
CDS: off
MetaspaceReclaimPolicy: balanced
 - commit_granule_bytes: 65536.
 - commit_granule_words: 8192.
 - virtual_space_node_default_size: 8388608.
 - enlarge_chunks_in_place: 1.
 - new_chunks_are_fully_committed: 0.
 - uncommit_free_chunks: 1.
 - use_allocation_guard: 0.
 - handle_deallocations: 1.


Internal statistics:

num_allocs_failed_limit: 9.
num_arena_births: 720.
num_arena_deaths: 0.
num_vsnodes_births: 3.
num_vsnodes_deaths: 0.
num_space_committed: 1361.
num_space_uncommitted: 0.
num_chunks_returned_to_freelist: 9.
num_chunks_taken_from_freelist: 3789.
num_chunk_merges: 6.
num_chunk_splits: 2532.
num_chunks_enlarged: 1735.
num_inconsistent_stats: 0.

CodeHeap 'non-profiled nmethods': size=119168Kb used=5360Kb max_used=5360Kb free=113807Kb
 bounds [0x0000012566570000, 0x0000012566ab0000, 0x000001256d9d0000]
CodeHeap 'profiled nmethods': size=119104Kb used=17295Kb max_used=17295Kb free=101808Kb
 bounds [0x000001255e9d0000, 0x000001255fac0000, 0x0000012565e20000]
CodeHeap 'non-nmethods': size=7488Kb used=2376Kb max_used=4157Kb free=5111Kb
 bounds [0x0000012565e20000, 0x0000012566240000, 0x0000012566570000]
 total_blobs=9375 nmethods=8474 adapters=812
 compilation: enabled
              stopped_count=0, restarted_count=0
 full_count=0

Compilation events (20 events):
Event: 51.284 Thread 0x000001257b08f000 9260       4       org.gradle.tooling.internal.provider.runner.ClientBuildEventGenerator::started (168 bytes)
Event: 51.285 Thread 0x000001257b090000 nmethod 9261 0x0000012566aab910 code [0x0000012566aabaa0, 0x0000012566aabb78]
Event: 51.287 Thread 0x000001257b090000 9262       3       org.gradle.internal.service.InjectUtil::isPackagePrivate (27 bytes)
Event: 51.287 Thread 0x000001257b090000 nmethod 9262 0x000001255fa9bb90 code [0x000001255fa9bd40, 0x000001255fa9c138]
Event: 51.287 Thread 0x000001257b090000 9266       3       org.gradle.internal.service.InjectUtil::selectConstructor (167 bytes)
Event: 51.291 Thread 0x000001257b090000 nmethod 9266 0x000001255fa9c210 code [0x000001255fa9c860, 0x000001255faa0228]
Event: 51.291 Thread 0x000001257b090000 9263       3       org.gradle.internal.service.DefaultServiceRegistry$1::add (24 bytes)
Event: 51.291 Thread 0x000001257b090000 nmethod 9263 0x000001255faa1390 code [0x000001255faa1560, 0x000001255faa17f8]
Event: 51.291 Thread 0x000001257b090000 9264       3       org.gradle.internal.service.DefaultServiceRegistry$ConstructorService::<init> (7 bytes)
Event: 51.291 Thread 0x000001257b090000 nmethod 9264 0x000001255faa1990 code [0x000001255faa1b20, 0x000001255faa1c68]
Event: 51.291 Thread 0x000001257b090000 9265       3       org.gradle.internal.service.DefaultServiceRegistry$ConstructorService::<init> (59 bytes)
Event: 51.292 Thread 0x000001257b090000 nmethod 9265 0x000001255faa1d10 code [0x000001255faa2040, 0x000001255faa3658]
Event: 51.292 Thread 0x000001257b090000 9267       3       org.gradle.internal.service.InjectUtil::isInnerClass (23 bytes)
Event: 51.293 Thread 0x000001257b090000 nmethod 9267 0x000001255faa3d90 code [0x000001255faa3f80, 0x000001255faa4488]
Event: 51.293 Thread 0x000001257b090000 9268       3       org.gradle.internal.service.InjectUtil::isPublicOrPackageScoped (26 bytes)
Event: 51.293 Thread 0x000001257b090000 nmethod 9268 0x000001255faa4610 code [0x000001255faa47e0, 0x000001255faa4d98]
Event: 51.293 Thread 0x000001257b090000 9269       3       org.gradle.internal.event.BroadcastDispatch$EmptyDispatch::add (14 bytes)
Event: 51.293 Thread 0x000001257b090000 nmethod 9269 0x000001255faa4f10 code [0x000001255faa50e0, 0x000001255faa5558]
Event: 51.293 Thread 0x000001257b090000 9270       3       sun.security.provider.ByteArrayAccess::i2bBig4 (10 bytes)
Event: 51.294 Thread 0x000001257b090000 nmethod 9270 0x000001255faa5710 code [0x000001255faa5940, 0x000001255faa6078]

GC Heap History (20 events):
Event: 5.280 GC heap before
{Heap before GC invocations=12 (full 0):
 garbage-first heap   total 110592K, used 77668K [0x0000000700000000, 0x0000000800000000)
  region size 2048K, 26 young (53248K), 3 survivors (6144K)
 Metaspace       used 50734K, committed 51136K, reserved 1114112K
  class space    used 6677K, committed 6848K, reserved 1048576K
}
Event: 5.284 GC heap after
{Heap after GC invocations=13 (full 0):
 garbage-first heap   total 110592K, used 33572K [0x0000000700000000, 0x0000000800000000)
  region size 2048K, 2 young (4096K), 2 survivors (4096K)
 Metaspace       used 50734K, committed 51136K, reserved 1114112K
  class space    used 6677K, committed 6848K, reserved 1048576K
}
Event: 5.701 GC heap before
{Heap before GC invocations=13 (full 0):
 garbage-first heap   total 110592K, used 82724K [0x0000000700000000, 0x0000000800000000)
  region size 2048K, 25 young (51200K), 2 survivors (4096K)
 Metaspace       used 53445K, committed 53888K, reserved 1114112K
  class space    used 7022K, committed 7232K, reserved 1048576K
}
Event: 5.707 GC heap after
{Heap after GC invocations=14 (full 0):
 garbage-first heap   total 110592K, used 48410K [0x0000000700000000, 0x0000000800000000)
  region size 2048K, 4 young (8192K), 4 survivors (8192K)
 Metaspace       used 53445K, committed 53888K, reserved 1114112K
  class space    used 7022K, committed 7232K, reserved 1048576K
}
Event: 6.213 GC heap before
{Heap before GC invocations=14 (full 0):
 garbage-first heap   total 110592K, used 81178K [0x0000000700000000, 0x0000000800000000)
  region size 2048K, 20 young (40960K), 4 survivors (8192K)
 Metaspace       used 58943K, committed 59392K, reserved 1114112K
  class space    used 7652K, committed 7872K, reserved 1048576K
}
Event: 6.216 GC heap after
{Heap after GC invocations=15 (full 0):
 garbage-first heap   total 110592K, used 50401K [0x0000000700000000, 0x0000000800000000)
  region size 2048K, 1 young (2048K), 1 survivors (2048K)
 Metaspace       used 58943K, committed 59392K, reserved 1114112K
  class space    used 7652K, committed 7872K, reserved 1048576K
}
Event: 6.318 GC heap before
{Heap before GC invocations=15 (full 0):
 garbage-first heap   total 110592K, used 54497K [0x0000000700000000, 0x0000000800000000)
  region size 2048K, 4 young (8192K), 1 survivors (2048K)
 Metaspace       used 59582K, committed 60096K, reserved 1114112K
  class space    used 7770K, committed 8000K, reserved 1048576K
}
Event: 6.320 GC heap after
{Heap after GC invocations=16 (full 0):
 garbage-first heap   total 110592K, used 50524K [0x0000000700000000, 0x0000000800000000)
  region size 2048K, 1 young (2048K), 1 survivors (2048K)
 Metaspace       used 59582K, committed 60096K, reserved 1114112K
  class space    used 7770K, committed 8000K, reserved 1048576K
}
Event: 6.697 GC heap before
{Heap before GC invocations=17 (full 0):
 garbage-first heap   total 110592K, used 83292K [0x0000000700000000, 0x0000000800000000)
  region size 2048K, 18 young (36864K), 1 survivors (2048K)
 Metaspace       used 63785K, committed 64320K, reserved 1114112K
  class space    used 8324K, committed 8576K, reserved 1048576K
}
Event: 6.701 GC heap after
{Heap after GC invocations=18 (full 0):
 garbage-first heap   total 110592K, used 54348K [0x0000000700000000, 0x0000000800000000)
  region size 2048K, 3 young (6144K), 3 survivors (6144K)
 Metaspace       used 63785K, committed 64320K, reserved 1114112K
  class space    used 8324K, committed 8576K, reserved 1048576K
}
Event: 7.116 GC heap before
{Heap before GC invocations=18 (full 0):
 garbage-first heap   total 110592K, used 85068K [0x0000000700000000, 0x0000000800000000)
  region size 2048K, 18 young (36864K), 3 survivors (6144K)
 Metaspace       used 66378K, committed 66944K, reserved 1114112K
  class space    used 8626K, committed 8896K, reserved 1048576K
}
Event: 7.121 GC heap after
{Heap after GC invocations=19 (full 0):
 garbage-first heap   total 110592K, used 56969K [0x0000000700000000, 0x0000000800000000)
  region size 2048K, 2 young (4096K), 2 survivors (4096K)
 Metaspace       used 66378K, committed 66944K, reserved 1114112K
  class space    used 8626K, committed 8896K, reserved 1048576K
}
Event: 7.572 GC heap before
{Heap before GC invocations=19 (full 0):
 garbage-first heap   total 110592K, used 85641K [0x0000000700000000, 0x0000000800000000)
  region size 2048K, 16 young (32768K), 2 survivors (4096K)
 Metaspace       used 69492K, committed 70016K, reserved 1114112K
  class space    used 9035K, committed 9280K, reserved 1048576K
}
Event: 7.576 GC heap after
{Heap after GC invocations=20 (full 0):
 garbage-first heap   total 157696K, used 58507K [0x0000000700000000, 0x0000000800000000)
  region size 2048K, 1 young (2048K), 1 survivors (2048K)
 Metaspace       used 69492K, committed 70016K, reserved 1114112K
  class space    used 9035K, committed 9280K, reserved 1048576K
}
Event: 8.179 GC heap before
{Heap before GC invocations=21 (full 0):
 garbage-first heap   total 157696K, used 121995K [0x0000000700000000, 0x0000000800000000)
  region size 2048K, 32 young (65536K), 1 survivors (2048K)
 Metaspace       used 72076K, committed 72576K, reserved 1114112K
  class space    used 9381K, committed 9600K, reserved 1048576K
}
Event: 8.184 GC heap after
{Heap after GC invocations=22 (full 0):
 garbage-first heap   total 157696K, used 63118K [0x0000000700000000, 0x0000000800000000)
  region size 2048K, 4 young (8192K), 4 survivors (8192K)
 Metaspace       used 72076K, committed 72576K, reserved 1114112K
  class space    used 9381K, committed 9600K, reserved 1048576K
}
Event: 8.976 GC heap before
{Heap before GC invocations=22 (full 0):
 garbage-first heap   total 157696K, used 120462K [0x0000000700000000, 0x0000000800000000)
  region size 2048K, 32 young (65536K), 4 survivors (8192K)
 Metaspace       used 78656K, committed 79168K, reserved 1179648K
  class space    used 10509K, committed 10752K, reserved 1048576K
}
Event: 8.984 GC heap after
{Heap after GC invocations=23 (full 0):
 garbage-first heap   total 157696K, used 66776K [0x0000000700000000, 0x0000000800000000)
  region size 2048K, 2 young (4096K), 2 survivors (4096K)
 Metaspace       used 78656K, committed 79168K, reserved 1179648K
  class space    used 10509K, committed 10752K, reserved 1048576K
}
Event: 10.375 GC heap before
{Heap before GC invocations=23 (full 0):
 garbage-first heap   total 157696K, used 124120K [0x0000000700000000, 0x0000000800000000)
  region size 2048K, 30 young (61440K), 2 survivors (4096K)
 Metaspace       used 86313K, committed 86912K, reserved 1179648K
  class space    used 11372K, committed 11648K, reserved 1048576K
}
Event: 10.381 GC heap after
{Heap after GC invocations=24 (full 0):
 garbage-first heap   total 157696K, used 72572K [0x0000000700000000, 0x0000000800000000)
  region size 2048K, 4 young (8192K), 4 survivors (8192K)
 Metaspace       used 86313K, committed 86912K, reserved 1179648K
  class space    used 11372K, committed 11648K, reserved 1048576K
}

Dll operation events (2 events):
Event: 0.013 Loaded shared library C:\Program Files\Android\Android Studio\jbr\bin\java.dll
Event: 0.400 Loaded shared library C:\Program Files\Android\Android Studio\jbr\bin\verify.dll

Deoptimization events (20 events):
Event: 10.370 Thread 0x0000012505534070 Uncommon trap: trap_request=0xffffff45 fr.pc=0x00000125669dfd98 relative=0x0000000000000078
Event: 10.370 Thread 0x0000012505534070 Uncommon trap: reason=unstable_if action=reinterpret pc=0x00000125669dfd98 method=org.gradle.internal.logging.slf4j.OutputEventListenerBackedLogger.isLevelAtMost(Lorg/gradle/api/logging/LogLevel;)Z @ 11 c2
Event: 10.370 Thread 0x0000012505534070 DEOPT PACKING pc=0x00000125669dfd98 sp=0x0000000aafbfe830
Event: 10.370 Thread 0x0000012505534070 DEOPT UNPACKING pc=0x0000012565e769a3 sp=0x0000000aafbfe7d0 mode 2
Event: 10.397 Thread 0x00000125053f1a20 Uncommon trap: trap_request=0xffffff45 fr.pc=0x0000012566864a78 relative=0x0000000000000238
Event: 10.397 Thread 0x00000125053f1a20 Uncommon trap: reason=unstable_if action=reinterpret pc=0x0000012566864a78 method=com.esotericsoftware.kryo.io.Input.require(I)I @ 180 c2
Event: 10.397 Thread 0x00000125053f1a20 DEOPT PACKING pc=0x0000012566864a78 sp=0x0000000aafcff1e0
Event: 10.398 Thread 0x00000125053f1a20 DEOPT UNPACKING pc=0x0000012565e769a3 sp=0x0000000aafcff050 mode 2
Event: 11.678 Thread 0x00000125054a3b80 Uncommon trap: trap_request=0xffffff45 fr.pc=0x00000125665b02ec relative=0x000000000000062c
Event: 11.678 Thread 0x00000125054a3b80 Uncommon trap: reason=unstable_if action=reinterpret pc=0x00000125665b02ec method=java.lang.AbstractStringBuilder.append(Ljava/lang/String;)Ljava/lang/AbstractStringBuilder; @ 1 c2
Event: 11.678 Thread 0x00000125054a3b80 DEOPT PACKING pc=0x00000125665b02ec sp=0x0000000aafafe890
Event: 11.678 Thread 0x00000125054a3b80 DEOPT UNPACKING pc=0x0000012565e769a3 sp=0x0000000aafafe810 mode 2
Event: 11.678 Thread 0x00000125054a3b80 Uncommon trap: trap_request=0xffffff45 fr.pc=0x0000012566718114 relative=0x0000000000000754
Event: 11.678 Thread 0x00000125054a3b80 Uncommon trap: reason=unstable_if action=reinterpret pc=0x0000012566718114 method=java.lang.AbstractStringBuilder.append(Ljava/lang/String;)Ljava/lang/AbstractStringBuilder; @ 1 c2
Event: 11.678 Thread 0x00000125054a3b80 DEOPT PACKING pc=0x0000012566718114 sp=0x0000000aafafe830
Event: 11.678 Thread 0x00000125054a3b80 DEOPT UNPACKING pc=0x0000012565e769a3 sp=0x0000000aafafe818 mode 2
Event: 51.284 Thread 0x00000125065d5400 Uncommon trap: trap_request=0xffffff45 fr.pc=0x0000012566a28918 relative=0x0000000000000158
Event: 51.284 Thread 0x00000125065d5400 Uncommon trap: reason=unstable_if action=reinterpret pc=0x0000012566a28918 method=org.gradle.internal.operations.DefaultBuildOperationAncestryTracker.started(Lorg/gradle/internal/operations/BuildOperationDescriptor;Lorg/gradle/internal/operations/Operatio
Event: 51.284 Thread 0x00000125065d5400 DEOPT PACKING pc=0x0000012566a28918 sp=0x0000000aafefd3d0
Event: 51.284 Thread 0x00000125065d5400 DEOPT UNPACKING pc=0x0000012565e769a3 sp=0x0000000aafefd2f8 mode 2

Classes unloaded (0 events):
No events

Classes redefined (0 events):
No events

Internal exceptions (20 events):
Event: 9.448 Thread 0x00000125065d5400 Exception <a 'sun/nio/fs/WindowsException'{0x00000007081e0b28}> (0x00000007081e0b28) 
thrown [s\src\hotspot\share\prims\jni.cpp, line 517]
Event: 9.541 Thread 0x0000012505e34ca0 Exception <a 'java/lang/NoSuchMethodError'{0x0000000707aa6c88}: static Lorg/gradle/internal/build/event/types/DefaultTaskStartedProgressEvent;.<clinit>()V> (0x0000000707aa6c88) 
thrown [s\src\hotspot\share\prims\jni.cpp, line 1108]
Event: 9.542 Thread 0x0000012505e34ca0 Exception <a 'java/lang/NoSuchMethodError'{0x0000000707ab3248}: static Lorg/gradle/internal/build/event/types/DefaultTaskDescriptor;.<clinit>()V> (0x0000000707ab3248) 
thrown [s\src\hotspot\share\prims\jni.cpp, line 1108]
Event: 9.547 Thread 0x000001250aab15f0 Exception <a 'java/lang/IncompatibleClassChangeError'{0x0000000707af6cd8}: Found class java.lang.Object, but interface was expected> (0x0000000707af6cd8) 
thrown [s\src\hotspot\share\interpreter\linkResolver.cpp, line 838]
Event: 9.559 Thread 0x000001250aab15f0 Exception <a 'java/lang/NoSuchMethodError'{0x0000000707b72688}: 'java.lang.Object java.lang.invoke.Invokers$Holder.linkToTargetMethod(java.lang.Object, java.lang.Object, java.lang.Object, int, java.lang.Object, java.lang.Object)'> (0x0000000707b72688) 
thrown [s\src\hotspot\share\interpreter\linkResolver.cpp, line 771]
Event: 9.576 Thread 0x000001250aab15f0 Exception <a 'java/lang/NoSuchMethodError'{0x0000000707819d00}: 'void java.lang.invoke.DirectMethodHandle$Holder.invokeVirtual(java.lang.Object, java.lang.Object)'> (0x0000000707819d00) 
thrown [s\src\hotspot\share\interpreter\linkResolver.cpp, line 771]
Event: 10.174 Thread 0x0000012505e34ca0 Exception <a 'java/lang/NoSuchMethodError'{0x00000007076765f8}: static Lorg/gradle/internal/build/event/types/DefaultTaskFinishedProgressEvent;.<clinit>()V> (0x00000007076765f8) 
thrown [s\src\hotspot\share\prims\jni.cpp, line 1108]
Event: 10.175 Thread 0x0000012505e34ca0 Exception <a 'java/lang/NoSuchMethodError'{0x00000007076b2c30}: static Lorg/gradle/internal/build/event/types/DefaultTaskSuccessResult;.<clinit>()V> (0x00000007076b2c30) 
thrown [s\src\hotspot\share\prims\jni.cpp, line 1108]
Event: 10.175 Thread 0x0000012505e34ca0 Exception <a 'java/lang/NoSuchMethodError'{0x00000007076b4800}: static Lorg/gradle/internal/build/event/types/AbstractTaskResult;.<clinit>()V> (0x00000007076b4800) 
thrown [s\src\hotspot\share\prims\jni.cpp, line 1108]
Event: 10.177 Thread 0x0000012505e34ca0 Exception <a 'java/lang/NoSuchMethodError'{0x00000007076f3c78}: static [Ljava/lang/Object;.<clinit>()V> (0x00000007076f3c78) 
thrown [s\src\hotspot\share\prims\jni.cpp, line 1108]
Event: 10.183 Thread 0x00000125068afd90 Exception <a 'java/lang/NoSuchMethodError'{0x000000070777ed10}: static Lcom/android/ide/common/attribution/AndroidGradlePluginAttributionData$BuildInfo;.<clinit>()V> (0x000000070777ed10) 
thrown [s\src\hotspot\share\prims\jni.cpp, line 1108]
Event: 10.185 Thread 0x00000125068afd90 Exception <a 'java/lang/NoSuchMethodError'{0x00000007077b9dd0}: static Lcom/android/ide/common/attribution/AndroidGradlePluginAttributionData$JavaInfo;.<clinit>()V> (0x00000007077b9dd0) 
thrown [s\src\hotspot\share\prims\jni.cpp, line 1108]
Event: 10.187 Thread 0x00000125068afd90 Exception <a 'java/lang/NoSuchMethodError'{0x00000007077de438}: static [Ljava/lang/String;.<clinit>()V> (0x00000007077de438) 
thrown [s\src\hotspot\share\prims\jni.cpp, line 1108]
Event: 10.197 Thread 0x000001250aab37a0 Implicit null exception at 0x000001256684a583 to 0x000001256684a750
Event: 10.198 Thread 0x000001250aab37a0 Exception <a 'sun/nio/fs/WindowsException'{0x000000070746ac90}> (0x000000070746ac90) 
thrown [s\src\hotspot\share\prims\jni.cpp, line 517]
Event: 10.220 Thread 0x00000125065d5400 Exception <a 'sun/nio/fs/WindowsException'{0x00000007075174f0}> (0x00000007075174f0) 
thrown [s\src\hotspot\share\prims\jni.cpp, line 517]
Event: 10.220 Thread 0x00000125065d5400 Exception <a 'sun/nio/fs/WindowsException'{0x00000007075178b0}> (0x00000007075178b0) 
thrown [s\src\hotspot\share\prims\jni.cpp, line 517]
Event: 10.221 Thread 0x00000125065d5400 Exception <a 'sun/nio/fs/WindowsException'{0x0000000707519258}> (0x0000000707519258) 
thrown [s\src\hotspot\share\prims\jni.cpp, line 517]
Event: 11.678 Thread 0x00000125054a3b80 Implicit null exception at 0x00000125665afcf2 to 0x00000125665b02d4
Event: 11.678 Thread 0x00000125054a3b80 Implicit null exception at 0x00000125667179f2 to 0x00000125667180fc

VM Operations (20 events):
Event: 10.372 Executing VM operation: ICBufferFull
Event: 10.372 Executing VM operation: ICBufferFull done
Event: 10.375 Executing VM operation: G1CollectForAllocation
Event: 10.397 Executing VM operation: G1CollectForAllocation done
Event: 11.405 Executing VM operation: Cleanup
Event: 11.405 Executing VM operation: Cleanup done
Event: 11.681 Executing VM operation: HandshakeAllThreads
Event: 11.681 Executing VM operation: HandshakeAllThreads done
Event: 11.682 Executing VM operation: HandshakeAllThreads
Event: 11.682 Executing VM operation: HandshakeAllThreads done
Event: 12.690 Executing VM operation: Cleanup
Event: 12.690 Executing VM operation: Cleanup done
Event: 14.713 Executing VM operation: Cleanup
Event: 14.714 Executing VM operation: Cleanup done
Event: 34.853 Executing VM operation: Cleanup
Event: 34.853 Executing VM operation: Cleanup done
Event: 42.897 Executing VM operation: Cleanup
Event: 42.897 Executing VM operation: Cleanup done
Event: 48.953 Executing VM operation: Cleanup
Event: 48.953 Executing VM operation: Cleanup done

Events (20 events):
Event: 10.352 loading class java/util/concurrent/LinkedBlockingDeque$Itr
Event: 10.352 loading class java/util/concurrent/LinkedBlockingDeque$AbstractItr
Event: 10.352 loading class java/util/concurrent/LinkedBlockingDeque$AbstractItr done
Event: 10.352 loading class java/util/concurrent/LinkedBlockingDeque$Itr done
Event: 10.366 Thread 0x000001250aab37a0 Thread exited: 0x000001250aab37a0
Event: 10.368 Thread 0x0000012505e347d0 Thread exited: 0x0000012505e347d0
Event: 10.368 loading class java/util/Locale$1
Event: 10.368 loading class java/util/Locale$1 done
Event: 10.375 Thread 0x0000012505cde090 Thread exited: 0x0000012505cde090
Event: 10.404 Thread 0x00000125053f1a20 Thread exited: 0x00000125053f1a20
Event: 11.422 Thread 0x0000012504974a60 Thread exited: 0x0000012504974a60
Event: 11.422 Thread 0x0000012505bf5fd0 Thread exited: 0x0000012505bf5fd0
Event: 11.422 Thread 0x000001257b3622f0 Thread exited: 0x000001257b3622f0
Event: 11.422 Thread 0x000001257b1f6310 Thread exited: 0x000001257b1f6310
Event: 22.351 Thread 0x000001257b1f5e00 Thread exited: 0x000001257b1f5e00
Event: 51.253 Thread 0x000001250aab5480 Thread added: 0x000001250aab5480
Event: 51.261 Thread 0x000001250aab4140 Thread added: 0x000001250aab4140
Event: 51.280 Thread 0x000001250aab2e00 Thread added: 0x000001250aab2e00
Event: 51.281 Thread 0x000001250aab1ac0 Thread added: 0x000001250aab1ac0
Event: 51.282 Thread 0x000001250aab7b00 Thread added: 0x000001250aab7b00


Dynamic libraries:
0x00007ff7ae010000 - 0x00007ff7ae01a000 	C:\Program Files\Android\Android Studio\jbr\bin\java.exe
0x00007ffec08d0000 - 0x00007ffec0ae7000 	C:\Windows\SYSTEM32\ntdll.dll
0x00007ffebeec0000 - 0x00007ffebef84000 	C:\Windows\System32\KERNEL32.DLL
0x00007ffebdf20000 - 0x00007ffebe2c6000 	C:\Windows\System32\KERNELBASE.dll
0x00007ffebde00000 - 0x00007ffebdf11000 	C:\Windows\System32\ucrtbase.dll
0x00007ffeb49d0000 - 0x00007ffeb49e7000 	C:\Program Files\Android\Android Studio\jbr\bin\jli.dll
0x00007ffeb5590000 - 0x00007ffeb55ab000 	C:\Program Files\Android\Android Studio\jbr\bin\VCRUNTIME140.dll
0x00007ffebe720000 - 0x00007ffebe8ce000 	C:\Windows\System32\USER32.dll
0x00007ffebdd50000 - 0x00007ffebdd76000 	C:\Windows\System32\win32u.dll
0x00007ffebee00000 - 0x00007ffebee29000 	C:\Windows\System32\GDI32.dll
0x00007ffebe390000 - 0x00007ffebe4a8000 	C:\Windows\System32\gdi32full.dll
0x00007ffebdc40000 - 0x00007ffebdcda000 	C:\Windows\System32\msvcp_win.dll
0x00007ffea2df0000 - 0x00007ffea3083000 	C:\Windows\WinSxS\amd64_microsoft.windows.common-controls_6595b64144ccf1df_6.0.22621.2506_none_270c5ae97388e100\COMCTL32.dll
0x00007ffebf760000 - 0x00007ffebf807000 	C:\Windows\System32\msvcrt.dll
0x00007ffebefa0000 - 0x00007ffebefd1000 	C:\Windows\System32\IMM32.DLL
0x00007ffeb49b0000 - 0x00007ffeb49bc000 	C:\Program Files\Android\Android Studio\jbr\bin\vcruntime140_1.dll
0x00007ffeb3290000 - 0x00007ffeb331d000 	C:\Program Files\Android\Android Studio\jbr\bin\msvcp140.dll
0x00007ffe385d0000 - 0x00007ffe39250000 	C:\Program Files\Android\Android Studio\jbr\bin\server\jvm.dll
0x00007ffebf5b0000 - 0x00007ffebf661000 	C:\Windows\System32\ADVAPI32.dll
0x00007ffebe8d0000 - 0x00007ffebe975000 	C:\Windows\System32\sechost.dll
0x00007ffec0770000 - 0x00007ffec0887000 	C:\Windows\System32\RPCRT4.dll
0x00007ffe38510000 - 0x00007ffe38519000 	C:\Windows\SYSTEM32\WSOCK32.dll
0x00007ffebf6e0000 - 0x00007ffebf751000 	C:\Windows\System32\WS2_32.dll
0x00007ffeb7cc0000 - 0x00007ffeb7cf4000 	C:\Windows\SYSTEM32\WINMM.dll
0x00007ffea8060000 - 0x00007ffea806a000 	C:\Windows\SYSTEM32\VERSION.dll
0x00007ffebcd10000 - 0x00007ffebcd28000 	C:\Windows\SYSTEM32\kernel.appcore.dll
0x00007ffe38500000 - 0x00007ffe3850a000 	C:\Program Files\Android\Android Studio\jbr\bin\jimage.dll
0x00007ffebb4f0000 - 0x00007ffebb723000 	C:\Windows\SYSTEM32\DBGHELP.DLL
0x00007ffebf810000 - 0x00007ffebfb99000 	C:\Windows\System32\combase.dll
0x00007ffec04e0000 - 0x00007ffec05b7000 	C:\Windows\System32\OLEAUT32.dll
0x00007ffe84c70000 - 0x00007ffe84ca2000 	C:\Windows\SYSTEM32\dbgcore.DLL
0x00007ffebdd80000 - 0x00007ffebddfa000 	C:\Windows\System32\bcryptPrimitives.dll
0x00007ffe385a0000 - 0x00007ffe385c5000 	C:\Program Files\Android\Android Studio\jbr\bin\java.dll
0x00007ffe38580000 - 0x00007ffe38598000 	C:\Program Files\Android\Android Studio\jbr\bin\zip.dll
0x00007ffebfbf0000 - 0x00007ffec044a000 	C:\Windows\System32\SHELL32.dll
0x00007ffebbb20000 - 0x00007ffebc416000 	C:\Windows\SYSTEM32\windows.storage.dll
0x00007ffebb9e0000 - 0x00007ffebbb1e000 	C:\Windows\SYSTEM32\wintypes.dll
0x00007ffebe980000 - 0x00007ffebea73000 	C:\Windows\System32\SHCORE.dll
0x00007ffebf670000 - 0x00007ffebf6ce000 	C:\Windows\System32\shlwapi.dll
0x00007ffebdb70000 - 0x00007ffebdb96000 	C:\Windows\SYSTEM32\profapi.dll
0x00007ffe38560000 - 0x00007ffe38579000 	C:\Program Files\Android\Android Studio\jbr\bin\net.dll
0x00007ffeb56f0000 - 0x00007ffeb5827000 	C:\Windows\SYSTEM32\WINHTTP.dll
0x00007ffebd1b0000 - 0x00007ffebd219000 	C:\Windows\system32\mswsock.dll
0x00007ffe38540000 - 0x00007ffe38556000 	C:\Program Files\Android\Android Studio\jbr\bin\nio.dll
0x00007ffeb5680000 - 0x00007ffeb5690000 	C:\Program Files\Android\Android Studio\jbr\bin\verify.dll
0x00007ffeb3780000 - 0x00007ffeb37a7000 	C:\Users\Svetl\.gradle\native\e1d6ef7f7dcc3fd88c89a11ec53ec762bb8ba0a96d01ffa2cd45eb1d1d8dd5c5\windows-amd64\native-platform.dll
0x00007ffe47ac0000 - 0x00007ffe47c04000 	C:\Users\Svetl\.gradle\native\0d407fdbe67a94daf76414ababcb853783967236a71b16ec16e742cd7a986fd3\windows-amd64\native-platform-file-events.dll
0x00007ffeb5630000 - 0x00007ffeb5639000 	C:\Program Files\Android\Android Studio\jbr\bin\management.dll
0x00007ffeb5620000 - 0x00007ffeb562b000 	C:\Program Files\Android\Android Studio\jbr\bin\management_ext.dll
0x00007ffebef90000 - 0x00007ffebef98000 	C:\Windows\System32\PSAPI.DLL
0x00007ffebd410000 - 0x00007ffebd42b000 	C:\Windows\SYSTEM32\CRYPTSP.dll
0x00007ffebcc70000 - 0x00007ffebcca5000 	C:\Windows\system32\rsaenh.dll
0x00007ffebd2a0000 - 0x00007ffebd2cc000 	C:\Windows\SYSTEM32\USERENV.dll
0x00007ffebd5d0000 - 0x00007ffebd5f8000 	C:\Windows\SYSTEM32\bcrypt.dll
0x00007ffebd400000 - 0x00007ffebd40c000 	C:\Windows\SYSTEM32\CRYPTBASE.dll
0x00007ffebc730000 - 0x00007ffebc75d000 	C:\Windows\SYSTEM32\IPHLPAPI.DLL
0x00007ffebf6d0000 - 0x00007ffebf6d9000 	C:\Windows\System32\NSI.dll
0x00007ffeb5200000 - 0x00007ffeb5219000 	C:\Windows\SYSTEM32\dhcpcsvc6.DLL
0x00007ffeb51b0000 - 0x00007ffeb51cf000 	C:\Windows\SYSTEM32\dhcpcsvc.DLL
0x00007ffebc760000 - 0x00007ffebc859000 	C:\Windows\SYSTEM32\DNSAPI.dll
0x00007ffe702e0000 - 0x00007ffe702e8000 	C:\Windows\system32\wshunix.dll

dbghelp: loaded successfully - version: 4.0.5 - missing functions: none
symbol engine: initialized successfully - sym options: 0x614 - pdb path: .;C:\Program Files\Android\Android Studio\jbr\bin;C:\Windows\SYSTEM32;C:\Windows\WinSxS\amd64_microsoft.windows.common-controls_6595b64144ccf1df_6.0.22621.2506_none_270c5ae97388e100;C:\Program Files\Android\Android Studio\jbr\bin\server;C:\Users\Svetl\.gradle\native\e1d6ef7f7dcc3fd88c89a11ec53ec762bb8ba0a96d01ffa2cd45eb1d1d8dd5c5\windows-amd64;C:\Users\Svetl\.gradle\native\0d407fdbe67a94daf76414ababcb853783967236a71b16ec16e742cd7a986fd3\windows-amd64

VM Arguments:
jvm_args: --add-opens=java.base/java.util=ALL-UNNAMED --add-opens=java.base/java.lang=ALL-UNNAMED --add-opens=java.base/java.lang.invoke=ALL-UNNAMED --add-opens=java.base/java.util=ALL-UNNAMED --add-opens=java.prefs/java.util.prefs=ALL-UNNAMED --add-opens=java.prefs/java.util.prefs=ALL-UNNAMED --add-opens=java.base/java.nio.charset=ALL-UNNAMED --add-opens=java.base/java.net=ALL-UNNAMED --add-opens=java.base/java.util.concurrent.atomic=ALL-UNNAMED -Xmx4g -Dfile.encoding=windows-1251 -Duser.country=RU -Duser.language=ru -Duser.variant 
java_command: org.gradle.launcher.daemon.bootstrap.GradleDaemon 7.5
java_class_path (initial): C:\Users\Svetl\.gradle\wrapper\dists\gradle-7.5-bin\f1w0cc9nuo0eivz97x2xlu9sv\gradle-7.5\lib\gradle-launcher-7.5.jar
Launcher Type: SUN_STANDARD

[Global flags]
     intx CICompilerCount                          = 12                                        {product} {ergonomic}
     uint ConcGCThreads                            = 4                                         {product} {ergonomic}
     uint G1ConcRefinementThreads                  = 15                                        {product} {ergonomic}
   size_t G1HeapRegionSize                         = 2097152                                   {product} {ergonomic}
    uintx GCDrainStackTargetSize                   = 64                                        {product} {ergonomic}
   size_t InitialHeapSize                          = 264241152                                 {product} {ergonomic}
   size_t MarkStackSize                            = 4194304                                   {product} {ergonomic}
   size_t MaxHeapSize                              = 4294967296                                {product} {command line}
   size_t MaxNewSize                               = 2575302656                                {product} {ergonomic}
   size_t MinHeapDeltaBytes                        = 2097152                                   {product} {ergonomic}
   size_t MinHeapSize                              = 8388608                                   {product} {ergonomic}
    uintx NonNMethodCodeHeapSize                   = 7602480                                {pd product} {ergonomic}
    uintx NonProfiledCodeHeapSize                  = 122027880                              {pd product} {ergonomic}
    uintx ProfiledCodeHeapSize                     = 122027880                              {pd product} {ergonomic}
    uintx ReservedCodeCacheSize                    = 251658240                              {pd product} {ergonomic}
     bool SegmentedCodeCache                       = true                                      {product} {ergonomic}
   size_t SoftMaxHeapSize                          = 4294967296                             {manageable} {ergonomic}
     bool UseCompressedClassPointers               = true                           {product lp64_product} {ergonomic}
     bool UseCompressedOops                        = true                           {product lp64_product} {ergonomic}
     bool UseG1GC                                  = true                                      {product} {ergonomic}
     bool UseLargePagesIndividualAllocation        = false                                  {pd product} {ergonomic}

Logging:
Log output configuration:
 #0: stdout all=warning uptime,level,tags
 #1: stderr all=off uptime,level,tags

Environment Variables:
PATH=C:\Program Files\Microsoft\jdk-11.0.16.101-hotspot\bin;C:\Windows\System32\HWAudioDriverLibs;C:\Windows\system32;C:\Windows;C:\Windows\System32\Wbem;C:\Windows\System32\WindowsPowerShell\v1.0\;C:\Windows\System32\OpenSSH\;C:\Users\Administrator\AppData\Local\Microsoft\WindowsApps;C:\Program Files\Microsoft SQL Server\Client SDK\ODBC\170\Tools\Binn\;C:\Program Files\Azure Data Studio\bin;C:\Program Files\dotnet\;C:\Program Files (x86)\Microsoft SQL Server\150\Tools\Binn\;C:\Program Files\Microsoft SQL Server\150\Tools\Binn\;C:\Program Files\Microsoft SQL Server\150\DTS\Binn\;C:\Program Files (x86)\Microsoft SQL Server\160\DTS\Binn\;C:\Program Files\Git\cmd;C:\Users\Svetl\AppData\Local\Microsoft\WindowsApps;C:\Program Files\Azure Data Studio\bin;C:\Users\Svetl\.dotnet\tools
USERNAME=Svetl
OS=Windows_NT
PROCESSOR_IDENTIFIER=Intel64 Family 6 Model 154 Stepping 3, GenuineIntel
TMP=C:\Users\Svetl\AppData\Local\Temp
TEMP=C:\Users\Svetl\AppData\Local\Temp


JNI global refs:
JNI global refs: 36, weak refs: 3

JNI global refs memory usage: 843, weak refs: 841

OOME stack traces (most recent first):
Classloader memory used:
Loader org.gradle.internal.classloader.VisitableURLClassLoader                         : 3669K
Loader org.gradle.internal.classloader.VisitableURLClassLoader                         : 3080K
Loader bootstrap                                                                       : 2852K
Loader org.gradle.initialization.MixInLegacyTypesClassLoader                           : 1041K
Loader jdk.internal.loader.ClassLoaders$PlatformClassLoader                            : 70162B
Loader jdk.internal.reflect.DelegatingClassLoader                                      : 50642B
Loader jdk.internal.loader.ClassLoaders$AppClassLoader                                 : 25674B
Loader org.gradle.groovy.scripts.internal.DefaultScriptCompilationHandler$ScriptClassLoader: 17739B
Loader org.codehaus.groovy.runtime.callsite.CallSiteClassLoader                        : 2434B
Loader sun.reflect.misc.MethodUtil                                                     : 373B

Classes loaded by more than one classloader:
Class com.google.common.reflect.TypeCapture                                           : loaded 2 times (x 69B)
Class org.gradle.internal.installation.GradleInstallation                             : loaded 2 times (x 73B)
Class com.google.common.collect.Iterators$MergingIterator                             : loaded 2 times (x 79B)
Class org.objectweb.asm.ModuleVisitor                                                 : loaded 2 times (x 78B)
Class [Lcom.google.common.collect.AbstractMapEntry;                                   : loaded 2 times (x 67B)
Class com.google.common.collect.SingletonImmutableList                                : loaded 2 times (x 167B)
Class com.google.common.cache.CacheLoader$SupplierToCacheLoader                       : loaded 2 times (x 73B)
Class org.gradle.internal.classpath.ClassPath                                         : loaded 2 times (x 68B)
Class com.google.common.cache.RemovalListener                                         : loaded 2 times (x 68B)
Class org.gradle.api.internal.classpath.DefaultModuleRegistry                         : loaded 2 times (x 84B)
Class com.google.common.collect.ImmutableEnumSet                                      : loaded 2 times (x 146B)
Class com.google.common.collect.ListMultimap                                          : loaded 2 times (x 68B)
Class com.google.common.base.CharMatcher$JavaDigit                                    : loaded 2 times (x 109B)
Class com.google.common.base.CharMatcher$Digit                                        : loaded 2 times (x 110B)
Class com.google.common.collect.AbstractMultimap                                      : loaded 2 times (x 121B)
Class com.google.common.cache.CacheBuilder$OneWeigher                                 : loaded 2 times (x 80B)
Class org.gradle.api.Action                                                           : loaded 2 times (x 68B)
Class com.google.common.collect.ImmutableEntry                                        : loaded 2 times (x 80B)
Class com.google.common.collect.Lists$StringAsImmutableList                           : loaded 2 times (x 167B)
Class com.google.common.cache.LocalCache$StrongEntry                                  : loaded 2 times (x 106B)
Class org.objectweb.asm.FieldWriter                                                   : loaded 2 times (x 75B)
Class com.google.common.base.CharMatcher                                              : loaded 2 times (x 109B)
Class com.google.common.base.CharMatcher$IsNot                                        : loaded 2 times (x 109B)
Class com.google.common.base.Splitter                                                 : loaded 2 times (x 70B)
Class [Lcom.google.common.cache.Weigher;                                              : loaded 2 times (x 67B)
Class com.google.common.collect.Iterators$ArrayItr                                    : loaded 2 times (x 95B)
Class com.google.common.cache.LocalCache$Segment                                      : loaded 2 times (x 152B)
Class org.gradle.api.internal.DefaultClassPathProvider                                : loaded 2 times (x 74B)
Class org.gradle.internal.installation.GradleInstallation$1                           : loaded 2 times (x 73B)
Class com.google.common.cache.LocalCache$AbstractReferenceEntry                       : loaded 2 times (x 105B)
Class org.objectweb.asm.Type                                                          : loaded 2 times (x 70B)
Class com.google.common.util.concurrent.AbstractFuture$Failure                        : loaded 2 times (x 70B)
Class com.google.common.base.CharMatcher$BitSetMatcher                                : loaded 2 times (x 110B)
Class com.google.common.collect.ImmutableMap$IteratorBasedImmutableMap                : loaded 2 times (x 123B)
Class com.google.common.reflect.Reflection                                            : loaded 2 times (x 69B)
Class com.google.common.collect.ImmutableMap                                          : loaded 2 times (x 118B)
Class com.google.common.base.Converter                                                : loaded 2 times (x 88B)
Class com.google.common.base.Equivalence                                              : loaded 2 times (x 80B)
Class com.google.common.primitives.Ints                                               : loaded 2 times (x 69B)
Class com.google.common.cache.LocalCache$EntryFactory$1                               : loaded 2 times (x 81B)
Class com.google.common.cache.LocalCache$EntryFactory$2                               : loaded 2 times (x 81B)
Class com.google.common.cache.LocalCache$EntryFactory$3                               : loaded 2 times (x 81B)
Class com.google.common.cache.LocalCache$EntryFactory$4                               : loaded 2 times (x 81B)
Class com.google.common.cache.LocalCache$EntryFactory$5                               : loaded 2 times (x 81B)
Class com.google.common.cache.LocalCache$EntryFactory$6                               : loaded 2 times (x 81B)
Class com.google.common.reflect.TypeResolver$TypeVariableKey                          : loaded 2 times (x 70B)
Class com.google.common.cache.LocalCache$EntryFactory$7                               : loaded 2 times (x 81B)
Class com.google.common.cache.LocalCache$EntryFactory$8                               : loaded 2 times (x 81B)
Class com.google.common.base.Predicate                                                : loaded 2 times (x 68B)
Class com.google.common.cache.LocalCache$StrongValueReference                         : loaded 2 times (x 88B)
Class org.gradle.internal.classloader.FilteringClassLoader                            : loaded 2 times (x 102B)
Class com.google.common.reflect.TypeResolver$TypeTable                                : loaded 2 times (x 71B)
Class com.google.common.reflect.Invokable$MethodInvokable                             : loaded 2 times (x 120B)
Class com.google.common.collect.RegularImmutableSet                                   : loaded 2 times (x 146B)
Class [Lcom.google.common.cache.LocalCache$Strength;                                  : loaded 2 times (x 67B)
Class org.gradle.internal.classpath.DefaultClassPath$ImmutableUniqueList$Builder      : loaded 2 times (x 73B)
Class com.google.common.collect.Maps$8                                                : loaded 2 times (x 80B)
Class com.google.common.base.PatternCompiler                                          : loaded 2 times (x 68B)
Class [Lcom.google.common.cache.CacheBuilder$NullListener;                            : loaded 2 times (x 67B)
Class com.google.common.base.CharMatcher$InRange                                      : loaded 2 times (x 109B)
Class com.google.common.collect.Maps$KeySet                                           : loaded 2 times (x 135B)
Class com.google.common.collect.Sets$SetView                                          : loaded 2 times (x 136B)
Class com.google.common.collect.BiMap                                                 : loaded 2 times (x 68B)
Class com.google.common.collect.Lists                                                 : loaded 2 times (x 69B)
Class org.objectweb.asm.AnnotationWriter                                              : loaded 2 times (x 76B)
Class com.google.common.math.IntMath$1                                                : loaded 2 times (x 69B)
Class org.gradle.internal.classloader.ClassLoaderVisitor                              : loaded 2 times (x 74B)
Class org.objectweb.asm.Label                                                         : loaded 2 times (x 71B)
Class com.google.common.cache.CacheBuilder$NullListener                               : loaded 2 times (x 80B)
Class com.google.common.math.MathPreconditions                                        : loaded 2 times (x 69B)
Class org.gradle.internal.service.DefaultServiceLocator                               : loaded 2 times (x 81B)
Class org.gradle.internal.service.UnknownServiceException                             : loaded 2 times (x 81B)
Class com.google.common.util.concurrent.AbstractFuture$SynchronizedHelper             : loaded 2 times (x 74B)
Class com.google.common.collect.ArrayListMultimap                                     : loaded 2 times (x 170B)
Class com.google.common.base.Strings                                                  : loaded 2 times (x 69B)
Class com.google.common.cache.CacheLoader$InvalidCacheLoadException                   : loaded 2 times (x 80B)
Class org.gradle.internal.classloader.DefaultClassLoaderFactory                       : loaded 2 times (x 80B)
Class com.google.common.collect.UnmodifiableIterator                                  : loaded 2 times (x 78B)
Class com.google.common.collect.Sets$2$1                                              : loaded 2 times (x 80B)
Class com.google.common.base.Stopwatch                                                : loaded 2 times (x 70B)
Class com.google.common.reflect.Types                                                 : loaded 2 times (x 69B)
Class com.google.common.base.Platform$JdkPatternCompiler                              : loaded 2 times (x 73B)
Class com.google.common.cache.LocalCache$LoadingValueReference                        : loaded 2 times (x 94B)
Class com.google.common.base.CharMatcher$SingleWidth                                  : loaded 2 times (x 110B)
Class com.google.common.collect.Hashing                                               : loaded 2 times (x 69B)
Class [Lcom.google.common.reflect.Types$ClassOwnership;                               : loaded 2 times (x 67B)
Class com.google.common.base.JdkPattern                                               : loaded 2 times (x 73B)
Class com.google.common.collect.Multimap                                              : loaded 2 times (x 68B)
Class com.google.common.base.FunctionalEquivalence                                    : loaded 2 times (x 81B)
Class org.objectweb.asm.AnnotationVisitor                                             : loaded 2 times (x 75B)
Class org.objectweb.asm.RecordComponentWriter                                         : loaded 2 times (x 76B)
Class com.google.common.cache.LocalCache$1                                            : loaded 2 times (x 87B)
Class com.google.common.cache.LocalCache$2                                            : loaded 2 times (x 140B)
Class com.google.common.collect.RegularImmutableBiMap                                 : loaded 2 times (x 147B)
Class org.gradle.internal.classloader.VisitableURLClassLoader$Spec                    : loaded 2 times (x 72B)
Class org.gradle.api.GradleException                                                  : loaded 2 times (x 80B)
Class com.google.common.base.CharMatcher$JavaLetterOrDigit                            : loaded 2 times (x 109B)
Class org.gradle.api.internal.classpath.ModuleRegistry                                : loaded 2 times (x 68B)
Class com.google.common.reflect.TypeToken$1                                           : loaded 2 times (x 123B)
Class com.google.common.cache.CacheBuilder                                            : loaded 2 times (x 70B)
Class com.google.common.reflect.TypeToken$2                                           : loaded 2 times (x 123B)
Class org.objectweb.asm.ByteVector                                                    : loaded 2 times (x 76B)
Class com.google.common.collect.ImmutableCollection                                   : loaded 2 times (x 123B)
Class com.google.common.base.PairwiseEquivalence                                      : loaded 2 times (x 81B)
Class com.google.common.base.Ticker                                                   : loaded 2 times (x 70B)
Class org.gradle.api.internal.ClassPathProvider                                       : loaded 2 times (x 68B)
Class com.google.common.base.Ascii                                                    : loaded 2 times (x 69B)
Class com.google.common.collect.RegularImmutableMap$Values                            : loaded 2 times (x 167B)
Class org.objectweb.asm.ModuleWriter                                                  : loaded 2 times (x 79B)
Class org.gradle.internal.classloader.ClasspathUtil$1                                 : loaded 2 times (x 74B)
Class com.google.common.collect.ImmutableEnumMap                                      : loaded 2 times (x 123B)
Class com.google.common.collect.ImmutableList$ReverseImmutableList                    : loaded 2 times (x 168B)
Class com.google.common.cache.AbstractCache$StatsCounter                              : loaded 2 times (x 68B)
Class org.objectweb.asm.FieldVisitor                                                  : loaded 2 times (x 74B)
Class org.objectweb.asm.Symbol                                                        : loaded 2 times (x 71B)
Class com.google.common.reflect.TypeToken                                             : loaded 2 times (x 71B)
Class com.google.common.cache.LocalCache$Strength$1                                   : loaded 2 times (x 79B)
Class com.google.common.cache.LocalCache$Strength$2                                   : loaded 2 times (x 79B)
Class com.google.common.cache.LocalCache$Strength$3                                   : loaded 2 times (x 79B)
Class org.gradle.internal.classloader.ClassLoaderFactory                              : loaded 2 times (x 68B)
Class com.google.common.collect.ObjectArrays                                          : loaded 2 times (x 69B)
Class com.google.common.util.concurrent.AbstractFuture$Waiter                         : loaded 2 times (x 70B)
Class com.google.common.util.concurrent.Uninterruptibles                              : loaded 2 times (x 69B)
Class com.google.common.collect.Iterators$10                                          : loaded 2 times (x 79B)
Class com.google.common.collect.ImmutableList                                         : loaded 2 times (x 166B)
Class org.gradle.api.internal.classpath.ManifestUtil                                  : loaded 2 times (x 69B)
Class org.gradle.api.specs.Spec                                                       : loaded 2 times (x 68B)
Class com.google.common.cache.CacheLoader$UnsupportedLoadingOperationException        : loaded 2 times (x 80B)
Class com.google.common.base.CharMatcher$Whitespace                                   : loaded 2 times (x 110B)
Class com.google.common.util.concurrent.ListenableFuture                              : loaded 2 times (x 68B)
Class com.google.common.collect.Iterators$1                                           : loaded 2 times (x 79B)
Class com.google.common.collect.Iterators$4                                           : loaded 2 times (x 80B)
Class com.google.common.collect.Iterators$5                                           : loaded 2 times (x 80B)
Class com.google.common.util.concurrent.AbstractFuture$UnsafeAtomicHelper             : loaded 2 times (x 74B)
Class com.google.common.base.Joiner                                                   : loaded 2 times (x 77B)
Class com.google.common.base.Equivalence$Equals                                       : loaded 2 times (x 80B)
Class com.google.common.base.Preconditions                                            : loaded 2 times (x 69B)
Class com.google.common.base.Function                                                 : loaded 2 times (x 68B)
Class com.google.common.collect.Iterators$9                                           : loaded 2 times (x 79B)
Class org.gradle.internal.IoActions                                                   : loaded 2 times (x 69B)
Class settings_appsjcblgn4hxo9eelvoepug7                                              : loaded 2 times (x 177B)
Class com.google.common.cache.ReferenceEntry                                          : loaded 2 times (x 68B)
Class com.google.common.collect.RegularImmutableMap$KeySet                            : loaded 2 times (x 148B)
Class com.google.common.collect.CollectPreconditions                                  : loaded 2 times (x 69B)
Class com.google.common.primitives.IntsMethodsForWeb                                  : loaded 2 times (x 69B)
Class com.google.common.collect.Maps                                                  : loaded 2 times (x 69B)
Class com.google.common.collect.RegularImmutableMap                                   : loaded 2 times (x 119B)
Class com.google.common.collect.AbstractIndexedListIterator                           : loaded 2 times (x 94B)
Class com.google.common.base.CharMatcher$None                                         : loaded 2 times (x 110B)
Class org.gradle.api.internal.classpath.EffectiveClassPath                            : loaded 2 times (x 88B)
Class com.google.common.collect.UnmodifiableListIterator                              : loaded 2 times (x 93B)
Class com.google.common.cache.CacheLoader$FunctionToCacheLoader                       : loaded 2 times (x 73B)
Class com.google.common.cache.CacheBuilder$1                                          : loaded 2 times (x 83B)
Class com.google.common.cache.CacheBuilder$2                                          : loaded 2 times (x 77B)
Class com.google.common.collect.ImmutableList$1                                       : loaded 2 times (x 95B)
Class com.google.common.base.Splitter$Strategy                                        : loaded 2 times (x 68B)
Class com.google.common.cache.CacheBuilder$3                                          : loaded 2 times (x 70B)
Class build_6dvckb9mkze2rt7gpjl0dh894$_run_closure1                                   : loaded 2 times (x 134B)
Class com.google.common.collect.ImmutableMapEntrySet$RegularEntrySet                  : loaded 2 times (x 149B)
Class [Lcom.google.common.cache.RemovalListener;                                      : loaded 2 times (x 67B)
Class [Lcom.google.common.collect.ImmutableMapEntry;                                  : loaded 2 times (x 67B)
Class org.gradle.internal.installation.CurrentGradleInstallation                      : loaded 2 times (x 71B)
Class org.gradle.internal.installation.CurrentGradleInstallationLocator               : loaded 2 times (x 69B)
Class [Lcom.google.common.cache.LocalCache$Segment;                                   : loaded 2 times (x 67B)
Class org.gradle.api.internal.classpath.Module                                        : loaded 2 times (x 68B)
Class com.google.common.base.Splitter$1$1                                             : loaded 2 times (x 84B)
Class com.google.common.collect.ImmutableSet$JdkBackedSetBuilderImpl                  : loaded 2 times (x 74B)
Class com.google.common.reflect.Types$TypeVariableInvocationHandler                   : loaded 2 times (x 73B)
Class com.google.common.reflect.Types$ClassOwnership                                  : loaded 2 times (x 78B)
Class com.google.common.collect.ImmutableSet$RegularSetBuilderImpl                    : loaded 2 times (x 75B)
Class [Lorg.objectweb.asm.AnnotationWriter;                                           : loaded 2 times (x 67B)
Class org.gradle.internal.service.CachingServiceLocator                               : loaded 2 times (x 80B)
Class [Lcom.google.common.collect.ImmutableEntry;                                     : loaded 2 times (x 67B)
Class com.google.common.collect.Sets$ImprovedAbstractSet                              : loaded 2 times (x 133B)
Class org.gradle.internal.classpath.DefaultClassPath                                  : loaded 2 times (x 88B)
Class org.gradle.api.Transformer                                                      : loaded 2 times (x 68B)
Class build_6dvckb9mkze2rt7gpjl0dh894                                                 : loaded 2 times (x 178B)
Class com.google.common.util.concurrent.AbstractFuture$SetFuture                      : loaded 2 times (x 73B)
Class com.google.common.base.Splitter$SplittingIterator                               : loaded 2 times (x 82B)
Class com.google.common.reflect.TypeParameter                                         : loaded 2 times (x 70B)
Class com.google.common.cache.LocalCache$LocalManualCache$1                           : loaded 2 times (x 73B)
Class com.google.common.reflect.Types$ClassOwnership$1LocalClass                      : loaded 2 times (x 69B)
Class org.objectweb.asm.SymbolTable$Entry                                             : loaded 2 times (x 72B)
Class [Lcom.google.common.cache.LocalCache$EntryFactory;                              : loaded 2 times (x 67B)
Class com.google.common.base.CharMatcher$Is                                           : loaded 2 times (x 109B)
Class com.google.common.base.Platform                                                 : loaded 2 times (x 69B)
Class com.google.common.collect.RegularImmutableAsList                                : loaded 2 times (x 176B)
Class com.google.common.collect.PeekingIterator                                       : loaded 2 times (x 68B)
Class settings_appsjcblgn4hxo9eelvoepug7$_run_closure1$_closure2                      : loaded 2 times (x 134B)
Class com.google.common.reflect.TypeResolver$TypeTable$1                              : loaded 2 times (x 71B)
Class com.google.common.collect.ImmutableMapEntrySet                                  : loaded 2 times (x 149B)
Class com.google.common.cache.CacheLoader                                             : loaded 2 times (x 72B)
Class com.google.common.collect.ImmutableBiMapFauxverideShim                          : loaded 2 times (x 118B)
Class org.objectweb.asm.MethodTooLargeException                                       : loaded 2 times (x 81B)
Class com.google.common.reflect.Types$1                                               : loaded 2 times (x 82B)
Class com.google.common.cache.Cache                                                   : loaded 2 times (x 68B)
Class org.gradle.internal.classloader.SystemClassLoaderSpec                           : loaded 2 times (x 69B)
Class com.google.common.util.concurrent.internal.InternalFutureFailureAccess          : loaded 2 times (x 70B)
Class com.google.common.base.Charsets                                                 : loaded 2 times (x 69B)
Class com.google.common.primitives.Ints$IntConverter                                  : loaded 2 times (x 88B)
Class com.google.common.collect.SingletonImmutableSet                                 : loaded 2 times (x 146B)
Class com.google.common.reflect.Types$TypeVariableImpl                                : loaded 2 times (x 70B)
Class [Lcom.google.common.base.AbstractIterator$State;                                : loaded 2 times (x 67B)
Class com.google.common.collect.ImmutableMap$Builder                                  : loaded 2 times (x 78B)
Class com.google.common.base.AbstractIterator                                         : loaded 2 times (x 78B)
Class org.objectweb.asm.ClassWriter                                                   : loaded 2 times (x 102B)
Class com.google.common.base.AbstractIterator$1                                       : loaded 2 times (x 69B)
Class [Lcom.google.common.cache.CacheBuilder$OneWeigher;                              : loaded 2 times (x 67B)
Class com.google.common.collect.Iterators                                             : loaded 2 times (x 69B)
Class com.google.common.base.CharMatcher$Ascii                                        : loaded 2 times (x 110B)
Class com.google.common.base.CharMatcher$1                                            : loaded 2 times (x 111B)
Class org.gradle.api.UncheckedIOException                                             : loaded 2 times (x 80B)
Class com.google.common.base.CharMatcher$And                                          : loaded 2 times (x 110B)
Class com.google.common.reflect.Element                                               : loaded 2 times (x 100B)
Class com.google.common.collect.IndexedImmutableSet                                   : loaded 2 times (x 148B)
Class com.google.common.base.ExtraObjectsMethodsForWeb                                : loaded 2 times (x 69B)
Class com.google.common.collect.AbstractListMultimap                                  : loaded 2 times (x 170B)
Class com.google.common.base.CharMatcher$Any                                          : loaded 2 times (x 110B)
Class com.google.common.cache.LocalCache$Strength                                     : loaded 2 times (x 79B)
Class com.google.common.collect.AbstractMapBasedMultimap$KeySet                       : loaded 2 times (x 135B)
Class com.google.common.collect.ArrayListMultimapGwtSerializationDependencies         : loaded 2 times (x 170B)
Class com.google.common.base.CharMatcher$RangesMatcher                                : loaded 2 times (x 110B)
Class org.objectweb.asm.Handler                                                       : loaded 2 times (x 70B)
Class com.google.common.collect.ImmutableList$SubList                                 : loaded 2 times (x 168B)
Class com.google.common.cache.LocalCache$ValueReference                               : loaded 2 times (x 68B)
Class org.gradle.internal.classloader.ClasspathUtil                                   : loaded 2 times (x 69B)
Class org.objectweb.asm.CurrentFrame                                                  : loaded 2 times (x 71B)
Class com.google.common.util.concurrent.AbstractFuture                                : loaded 2 times (x 93B)
Class com.google.common.reflect.TypeResolver                                          : loaded 2 times (x 70B)
Class com.google.common.base.Splitter$1                                               : loaded 2 times (x 75B)
Class com.google.common.base.Ticker$1                                                 : loaded 2 times (x 70B)
Class com.google.common.collect.Maps$BiMapConverter                                   : loaded 2 times (x 88B)
Class org.gradle.api.internal.DefaultClassPathRegistry                                : loaded 2 times (x 74B)
Class [Lorg.objectweb.asm.Symbol;                                                     : loaded 2 times (x 67B)
Class com.google.common.util.concurrent.AbstractFuture$Cancellation                   : loaded 2 times (x 70B)
Class com.google.common.collect.ImmutableSet$SetBuilderImpl                           : loaded 2 times (x 74B)
Class org.gradle.api.internal.classpath.DefaultModuleRegistry$DefaultModule           : loaded 2 times (x 84B)
Class com.google.common.base.CharMatcher$JavaIsoControl                               : loaded 2 times (x 110B)
Class com.google.common.collect.ImmutableMap$1                                        : loaded 2 times (x 79B)
Class com.google.common.base.CharMatcher$Or                                           : loaded 2 times (x 110B)
Class com.google.common.base.Suppliers$SupplierOfInstance                             : loaded 2 times (x 77B)
Class org.objectweb.asm.RecordComponentVisitor                                        : loaded 2 times (x 75B)
Class com.google.common.reflect.Types$ClassOwnership$1                                : loaded 2 times (x 78B)
Class com.google.common.reflect.Invokable                                             : loaded 2 times (x 116B)
Class com.google.common.reflect.Types$ClassOwnership$2                                : loaded 2 times (x 78B)
Class com.google.common.reflect.Types$ClassOwnership$3                                : loaded 2 times (x 69B)
Class com.google.common.cache.LocalCache$HashIterator                                 : loaded 2 times (x 84B)
Class com.google.common.collect.Iterables                                             : loaded 2 times (x 69B)
Class com.google.common.base.CharMatcher$JavaLowerCase                                : loaded 2 times (x 109B)
Class com.google.common.cache.LocalCache$WriteThroughEntry                            : loaded 2 times (x 77B)
Class org.objectweb.asm.ClassTooLargeException                                        : loaded 2 times (x 81B)
Class org.gradle.api.internal.classpath.UnknownModuleException                        : loaded 2 times (x 80B)
Class com.google.common.util.concurrent.AbstractFuture$Listener                       : loaded 2 times (x 70B)
Class org.objectweb.asm.Edge                                                          : loaded 2 times (x 70B)
Class com.google.common.collect.Maps$EntryTransformer                                 : loaded 2 times (x 68B)
Class com.google.common.collect.ImmutableCollection$Builder                           : loaded 2 times (x 74B)
Class [Lorg.objectweb.asm.SymbolTable$Entry;                                          : loaded 2 times (x 67B)
Class com.google.common.reflect.Types$JavaVersion                                     : loaded 2 times (x 81B)
Class com.google.common.collect.SingletonImmutableBiMap                               : loaded 2 times (x 142B)
Class com.google.common.base.CommonPattern                                            : loaded 2 times (x 72B)
Class com.google.common.base.Suppliers                                                : loaded 2 times (x 69B)
Class org.objectweb.asm.ClassVisitor                                                  : loaded 2 times (x 85B)
Class com.google.common.cache.LoadingCache                                            : loaded 2 times (x 68B)
Class org.gradle.internal.service.ServiceLookupException                              : loaded 2 times (x 80B)
Class settings_appsjcblgn4hxo9eelvoepug7$_run_closure1                                : loaded 2 times (x 134B)
Class org.gradle.cache.GlobalCache                                                    : loaded 2 times (x 68B)
Class com.google.common.base.CharMatcher$NegatedFastMatcher                           : loaded 2 times (x 111B)
Class [Lorg.gradle.api.internal.ClassPathProvider;                                    : loaded 2 times (x 67B)
Class com.google.common.util.concurrent.AbstractFuture$SafeAtomicHelper               : loaded 2 times (x 75B)
Class org.gradle.util.internal.GUtil                                                  : loaded 2 times (x 69B)
Class com.google.common.math.IntMath                                                  : loaded 2 times (x 69B)
Class [Lcom.google.common.reflect.Types$JavaVersion;                                  : loaded 2 times (x 67B)
Class com.google.common.collect.AbstractIterator                                      : loaded 2 times (x 80B)
Class org.gradle.internal.classloader.ClassLoaderSpec                                 : loaded 2 times (x 69B)
Class org.objectweb.asm.Frame                                                         : loaded 2 times (x 71B)
Class com.google.common.cache.LocalCache$LocalManualCache                             : loaded 2 times (x 97B)
Class com.google.common.collect.AbstractMapEntry                                      : loaded 2 times (x 79B)
Class com.google.common.collect.ImmutableList$Builder                                 : loaded 2 times (x 75B)
Class com.google.common.base.CharMatcher$Negated                                      : loaded 2 times (x 111B)
Class com.google.common.cache.CacheLoader$1                                           : loaded 2 times (x 73B)
Class com.google.common.util.concurrent.AbstractFuture$TrustedFuture                  : loaded 2 times (x 95B)
Class com.google.common.collect.Sets                                                  : loaded 2 times (x 69B)
Class com.google.common.collect.ImmutableSet$Builder                                  : loaded 2 times (x 83B)
Class com.google.common.base.CharMatcher$ForPredicate                                 : loaded 2 times (x 110B)
Class com.google.common.collect.ImmutableMap$MapViewOfValuesAsSingletonSets           : loaded 2 times (x 123B)
Class com.google.common.base.MoreObjects                                              : loaded 2 times (x 69B)
Class com.google.common.collect.SortedMapDifference                                   : loaded 2 times (x 68B)
Class org.objectweb.asm.SymbolTable                                                   : loaded 2 times (x 70B)
Class [Lorg.objectweb.asm.AnnotationVisitor;                                          : loaded 2 times (x 67B)
Class com.google.common.cache.CacheStats                                              : loaded 2 times (x 69B)
Class org.objectweb.asm.Attribute                                                     : loaded 2 times (x 75B)
Class org.gradle.internal.classloader.VisitableURLClassLoader                         : loaded 2 times (x 114B)
Class com.google.common.cache.LocalCache$LocalLoadingCache                            : loaded 2 times (x 132B)
Class com.google.common.base.Supplier                                                 : loaded 2 times (x 68B)
Class com.google.common.base.Objects                                                  : loaded 2 times (x 69B)
Class com.google.common.util.concurrent.AbstractFuture$AtomicHelper                   : loaded 2 times (x 74B)
Class com.google.common.collect.ImmutableBiMap                                        : loaded 2 times (x 142B)
Class org.gradle.internal.Cast                                                        : loaded 2 times (x 69B)
Class com.google.common.hash.PrimitiveSink                                            : loaded 2 times (x 68B)
Class org.gradle.api.internal.ClassPathRegistry                                       : loaded 2 times (x 68B)
Class com.google.common.cache.LocalCache$EntryFactory                                 : loaded 2 times (x 81B)
Class com.google.common.util.concurrent.UncheckedExecutionException                   : loaded 2 times (x 80B)
Class com.google.common.collect.ImmutableSet                                          : loaded 2 times (x 145B)
Class org.gradle.internal.classloader.ClassLoaderHierarchy                            : loaded 2 times (x 68B)
Class [Lorg.objectweb.asm.Type;                                                       : loaded 2 times (x 67B)
Class com.google.common.base.AbstractIterator$State                                   : loaded 2 times (x 77B)
Class com.google.common.cache.Weigher                                                 : loaded 2 times (x 68B)
Class com.google.common.base.CharMatcher$NamedFastMatcher                             : loaded 2 times (x 110B)
Class org.gradle.internal.service.ServiceLocator                                      : loaded 2 times (x 68B)
Class com.google.common.util.concurrent.SettableFuture                                : loaded 2 times (x 95B)
Class com.google.common.collect.ImmutableMapEntry                                     : loaded 2 times (x 83B)
Class com.google.common.reflect.Types$ParameterizedTypeImpl                           : loaded 2 times (x 79B)
Class com.google.common.base.CharMatcher$Invisible                                    : loaded 2 times (x 110B)
Class com.google.common.base.Joiner$1                                                 : loaded 2 times (x 78B)
Class com.google.common.base.Joiner$2                                                 : loaded 2 times (x 77B)
Class com.google.common.reflect.Types$JavaVersion$1                                   : loaded 2 times (x 81B)
Class com.google.common.base.CharMatcher$FastMatcher                                  : loaded 2 times (x 109B)
Class com.google.common.reflect.Types$JavaVersion$2                                   : loaded 2 times (x 81B)
Class com.google.common.reflect.Types$JavaVersion$3                                   : loaded 2 times (x 81B)
Class org.gradle.internal.classpath.DefaultClassPath$ImmutableUniqueList              : loaded 2 times (x 159B)
Class com.google.common.reflect.Types$JavaVersion$4                                   : loaded 2 times (x 81B)
Class com.google.common.reflect.Types$JavaVersion$5                                   : loaded 2 times (x 69B)
Class com.google.common.base.CharMatcher$JavaLetter                                   : loaded 2 times (x 109B)
Class com.google.common.collect.MapDifference                                         : loaded 2 times (x 68B)
Class com.google.common.reflect.TypeToken$SimpleTypeToken                             : loaded 2 times (x 71B)
Class com.google.common.collect.Sets$1                                                : loaded 2 times (x 137B)
Class com.google.common.collect.Sets$2                                                : loaded 2 times (x 137B)
Class com.google.common.util.concurrent.AbstractFuture$Trusted                        : loaded 2 times (x 68B)
Class com.google.common.collect.Sets$3                                                : loaded 2 times (x 137B)
Class com.google.common.collect.Sets$4                                                : loaded 2 times (x 137B)
Class com.google.common.reflect.Types$NativeTypeVariableEquals                        : loaded 2 times (x 69B)
Class org.objectweb.asm.MethodWriter                                                  : loaded 2 times (x 103B)
Class com.google.common.collect.Platform                                              : loaded 2 times (x 69B)
Class com.google.common.collect.ImmutableAsList                                       : loaded 2 times (x 169B)
Class com.google.common.util.concurrent.ExecutionError                                : loaded 2 times (x 80B)
Class com.google.common.base.Equivalence$Identity                                     : loaded 2 times (x 80B)
Class com.google.common.base.CharMatcher$AnyOf                                        : loaded 2 times (x 110B)
Class com.google.common.base.CharMatcher$IsEither                                     : loaded 2 times (x 109B)
Class com.google.common.cache.LocalCache                                              : loaded 2 times (x 185B)
Class com.google.common.collect.RegularImmutableList                                  : loaded 2 times (x 172B)
Class com.google.common.util.concurrent.AbstractFuture$UnsafeAtomicHelper$1           : loaded 2 times (x 74B)
Class com.google.common.base.CharMatcher$JavaUpperCase                                : loaded 2 times (x 109B)
Class com.google.common.collect.Multiset                                              : loaded 2 times (x 68B)
Class com.google.common.reflect.Invokable$ConstructorInvokable                        : loaded 2 times (x 120B)
Class org.objectweb.asm.MethodVisitor                                                 : loaded 2 times (x 102B)
Class com.google.common.collect.AbstractMapBasedMultimap$KeySet$1                     : loaded 2 times (x 80B)
Class com.google.common.collect.ImmutableMapEntry$NonTerminalImmutableMapEntry        : loaded 2 times (x 83B)
Class com.google.common.collect.AbstractMapBasedMultimap                              : loaded 2 times (x 137B)


---------------  S Y S T E M  ---------------

OS:
 Windows 11 , 64 bit Build 22621 (10.0.22621.2506)
OS uptime: 0 days 7:41 hours
Hyper-V role detected

CPU: total 20 (initial active 20) (10 cores per cpu, 2 threads per core) family 6 model 154 stepping 3 microcode 0x41e, cx8, cmov, fxsr, ht, mmx, 3dnowpref, sse, sse2, sse3, ssse3, sse4.1, sse4.2, popcnt, lzcnt, tsc, tscinvbit, avx, avx2, aes, erms, clmul, bmi1, bmi2, adx, sha, fma, vzeroupper, clflush, clflushopt, clwb, hv

Memory: 4k page, system-wide physical 16110M (1275M free)
TotalPageFile size 16110M (AvailPageFile size 5M)
current process WorkingSet (physical memory assigned to process): 369M, peak: 423M
current process commit charge ("private bytes"): 424M, peak: 479M

vm_info: OpenJDK 64-Bit Server VM (17.0.7+0-b2043.56-10550314) for windows-amd64 JRE (17.0.7+0-b2043.56-10550314), built on Jul 24 2023 18:27:45 by "androidbuild" with MS VC++ 16.10 / 16.11 (VS2019)

END.
