#
# There is insufficient memory for the Java Runtime Environment to continue.
# Native memory allocation (malloc) failed to allocate 2540496 bytes for Chunk::new
# Possible reasons:
#   The system is out of physical RAM or swap space
#   The process is running with CompressedOops enabled, and the Java Heap may be blocking the growth of the native heap
# Possible solutions:
#   Reduce memory load on the system
#   Increase physical memory or swap space
#   Check if swap backing store is full
#   Decrease Java heap size (-Xmx/-Xms)
#   Decrease number of Java threads
#   Decrease Java thread stack sizes (-Xss)
#   Set larger code cache with -XX:ReservedCodeCacheSize=
#   JVM is running with Unscaled Compressed Oops mode in which the Java heap is
#     placed in the first 4GB address space. The Java Heap base address is the
#     maximum limit for the native heap growth. Please use -XX:HeapBaseMinAddress
#     to set the Java Heap base and to place the Java Heap above 4GB virtual address.
# This output file may be truncated or incomplete.
#
#  Out of Memory Error (arena.cpp:189), pid=16492, tid=18996
#
# JRE version: OpenJDK Runtime Environment (17.0.7) (build 17.0.7+0-b2043.56-10550314)
# Java VM: OpenJDK 64-Bit Server VM (17.0.7+0-b2043.56-10550314, mixed mode, tiered, compressed oops, compressed class ptrs, g1 gc, windows-amd64)
# No core dump will be written. Minidumps are not enabled by default on client versions of Windows
#

---------------  S U M M A R Y ------------

Command Line: --add-opens=java.base/java.util=ALL-UNNAMED --add-opens=java.base/java.lang=ALL-UNNAMED --add-opens=java.base/java.lang.invoke=ALL-UNNAMED --add-opens=java.base/java.util=ALL-UNNAMED --add-opens=java.prefs/java.util.prefs=ALL-UNNAMED --add-opens=java.prefs/java.util.prefs=ALL-UNNAMED --add-opens=java.base/java.nio.charset=ALL-UNNAMED --add-opens=java.base/java.net=ALL-UNNAMED --add-opens=java.base/java.util.concurrent.atomic=ALL-UNNAMED -Xmx2048m -Dfile.encoding=UTF-8 -Duser.country=RU -Duser.language=ru -Duser.variant org.gradle.launcher.daemon.bootstrap.GradleDaemon 7.5

Host: 12th Gen Intel(R) Core(TM) i7-12700H, 20 cores, 15G,  Windows 11 , 64 bit Build 22621 (10.0.22621.2506)
Time: Mon Dec 11 00:34:24 2023 RTZ 4 (s 11 , 64 bit Build 22621 (10.0.22621.2506) elapsed time: 6.296486 seconds (0d 0h 0m 6s)

---------------  T H R E A D  ---------------

Current thread (0x0000021c5ad22700):  JavaThread "C2 CompilerThread0" daemon [_thread_in_native, id=18996, stack(0x0000007515200000,0x0000007515300000)]


Current CompileTask:
C2:   6296 5299 %     4       org.objectweb.asm.ClassReader::readCode @ 2036 (5109 bytes)

Stack: [0x0000007515200000,0x0000007515300000]
Native frames: (J=compiled Java code, j=interpreted, Vv=VM code, C=native code)
V  [jvm.dll+0x683bfa]
V  [jvm.dll+0x8430a4]
V  [jvm.dll+0x8449be]
V  [jvm.dll+0x845023]
V  [jvm.dll+0x24ad2f]
V  [jvm.dll+0xac25c]
V  [jvm.dll+0xac82c]
V  [jvm.dll+0x36a132]
V  [jvm.dll+0x334821]
V  [jvm.dll+0x333cca]
V  [jvm.dll+0x21d251]
V  [jvm.dll+0x21c671]
V  [jvm.dll+0x1a605d]
V  [jvm.dll+0x22c148]
V  [jvm.dll+0x22a209]
V  [jvm.dll+0x7f858c]
V  [jvm.dll+0x7f2aea]
V  [jvm.dll+0x682a35]
C  [ucrtbase.dll+0x29363]
C  [KERNEL32.DLL+0x1257d]
C  [ntdll.dll+0x5aa58]


---------------  P R O C E S S  ---------------

Threads class SMR info:
_java_thread_list=0x0000021c63bc4060, length=57, elements={
0x0000021c3fd79fe0, 0x0000021c5acb3b30, 0x0000021c5acb49a0, 0x0000021c5aceb980,
0x0000021c5acec5f0, 0x0000021c5aced100, 0x0000021c5ad1e520, 0x0000021c5ad22700,
0x0000021c5ad2b1b0, 0x0000021c5ad3eea0, 0x0000021c5ae95150, 0x0000021c5ae95660,
0x0000021c5aee5d50, 0x0000021c5aee6220, 0x0000021c5b418290, 0x0000021c60448fd0,
0x0000021c609c3020, 0x0000021c61991140, 0x0000021c60b05680, 0x0000021c619ea010,
0x0000021c60cc7490, 0x0000021c616cf630, 0x0000021c616d0970, 0x0000021c616cde20,
0x0000021c616d04a0, 0x0000021c616ce7c0, 0x0000021c616cec90, 0x0000021c616cf160,
0x0000021c616ce2f0, 0x0000021c616cffd0, 0x0000021c616cfb00, 0x0000021c616d1310,
0x0000021c616d17e0, 0x0000021c61e01a80, 0x0000021c61e045d0, 0x0000021c61e00740,
0x0000021c61e03760, 0x0000021c61e03c30, 0x0000021c61e05de0, 0x0000021c61e05440,
0x0000021c61e015b0, 0x0000021c61e06780, 0x0000021c61e01f50, 0x0000021c61e028f0,
0x0000021c61dff8d0, 0x0000021c61e07120, 0x0000021c61dffda0, 0x0000021c61e06c50,
0x0000021c61e02420, 0x0000021c61e03290, 0x0000021c61e02dc0, 0x0000021c61e010e0,
0x0000021c61e05910, 0x0000021c61e00270, 0x0000021c61e00c10, 0x0000021c61e04100,
0x0000021c61e04f70
}

Java Threads: ( => current thread )
  0x0000021c3fd79fe0 JavaThread "main" [_thread_blocked, id=10164, stack(0x0000007514500000,0x0000007514600000)]
  0x0000021c5acb3b30 JavaThread "Reference Handler" daemon [_thread_blocked, id=6420, stack(0x0000007514c00000,0x0000007514d00000)]
  0x0000021c5acb49a0 JavaThread "Finalizer" daemon [_thread_blocked, id=20632, stack(0x0000007514d00000,0x0000007514e00000)]
  0x0000021c5aceb980 JavaThread "Signal Dispatcher" daemon [_thread_blocked, id=15288, stack(0x0000007514e00000,0x0000007514f00000)]
  0x0000021c5acec5f0 JavaThread "Attach Listener" daemon [_thread_blocked, id=4352, stack(0x0000007514f00000,0x0000007515000000)]
  0x0000021c5aced100 JavaThread "Service Thread" daemon [_thread_blocked, id=16180, stack(0x0000007515000000,0x0000007515100000)]
  0x0000021c5ad1e520 JavaThread "Monitor Deflation Thread" daemon [_thread_blocked, id=12040, stack(0x0000007515100000,0x0000007515200000)]
=>0x0000021c5ad22700 JavaThread "C2 CompilerThread0" daemon [_thread_in_native, id=18996, stack(0x0000007515200000,0x0000007515300000)]
  0x0000021c5ad2b1b0 JavaThread "C1 CompilerThread0" daemon [_thread_blocked, id=19004, stack(0x0000007515300000,0x0000007515400000)]
  0x0000021c5ad3eea0 JavaThread "Sweeper thread" daemon [_thread_blocked, id=23360, stack(0x0000007515400000,0x0000007515500000)]
  0x0000021c5ae95150 JavaThread "C1 CompilerThread1" daemon [_thread_blocked, id=10544, stack(0x0000007515500000,0x0000007515600000)]
  0x0000021c5ae95660 JavaThread "C1 CompilerThread2" daemon [_thread_blocked, id=12888, stack(0x0000007515600000,0x0000007515700000)]
  0x0000021c5aee5d50 JavaThread "Common-Cleaner" daemon [_thread_blocked, id=13248, stack(0x0000007515700000,0x0000007515800000)]
  0x0000021c5aee6220 JavaThread "Notification Thread" daemon [_thread_blocked, id=21836, stack(0x0000007515800000,0x0000007515900000)]
  0x0000021c5b418290 JavaThread "C2 CompilerThread1" daemon [_thread_in_native, id=9720, stack(0x0000007515a00000,0x0000007515b00000)]
  0x0000021c60448fd0 JavaThread "C1 CompilerThread3" daemon [_thread_blocked, id=12132, stack(0x0000007516100000,0x0000007516200000)]
  0x0000021c609c3020 JavaThread "Daemon health stats" [_thread_blocked, id=2204, stack(0x0000007516200000,0x0000007516300000)]
  0x0000021c61991140 JavaThread "Incoming local TCP Connector on port 53844" [_thread_in_native, id=15088, stack(0x0000007516300000,0x0000007516400000)]
  0x0000021c60b05680 JavaThread "Daemon periodic checks" [_thread_blocked, id=16412, stack(0x0000007516400000,0x0000007516500000)]
  0x0000021c619ea010 JavaThread "Daemon" [_thread_blocked, id=15548, stack(0x0000007516500000,0x0000007516600000)]
  0x0000021c60cc7490 JavaThread "Handler for socket connection from /127.0.0.1:53844 to /127.0.0.1:53845" [_thread_in_native, id=19392, stack(0x0000007516600000,0x0000007516700000)]
  0x0000021c616cf630 JavaThread "Cancel handler" [_thread_blocked, id=22496, stack(0x0000007516700000,0x0000007516800000)]
  0x0000021c616d0970 JavaThread "Daemon worker" [_thread_blocked, id=17808, stack(0x0000007516800000,0x0000007516900000)]
  0x0000021c616cde20 JavaThread "Asynchronous log dispatcher for DefaultDaemonConnection: socket connection from /127.0.0.1:53844 to /127.0.0.1:53845" [_thread_blocked, id=21164, stack(0x0000007516900000,0x0000007516a00000)]
  0x0000021c616d04a0 JavaThread "Stdin handler" [_thread_blocked, id=6316, stack(0x0000007516a00000,0x0000007516b00000)]
  0x0000021c616ce7c0 JavaThread "Daemon client event forwarder" [_thread_blocked, id=21592, stack(0x0000007516b00000,0x0000007516c00000)]
  0x0000021c616cec90 JavaThread "Cache worker for journal cache (C:\Users\Svetl\.gradle\caches\journal-1)" [_thread_blocked, id=21012, stack(0x0000007516c00000,0x0000007516d00000)]
  0x0000021c616cf160 JavaThread "File lock request listener" [_thread_in_native, id=22408, stack(0x0000007516d00000,0x0000007516e00000)]
  0x0000021c616ce2f0 JavaThread "Cache worker for file hash cache (C:\Users\Svetl\.gradle\caches\7.5\fileHashes)" [_thread_blocked, id=1880, stack(0x0000007517a00000,0x0000007517b00000)]
  0x0000021c616cffd0 JavaThread "File watcher server" daemon [_thread_in_native, id=5332, stack(0x0000007517b00000,0x0000007517c00000)]
  0x0000021c616cfb00 JavaThread "File watcher consumer" daemon [_thread_blocked, id=9084, stack(0x0000007517c00000,0x0000007517d00000)]
  0x0000021c616d1310 JavaThread "jar transforms" [_thread_blocked, id=11288, stack(0x0000007517d00000,0x0000007517e00000)]
  0x0000021c616d17e0 JavaThread "jar transforms Thread 2" [_thread_blocked, id=5740, stack(0x0000007517e00000,0x0000007517f00000)]
  0x0000021c61e01a80 JavaThread "jar transforms Thread 3" [_thread_blocked, id=8348, stack(0x0000007517f00000,0x0000007518000000)]
  0x0000021c61e045d0 JavaThread "jar transforms Thread 4" [_thread_blocked, id=7668, stack(0x0000007518000000,0x0000007518100000)]
  0x0000021c61e00740 JavaThread "jar transforms Thread 5" [_thread_blocked, id=9936, stack(0x0000007518100000,0x0000007518200000)]
  0x0000021c61e03760 JavaThread "jar transforms Thread 6" [_thread_blocked, id=10992, stack(0x0000007518200000,0x0000007518300000)]
  0x0000021c61e03c30 JavaThread "jar transforms Thread 7" [_thread_blocked, id=11048, stack(0x0000007518300000,0x0000007518400000)]
  0x0000021c61e05de0 JavaThread "jar transforms Thread 8" [_thread_blocked, id=11040, stack(0x0000007518400000,0x0000007518500000)]
  0x0000021c61e05440 JavaThread "jar transforms Thread 9" [_thread_blocked, id=5600, stack(0x0000007518500000,0x0000007518600000)]
  0x0000021c61e015b0 JavaThread "jar transforms Thread 10" [_thread_blocked, id=11160, stack(0x0000007518600000,0x0000007518700000)]
  0x0000021c61e06780 JavaThread "jar transforms Thread 11" [_thread_blocked, id=8280, stack(0x0000007518700000,0x0000007518800000)]
  0x0000021c61e01f50 JavaThread "jar transforms Thread 12" [_thread_blocked, id=11176, stack(0x0000007518800000,0x0000007518900000)]
  0x0000021c61e028f0 JavaThread "jar transforms Thread 13" [_thread_blocked, id=11180, stack(0x0000007518900000,0x0000007518a00000)]
  0x0000021c61dff8d0 JavaThread "jar transforms Thread 14" [_thread_blocked, id=11276, stack(0x0000007518a00000,0x0000007518b00000)]
  0x0000021c61e07120 JavaThread "jar transforms Thread 15" [_thread_in_Java, id=5588, stack(0x0000007518b00000,0x0000007518c00000)]
  0x0000021c61dffda0 JavaThread "jar transforms Thread 16" [_thread_blocked, id=12912, stack(0x0000007518c00000,0x0000007518d00000)]
  0x0000021c61e06c50 JavaThread "jar transforms Thread 17" [_thread_blocked, id=5592, stack(0x0000007518d00000,0x0000007518e00000)]
  0x0000021c61e02420 JavaThread "jar transforms Thread 18" [_thread_blocked, id=6944, stack(0x0000007518e00000,0x0000007518f00000)]
  0x0000021c61e03290 JavaThread "jar transforms Thread 19" [_thread_blocked, id=11904, stack(0x0000007518f00000,0x0000007519000000)]
  0x0000021c61e02dc0 JavaThread "jar transforms Thread 20" [_thread_blocked, id=11284, stack(0x0000007519000000,0x0000007519100000)]
  0x0000021c61e010e0 JavaThread "Cache worker for checksums cache (C:\Users\Svetl\AndroidStudioProjects\up5v1\.gradle\7.5\checksums)" [_thread_blocked, id=11392, stack(0x0000007519100000,0x0000007519200000)]
  0x0000021c61e05910 JavaThread "Cache worker for cache directory md-rule (C:\Users\Svetl\.gradle\caches\7.5\md-rule)" [_thread_blocked, id=11272, stack(0x0000007519200000,0x0000007519300000)]
  0x0000021c61e00270 JavaThread "Cache worker for file content cache (C:\Users\Svetl\.gradle\caches\7.5\fileContent)" [_thread_blocked, id=10996, stack(0x0000007519300000,0x0000007519400000)]
  0x0000021c61e00c10 JavaThread "Cache worker for file hash cache (C:\Users\Svetl\AndroidStudioProjects\up5v1\.gradle\7.5\fileHashes)" [_thread_blocked, id=11184, stack(0x0000007519400000,0x0000007519500000)]
  0x0000021c61e04100 JavaThread "Cache worker for cache directory md-supplier (C:\Users\Svetl\.gradle\caches\7.5\md-supplier)" [_thread_blocked, id=11104, stack(0x0000007519500000,0x0000007519600000)]
  0x0000021c61e04f70 JavaThread "Cache worker for execution history cache (C:\Users\Svetl\.gradle\caches\7.5\executionHistory)" [_thread_blocked, id=11164, stack(0x0000007515b00000,0x0000007515c00000)]

Other Threads:
  0x0000021c5ac0ed10 VMThread "VM Thread" [stack: 0x0000007514b00000,0x0000007514c00000] [id=11216]
  0x0000021c3fe00d60 WatcherThread [stack: 0x0000007515900000,0x0000007515a00000] [id=22524]
  0x0000021c3fdd6640 GCTaskThread "GC Thread#0" [stack: 0x0000007514600000,0x0000007514700000] [id=2880]
  0x0000021c60446c40 GCTaskThread "GC Thread#1" [stack: 0x0000007515c00000,0x0000007515d00000] [id=22576]
  0x0000021c5b5812e0 GCTaskThread "GC Thread#2" [stack: 0x0000007515d00000,0x0000007515e00000] [id=8656]
  0x0000021c5b60e820 GCTaskThread "GC Thread#3" [stack: 0x0000007515e00000,0x0000007515f00000] [id=6472]
  0x0000021c607bc1b0 GCTaskThread "GC Thread#4" [stack: 0x0000007515f00000,0x0000007516000000] [id=4560]
  0x0000021c5b60eea0 GCTaskThread "GC Thread#5" [stack: 0x0000007516000000,0x0000007516100000] [id=10476]
  0x0000021c60c3bd40 GCTaskThread "GC Thread#6" [stack: 0x0000007516e00000,0x0000007516f00000] [id=14752]
  0x0000021c6115f090 GCTaskThread "GC Thread#7" [stack: 0x0000007516f00000,0x0000007517000000] [id=6012]
  0x0000021c61153360 GCTaskThread "GC Thread#8" [stack: 0x0000007517000000,0x0000007517100000] [id=18452]
  0x0000021c61b5c040 GCTaskThread "GC Thread#9" [stack: 0x0000007517100000,0x0000007517200000] [id=6816]
  0x0000021c60e762f0 GCTaskThread "GC Thread#10" [stack: 0x0000007517200000,0x0000007517300000] [id=15760]
  0x0000021c61bf9c50 GCTaskThread "GC Thread#11" [stack: 0x0000007517300000,0x0000007517400000] [id=1708]
  0x0000021c6078e6b0 GCTaskThread "GC Thread#12" [stack: 0x0000007517400000,0x0000007517500000] [id=21524]
  0x0000021c61595280 GCTaskThread "GC Thread#13" [stack: 0x0000007517500000,0x0000007517600000] [id=6164]
  0x0000021c61595530 GCTaskThread "GC Thread#14" [stack: 0x0000007517600000,0x0000007517700000] [id=4660]
  0x0000021c3fde8590 ConcurrentGCThread "G1 Main Marker" [stack: 0x0000007514700000,0x0000007514800000] [id=4664]
  0x0000021c3fde8fa0 ConcurrentGCThread "G1 Conc#0" [stack: 0x0000007514800000,0x0000007514900000] [id=20520]
  0x0000021c61594510 ConcurrentGCThread "G1 Conc#1" [stack: 0x0000007517700000,0x0000007517800000] [id=4372]
  0x0000021c615957e0 ConcurrentGCThread "G1 Conc#2" [stack: 0x0000007517800000,0x0000007517900000] [id=11956]
  0x0000021c61594a70 ConcurrentGCThread "G1 Conc#3" [stack: 0x0000007517900000,0x0000007517a00000] [id=4816]
  0x0000021c3fe2ec20 ConcurrentGCThread "G1 Refine#0" [stack: 0x0000007514900000,0x0000007514a00000] [id=11192]
  0x0000021c5ab03c60 ConcurrentGCThread "G1 Service" [stack: 0x0000007514a00000,0x0000007514b00000] [id=16160]

Threads with active compile tasks:
C2 CompilerThread0     6314 5299 %     4       org.objectweb.asm.ClassReader::readCode @ 2036 (5109 bytes)
C2 CompilerThread1     6314 5418       4       org.objectweb.asm.SymbolTable::addConstantMemberReference (147 bytes)

VM state: not at safepoint (normal execution)

VM Mutex/Monitor currently owned by a thread: None

Heap address: 0x0000000080000000, size: 2048 MB, Compressed Oops mode: 32-bit

CDS archive(s) not mapped
Compressed class space mapped at: 0x0000000100000000-0x0000000140000000, reserved size: 1073741824
Narrow klass base: 0x0000000000000000, Narrow klass shift: 3, Narrow klass range: 0x140000000

GC Precious Log:
 CPUs: 20 total, 20 available
 Memory: 16110M
 Large Page Support: Disabled
 NUMA Support: Disabled
 Compressed Oops: Enabled (32-bit)
 Heap Region Size: 1M
 Heap Min Capacity: 8M
 Heap Initial Capacity: 252M
 Heap Max Capacity: 2G
 Pre-touch: Disabled
 Parallel Workers: 15
 Concurrent Workers: 4
 Concurrent Refinement Workers: 15
 Periodic GC: Disabled

Heap:
 garbage-first heap   total 159744K, used 72256K [0x0000000080000000, 0x0000000100000000)
  region size 1024K, 17 young (17408K), 4 survivors (4096K)
 Metaspace       used 51229K, committed 51712K, reserved 1114112K
  class space    used 6793K, committed 7040K, reserved 1048576K

Heap Regions: E=young(eden), S=young(survivor), O=old, HS=humongous(starts), HC=humongous(continues), CS=collection set, F=free, OA=open archive, CA=closed archive, TAMS=top-at-mark-start (previous, next)
|   0|0x0000000080000000, 0x0000000080100000, 0x0000000080100000|100%| O|  |TAMS 0x0000000080100000, 0x0000000080000000| Untracked 
|   1|0x0000000080100000, 0x0000000080200000, 0x0000000080200000|100%| O|  |TAMS 0x0000000080200000, 0x0000000080100000| Untracked 
|   2|0x0000000080200000, 0x0000000080300000, 0x0000000080300000|100%| O|  |TAMS 0x0000000080300000, 0x0000000080200000| Untracked 
|   3|0x0000000080300000, 0x0000000080400000, 0x0000000080400000|100%|HS|  |TAMS 0x0000000080400000, 0x0000000080300000| Complete 
|   4|0x0000000080400000, 0x0000000080500000, 0x0000000080500000|100%|HC|  |TAMS 0x0000000080500000, 0x0000000080400000| Complete 
|   5|0x0000000080500000, 0x0000000080600000, 0x0000000080600000|100%|HC|  |TAMS 0x0000000080600000, 0x0000000080500000| Complete 
|   6|0x0000000080600000, 0x0000000080700000, 0x0000000080700000|100%| O|  |TAMS 0x0000000080700000, 0x0000000080600000| Untracked 
|   7|0x0000000080700000, 0x0000000080800000, 0x0000000080800000|100%| O|  |TAMS 0x0000000080800000, 0x0000000080700000| Untracked 
|   8|0x0000000080800000, 0x0000000080900000, 0x0000000080900000|100%| O|  |TAMS 0x0000000080900000, 0x0000000080800000| Untracked 
|   9|0x0000000080900000, 0x0000000080a00000, 0x0000000080a00000|100%| O|  |TAMS 0x0000000080900000, 0x0000000080900000| Untracked 
|  10|0x0000000080a00000, 0x0000000080b00000, 0x0000000080b00000|100%| O|  |TAMS 0x0000000080b00000, 0x0000000080a00000| Untracked 
|  11|0x0000000080b00000, 0x0000000080c00000, 0x0000000080c00000|100%| O|  |TAMS 0x0000000080c00000, 0x0000000080b00000| Untracked 
|  12|0x0000000080c00000, 0x0000000080c00000, 0x0000000080d00000|  0%| F|  |TAMS 0x0000000080c00000, 0x0000000080c00000| Untracked 
|  13|0x0000000080d00000, 0x0000000080e00000, 0x0000000080e00000|100%| O|  |TAMS 0x0000000080e00000, 0x0000000080d00000| Untracked 
|  14|0x0000000080e00000, 0x0000000080f00000, 0x0000000080f00000|100%| O|  |TAMS 0x0000000080f00000, 0x0000000080e00000| Untracked 
|  15|0x0000000080f00000, 0x0000000081000000, 0x0000000081000000|100%| O|  |TAMS 0x0000000081000000, 0x0000000080f00000| Untracked 
|  16|0x0000000081000000, 0x0000000081100000, 0x0000000081100000|100%| O|  |TAMS 0x0000000081100000, 0x0000000081000000| Untracked 
|  17|0x0000000081100000, 0x0000000081200000, 0x0000000081200000|100%| O|  |TAMS 0x0000000081200000, 0x0000000081100000| Untracked 
|  18|0x0000000081200000, 0x0000000081300000, 0x0000000081300000|100%| O|  |TAMS 0x0000000081300000, 0x0000000081200000| Untracked 
|  19|0x0000000081300000, 0x0000000081400000, 0x0000000081400000|100%| O|  |TAMS 0x0000000081393a00, 0x0000000081300000| Untracked 
|  20|0x0000000081400000, 0x0000000081500000, 0x0000000081500000|100%|HS|  |TAMS 0x0000000081500000, 0x0000000081400000| Complete 
|  21|0x0000000081500000, 0x0000000081600000, 0x0000000081600000|100%|HC|  |TAMS 0x0000000081600000, 0x0000000081500000| Complete 
|  22|0x0000000081600000, 0x0000000081700000, 0x0000000081700000|100%|HS|  |TAMS 0x0000000081700000, 0x0000000081600000| Complete 
|  23|0x0000000081700000, 0x0000000081800000, 0x0000000081800000|100%|HC|  |TAMS 0x0000000081800000, 0x0000000081700000| Complete 
|  24|0x0000000081800000, 0x0000000081900000, 0x0000000081900000|100%|HC|  |TAMS 0x0000000081900000, 0x0000000081800000| Complete 
|  25|0x0000000081900000, 0x0000000081a00000, 0x0000000081a00000|100%|HS|  |TAMS 0x0000000081a00000, 0x0000000081900000| Complete 
|  26|0x0000000081a00000, 0x0000000081b00000, 0x0000000081b00000|100%|HC|  |TAMS 0x0000000081b00000, 0x0000000081a00000| Complete 
|  27|0x0000000081b00000, 0x0000000081c00000, 0x0000000081c00000|100%|HS|  |TAMS 0x0000000081c00000, 0x0000000081b00000| Complete 
|  28|0x0000000081c00000, 0x0000000081d00000, 0x0000000081d00000|100%|HC|  |TAMS 0x0000000081d00000, 0x0000000081c00000| Complete 
|  29|0x0000000081d00000, 0x0000000081e00000, 0x0000000081e00000|100%|HC|  |TAMS 0x0000000081e00000, 0x0000000081d00000| Complete 
|  30|0x0000000081e00000, 0x0000000081f00000, 0x0000000081f00000|100%|HC|  |TAMS 0x0000000081f00000, 0x0000000081e00000| Complete 
|  31|0x0000000081f00000, 0x0000000082000000, 0x0000000082000000|100%|HC|  |TAMS 0x0000000082000000, 0x0000000081f00000| Complete 
|  32|0x0000000082000000, 0x0000000082100000, 0x0000000082100000|100%|HC|  |TAMS 0x0000000082100000, 0x0000000082000000| Complete 
|  33|0x0000000082100000, 0x0000000082200000, 0x0000000082200000|100%|HC|  |TAMS 0x0000000082200000, 0x0000000082100000| Complete 
|  34|0x0000000082200000, 0x0000000082300000, 0x0000000082300000|100%|HC|  |TAMS 0x0000000082300000, 0x0000000082200000| Complete 
|  35|0x0000000082300000, 0x0000000082400000, 0x0000000082400000|100%|HC|  |TAMS 0x0000000082400000, 0x0000000082300000| Complete 
|  36|0x0000000082400000, 0x0000000082500000, 0x0000000082500000|100%|HC|  |TAMS 0x0000000082500000, 0x0000000082400000| Complete 
|  37|0x0000000082500000, 0x0000000082600000, 0x0000000082600000|100%|HC|  |TAMS 0x0000000082600000, 0x0000000082500000| Complete 
|  38|0x0000000082600000, 0x0000000082700000, 0x0000000082700000|100%|HC|  |TAMS 0x0000000082700000, 0x0000000082600000| Complete 
|  39|0x0000000082700000, 0x0000000082800000, 0x0000000082800000|100%|HS|  |TAMS 0x0000000082800000, 0x0000000082700000| Complete 
|  40|0x0000000082800000, 0x0000000082900000, 0x0000000082900000|100%|HC|  |TAMS 0x0000000082900000, 0x0000000082800000| Complete 
|  41|0x0000000082900000, 0x0000000082a00000, 0x0000000082a00000|100%| O|  |TAMS 0x0000000082900000, 0x0000000082900000| Untracked 
|  42|0x0000000082a00000, 0x0000000082b00000, 0x0000000082b00000|100%| O|  |TAMS 0x0000000082a00000, 0x0000000082a00000| Untracked 
|  43|0x0000000082b00000, 0x0000000082c00000, 0x0000000082c00000|100%| O|  |TAMS 0x0000000082b00000, 0x0000000082b00000| Untracked 
|  44|0x0000000082c00000, 0x0000000082d00000, 0x0000000082d00000|100%| O|  |TAMS 0x0000000082c00000, 0x0000000082c00000| Untracked 
|  45|0x0000000082d00000, 0x0000000082e00000, 0x0000000082e00000|100%| O|  |TAMS 0x0000000082d00000, 0x0000000082d00000| Untracked 
|  46|0x0000000082e00000, 0x0000000082f00000, 0x0000000082f00000|100%| O|  |TAMS 0x0000000082e00000, 0x0000000082e00000| Untracked 
|  47|0x0000000082f00000, 0x0000000083000000, 0x0000000083000000|100%| O|  |TAMS 0x0000000082f00000, 0x0000000082f00000| Untracked 
|  48|0x0000000083000000, 0x0000000083100000, 0x0000000083100000|100%| O|  |TAMS 0x0000000083000000, 0x0000000083000000| Untracked 
|  49|0x0000000083100000, 0x0000000083200000, 0x0000000083200000|100%| O|  |TAMS 0x0000000083100000, 0x0000000083100000| Untracked 
|  50|0x0000000083200000, 0x0000000083300000, 0x0000000083300000|100%| O|  |TAMS 0x0000000083200000, 0x0000000083200000| Untracked 
|  51|0x0000000083300000, 0x0000000083400000, 0x0000000083400000|100%| O|  |TAMS 0x0000000083300000, 0x0000000083300000| Untracked 
|  52|0x0000000083400000, 0x0000000083500000, 0x0000000083500000|100%| O|  |TAMS 0x0000000083400000, 0x0000000083400000| Untracked 
|  53|0x0000000083500000, 0x00000000835cbc00, 0x0000000083600000| 79%| O|  |TAMS 0x0000000083500000, 0x0000000083500000| Untracked 
|  54|0x0000000083600000, 0x0000000083600000, 0x0000000083700000|  0%| F|  |TAMS 0x0000000083600000, 0x0000000083600000| Untracked 
|  55|0x0000000083700000, 0x0000000083700000, 0x0000000083800000|  0%| F|  |TAMS 0x0000000083700000, 0x0000000083700000| Untracked 
|  56|0x0000000083800000, 0x0000000083900000, 0x0000000083900000|100%|HS|  |TAMS 0x0000000083800000, 0x0000000083800000| Complete 
|  57|0x0000000083900000, 0x0000000083a00000, 0x0000000083a00000|100%|HC|  |TAMS 0x0000000083900000, 0x0000000083900000| Complete 
|  58|0x0000000083a00000, 0x0000000083a00000, 0x0000000083b00000|  0%| F|  |TAMS 0x0000000083a00000, 0x0000000083a00000| Untracked 
|  59|0x0000000083b00000, 0x0000000083b00000, 0x0000000083c00000|  0%| F|  |TAMS 0x0000000083b00000, 0x0000000083b00000| Untracked 
|  60|0x0000000083c00000, 0x0000000083c00000, 0x0000000083d00000|  0%| F|  |TAMS 0x0000000083c00000, 0x0000000083c00000| Untracked 
|  61|0x0000000083d00000, 0x0000000083d00000, 0x0000000083e00000|  0%| F|  |TAMS 0x0000000083d00000, 0x0000000083d00000| Untracked 
|  62|0x0000000083e00000, 0x0000000083e00000, 0x0000000083f00000|  0%| F|  |TAMS 0x0000000083e00000, 0x0000000083e00000| Untracked 
|  63|0x0000000083f00000, 0x0000000083f00000, 0x0000000084000000|  0%| F|  |TAMS 0x0000000083f00000, 0x0000000083f00000| Untracked 
|  64|0x0000000084000000, 0x0000000084000000, 0x0000000084100000|  0%| F|  |TAMS 0x0000000084000000, 0x0000000084000000| Untracked 
|  65|0x0000000084100000, 0x0000000084100000, 0x0000000084200000|  0%| F|  |TAMS 0x0000000084100000, 0x0000000084100000| Untracked 
|  66|0x0000000084200000, 0x0000000084200000, 0x0000000084300000|  0%| F|  |TAMS 0x0000000084200000, 0x0000000084200000| Untracked 
|  67|0x0000000084300000, 0x0000000084300000, 0x0000000084400000|  0%| F|  |TAMS 0x0000000084300000, 0x0000000084300000| Untracked 
|  68|0x0000000084400000, 0x0000000084400000, 0x0000000084500000|  0%| F|  |TAMS 0x0000000084400000, 0x0000000084400000| Untracked 
|  69|0x0000000084500000, 0x0000000084500000, 0x0000000084600000|  0%| F|  |TAMS 0x0000000084500000, 0x0000000084500000| Untracked 
|  70|0x0000000084600000, 0x0000000084600000, 0x0000000084700000|  0%| F|  |TAMS 0x0000000084600000, 0x0000000084600000| Untracked 
|  71|0x0000000084700000, 0x0000000084700000, 0x0000000084800000|  0%| F|  |TAMS 0x0000000084700000, 0x0000000084700000| Untracked 
|  72|0x0000000084800000, 0x0000000084800000, 0x0000000084900000|  0%| F|  |TAMS 0x0000000084800000, 0x0000000084800000| Untracked 
|  73|0x0000000084900000, 0x0000000084900000, 0x0000000084a00000|  0%| F|  |TAMS 0x0000000084900000, 0x0000000084900000| Untracked 
|  74|0x0000000084a00000, 0x0000000084a00000, 0x0000000084b00000|  0%| F|  |TAMS 0x0000000084a00000, 0x0000000084a00000| Untracked 
|  75|0x0000000084b00000, 0x0000000084b00000, 0x0000000084c00000|  0%| F|  |TAMS 0x0000000084b00000, 0x0000000084b00000| Untracked 
|  76|0x0000000084c00000, 0x0000000084c00000, 0x0000000084d00000|  0%| F|  |TAMS 0x0000000084c00000, 0x0000000084c00000| Untracked 
|  77|0x0000000084d00000, 0x0000000084d00000, 0x0000000084e00000|  0%| F|  |TAMS 0x0000000084d00000, 0x0000000084d00000| Untracked 
|  78|0x0000000084e00000, 0x0000000084e00000, 0x0000000084f00000|  0%| F|  |TAMS 0x0000000084e00000, 0x0000000084e00000| Untracked 
|  79|0x0000000084f00000, 0x0000000084f00000, 0x0000000085000000|  0%| F|  |TAMS 0x0000000084f00000, 0x0000000084f00000| Untracked 
|  80|0x0000000085000000, 0x0000000085000000, 0x0000000085100000|  0%| F|  |TAMS 0x0000000085000000, 0x0000000085000000| Untracked 
|  81|0x0000000085100000, 0x0000000085100000, 0x0000000085200000|  0%| F|  |TAMS 0x0000000085100000, 0x0000000085100000| Untracked 
|  82|0x0000000085200000, 0x0000000085200000, 0x0000000085300000|  0%| F|  |TAMS 0x0000000085200000, 0x0000000085200000| Untracked 
|  83|0x0000000085300000, 0x0000000085300000, 0x0000000085400000|  0%| F|  |TAMS 0x0000000085300000, 0x0000000085300000| Untracked 
|  84|0x0000000085400000, 0x0000000085400000, 0x0000000085500000|  0%| F|  |TAMS 0x0000000085400000, 0x0000000085400000| Untracked 
|  85|0x0000000085500000, 0x0000000085500000, 0x0000000085600000|  0%| F|  |TAMS 0x0000000085500000, 0x0000000085500000| Untracked 
|  86|0x0000000085600000, 0x0000000085600000, 0x0000000085700000|  0%| F|  |TAMS 0x0000000085600000, 0x0000000085600000| Untracked 
|  87|0x0000000085700000, 0x0000000085700000, 0x0000000085800000|  0%| F|  |TAMS 0x0000000085700000, 0x0000000085700000| Untracked 
|  88|0x0000000085800000, 0x0000000085800000, 0x0000000085900000|  0%| F|  |TAMS 0x0000000085800000, 0x0000000085800000| Untracked 
|  89|0x0000000085900000, 0x0000000085900000, 0x0000000085a00000|  0%| F|  |TAMS 0x0000000085900000, 0x0000000085900000| Untracked 
|  90|0x0000000085a00000, 0x0000000085ac46b0, 0x0000000085b00000| 76%| S|CS|TAMS 0x0000000085a00000, 0x0000000085a00000| Complete 
|  91|0x0000000085b00000, 0x0000000085c00000, 0x0000000085c00000|100%| S|CS|TAMS 0x0000000085b00000, 0x0000000085b00000| Complete 
|  92|0x0000000085c00000, 0x0000000085d00000, 0x0000000085d00000|100%| S|CS|TAMS 0x0000000085c00000, 0x0000000085c00000| Complete 
|  93|0x0000000085d00000, 0x0000000085e00000, 0x0000000085e00000|100%| S|CS|TAMS 0x0000000085d00000, 0x0000000085d00000| Complete 
|  94|0x0000000085e00000, 0x0000000085e00000, 0x0000000085f00000|  0%| F|  |TAMS 0x0000000085e00000, 0x0000000085e00000| Untracked 
|  95|0x0000000085f00000, 0x0000000085f00000, 0x0000000086000000|  0%| F|  |TAMS 0x0000000085f00000, 0x0000000085f00000| Untracked 
|  96|0x0000000086000000, 0x0000000086000000, 0x0000000086100000|  0%| F|  |TAMS 0x0000000086000000, 0x0000000086000000| Untracked 
|  97|0x0000000086100000, 0x0000000086100000, 0x0000000086200000|  0%| F|  |TAMS 0x0000000086100000, 0x0000000086100000| Untracked 
|  98|0x0000000086200000, 0x0000000086200000, 0x0000000086300000|  0%| F|  |TAMS 0x0000000086200000, 0x0000000086200000| Untracked 
|  99|0x0000000086300000, 0x0000000086300000, 0x0000000086400000|  0%| F|  |TAMS 0x0000000086300000, 0x0000000086300000| Untracked 
| 100|0x0000000086400000, 0x0000000086400000, 0x0000000086500000|  0%| F|  |TAMS 0x0000000086400000, 0x0000000086400000| Untracked 
| 101|0x0000000086500000, 0x0000000086500000, 0x0000000086600000|  0%| F|  |TAMS 0x0000000086500000, 0x0000000086500000| Untracked 
| 102|0x0000000086600000, 0x0000000086600000, 0x0000000086700000|  0%| F|  |TAMS 0x0000000086600000, 0x0000000086600000| Untracked 
| 103|0x0000000086700000, 0x0000000086700000, 0x0000000086800000|  0%| F|  |TAMS 0x0000000086700000, 0x0000000086700000| Untracked 
| 104|0x0000000086800000, 0x0000000086800000, 0x0000000086900000|  0%| F|  |TAMS 0x0000000086800000, 0x0000000086800000| Untracked 
| 105|0x0000000086900000, 0x0000000086900000, 0x0000000086a00000|  0%| F|  |TAMS 0x0000000086900000, 0x0000000086900000| Untracked 
| 106|0x0000000086a00000, 0x0000000086a00000, 0x0000000086b00000|  0%| F|  |TAMS 0x0000000086a00000, 0x0000000086a00000| Untracked 
| 107|0x0000000086b00000, 0x0000000086b00000, 0x0000000086c00000|  0%| F|  |TAMS 0x0000000086b00000, 0x0000000086b00000| Untracked 
| 108|0x0000000086c00000, 0x0000000086c00000, 0x0000000086d00000|  0%| F|  |TAMS 0x0000000086c00000, 0x0000000086c00000| Untracked 
| 109|0x0000000086d00000, 0x0000000086d00000, 0x0000000086e00000|  0%| F|  |TAMS 0x0000000086d00000, 0x0000000086d00000| Untracked 
| 110|0x0000000086e00000, 0x0000000086e00000, 0x0000000086f00000|  0%| F|  |TAMS 0x0000000086e00000, 0x0000000086e00000| Untracked 
| 111|0x0000000086f00000, 0x0000000086f00000, 0x0000000087000000|  0%| F|  |TAMS 0x0000000086f00000, 0x0000000086f00000| Untracked 
| 112|0x0000000087000000, 0x0000000087000000, 0x0000000087100000|  0%| F|  |TAMS 0x0000000087000000, 0x0000000087000000| Untracked 
| 113|0x0000000087100000, 0x0000000087100000, 0x0000000087200000|  0%| F|  |TAMS 0x0000000087100000, 0x0000000087100000| Untracked 
| 114|0x0000000087200000, 0x0000000087200000, 0x0000000087300000|  0%| F|  |TAMS 0x0000000087200000, 0x0000000087200000| Untracked 
| 115|0x0000000087300000, 0x0000000087300000, 0x0000000087400000|  0%| F|  |TAMS 0x0000000087300000, 0x0000000087300000| Untracked 
| 116|0x0000000087400000, 0x0000000087400000, 0x0000000087500000|  0%| F|  |TAMS 0x0000000087400000, 0x0000000087400000| Untracked 
| 117|0x0000000087500000, 0x0000000087500000, 0x0000000087600000|  0%| F|  |TAMS 0x0000000087500000, 0x0000000087500000| Untracked 
| 118|0x0000000087600000, 0x0000000087600000, 0x0000000087700000|  0%| F|  |TAMS 0x0000000087600000, 0x0000000087600000| Untracked 
| 119|0x0000000087700000, 0x0000000087700000, 0x0000000087800000|  0%| F|  |TAMS 0x0000000087700000, 0x0000000087700000| Untracked 
| 120|0x0000000087800000, 0x0000000087800000, 0x0000000087900000|  0%| F|  |TAMS 0x0000000087800000, 0x0000000087800000| Untracked 
| 121|0x0000000087900000, 0x0000000087900000, 0x0000000087a00000|  0%| F|  |TAMS 0x0000000087900000, 0x0000000087900000| Untracked 
| 122|0x0000000087a00000, 0x0000000087a00000, 0x0000000087b00000|  0%| F|  |TAMS 0x0000000087a00000, 0x0000000087a00000| Untracked 
| 123|0x0000000087b00000, 0x0000000087b00000, 0x0000000087c00000|  0%| F|  |TAMS 0x0000000087b00000, 0x0000000087b00000| Untracked 
| 124|0x0000000087c00000, 0x0000000087c00000, 0x0000000087d00000|  0%| F|  |TAMS 0x0000000087c00000, 0x0000000087c00000| Untracked 
| 125|0x0000000087d00000, 0x0000000087d00000, 0x0000000087e00000|  0%| F|  |TAMS 0x0000000087d00000, 0x0000000087d00000| Untracked 
| 126|0x0000000087e00000, 0x0000000087e00000, 0x0000000087f00000|  0%| F|  |TAMS 0x0000000087e00000, 0x0000000087e00000| Untracked 
| 127|0x0000000087f00000, 0x0000000087f00000, 0x0000000088000000|  0%| F|  |TAMS 0x0000000087f00000, 0x0000000087f00000| Untracked 
| 128|0x0000000088000000, 0x0000000088000000, 0x0000000088100000|  0%| F|  |TAMS 0x0000000088000000, 0x0000000088000000| Untracked 
| 129|0x0000000088100000, 0x0000000088100000, 0x0000000088200000|  0%| F|  |TAMS 0x0000000088100000, 0x0000000088100000| Untracked 
| 130|0x0000000088200000, 0x0000000088200000, 0x0000000088300000|  0%| F|  |TAMS 0x0000000088200000, 0x0000000088200000| Untracked 
| 131|0x0000000088300000, 0x0000000088300000, 0x0000000088400000|  0%| F|  |TAMS 0x0000000088300000, 0x0000000088300000| Untracked 
| 132|0x0000000088400000, 0x0000000088400000, 0x0000000088500000|  0%| F|  |TAMS 0x0000000088400000, 0x0000000088400000| Untracked 
| 133|0x0000000088500000, 0x0000000088500000, 0x0000000088600000|  0%| F|  |TAMS 0x0000000088500000, 0x0000000088500000| Untracked 
| 134|0x0000000088600000, 0x0000000088600000, 0x0000000088700000|  0%| F|  |TAMS 0x0000000088600000, 0x0000000088600000| Untracked 
| 135|0x0000000088700000, 0x0000000088700000, 0x0000000088800000|  0%| F|  |TAMS 0x0000000088700000, 0x0000000088700000| Untracked 
| 136|0x0000000088800000, 0x0000000088800000, 0x0000000088900000|  0%| F|  |TAMS 0x0000000088800000, 0x0000000088800000| Untracked 
| 137|0x0000000088900000, 0x0000000088900000, 0x0000000088a00000|  0%| F|  |TAMS 0x0000000088900000, 0x0000000088900000| Untracked 
| 138|0x0000000088a00000, 0x0000000088a00000, 0x0000000088b00000|  0%| F|  |TAMS 0x0000000088a00000, 0x0000000088a00000| Untracked 
| 139|0x0000000088b00000, 0x0000000088b00000, 0x0000000088c00000|  0%| F|  |TAMS 0x0000000088b00000, 0x0000000088b00000| Untracked 
| 140|0x0000000088c00000, 0x0000000088c00000, 0x0000000088d00000|  0%| F|  |TAMS 0x0000000088c00000, 0x0000000088c00000| Untracked 
| 141|0x0000000088d00000, 0x0000000088d00000, 0x0000000088e00000|  0%| F|  |TAMS 0x0000000088d00000, 0x0000000088d00000| Untracked 
| 142|0x0000000088e00000, 0x0000000088ebf768, 0x0000000088f00000| 74%| E|  |TAMS 0x0000000088e00000, 0x0000000088e00000| Complete 
| 143|0x0000000088f00000, 0x0000000089000000, 0x0000000089000000|100%| E|CS|TAMS 0x0000000088f00000, 0x0000000088f00000| Complete 
| 144|0x0000000089000000, 0x0000000089100000, 0x0000000089100000|100%| E|CS|TAMS 0x0000000089000000, 0x0000000089000000| Complete 
| 145|0x0000000089100000, 0x0000000089200000, 0x0000000089200000|100%| E|CS|TAMS 0x0000000089100000, 0x0000000089100000| Complete 
| 146|0x0000000089200000, 0x0000000089300000, 0x0000000089300000|100%| E|CS|TAMS 0x0000000089200000, 0x0000000089200000| Complete 
| 200|0x000000008c800000, 0x000000008c900000, 0x000000008c900000|100%| E|CS|TAMS 0x000000008c800000, 0x000000008c800000| Complete 
| 201|0x000000008c900000, 0x000000008ca00000, 0x000000008ca00000|100%| E|CS|TAMS 0x000000008c900000, 0x000000008c900000| Complete 
| 202|0x000000008ca00000, 0x000000008cb00000, 0x000000008cb00000|100%| E|CS|TAMS 0x000000008ca00000, 0x000000008ca00000| Complete 
| 203|0x000000008cb00000, 0x000000008cc00000, 0x000000008cc00000|100%| E|CS|TAMS 0x000000008cb00000, 0x000000008cb00000| Complete 
| 204|0x000000008cc00000, 0x000000008cd00000, 0x000000008cd00000|100%| E|CS|TAMS 0x000000008cc00000, 0x000000008cc00000| Complete 
| 205|0x000000008cd00000, 0x000000008ce00000, 0x000000008ce00000|100%| E|CS|TAMS 0x000000008cd00000, 0x000000008cd00000| Complete 
| 206|0x000000008ce00000, 0x000000008cf00000, 0x000000008cf00000|100%| E|CS|TAMS 0x000000008ce00000, 0x000000008ce00000| Complete 
| 207|0x000000008cf00000, 0x000000008d000000, 0x000000008d000000|100%| E|CS|TAMS 0x000000008cf00000, 0x000000008cf00000| Complete 
| 251|0x000000008fb00000, 0x000000008fc00000, 0x000000008fc00000|100%| E|CS|TAMS 0x000000008fb00000, 0x000000008fb00000| Complete 

Card table byte_map: [0x0000021c53100000,0x0000021c53500000] _byte_map_base: 0x0000021c52d00000

Marking Bits (Prev, Next): (CMBitMap*) 0x0000021c3fdd6c50, (CMBitMap*) 0x0000021c3fdd6c90
 Prev Bits: [0x0000021c53900000, 0x0000021c55900000)
 Next Bits: [0x0000021c55900000, 0x0000021c57900000)

Polling page: 0x0000021c3dc90000

Metaspace:

Usage:
  Non-class:     43.39 MB used.
      Class:      6.63 MB used.
       Both:     50.03 MB used.

Virtual space:
  Non-class space:       64.00 MB reserved,      43.62 MB ( 68%) committed,  1 nodes.
      Class space:        1.00 GB reserved,       6.88 MB ( <1%) committed,  1 nodes.
             Both:        1.06 GB reserved,      50.50 MB (  5%) committed. 

Chunk freelists:
   Non-Class:  4.17 MB
       Class:  9.17 MB
        Both:  13.34 MB

MaxMetaspaceSize: unlimited
CompressedClassSpaceSize: 1.00 GB
Initial GC threshold: 21.00 MB
Current GC threshold: 58.69 MB
CDS: off
MetaspaceReclaimPolicy: balanced
 - commit_granule_bytes: 65536.
 - commit_granule_words: 8192.
 - virtual_space_node_default_size: 8388608.
 - enlarge_chunks_in_place: 1.
 - new_chunks_are_fully_committed: 0.
 - uncommit_free_chunks: 1.
 - use_allocation_guard: 0.
 - handle_deallocations: 1.


Internal statistics:

num_allocs_failed_limit: 6.
num_arena_births: 418.
num_arena_deaths: 0.
num_vsnodes_births: 2.
num_vsnodes_deaths: 0.
num_space_committed: 808.
num_space_uncommitted: 0.
num_chunks_returned_to_freelist: 6.
num_chunks_taken_from_freelist: 2015.
num_chunk_merges: 6.
num_chunk_splits: 1312.
num_chunks_enlarged: 906.
num_inconsistent_stats: 0.

CodeHeap 'non-profiled nmethods': size=119168Kb used=2861Kb max_used=2861Kb free=116306Kb
 bounds [0x0000021c4ade0000, 0x0000021c4b0b0000, 0x0000021c52240000]
CodeHeap 'profiled nmethods': size=119104Kb used=11452Kb max_used=11452Kb free=107651Kb
 bounds [0x0000021c43240000, 0x0000021c43d70000, 0x0000021c4a690000]
CodeHeap 'non-nmethods': size=7488Kb used=4000Kb max_used=4059Kb free=3488Kb
 bounds [0x0000021c4a690000, 0x0000021c4aa90000, 0x0000021c4ade0000]
 total_blobs=6189 nmethods=5361 adapters=737
 compilation: enabled
              stopped_count=0, restarted_count=0
 full_count=0

Compilation events (20 events):
Event: 6.169 Thread 0x0000021c5b418290 nmethod 5292 0x0000021c4b0aa510 code [0x0000021c4b0aa6a0, 0x0000021c4b0aaa18]
Event: 6.169 Thread 0x0000021c5b418290 5453       4       org.objectweb.asm.Type::getArgumentsAndReturnSizes (140 bytes)
Event: 6.177 Thread 0x0000021c5b418290 nmethod 5453 0x0000021c4b0aac10 code [0x0000021c4b0aada0, 0x0000021c4b0ab2f8]
Event: 6.177 Thread 0x0000021c5b418290 5418       4       org.objectweb.asm.SymbolTable::addConstantMemberReference (147 bytes)
Event: 6.214 Thread 0x0000021c5ae95660 5480       2       com.google.common.collect.AbstractIterator::hasNext (65 bytes)
Event: 6.214 Thread 0x0000021c5ae95660 nmethod 5480 0x0000021c43d6a090 code [0x0000021c43d6a260, 0x0000021c43d6a4f8]
Event: 6.228 Thread 0x0000021c5ae95660 5483 %     3       org.objectweb.asm.SymbolTable::addConstantUtf8 @ 12 (98 bytes)
Event: 6.229 Thread 0x0000021c5ae95660 nmethod 5483% 0x0000021c43d6a690 code [0x0000021c43d6a8c0, 0x0000021c43d6af78]
Event: 6.230 Thread 0x0000021c5ad2b1b0 5484       3       org.objectweb.asm.SymbolTable::addConstantUtf8 (98 bytes)
Event: 6.230 Thread 0x0000021c5ad2b1b0 nmethod 5484 0x0000021c43d6b310 code [0x0000021c43d6b540, 0x0000021c43d6bb18]
Event: 6.241 Thread 0x0000021c5ae95150 5486       2       org.objectweb.asm.ClassReader::readLong (29 bytes)
Event: 6.241 Thread 0x0000021c60448fd0 5487       2       org.objectweb.asm.SymbolTable::addConstantLongOrDouble (109 bytes)
Event: 6.241 Thread 0x0000021c5ae95660 5488       2       org.objectweb.asm.SymbolTable::hash (14 bytes)
Event: 6.242 Thread 0x0000021c5ae95150 nmethod 5486 0x0000021c43d6be90 code [0x0000021c43d6c040, 0x0000021c43d6c1d8]
Event: 6.242 Thread 0x0000021c5ae95660 nmethod 5488 0x0000021c43d6c310 code [0x0000021c43d6c4a0, 0x0000021c43d6c598]
Event: 6.242 Thread 0x0000021c60448fd0 nmethod 5487 0x0000021c43d6c610 code [0x0000021c43d6c800, 0x0000021c43d6cb88]
Event: 6.257 Thread 0x0000021c60448fd0 5492       2       org.objectweb.asm.Type::getObjectType (31 bytes)
Event: 6.257 Thread 0x0000021c60448fd0 nmethod 5492 0x0000021c43d6ce10 code [0x0000021c43d6cfc0, 0x0000021c43d6d2d8]
Event: 6.281 Thread 0x0000021c60448fd0 5495 %     3       org.objectweb.asm.MethodWriter::computeMaxStackAndLocal @ 25 (420 bytes)
Event: 6.283 Thread 0x0000021c60448fd0 nmethod 5495% 0x0000021c43d6d510 code [0x0000021c43d6d7c0, 0x0000021c43d6e808]

GC Heap History (20 events):
Event: 0.880 GC heap before
{Heap before GC invocations=0 (full 0):
 garbage-first heap   total 258048K, used 28672K [0x0000000080000000, 0x0000000100000000)
  region size 1024K, 23 young (23552K), 0 survivors (0K)
 Metaspace       used 10293K, committed 10496K, reserved 1114112K
  class space    used 1061K, committed 1152K, reserved 1048576K
}
Event: 0.902 GC heap after
{Heap after GC invocations=1 (full 0):
 garbage-first heap   total 258048K, used 9009K [0x0000000080000000, 0x0000000100000000)
  region size 1024K, 3 young (3072K), 3 survivors (3072K)
 Metaspace       used 10293K, committed 10496K, reserved 1114112K
  class space    used 1061K, committed 1152K, reserved 1048576K
}
Event: 1.268 GC heap before
{Heap before GC invocations=1 (full 0):
 garbage-first heap   total 258048K, used 36657K [0x0000000080000000, 0x0000000100000000)
  region size 1024K, 29 young (29696K), 3 survivors (3072K)
 Metaspace       used 11227K, committed 11392K, reserved 1114112K
  class space    used 1165K, committed 1280K, reserved 1048576K
}
Event: 1.277 GC heap after
{Heap after GC invocations=2 (full 0):
 garbage-first heap   total 258048K, used 11807K [0x0000000080000000, 0x0000000100000000)
  region size 1024K, 3 young (3072K), 3 survivors (3072K)
 Metaspace       used 11227K, committed 11392K, reserved 1114112K
  class space    used 1165K, committed 1280K, reserved 1048576K
}
Event: 2.411 GC heap before
{Heap before GC invocations=2 (full 0):
 garbage-first heap   total 258048K, used 51743K [0x0000000080000000, 0x0000000100000000)
  region size 1024K, 44 young (45056K), 3 survivors (3072K)
 Metaspace       used 21247K, committed 21504K, reserved 1114112K
  class space    used 2562K, committed 2688K, reserved 1048576K
}
Event: 2.434 GC heap after
{Heap after GC invocations=3 (full 0):
 garbage-first heap   total 258048K, used 17153K [0x0000000080000000, 0x0000000100000000)
  region size 1024K, 8 young (8192K), 8 survivors (8192K)
 Metaspace       used 21247K, committed 21504K, reserved 1114112K
  class space    used 2562K, committed 2688K, reserved 1048576K
}
Event: 2.994 GC heap before
{Heap before GC invocations=4 (full 0):
 garbage-first heap   total 61440K, used 44801K [0x0000000080000000, 0x0000000100000000)
  region size 1024K, 36 young (36864K), 8 survivors (8192K)
 Metaspace       used 25962K, committed 26240K, reserved 1114112K
  class space    used 3388K, committed 3520K, reserved 1048576K
}
Event: 3.017 GC heap after
{Heap after GC invocations=5 (full 0):
 garbage-first heap   total 61440K, used 19034K [0x0000000080000000, 0x0000000100000000)
  region size 1024K, 2 young (2048K), 2 survivors (2048K)
 Metaspace       used 25962K, committed 26240K, reserved 1114112K
  class space    used 3388K, committed 3520K, reserved 1048576K
}
Event: 3.043 GC heap before
{Heap before GC invocations=5 (full 0):
 garbage-first heap   total 61440K, used 20058K [0x0000000080000000, 0x0000000100000000)
  region size 1024K, 3 young (3072K), 2 survivors (2048K)
 Metaspace       used 26079K, committed 26432K, reserved 1114112K
  class space    used 3408K, committed 3584K, reserved 1048576K
}
Event: 3.046 GC heap after
{Heap after GC invocations=6 (full 0):
 garbage-first heap   total 159744K, used 19451K [0x0000000080000000, 0x0000000100000000)
  region size 1024K, 1 young (1024K), 1 survivors (1024K)
 Metaspace       used 26079K, committed 26432K, reserved 1114112K
  class space    used 3408K, committed 3584K, reserved 1048576K
}
Event: 4.415 GC heap before
{Heap before GC invocations=6 (full 0):
 garbage-first heap   total 159744K, used 110587K [0x0000000080000000, 0x0000000100000000)
  region size 1024K, 71 young (72704K), 1 survivors (1024K)
 Metaspace       used 35644K, committed 35968K, reserved 1114112K
  class space    used 4956K, committed 5120K, reserved 1048576K
}
Event: 4.422 GC heap after
{Heap after GC invocations=7 (full 0):
 garbage-first heap   total 159744K, used 48378K [0x0000000080000000, 0x0000000100000000)
  region size 1024K, 8 young (8192K), 8 survivors (8192K)
 Metaspace       used 35644K, committed 35968K, reserved 1114112K
  class space    used 4956K, committed 5120K, reserved 1048576K
}
Event: 5.306 GC heap before
{Heap before GC invocations=8 (full 0):
 garbage-first heap   total 159744K, used 110842K [0x0000000080000000, 0x0000000100000000)
  region size 1024K, 67 young (68608K), 8 survivors (8192K)
 Metaspace       used 45742K, committed 46144K, reserved 1114112K
  class space    used 6103K, committed 6272K, reserved 1048576K
}
Event: 5.312 GC heap after
{Heap after GC invocations=9 (full 0):
 garbage-first heap   total 159744K, used 54474K [0x0000000080000000, 0x0000000100000000)
  region size 1024K, 7 young (7168K), 7 survivors (7168K)
 Metaspace       used 45742K, committed 46144K, reserved 1114112K
  class space    used 6103K, committed 6272K, reserved 1048576K
}
Event: 5.321 GC heap before
{Heap before GC invocations=9 (full 0):
 garbage-first heap   total 159744K, used 55498K [0x0000000080000000, 0x0000000100000000)
  region size 1024K, 8 young (8192K), 7 survivors (7168K)
 Metaspace       used 45753K, committed 46144K, reserved 1114112K
  class space    used 6103K, committed 6272K, reserved 1048576K
}
Event: 5.325 GC heap after
{Heap after GC invocations=10 (full 0):
 garbage-first heap   total 159744K, used 54444K [0x0000000080000000, 0x0000000100000000)
  region size 1024K, 1 young (1024K), 1 survivors (1024K)
 Metaspace       used 45753K, committed 46144K, reserved 1114112K
  class space    used 6103K, committed 6272K, reserved 1048576K
}
Event: 6.052 GC heap before
{Heap before GC invocations=10 (full 0):
 garbage-first heap   total 159744K, used 115884K [0x0000000080000000, 0x0000000100000000)
  region size 1024K, 58 young (59392K), 1 survivors (1024K)
 Metaspace       used 51077K, committed 51584K, reserved 1114112K
  class space    used 6792K, committed 7040K, reserved 1048576K
}
Event: 6.055 GC heap after
{Heap after GC invocations=11 (full 0):
 garbage-first heap   total 159744K, used 59945K [0x0000000080000000, 0x0000000100000000)
  region size 1024K, 4 young (4096K), 4 survivors (4096K)
 Metaspace       used 51077K, committed 51584K, reserved 1114112K
  class space    used 6792K, committed 7040K, reserved 1048576K
}
Event: 6.271 GC heap before
{Heap before GC invocations=11 (full 0):
 garbage-first heap   total 159744K, used 120361K [0x0000000080000000, 0x0000000100000000)
  region size 1024K, 62 young (63488K), 4 survivors (4096K)
 Metaspace       used 51228K, committed 51712K, reserved 1114112K
  class space    used 6793K, committed 7040K, reserved 1048576K
}
Event: 6.274 GC heap after
{Heap after GC invocations=12 (full 0):
 garbage-first heap   total 159744K, used 59968K [0x0000000080000000, 0x0000000100000000)
  region size 1024K, 4 young (4096K), 4 survivors (4096K)
 Metaspace       used 51228K, committed 51712K, reserved 1114112K
  class space    used 6793K, committed 7040K, reserved 1048576K
}

Dll operation events (2 events):
Event: 0.009 Loaded shared library C:\Program Files\Android\Android Studio\jbr\bin\java.dll
Event: 0.526 Loaded shared library C:\Program Files\Android\Android Studio\jbr\bin\verify.dll

Deoptimization events (20 events):
Event: 6.096 Thread 0x0000021c616d1310 DEOPT PACKING pc=0x0000021c43d02b34 sp=0x0000007517dfe660
Event: 6.096 Thread 0x0000021c616d1310 DEOPT UNPACKING pc=0x0000021c4a6e7143 sp=0x0000007517dfdb78 mode 0
Event: 6.099 Thread 0x0000021c61e07120 DEOPT PACKING pc=0x0000021c43d02b34 sp=0x0000007518bfdb40
Event: 6.099 Thread 0x0000021c61e07120 DEOPT UNPACKING pc=0x0000021c4a6e7143 sp=0x0000007518bfd058 mode 0
Event: 6.107 Thread 0x0000021c616d1310 DEOPT PACKING pc=0x0000021c43d02b34 sp=0x0000007517dfe010
Event: 6.107 Thread 0x0000021c616d1310 DEOPT UNPACKING pc=0x0000021c4a6e7143 sp=0x0000007517dfd528 mode 0
Event: 6.108 Thread 0x0000021c61e07120 DEOPT PACKING pc=0x0000021c43d02b34 sp=0x0000007518bfe190
Event: 6.108 Thread 0x0000021c61e07120 DEOPT UNPACKING pc=0x0000021c4a6e7143 sp=0x0000007518bfd6a8 mode 0
Event: 6.110 Thread 0x0000021c616d1310 DEOPT PACKING pc=0x0000021c43d02b34 sp=0x0000007517dfe660
Event: 6.110 Thread 0x0000021c616d1310 DEOPT UNPACKING pc=0x0000021c4a6e7143 sp=0x0000007517dfdb78 mode 0
Event: 6.120 Thread 0x0000021c616d1310 DEOPT PACKING pc=0x0000021c43d02b34 sp=0x0000007517dfe010
Event: 6.120 Thread 0x0000021c616d1310 DEOPT UNPACKING pc=0x0000021c4a6e7143 sp=0x0000007517dfd528 mode 0
Event: 6.140 Thread 0x0000021c61e07120 Uncommon trap: trap_request=0xffffff45 fr.pc=0x0000021c4b0a1258 relative=0x0000000000001238
Event: 6.140 Thread 0x0000021c61e07120 Uncommon trap: reason=unstable_if action=reinterpret pc=0x0000021c4b0a1258 method=org.objectweb.asm.SymbolTable.addConstantUtf8(Ljava/lang/String;)I @ 40 c2
Event: 6.140 Thread 0x0000021c61e07120 DEOPT PACKING pc=0x0000021c4b0a1258 sp=0x0000007518bfda90
Event: 6.140 Thread 0x0000021c61e07120 DEOPT UNPACKING pc=0x0000021c4a6e69a3 sp=0x0000007518bfda90 mode 2
Event: 6.154 Thread 0x0000021c616d1310 Uncommon trap: trap_request=0xffffff45 fr.pc=0x0000021c4b098d74 relative=0x0000000000000d34
Event: 6.154 Thread 0x0000021c616d1310 Uncommon trap: reason=unstable_if action=reinterpret pc=0x0000021c4b098d74 method=org.gradle.api.internal.file.archive.impl.FileZipInput$1.computeNext()Lorg/gradle/api/internal/file/archive/ZipEntry; @ 12 c2
Event: 6.154 Thread 0x0000021c616d1310 DEOPT PACKING pc=0x0000021c4b098d74 sp=0x0000007517dfebe0
Event: 6.154 Thread 0x0000021c616d1310 DEOPT UNPACKING pc=0x0000021c4a6e69a3 sp=0x0000007517dfead0 mode 2

Classes unloaded (0 events):
No events

Classes redefined (0 events):
No events

Internal exceptions (20 events):
Event: 5.735 Thread 0x0000021c616d0970 Exception <a 'java/lang/ClassNotFoundException'{0x0000000087eea280}: org/gradle/internal/metaobject/ConfigureDelegateBeanInfo> (0x0000000087eea280) 
thrown [s\src\hotspot\share\classfile\systemDictionary.cpp, line 256]
Event: 5.735 Thread 0x0000021c616d0970 Exception <a 'java/lang/ClassNotFoundException'{0x0000000087ef9f30}: org/gradle/internal/metaobject/ConfigureDelegateCustomizer> (0x0000000087ef9f30) 
thrown [s\src\hotspot\share\classfile\systemDictionary.cpp, line 256]
Event: 5.741 Thread 0x0000021c616d0970 Exception <a 'java/lang/ClassNotFoundException'{0x0000000087d52510}: org/gradle/api/internal/initialization/DefaultScriptHandlerBeanInfo> (0x0000000087d52510) 
thrown [s\src\hotspot\share\classfile\systemDictionary.cpp, line 256]
Event: 5.741 Thread 0x0000021c616d0970 Exception <a 'java/lang/ClassNotFoundException'{0x0000000087d62a50}: org/gradle/api/internal/initialization/DefaultScriptHandlerCustomizer> (0x0000000087d62a50) 
thrown [s\src\hotspot\share\classfile\systemDictionary.cpp, line 256]
Event: 5.838 Thread 0x0000021c616d0970 Implicit null exception at 0x0000021c4afd65ec to 0x0000021c4afd6690
Event: 5.842 Thread 0x0000021c616d0970 Exception <a 'java/lang/ClassNotFoundException'{0x00000000877bacd0}: org/gradle/api/internal/artifacts/dsl/dependencies/DefaultDependencyHandler_DecoratedBeanInfo> (0x00000000877bacd0) 
thrown [s\src\hotspot\share\classfile\systemDictionary.cpp, line 256]
Event: 5.843 Thread 0x0000021c616d0970 Exception <a 'java/lang/ClassNotFoundException'{0x00000000877d02a8}: org/gradle/api/internal/artifacts/dsl/dependencies/DefaultDependencyHandlerBeanInfo> (0x00000000877d02a8) 
thrown [s\src\hotspot\share\classfile\systemDictionary.cpp, line 256]
Event: 5.843 Thread 0x0000021c616d0970 Exception <a 'java/lang/ClassNotFoundException'{0x00000000877e52f0}: org/gradle/api/internal/artifacts/dsl/dependencies/DefaultDependencyHandlerCustomizer> (0x00000000877e52f0) 
thrown [s\src\hotspot\share\classfile\systemDictionary.cpp, line 256]
Event: 5.846 Thread 0x0000021c616d0970 Exception <a 'java/lang/ClassNotFoundException'{0x0000000087625a88}: org/gradle/api/internal/artifacts/dsl/dependencies/DefaultDependencyHandler_DecoratedCustomizer> (0x0000000087625a88) 
thrown [s\src\hotspot\share\classfile\systemDictionary.cpp, line 256]
Event: 5.848 Thread 0x0000021c616d0970 Exception <a 'java/lang/ClassNotFoundException'{0x0000000087667030}: sync_studio_tooling8665_am79wbbe84pe4dspd8sk8izy5$_run_closure1BeanInfo> (0x0000000087667030) 
thrown [s\src\hotspot\share\classfile\systemDictionary.cpp, line 256]
Event: 5.848 Thread 0x0000021c616d0970 Exception <a 'java/lang/ClassNotFoundException'{0x000000008766e048}: sync_studio_tooling8665_am79wbbe84pe4dspd8sk8izy5$_run_closure1Customizer> (0x000000008766e048) 
thrown [s\src\hotspot\share\classfile\systemDictionary.cpp, line 256]
Event: 5.884 Thread 0x0000021c616d0970 Exception <a 'java/lang/NoSuchMethodError'{0x000000008747bee8}: 'java.lang.Object java.lang.invoke.DirectMethodHandle$Holder.newInvokeSpecial(java.lang.Object, int, java.lang.Object)'> (0x000000008747bee8) 
thrown [s\src\hotspot\share\interpreter\linkResolver.cpp, line 771]
Event: 5.942 Thread 0x0000021c616d0970 Exception <a 'java/lang/IncompatibleClassChangeError'{0x0000000086f04930}: Found class java.lang.Object, but interface was expected> (0x0000000086f04930) 
thrown [s\src\hotspot\share\interpreter\linkResolver.cpp, line 838]
Event: 5.943 Thread 0x0000021c616d0970 Exception <a 'java/lang/NoSuchMethodError'{0x0000000086f0c360}: 'int java.lang.invoke.DirectMethodHandle$Holder.invokeSpecialIFC(java.lang.Object, java.lang.Object, java.lang.Object, java.lang.Object, java.lang.Object)'> (0x0000000086f0c360) 
thrown [s\src\hotspot\share\interpreter\linkResolver.cpp, line 771]
Event: 6.010 Thread 0x0000021c616d0970 Exception <a 'java/lang/NoSuchMethodError'{0x0000000086a0c8c8}: 'int java.lang.invoke.DirectMethodHandle$Holder.invokeStatic(java.lang.Object)'> (0x0000000086a0c8c8) 
thrown [s\src\hotspot\share\interpreter\linkResolver.cpp, line 771]
Event: 6.011 Thread 0x0000021c616d0970 Exception <a 'java/lang/NoSuchMethodError'{0x0000000086a10cb8}: 'int java.lang.invoke.DirectMethodHandle$Holder.invokeStaticInit(java.lang.Object)'> (0x0000000086a10cb8) 
thrown [s\src\hotspot\share\interpreter\linkResolver.cpp, line 771]
Event: 6.018 Thread 0x0000021c616d1310 Exception <a 'sun/nio/fs/WindowsException'{0x0000000086ad7298}> (0x0000000086ad7298) 
thrown [s\src\hotspot\share\prims\jni.cpp, line 517]
Event: 6.028 Thread 0x0000021c61e07120 Exception <a 'sun/nio/fs/WindowsException'{0x000000008657afc8}> (0x000000008657afc8) 
thrown [s\src\hotspot\share\prims\jni.cpp, line 517]
Event: 6.157 Thread 0x0000021c616d1310 Exception <a 'sun/nio/fs/WindowsException'{0x00000000878416c8}> (0x00000000878416c8) 
thrown [s\src\hotspot\share\prims\jni.cpp, line 517]
Event: 6.158 Thread 0x0000021c616d1310 Exception <a 'sun/nio/fs/WindowsException'{0x0000000087841858}> (0x0000000087841858) 
thrown [s\src\hotspot\share\prims\jni.cpp, line 517]

VM Operations (20 events):
Event: 5.605 Executing VM operation: ICBufferFull
Event: 5.605 Executing VM operation: ICBufferFull done
Event: 5.654 Executing VM operation: HandshakeAllThreads
Event: 5.654 Executing VM operation: HandshakeAllThreads done
Event: 5.675 Executing VM operation: HandshakeAllThreads
Event: 5.675 Executing VM operation: HandshakeAllThreads done
Event: 5.707 Executing VM operation: HandshakeAllThreads
Event: 5.707 Executing VM operation: HandshakeAllThreads done
Event: 5.812 Executing VM operation: HandshakeAllThreads
Event: 5.812 Executing VM operation: HandshakeAllThreads done
Event: 5.827 Executing VM operation: HandshakeAllThreads
Event: 5.827 Executing VM operation: HandshakeAllThreads done
Event: 5.828 Executing VM operation: HandshakeAllThreads
Event: 5.828 Executing VM operation: HandshakeAllThreads done
Event: 5.843 Executing VM operation: ICBufferFull
Event: 5.844 Executing VM operation: ICBufferFull done
Event: 6.052 Executing VM operation: G1CollectForAllocation
Event: 6.056 Executing VM operation: G1CollectForAllocation done
Event: 6.271 Executing VM operation: G1CollectForAllocation
Event: 6.274 Executing VM operation: G1CollectForAllocation done

Events (20 events):
Event: 5.690 loading class java/util/zip/Deflater$DeflaterZStreamRef
Event: 5.690 loading class java/util/zip/Deflater$DeflaterZStreamRef done
Event: 5.695 loading class java/nio/channels/Channels
Event: 5.696 loading class java/nio/channels/Channels done
Event: 5.696 loading class sun/nio/ch/ChannelInputStream
Event: 5.696 loading class sun/nio/ch/ChannelInputStream done
Event: 5.719 loading class java/nio/file/StandardCopyOption
Event: 5.719 loading class java/nio/file/StandardCopyOption done
Event: 5.719 loading class sun/nio/fs/WindowsFileCopy
Event: 5.720 loading class sun/nio/fs/WindowsFileCopy done
Event: 5.942 loading class java/util/Collections$ReverseComparator
Event: 5.942 loading class java/util/Collections$ReverseComparator done
Event: 5.942 loading class java/util/Comparators$NaturalOrderComparator
Event: 5.942 loading class java/util/Comparators$NaturalOrderComparator done
Event: 5.942 loading class java/util/Collections$ReverseComparator2
Event: 5.942 loading class java/util/Collections$ReverseComparator2 done
Event: 5.983 loading class java/io/DeleteOnExitHook
Event: 5.983 loading class java/io/DeleteOnExitHook done
Event: 5.983 loading class java/io/DeleteOnExitHook$1
Event: 5.983 loading class java/io/DeleteOnExitHook$1 done


Dynamic libraries:
0x00007ff793320000 - 0x00007ff79332a000 	C:\Program Files\Android\Android Studio\jbr\bin\java.exe
0x00007ffdc6490000 - 0x00007ffdc66a7000 	C:\Windows\SYSTEM32\ntdll.dll
0x00007ffdc4830000 - 0x00007ffdc48f4000 	C:\Windows\System32\KERNEL32.DLL
0x00007ffdc3a90000 - 0x00007ffdc3e36000 	C:\Windows\System32\KERNELBASE.dll
0x00007ffdbc7d0000 - 0x00007ffdbc867000 	C:\Windows\SYSTEM32\apphelp.dll
0x00007ffdc3e70000 - 0x00007ffdc3f81000 	C:\Windows\System32\ucrtbase.dll
0x00007ffdabd40000 - 0x00007ffdabd57000 	C:\Program Files\Android\Android Studio\jbr\bin\jli.dll
0x00007ffd82cc0000 - 0x00007ffd82cdb000 	C:\Program Files\Android\Android Studio\jbr\bin\VCRUNTIME140.dll
0x00007ffdc5f40000 - 0x00007ffdc60ee000 	C:\Windows\System32\USER32.dll
0x00007ffdc3e40000 - 0x00007ffdc3e66000 	C:\Windows\System32\win32u.dll
0x00007ffda5280000 - 0x00007ffda5513000 	C:\Windows\WinSxS\amd64_microsoft.windows.common-controls_6595b64144ccf1df_6.0.22621.2506_none_270c5ae97388e100\COMCTL32.dll
0x00007ffdc4450000 - 0x00007ffdc4479000 	C:\Windows\System32\GDI32.dll
0x00007ffdc49e0000 - 0x00007ffdc4a87000 	C:\Windows\System32\msvcrt.dll
0x00007ffdc3970000 - 0x00007ffdc3a88000 	C:\Windows\System32\gdi32full.dll
0x00007ffdc4140000 - 0x00007ffdc41da000 	C:\Windows\System32\msvcp_win.dll
0x00007ffdc4a90000 - 0x00007ffdc4ac1000 	C:\Windows\System32\IMM32.DLL
0x00007ffdae9e0000 - 0x00007ffdae9ec000 	C:\Program Files\Android\Android Studio\jbr\bin\vcruntime140_1.dll
0x00007ffd764b0000 - 0x00007ffd7653d000 	C:\Program Files\Android\Android Studio\jbr\bin\msvcp140.dll
0x00007ffd1f140000 - 0x00007ffd1fdc0000 	C:\Program Files\Android\Android Studio\jbr\bin\server\jvm.dll
0x00007ffdc4900000 - 0x00007ffdc49b1000 	C:\Windows\System32\ADVAPI32.dll
0x00007ffdc41e0000 - 0x00007ffdc4285000 	C:\Windows\System32\sechost.dll
0x00007ffdc4290000 - 0x00007ffdc43a7000 	C:\Windows\System32\RPCRT4.dll
0x00007ffdbb420000 - 0x00007ffdbb429000 	C:\Windows\SYSTEM32\WSOCK32.dll
0x00007ffdadc20000 - 0x00007ffdadc2a000 	C:\Windows\SYSTEM32\VERSION.dll
0x00007ffdbd510000 - 0x00007ffdbd544000 	C:\Windows\SYSTEM32\WINMM.dll
0x00007ffdc43c0000 - 0x00007ffdc4431000 	C:\Windows\System32\WS2_32.dll
0x00007ffdc28f0000 - 0x00007ffdc2908000 	C:\Windows\SYSTEM32\kernel.appcore.dll
0x00007ffdbb410000 - 0x00007ffdbb41a000 	C:\Program Files\Android\Android Studio\jbr\bin\jimage.dll
0x00007ffdc10b0000 - 0x00007ffdc12e3000 	C:\Windows\SYSTEM32\DBGHELP.DLL
0x00007ffdc5a60000 - 0x00007ffdc5de9000 	C:\Windows\System32\combase.dll
0x00007ffdc4640000 - 0x00007ffdc4717000 	C:\Windows\System32\OLEAUT32.dll
0x00007ffd896e0000 - 0x00007ffd89712000 	C:\Windows\SYSTEM32\dbgcore.DLL
0x00007ffdc4050000 - 0x00007ffdc40ca000 	C:\Windows\System32\bcryptPrimitives.dll
0x00007ffdb9320000 - 0x00007ffdb9345000 	C:\Program Files\Android\Android Studio\jbr\bin\java.dll
0x00007ffdaea40000 - 0x00007ffdaea58000 	C:\Program Files\Android\Android Studio\jbr\bin\zip.dll
0x00007ffdc4ad0000 - 0x00007ffdc532a000 	C:\Windows\System32\SHELL32.dll
0x00007ffdc16e0000 - 0x00007ffdc1fd6000 	C:\Windows\SYSTEM32\windows.storage.dll
0x00007ffdc15a0000 - 0x00007ffdc16de000 	C:\Windows\SYSTEM32\wintypes.dll
0x00007ffdc58b0000 - 0x00007ffdc59a3000 	C:\Windows\System32\SHCORE.dll
0x00007ffdc45d0000 - 0x00007ffdc462e000 	C:\Windows\System32\shlwapi.dll
0x00007ffdc3730000 - 0x00007ffdc3756000 	C:\Windows\SYSTEM32\profapi.dll
0x00007ffdae7b0000 - 0x00007ffdae7c9000 	C:\Program Files\Android\Android Studio\jbr\bin\net.dll
0x00007ffdbbc30000 - 0x00007ffdbbd67000 	C:\Windows\SYSTEM32\WINHTTP.dll
0x00007ffdc2d70000 - 0x00007ffdc2dd9000 	C:\Windows\system32\mswsock.dll
0x00007ffdadde0000 - 0x00007ffdaddf6000 	C:\Program Files\Android\Android Studio\jbr\bin\nio.dll
0x00007ffdbb400000 - 0x00007ffdbb410000 	C:\Program Files\Android\Android Studio\jbr\bin\verify.dll
0x00007ffda92c0000 - 0x00007ffda92e7000 	C:\Users\Svetl\.gradle\native\e1d6ef7f7dcc3fd88c89a11ec53ec762bb8ba0a96d01ffa2cd45eb1d1d8dd5c5\windows-amd64\native-platform.dll
0x00007ffd70990000 - 0x00007ffd70ad4000 	C:\Users\Svetl\.gradle\native\0d407fdbe67a94daf76414ababcb853783967236a71b16ec16e742cd7a986fd3\windows-amd64\native-platform-file-events.dll
0x00007ffdba6d0000 - 0x00007ffdba6d9000 	C:\Program Files\Android\Android Studio\jbr\bin\management.dll
0x00007ffdb9190000 - 0x00007ffdb919b000 	C:\Program Files\Android\Android Studio\jbr\bin\management_ext.dll
0x00007ffdc4550000 - 0x00007ffdc4558000 	C:\Windows\System32\PSAPI.DLL
0x00007ffdc2fc0000 - 0x00007ffdc2fdb000 	C:\Windows\SYSTEM32\CRYPTSP.dll
0x00007ffdc2850000 - 0x00007ffdc2885000 	C:\Windows\system32\rsaenh.dll
0x00007ffdc2e60000 - 0x00007ffdc2e8c000 	C:\Windows\SYSTEM32\USERENV.dll
0x00007ffdc3190000 - 0x00007ffdc31b8000 	C:\Windows\SYSTEM32\bcrypt.dll
0x00007ffdc2fe0000 - 0x00007ffdc2fec000 	C:\Windows\SYSTEM32\CRYPTBASE.dll
0x00007ffdc2300000 - 0x00007ffdc232d000 	C:\Windows\SYSTEM32\IPHLPAPI.DLL
0x00007ffdc43b0000 - 0x00007ffdc43b9000 	C:\Windows\System32\NSI.dll
0x00007ffdba580000 - 0x00007ffdba599000 	C:\Windows\SYSTEM32\dhcpcsvc6.DLL
0x00007ffdba460000 - 0x00007ffdba47f000 	C:\Windows\SYSTEM32\dhcpcsvc.DLL
0x00007ffdc2330000 - 0x00007ffdc2429000 	C:\Windows\SYSTEM32\DNSAPI.dll
0x00007ffd80fb0000 - 0x00007ffd80fb8000 	C:\Windows\system32\wshunix.dll

dbghelp: loaded successfully - version: 4.0.5 - missing functions: none
symbol engine: initialized successfully - sym options: 0x614 - pdb path: .;C:\Program Files\Android\Android Studio\jbr\bin;C:\Windows\SYSTEM32;C:\Windows\WinSxS\amd64_microsoft.windows.common-controls_6595b64144ccf1df_6.0.22621.2506_none_270c5ae97388e100;C:\Program Files\Android\Android Studio\jbr\bin\server;C:\Users\Svetl\.gradle\native\e1d6ef7f7dcc3fd88c89a11ec53ec762bb8ba0a96d01ffa2cd45eb1d1d8dd5c5\windows-amd64;C:\Users\Svetl\.gradle\native\0d407fdbe67a94daf76414ababcb853783967236a71b16ec16e742cd7a986fd3\windows-amd64

VM Arguments:
jvm_args: --add-opens=java.base/java.util=ALL-UNNAMED --add-opens=java.base/java.lang=ALL-UNNAMED --add-opens=java.base/java.lang.invoke=ALL-UNNAMED --add-opens=java.base/java.util=ALL-UNNAMED --add-opens=java.prefs/java.util.prefs=ALL-UNNAMED --add-opens=java.prefs/java.util.prefs=ALL-UNNAMED --add-opens=java.base/java.nio.charset=ALL-UNNAMED --add-opens=java.base/java.net=ALL-UNNAMED --add-opens=java.base/java.util.concurrent.atomic=ALL-UNNAMED -Xmx2048m -Dfile.encoding=UTF-8 -Duser.country=RU -Duser.language=ru -Duser.variant 
java_command: org.gradle.launcher.daemon.bootstrap.GradleDaemon 7.5
java_class_path (initial): C:\Users\Svetl\.gradle\wrapper\dists\gradle-7.5-bin\f1w0cc9nuo0eivz97x2xlu9sv\gradle-7.5\lib\gradle-launcher-7.5.jar
Launcher Type: SUN_STANDARD

[Global flags]
     intx CICompilerCount                          = 12                                        {product} {ergonomic}
     uint ConcGCThreads                            = 4                                         {product} {ergonomic}
     uint G1ConcRefinementThreads                  = 15                                        {product} {ergonomic}
   size_t G1HeapRegionSize                         = 1048576                                   {product} {ergonomic}
    uintx GCDrainStackTargetSize                   = 64                                        {product} {ergonomic}
   size_t InitialHeapSize                          = 264241152                                 {product} {ergonomic}
   size_t MarkStackSize                            = 4194304                                   {product} {ergonomic}
   size_t MaxHeapSize                              = 2147483648                                {product} {command line}
   size_t MaxNewSize                               = 1287651328                                {product} {ergonomic}
   size_t MinHeapDeltaBytes                        = 1048576                                   {product} {ergonomic}
   size_t MinHeapSize                              = 8388608                                   {product} {ergonomic}
    uintx NonNMethodCodeHeapSize                   = 7602480                                {pd product} {ergonomic}
    uintx NonProfiledCodeHeapSize                  = 122027880                              {pd product} {ergonomic}
    uintx ProfiledCodeHeapSize                     = 122027880                              {pd product} {ergonomic}
    uintx ReservedCodeCacheSize                    = 251658240                              {pd product} {ergonomic}
     bool SegmentedCodeCache                       = true                                      {product} {ergonomic}
   size_t SoftMaxHeapSize                          = 2147483648                             {manageable} {ergonomic}
     bool UseCompressedClassPointers               = true                           {product lp64_product} {ergonomic}
     bool UseCompressedOops                        = true                           {product lp64_product} {ergonomic}
     bool UseG1GC                                  = true                                      {product} {ergonomic}
     bool UseLargePagesIndividualAllocation        = false                                  {pd product} {ergonomic}

Logging:
Log output configuration:
 #0: stdout all=warning uptime,level,tags
 #1: stderr all=off uptime,level,tags

Environment Variables:
PATH=C:\Program Files\Microsoft\jdk-11.0.16.101-hotspot\bin;C:\Windows\System32\HWAudioDriverLibs;C:\Windows\system32;C:\Windows;C:\Windows\System32\Wbem;C:\Windows\System32\WindowsPowerShell\v1.0\;C:\Windows\System32\OpenSSH\;C:\Users\Administrator\AppData\Local\Microsoft\WindowsApps;C:\Program Files\Microsoft SQL Server\Client SDK\ODBC\170\Tools\Binn\;C:\Program Files\Azure Data Studio\bin;C:\Program Files\dotnet\;C:\Program Files (x86)\Microsoft SQL Server\150\Tools\Binn\;C:\Program Files\Microsoft SQL Server\150\Tools\Binn\;C:\Program Files\Microsoft SQL Server\150\DTS\Binn\;C:\Program Files (x86)\Microsoft SQL Server\160\DTS\Binn\;C:\Program Files\Git\cmd;C:\Users\Svetl\AppData\Local\Microsoft\WindowsApps;C:\Program Files\Azure Data Studio\bin;C:\Users\Svetl\.dotnet\tools
USERNAME=Svetl
OS=Windows_NT
PROCESSOR_IDENTIFIER=Intel64 Family 6 Model 154 Stepping 3, GenuineIntel
TMP=C:\Users\Svetl\AppData\Local\Temp
TEMP=C:\Users\Svetl\AppData\Local\Temp


JNI global refs:
JNI global refs: 35, weak refs: 61

JNI global refs memory usage: 843, weak refs: 841

OOME stack traces (most recent first):
Classloader memory used:
Loader org.gradle.internal.classloader.VisitableURLClassLoader                         : 3226K
Loader bootstrap                                                                       : 2390K
Loader org.gradle.initialization.MixInLegacyTypesClassLoader                           : 615K
Loader jdk.internal.loader.ClassLoaders$PlatformClassLoader                            : 68456B
Loader org.gradle.internal.classloader.VisitableURLClassLoader                         : 52261B
Loader jdk.internal.loader.ClassLoaders$AppClassLoader                                 : 25674B
Loader jdk.internal.reflect.DelegatingClassLoader                                      : 22906B
Loader org.gradle.groovy.scripts.internal.DefaultScriptCompilationHandler$ScriptClassLoader: 3743B
Loader groovy.lang.GroovyClassLoader$InnerLoader                                       : 1544B
Loader org.codehaus.groovy.runtime.callsite.CallSiteClassLoader                        : 876B

Classes loaded by more than one classloader:
Class org.gradle.api.GradleException                                                  : loaded 3 times (x 80B)
Class org.gradle.util.GradleVersion                                                   : loaded 2 times (x 81B)
Class org.gradle.internal.classpath.ClassPath                                         : loaded 2 times (x 68B)
Class org.gradle.api.internal.classpath.DefaultModuleRegistry                         : loaded 2 times (x 84B)
Class org.gradle.api.Action                                                           : loaded 2 times (x 68B)
Class org.gradle.api.internal.DefaultClassPathProvider                                : loaded 2 times (x 74B)
Class org.gradle.internal.installation.GradleInstallation$1                           : loaded 2 times (x 73B)
Class org.gradle.internal.exceptions.DefaultMultiCauseException                       : loaded 2 times (x 85B)
Class org.gradle.internal.time.MonotonicClock                                         : loaded 2 times (x 75B)
Class org.gradle.internal.classloader.FilteringClassLoader                            : loaded 2 times (x 102B)
Class org.gradle.internal.classpath.DefaultClassPath$ImmutableUniqueList$Builder      : loaded 2 times (x 73B)
Class org.gradle.internal.classloader.ClassLoaderVisitor                              : loaded 2 times (x 74B)
Class org.gradle.internal.time.DefaultCountdownTimer                                  : loaded 2 times (x 86B)
Class org.gradle.internal.service.DefaultServiceLocator                               : loaded 2 times (x 81B)
Class org.gradle.internal.service.UnknownServiceException                             : loaded 2 times (x 81B)
Class org.gradle.internal.classloader.DefaultClassLoaderFactory                       : loaded 2 times (x 80B)
Class org.gradle.internal.classloader.VisitableURLClassLoader$Spec                    : loaded 2 times (x 72B)
Class org.gradle.tooling.model.ProjectModel                                           : loaded 2 times (x 68B)
Class org.gradle.internal.installation.GradleInstallation                             : loaded 2 times (x 73B)
Class org.gradle.api.internal.classpath.ModuleRegistry                                : loaded 2 times (x 68B)
Class org.gradle.api.internal.ClassPathProvider                                       : loaded 2 times (x 68B)
Class org.gradle.internal.classloader.ClasspathUtil$1                                 : loaded 2 times (x 74B)
Class org.gradle.internal.classloader.ClassLoaderFactory                              : loaded 2 times (x 68B)
Class org.gradle.api.internal.classpath.ManifestUtil                                  : loaded 2 times (x 69B)
Class org.gradle.api.specs.Spec                                                       : loaded 2 times (x 68B)
Class org.gradle.internal.IoActions                                                   : loaded 2 times (x 69B)
Class org.gradle.api.internal.classpath.EffectiveClassPath                            : loaded 2 times (x 88B)
Class kotlin.jvm.internal.DefaultConstructorMarker                                    : loaded 2 times (x 69B)
Class org.gradle.internal.installation.CurrentGradleInstallation                      : loaded 2 times (x 71B)
Class org.gradle.internal.installation.CurrentGradleInstallationLocator               : loaded 2 times (x 69B)
Class org.gradle.api.internal.classpath.Module                                        : loaded 2 times (x 68B)
Class org.gradle.internal.service.CachingServiceLocator                               : loaded 2 times (x 80B)
Class org.gradle.internal.time.Timer                                                  : loaded 2 times (x 68B)
Class org.gradle.internal.classpath.DefaultClassPath                                  : loaded 2 times (x 88B)
Class org.gradle.api.Transformer                                                      : loaded 2 times (x 68B)
Class kotlin.jvm.functions.Function1                                                  : loaded 2 times (x 68B)
Class org.gradle.internal.time.Time                                                   : loaded 2 times (x 69B)
Class org.gradle.internal.time.TimeSource$1                                           : loaded 2 times (x 75B)
Class org.gradle.internal.classloader.SystemClassLoaderSpec                           : loaded 2 times (x 69B)
Class kotlin.Function                                                                 : loaded 2 times (x 68B)
Class org.gradle.api.UncheckedIOException                                             : loaded 2 times (x 80B)
Class org.gradle.internal.time.CountdownTimer                                         : loaded 2 times (x 68B)
Class org.gradle.internal.time.Clock                                                  : loaded 2 times (x 68B)
Class org.gradle.internal.classloader.ClasspathUtil                                   : loaded 2 times (x 69B)
Class org.gradle.api.internal.DefaultClassPathRegistry                                : loaded 2 times (x 74B)
Class org.gradle.api.internal.classpath.DefaultModuleRegistry$DefaultModule           : loaded 2 times (x 84B)
Class org.gradle.internal.time.TimeSource                                             : loaded 2 times (x 68B)
Class org.gradle.api.internal.classpath.UnknownModuleException                        : loaded 2 times (x 80B)
Class org.gradle.internal.service.ServiceLookupException                              : loaded 2 times (x 80B)
Class org.gradle.cache.GlobalCache                                                    : loaded 2 times (x 68B)
Class [Lorg.gradle.api.internal.ClassPathProvider;                                    : loaded 2 times (x 67B)
Class org.gradle.internal.operations.MultipleBuildOperationFailures                   : loaded 2 times (x 85B)
Class org.gradle.util.internal.GUtil                                                  : loaded 2 times (x 69B)
Class org.gradle.internal.classloader.ClassLoaderSpec                                 : loaded 2 times (x 69B)
Class org.gradle.internal.classloader.VisitableURLClassLoader                         : loaded 2 times (x 114B)
Class org.gradle.internal.Cast                                                        : loaded 2 times (x 69B)
Class org.gradle.api.internal.ClassPathRegistry                                       : loaded 2 times (x 68B)
Class org.gradle.internal.classloader.ClassLoaderHierarchy                            : loaded 2 times (x 68B)
Class org.gradle.internal.exceptions.MultiCauseException                              : loaded 2 times (x 68B)
Class org.gradle.internal.service.ServiceLocator                                      : loaded 2 times (x 68B)
Class org.gradle.internal.classpath.DefaultClassPath$ImmutableUniqueList              : loaded 2 times (x 159B)
Class org.gradle.internal.time.DefaultTimer                                           : loaded 2 times (x 78B)


---------------  S Y S T E M  ---------------

OS:
 Windows 11 , 64 bit Build 22621 (10.0.22621.2506)
OS uptime: 0 days 0:41 hours
Hyper-V role detected

CPU: total 20 (initial active 20) (10 cores per cpu, 2 threads per core) family 6 model 154 stepping 3 microcode 0x41e, cx8, cmov, fxsr, ht, mmx, 3dnowpref, sse, sse2, sse3, ssse3, sse4.1, sse4.2, popcnt, lzcnt, tsc, tscinvbit, avx, avx2, aes, erms, clmul, bmi1, bmi2, adx, sha, fma, vzeroupper, clflush, clflushopt, clwb, hv

Memory: 4k page, system-wide physical 16110M (491M free)
TotalPageFile size 16110M (AvailPageFile size 7M)
current process WorkingSet (physical memory assigned to process): 314M, peak: 316M
current process commit charge ("private bytes"): 385M, peak: 408M

vm_info: OpenJDK 64-Bit Server VM (17.0.7+0-b2043.56-10550314) for windows-amd64 JRE (17.0.7+0-b2043.56-10550314), built on Jul 24 2023 18:27:45 by "androidbuild" with MS VC++ 16.10 / 16.11 (VS2019)

END.
