#
# There is insufficient memory for the Java Runtime Environment to continue.
# Native memory allocation (malloc) failed to allocate 213296 bytes for Chunk::new
# Possible reasons:
#   The system is out of physical RAM or swap space
#   The process is running with CompressedOops enabled, and the Java Heap may be blocking the growth of the native heap
# Possible solutions:
#   Reduce memory load on the system
#   Increase physical memory or swap space
#   Check if swap backing store is full
#   Decrease Java heap size (-Xmx/-Xms)
#   Decrease number of Java threads
#   Decrease Java thread stack sizes (-Xss)
#   Set larger code cache with -XX:ReservedCodeCacheSize=
#   JVM is running with Zero Based Compressed Oops mode in which the Java heap is
#     placed in the first 32GB address space. The Java Heap base address is the
#     maximum limit for the native heap growth. Please use -XX:HeapBaseMinAddress
#     to set the Java Heap base and to place the Java Heap above 32GB virtual address.
# This output file may be truncated or incomplete.
#
#  Out of Memory Error (arena.cpp:189), pid=448, tid=9704
#
# JRE version: OpenJDK Runtime Environment (17.0.7) (build 17.0.7+0-b2043.56-10550314)
# Java VM: OpenJDK 64-Bit Server VM (17.0.7+0-b2043.56-10550314, mixed mode, tiered, compressed oops, compressed class ptrs, g1 gc, windows-amd64)
# No core dump will be written. Minidumps are not enabled by default on client versions of Windows
#

---------------  S U M M A R Y ------------

Command Line: --add-opens=java.base/java.util=ALL-UNNAMED --add-opens=java.base/java.lang=ALL-UNNAMED --add-opens=java.base/java.lang.invoke=ALL-UNNAMED --add-opens=java.base/java.util=ALL-UNNAMED --add-opens=java.prefs/java.util.prefs=ALL-UNNAMED --add-opens=java.prefs/java.util.prefs=ALL-UNNAMED --add-opens=java.base/java.nio.charset=ALL-UNNAMED --add-opens=java.base/java.net=ALL-UNNAMED --add-opens=java.base/java.util.concurrent.atomic=ALL-UNNAMED -Xmx4g -Dfile.encoding=windows-1251 -Duser.country=RU -Duser.language=ru -Duser.variant org.gradle.launcher.daemon.bootstrap.GradleDaemon 7.5

Host: 12th Gen Intel(R) Core(TM) i7-12700H, 20 cores, 15G,  Windows 11 , 64 bit Build 22621 (10.0.22621.2506)
Time: Tue Dec 12 18:45:45 2023 RTZ 4 (s 11 , 64 bit Build 22621 (10.0.22621.2506) elapsed time: 5.937115 seconds (0d 0h 0m 5s)

---------------  T H R E A D  ---------------

Current thread (0x00000292b8d30b60):  JavaThread "C2 CompilerThread0" daemon [_thread_in_native, id=9704, stack(0x000000ae11f00000,0x000000ae12000000)]


Current CompileTask:
C2:   5937 5530       4       java.lang.invoke.MethodType::makeImpl (109 bytes)

Stack: [0x000000ae11f00000,0x000000ae12000000]
Native frames: (J=compiled Java code, j=interpreted, Vv=VM code, C=native code)
V  [jvm.dll+0x683bfa]
V  [jvm.dll+0x8430a4]
V  [jvm.dll+0x8449be]
V  [jvm.dll+0x845023]
V  [jvm.dll+0x24ad2f]
V  [jvm.dll+0xac25c]
V  [jvm.dll+0xac82c]
V  [jvm.dll+0x11f9f7]
V  [jvm.dll+0x60fff2]
V  [jvm.dll+0x61442f]
V  [jvm.dll+0x21d0c8]
V  [jvm.dll+0x21c671]
V  [jvm.dll+0x1a605d]
V  [jvm.dll+0x22c148]
V  [jvm.dll+0x22a209]
V  [jvm.dll+0x7f858c]
V  [jvm.dll+0x7f2aea]
V  [jvm.dll+0x682a35]
C  [ucrtbase.dll+0x29363]
C  [KERNEL32.DLL+0x1257d]
C  [ntdll.dll+0x5aa58]


---------------  P R O C E S S  ---------------

Threads class SMR info:
_java_thread_list=0x00000292bf705b70, length=171, elements={
0x000002929919baf0, 0x00000292b8c1e7f0, 0x00000292b8cc8470, 0x00000292b8d2b840,
0x00000292b8d2c300, 0x00000292b8d2ceb0, 0x00000292b8d2fa80, 0x00000292b8d30b60,
0x00000292b8d32470, 0x00000292b8d32d70, 0x00000292b8e92b20, 0x00000292b8e93440,
0x00000292b8ece650, 0x00000292b8ecd310, 0x00000292b901a790, 0x00000292b94f1320,
0x00000292be406de0, 0x00000292b8eceff0, 0x00000292b8ecd7e0, 0x00000292b8ece180,
0x00000292b8ecf990, 0x00000292b8ecce40, 0x00000292b8eceb20, 0x00000292b8ecdcb0,
0x00000292b8ecfe60, 0x00000292b8ed0330, 0x00000292b8ed0800, 0x00000292bf3a2080,
0x00000292bf3a6d80, 0x00000292bf3a7250, 0x00000292bf3a8f30, 0x00000292bf3a98d0,
0x00000292bf3a2ef0, 0x00000292bf3a9400, 0x00000292bf3a7720, 0x00000292bf3a80c0,
0x00000292bf3a50a0, 0x00000292bf3a8a60, 0x00000292bf3a2550, 0x00000292bf3a7bf0,
0x00000292bfc86140, 0x00000292bf3a4700, 0x00000292bf3a3d60, 0x00000292bf3a2a20,
0x00000292bf3a3890, 0x00000292bf3a5a40, 0x00000292bf3a4bd0, 0x00000292bf3a68b0,
0x00000292be517910, 0x00000292be51a460, 0x00000292be5165d0, 0x00000292be515290,
0x00000292be516aa0, 0x00000292be51b7a0, 0x00000292be51ae00, 0x00000292be515760,
0x00000292be516f70, 0x00000292be51a930, 0x00000292be515c30, 0x00000292be51b2d0,
0x00000292be518780, 0x00000292be516100, 0x00000292be517de0, 0x00000292be51cae0,
0x00000292be5182b0, 0x00000292be517440, 0x00000292be518c50, 0x00000292be51bc70,
0x00000292be519120, 0x00000292be5195f0, 0x00000292be51c140, 0x00000292be519ac0,
0x00000292be519f90, 0x00000292be51c610, 0x00000292b98020c0, 0x00000292b98055b0,
0x00000292b9802590, 0x00000292b9801720, 0x00000292b9805f50, 0x00000292b9801bf0,
0x00000292b98003e0, 0x00000292b9804c10, 0x00000292b98008b0, 0x00000292b9804270,
0x00000292b97fff10, 0x00000292b9807760, 0x00000292b9802a60, 0x00000292b9807290,
0x00000292b9800d80, 0x00000292b9802f30, 0x00000292b9806dc0, 0x00000292b9804740,
0x00000292b9803400, 0x00000292b9801250, 0x00000292b98038d0, 0x00000292b9803da0,
0x00000292b98050e0, 0x00000292b9806420, 0x00000292b9805a80, 0x00000292b98068f0,
0x00000292be809960, 0x00000292be80c4b0, 0x00000292be810340, 0x00000292be80d320,
0x00000292be80f4d0, 0x00000292be80b170, 0x00000292be80f9a0, 0x00000292be810810,
0x00000292be809490, 0x00000292be80dcc0, 0x00000292be80eb30, 0x00000292be80ce50,
0x00000292be809e30, 0x00000292be80b640, 0x00000292be80fe70, 0x00000292be80e190,
0x00000292be80e660, 0x00000292be80d7f0, 0x00000292be80f000, 0x00000292be810ce0,
0x00000292be80a300, 0x00000292be80bb10, 0x00000292be80bfe0, 0x00000292be80c980,
0x00000292be80a7d0, 0x00000292be80aca0, 0x00000292bfb5b3b0, 0x00000292bfb57ec0,
0x00000292bfb5aee0, 0x00000292bfb5a070, 0x00000292bfb58390, 0x00000292bfb5df00,
0x00000292bfb5f710, 0x00000292bfb58860, 0x00000292bfb5da30, 0x00000292bfb5e3d0,
0x00000292bfb5e8a0, 0x00000292bfb58d30, 0x00000292bfb5ed70, 0x00000292bfb5f240,
0x00000292bfb5aa10, 0x00000292bfb59200, 0x00000292bfb596d0, 0x00000292bfb59ba0,
0x00000292bfb5bd50, 0x00000292bfb5b880, 0x00000292bfb5c6f0, 0x00000292bfb5c220,
0x00000292bfb5a540, 0x00000292bfb5cbc0, 0x00000292bfb5d090, 0x00000292bfb668b0,
0x00000292bfb62ef0, 0x00000292bfb5fed0, 0x00000292bfb64230, 0x00000292bfb633c0,
0x00000292bfb62550, 0x00000292bfb64700, 0x00000292bfb67250, 0x00000292bfb63890,
0x00000292bfb65570, 0x00000292bfb61bb0, 0x00000292bfb67720, 0x00000292bfb66d80,
0x00000292bfb663e0, 0x00000292bfb64bd0, 0x00000292bfb63d60, 0x00000292bfb603a0,
0x00000292bfb650a0, 0x00000292bfb60870, 0x00000292bfb60d40
}

Java Threads: ( => current thread )
  0x000002929919baf0 JavaThread "main" [_thread_blocked, id=4548, stack(0x000000ae11200000,0x000000ae11300000)]
  0x00000292b8c1e7f0 JavaThread "Reference Handler" daemon [_thread_blocked, id=21868, stack(0x000000ae11900000,0x000000ae11a00000)]
  0x00000292b8cc8470 JavaThread "Finalizer" daemon [_thread_blocked, id=17176, stack(0x000000ae11a00000,0x000000ae11b00000)]
  0x00000292b8d2b840 JavaThread "Signal Dispatcher" daemon [_thread_blocked, id=6568, stack(0x000000ae11b00000,0x000000ae11c00000)]
  0x00000292b8d2c300 JavaThread "Attach Listener" daemon [_thread_blocked, id=4728, stack(0x000000ae11c00000,0x000000ae11d00000)]
  0x00000292b8d2ceb0 JavaThread "Service Thread" daemon [_thread_blocked, id=10124, stack(0x000000ae11d00000,0x000000ae11e00000)]
  0x00000292b8d2fa80 JavaThread "Monitor Deflation Thread" daemon [_thread_blocked, id=10616, stack(0x000000ae11e00000,0x000000ae11f00000)]
=>0x00000292b8d30b60 JavaThread "C2 CompilerThread0" daemon [_thread_in_native, id=9704, stack(0x000000ae11f00000,0x000000ae12000000)]
  0x00000292b8d32470 JavaThread "C1 CompilerThread0" daemon [_thread_blocked, id=13068, stack(0x000000ae12000000,0x000000ae12100000)]
  0x00000292b8d32d70 JavaThread "Sweeper thread" daemon [_thread_in_vm, id=12840, stack(0x000000ae12100000,0x000000ae12200000)]
  0x00000292b8e92b20 JavaThread "C1 CompilerThread1" daemon [_thread_blocked, id=6552, stack(0x000000ae12200000,0x000000ae12300000)]
  0x00000292b8e93440 JavaThread "C1 CompilerThread2" daemon [_thread_in_native, id=9732, stack(0x000000ae12300000,0x000000ae12400000)]
  0x00000292b8ece650 JavaThread "Common-Cleaner" daemon [_thread_blocked, id=18508, stack(0x000000ae12400000,0x000000ae12500000)]
  0x00000292b8ecd310 JavaThread "Notification Thread" daemon [_thread_blocked, id=6140, stack(0x000000ae12500000,0x000000ae12600000)]
  0x00000292b901a790 JavaThread "C2 CompilerThread1" daemon [_thread_in_native, id=11500, stack(0x000000ae12700000,0x000000ae12800000)]
  0x00000292b94f1320 JavaThread "C2 CompilerThread2" daemon [_thread_blocked, id=13132, stack(0x000000ae12800000,0x000000ae12900000)]
  0x00000292be406de0 JavaThread "C1 CompilerThread3" daemon [_thread_blocked, id=7696, stack(0x000000ae12f00000,0x000000ae13000000)]
  0x00000292b8eceff0 JavaThread "Daemon health stats" [_thread_blocked, id=6504, stack(0x000000ae13000000,0x000000ae13100000)]
  0x00000292b8ecd7e0 JavaThread "Incoming local TCP Connector on port 38588" [_thread_in_native, id=3372, stack(0x000000ae13100000,0x000000ae13200000)]
  0x00000292b8ece180 JavaThread "Daemon periodic checks" [_thread_blocked, id=7484, stack(0x000000ae12900000,0x000000ae12a00000)]
  0x00000292b8ecf990 JavaThread "Daemon" [_thread_blocked, id=21800, stack(0x000000ae13200000,0x000000ae13300000)]
  0x00000292b8ecce40 JavaThread "Handler for socket connection from /127.0.0.1:38588 to /127.0.0.1:38591" [_thread_in_native, id=21660, stack(0x000000ae13300000,0x000000ae13400000)]
  0x00000292b8eceb20 JavaThread "Cancel handler" [_thread_blocked, id=15340, stack(0x000000ae13400000,0x000000ae13500000)]
  0x00000292b8ecdcb0 JavaThread "Daemon worker" [_thread_in_vm, id=8352, stack(0x000000ae13500000,0x000000ae13600000)]
  0x00000292b8ecfe60 JavaThread "Asynchronous log dispatcher for DefaultDaemonConnection: socket connection from /127.0.0.1:38588 to /127.0.0.1:38591" [_thread_blocked, id=5608, stack(0x000000ae13600000,0x000000ae13700000)]
  0x00000292b8ed0330 JavaThread "Stdin handler" [_thread_blocked, id=7404, stack(0x000000ae13700000,0x000000ae13800000)]
  0x00000292b8ed0800 JavaThread "Daemon client event forwarder" [_thread_in_Java, id=11420, stack(0x000000ae13800000,0x000000ae13900000)]
  0x00000292bf3a2080 JavaThread "Cache worker for journal cache (C:\Users\Svetl\.gradle\caches\journal-1)" [_thread_blocked, id=11608, stack(0x000000ae13900000,0x000000ae13a00000)]
  0x00000292bf3a6d80 JavaThread "File lock request listener" [_thread_in_native, id=22484, stack(0x000000ae13a00000,0x000000ae13b00000)]
  0x00000292bf3a7250 JavaThread "Cache worker for file hash cache (C:\Users\Svetl\.gradle\caches\7.5\fileHashes)" [_thread_blocked, id=18192, stack(0x000000ae14700000,0x000000ae14800000)]
  0x00000292bf3a8f30 JavaThread "File watcher server" daemon [_thread_in_native, id=1076, stack(0x000000ae14800000,0x000000ae14900000)]
  0x00000292bf3a98d0 JavaThread "File watcher consumer" daemon [_thread_blocked, id=13296, stack(0x000000ae14900000,0x000000ae14a00000)]
  0x00000292bf3a2ef0 JavaThread "Cache worker for checksums cache (C:\Users\Svetl\AndroidStudioProjects\up5v1\.gradle\7.5\checksums)" [_thread_blocked, id=8428, stack(0x000000ae14a00000,0x000000ae14b00000)]
  0x00000292bf3a9400 JavaThread "Cache worker for cache directory md-rule (C:\Users\Svetl\.gradle\caches\7.5\md-rule)" [_thread_blocked, id=5692, stack(0x000000ae14b00000,0x000000ae14c00000)]
  0x00000292bf3a7720 JavaThread "Cache worker for file content cache (C:\Users\Svetl\.gradle\caches\7.5\fileContent)" [_thread_blocked, id=10168, stack(0x000000ae14c00000,0x000000ae14d00000)]
  0x00000292bf3a80c0 JavaThread "Cache worker for file hash cache (C:\Users\Svetl\AndroidStudioProjects\up5v1\.gradle\7.5\fileHashes)" [_thread_blocked, id=6272, stack(0x000000ae14d00000,0x000000ae14e00000)]
  0x00000292bf3a50a0 JavaThread "Cache worker for cache directory md-supplier (C:\Users\Svetl\.gradle\caches\7.5\md-supplier)" [_thread_blocked, id=11968, stack(0x000000ae14e00000,0x000000ae14f00000)]
  0x00000292bf3a8a60 JavaThread "Cache worker for execution history cache (C:\Users\Svetl\.gradle\caches\7.5\executionHistory)" [_thread_blocked, id=5752, stack(0x000000ae14f00000,0x000000ae15000000)]
  0x00000292bf3a2550 JavaThread "jar transforms" [_thread_blocked, id=5320, stack(0x000000ae15000000,0x000000ae15100000)]
  0x00000292bf3a7bf0 JavaThread "jar transforms Thread 2" [_thread_blocked, id=7496, stack(0x000000ae15100000,0x000000ae15200000)]
  0x00000292bfc86140 JavaThread "C2 CompilerThread3" daemon [_thread_in_native, id=460, stack(0x000000ae15200000,0x000000ae15300000)]
  0x00000292bf3a4700 JavaThread "jar transforms Thread 3" [_thread_blocked, id=1048, stack(0x000000ae15300000,0x000000ae15400000)]
  0x00000292bf3a3d60 JavaThread "jar transforms Thread 4" [_thread_blocked, id=4156, stack(0x000000ae15400000,0x000000ae15500000)]
  0x00000292bf3a2a20 JavaThread "Cache worker for dependencies-accessors (C:\Users\Svetl\AndroidStudioProjects\up5v1\.gradle\7.5\dependencies-accessors)" [_thread_blocked, id=21548, stack(0x000000ae15500000,0x000000ae15600000)]
  0x00000292bf3a3890 JavaThread "jar transforms Thread 5" [_thread_blocked, id=2184, stack(0x000000ae15600000,0x000000ae15700000)]
  0x00000292bf3a5a40 JavaThread "Cache worker for Build Output Cleanup Cache (C:\Users\Svetl\AndroidStudioProjects\up5v1\.gradle\buildOutputCleanup)" [_thread_blocked, id=7548, stack(0x000000ae15700000,0x000000ae15800000)]
  0x00000292bf3a4bd0 JavaThread "Unconstrained build operations" [_thread_blocked, id=11516, stack(0x000000ae15800000,0x000000ae15900000)]
  0x00000292bf3a68b0 JavaThread "Unconstrained build operations Thread 2" [_thread_blocked, id=18804, stack(0x000000ae15900000,0x000000ae15a00000)]
  0x00000292be517910 JavaThread "Unconstrained build operations Thread 3" [_thread_blocked, id=14768, stack(0x000000ae15a00000,0x000000ae15b00000)]
  0x00000292be51a460 JavaThread "Unconstrained build operations Thread 4" [_thread_blocked, id=10416, stack(0x000000ae15b00000,0x000000ae15c00000)]
  0x00000292be5165d0 JavaThread "Unconstrained build operations Thread 5" [_thread_blocked, id=18376, stack(0x000000ae15c00000,0x000000ae15d00000)]
  0x00000292be515290 JavaThread "Unconstrained build operations Thread 6" [_thread_blocked, id=20888, stack(0x000000ae15d00000,0x000000ae15e00000)]
  0x00000292be516aa0 JavaThread "Unconstrained build operations Thread 7" [_thread_blocked, id=4492, stack(0x000000ae15e00000,0x000000ae15f00000)]
  0x00000292be51b7a0 JavaThread "Unconstrained build operations Thread 8" [_thread_blocked, id=7948, stack(0x000000ae15f00000,0x000000ae16000000)]
  0x00000292be51ae00 JavaThread "Unconstrained build operations Thread 9" [_thread_blocked, id=3256, stack(0x000000ae16000000,0x000000ae16100000)]
  0x00000292be515760 JavaThread "Unconstrained build operations Thread 10" [_thread_blocked, id=9500, stack(0x000000ae16100000,0x000000ae16200000)]
  0x00000292be516f70 JavaThread "Unconstrained build operations Thread 11" [_thread_blocked, id=20752, stack(0x000000ae16200000,0x000000ae16300000)]
  0x00000292be51a930 JavaThread "Unconstrained build operations Thread 12" [_thread_blocked, id=2564, stack(0x000000ae16300000,0x000000ae16400000)]
  0x00000292be515c30 JavaThread "Unconstrained build operations Thread 13" [_thread_blocked, id=10272, stack(0x000000ae16400000,0x000000ae16500000)]
  0x00000292be51b2d0 JavaThread "Unconstrained build operations Thread 14" [_thread_blocked, id=21824, stack(0x000000ae16500000,0x000000ae16600000)]
  0x00000292be518780 JavaThread "Unconstrained build operations Thread 15" [_thread_blocked, id=3480, stack(0x000000ae16600000,0x000000ae16700000)]
  0x00000292be516100 JavaThread "Unconstrained build operations Thread 16" [_thread_blocked, id=15812, stack(0x000000ae16700000,0x000000ae16800000)]
  0x00000292be517de0 JavaThread "Unconstrained build operations Thread 17" [_thread_blocked, id=11928, stack(0x000000ae16800000,0x000000ae16900000)]
  0x00000292be51cae0 JavaThread "Unconstrained build operations Thread 18" [_thread_blocked, id=17344, stack(0x000000ae16900000,0x000000ae16a00000)]
  0x00000292be5182b0 JavaThread "Unconstrained build operations Thread 19" [_thread_blocked, id=8040, stack(0x000000ae16a00000,0x000000ae16b00000)]
  0x00000292be517440 JavaThread "Unconstrained build operations Thread 20" [_thread_blocked, id=5032, stack(0x000000ae16b00000,0x000000ae16c00000)]
  0x00000292be518c50 JavaThread "Unconstrained build operations Thread 21" [_thread_blocked, id=3940, stack(0x000000ae16c00000,0x000000ae16d00000)]
  0x00000292be51bc70 JavaThread "Unconstrained build operations Thread 22" [_thread_blocked, id=4564, stack(0x000000ae16d00000,0x000000ae16e00000)]
  0x00000292be519120 JavaThread "Unconstrained build operations Thread 23" [_thread_blocked, id=17136, stack(0x000000ae16e00000,0x000000ae16f00000)]
  0x00000292be5195f0 JavaThread "Unconstrained build operations Thread 24" [_thread_blocked, id=15056, stack(0x000000ae16f00000,0x000000ae17000000)]
  0x00000292be51c140 JavaThread "Unconstrained build operations Thread 25" [_thread_blocked, id=14892, stack(0x000000ae17000000,0x000000ae17100000)]
  0x00000292be519ac0 JavaThread "Unconstrained build operations Thread 26" [_thread_blocked, id=13744, stack(0x000000ae17100000,0x000000ae17200000)]
  0x00000292be519f90 JavaThread "Unconstrained build operations Thread 27" [_thread_blocked, id=15968, stack(0x000000ae17200000,0x000000ae17300000)]
  0x00000292be51c610 JavaThread "Unconstrained build operations Thread 28" [_thread_blocked, id=4116, stack(0x000000ae17300000,0x000000ae17400000)]
  0x00000292b98020c0 JavaThread "Unconstrained build operations Thread 29" [_thread_blocked, id=16836, stack(0x000000ae17400000,0x000000ae17500000)]
  0x00000292b98055b0 JavaThread "Unconstrained build operations Thread 30" [_thread_blocked, id=6564, stack(0x000000ae17500000,0x000000ae17600000)]
  0x00000292b9802590 JavaThread "Unconstrained build operations Thread 31" [_thread_blocked, id=3804, stack(0x000000ae17600000,0x000000ae17700000)]
  0x00000292b9801720 JavaThread "Unconstrained build operations Thread 32" [_thread_blocked, id=16856, stack(0x000000ae17700000,0x000000ae17800000)]
  0x00000292b9805f50 JavaThread "Unconstrained build operations Thread 33" [_thread_blocked, id=6456, stack(0x000000ae17800000,0x000000ae17900000)]
  0x00000292b9801bf0 JavaThread "Unconstrained build operations Thread 34" [_thread_blocked, id=15052, stack(0x000000ae17900000,0x000000ae17a00000)]
  0x00000292b98003e0 JavaThread "Unconstrained build operations Thread 35" [_thread_blocked, id=10940, stack(0x000000ae17a00000,0x000000ae17b00000)]
  0x00000292b9804c10 JavaThread "Unconstrained build operations Thread 36" [_thread_blocked, id=10056, stack(0x000000ae17b00000,0x000000ae17c00000)]
  0x00000292b98008b0 JavaThread "Unconstrained build operations Thread 37" [_thread_blocked, id=20808, stack(0x000000ae17c00000,0x000000ae17d00000)]
  0x00000292b9804270 JavaThread "Unconstrained build operations Thread 38" [_thread_blocked, id=1948, stack(0x000000ae17d00000,0x000000ae17e00000)]
  0x00000292b97fff10 JavaThread "Unconstrained build operations Thread 39" [_thread_blocked, id=11400, stack(0x000000ae17e00000,0x000000ae17f00000)]
  0x00000292b9807760 JavaThread "Unconstrained build operations Thread 40" [_thread_blocked, id=3568, stack(0x000000ae17f00000,0x000000ae18000000)]
  0x00000292b9802a60 JavaThread "Unconstrained build operations Thread 41" [_thread_blocked, id=11556, stack(0x000000ae18000000,0x000000ae18100000)]
  0x00000292b9807290 JavaThread "Unconstrained build operations Thread 42" [_thread_blocked, id=4804, stack(0x000000ae18100000,0x000000ae18200000)]
  0x00000292b9800d80 JavaThread "Unconstrained build operations Thread 43" [_thread_blocked, id=1764, stack(0x000000ae18200000,0x000000ae18300000)]
  0x00000292b9802f30 JavaThread "Unconstrained build operations Thread 44" [_thread_blocked, id=2336, stack(0x000000ae18300000,0x000000ae18400000)]
  0x00000292b9806dc0 JavaThread "Unconstrained build operations Thread 45" [_thread_blocked, id=4552, stack(0x000000ae18400000,0x000000ae18500000)]
  0x00000292b9804740 JavaThread "Unconstrained build operations Thread 46" [_thread_blocked, id=9672, stack(0x000000ae18500000,0x000000ae18600000)]
  0x00000292b9803400 JavaThread "Unconstrained build operations Thread 47" [_thread_blocked, id=2008, stack(0x000000ae18600000,0x000000ae18700000)]
  0x00000292b9801250 JavaThread "Unconstrained build operations Thread 48" [_thread_blocked, id=4616, stack(0x000000ae18700000,0x000000ae18800000)]
  0x00000292b98038d0 JavaThread "Unconstrained build operations Thread 49" [_thread_blocked, id=22404, stack(0x000000ae18800000,0x000000ae18900000)]
  0x00000292b9803da0 JavaThread "Unconstrained build operations Thread 50" [_thread_blocked, id=3076, stack(0x000000ae18900000,0x000000ae18a00000)]
  0x00000292b98050e0 JavaThread "Unconstrained build operations Thread 51" [_thread_blocked, id=9700, stack(0x000000ae18a00000,0x000000ae18b00000)]
  0x00000292b9806420 JavaThread "Unconstrained build operations Thread 52" [_thread_blocked, id=15600, stack(0x000000ae18b00000,0x000000ae18c00000)]
  0x00000292b9805a80 JavaThread "Unconstrained build operations Thread 53" [_thread_blocked, id=19168, stack(0x000000ae18c00000,0x000000ae18d00000)]
  0x00000292b98068f0 JavaThread "Unconstrained build operations Thread 54" [_thread_blocked, id=14808, stack(0x000000ae18d00000,0x000000ae18e00000)]
  0x00000292be809960 JavaThread "Unconstrained build operations Thread 55" [_thread_blocked, id=12104, stack(0x000000ae18e00000,0x000000ae18f00000)]
  0x00000292be80c4b0 JavaThread "Unconstrained build operations Thread 56" [_thread_blocked, id=12600, stack(0x000000ae18f00000,0x000000ae19000000)]
  0x00000292be810340 JavaThread "Unconstrained build operations Thread 57" [_thread_blocked, id=7908, stack(0x000000ae19000000,0x000000ae19100000)]
  0x00000292be80d320 JavaThread "Unconstrained build operations Thread 58" [_thread_blocked, id=2756, stack(0x000000ae19100000,0x000000ae19200000)]
  0x00000292be80f4d0 JavaThread "Unconstrained build operations Thread 59" [_thread_blocked, id=2068, stack(0x000000ae19200000,0x000000ae19300000)]
  0x00000292be80b170 JavaThread "Unconstrained build operations Thread 60" [_thread_blocked, id=2080, stack(0x000000ae19300000,0x000000ae19400000)]
  0x00000292be80f9a0 JavaThread "Unconstrained build operations Thread 61" [_thread_blocked, id=13960, stack(0x000000ae19400000,0x000000ae19500000)]
  0x00000292be810810 JavaThread "Unconstrained build operations Thread 62" [_thread_blocked, id=6348, stack(0x000000ae19500000,0x000000ae19600000)]
  0x00000292be809490 JavaThread "Unconstrained build operations Thread 63" [_thread_blocked, id=9076, stack(0x000000ae19600000,0x000000ae19700000)]
  0x00000292be80dcc0 JavaThread "Unconstrained build operations Thread 64" [_thread_blocked, id=12252, stack(0x000000ae19700000,0x000000ae19800000)]
  0x00000292be80eb30 JavaThread "Unconstrained build operations Thread 65" [_thread_blocked, id=4448, stack(0x000000ae19800000,0x000000ae19900000)]
  0x00000292be80ce50 JavaThread "Unconstrained build operations Thread 66" [_thread_blocked, id=17572, stack(0x000000ae19900000,0x000000ae19a00000)]
  0x00000292be809e30 JavaThread "Unconstrained build operations Thread 67" [_thread_blocked, id=19184, stack(0x000000ae19a00000,0x000000ae19b00000)]
  0x00000292be80b640 JavaThread "Unconstrained build operations Thread 68" [_thread_blocked, id=10412, stack(0x000000ae19b00000,0x000000ae19c00000)]
  0x00000292be80fe70 JavaThread "Unconstrained build operations Thread 69" [_thread_blocked, id=4312, stack(0x000000ae19c00000,0x000000ae19d00000)]
  0x00000292be80e190 JavaThread "Unconstrained build operations Thread 70" [_thread_blocked, id=8972, stack(0x000000ae19d00000,0x000000ae19e00000)]
  0x00000292be80e660 JavaThread "Unconstrained build operations Thread 71" [_thread_blocked, id=22432, stack(0x000000ae19e00000,0x000000ae19f00000)]
  0x00000292be80d7f0 JavaThread "Unconstrained build operations Thread 72" [_thread_blocked, id=14052, stack(0x000000ae19f00000,0x000000ae1a000000)]
  0x00000292be80f000 JavaThread "Unconstrained build operations Thread 73" [_thread_blocked, id=20976, stack(0x000000ae1a000000,0x000000ae1a100000)]
  0x00000292be810ce0 JavaThread "Unconstrained build operations Thread 74" [_thread_blocked, id=3936, stack(0x000000ae1a100000,0x000000ae1a200000)]
  0x00000292be80a300 JavaThread "Unconstrained build operations Thread 75" [_thread_blocked, id=16304, stack(0x000000ae1a200000,0x000000ae1a300000)]
  0x00000292be80bb10 JavaThread "Unconstrained build operations Thread 76" [_thread_blocked, id=16048, stack(0x000000ae1a300000,0x000000ae1a400000)]
  0x00000292be80bfe0 JavaThread "Unconstrained build operations Thread 77" [_thread_blocked, id=15176, stack(0x000000ae1a400000,0x000000ae1a500000)]
  0x00000292be80c980 JavaThread "Unconstrained build operations Thread 78" [_thread_blocked, id=10680, stack(0x000000ae1a500000,0x000000ae1a600000)]
  0x00000292be80a7d0 JavaThread "Unconstrained build operations Thread 79" [_thread_blocked, id=9172, stack(0x000000ae1a600000,0x000000ae1a700000)]
  0x00000292be80aca0 JavaThread "Unconstrained build operations Thread 80" [_thread_blocked, id=14136, stack(0x000000ae1a700000,0x000000ae1a800000)]
  0x00000292bfb5b3b0 JavaThread "Unconstrained build operations Thread 81" [_thread_blocked, id=12572, stack(0x000000ae1a800000,0x000000ae1a900000)]
  0x00000292bfb57ec0 JavaThread "Unconstrained build operations Thread 82" [_thread_blocked, id=9244, stack(0x000000ae1a900000,0x000000ae1aa00000)]
  0x00000292bfb5aee0 JavaThread "Unconstrained build operations Thread 83" [_thread_blocked, id=11876, stack(0x000000ae1aa00000,0x000000ae1ab00000)]
  0x00000292bfb5a070 JavaThread "Unconstrained build operations Thread 84" [_thread_blocked, id=3848, stack(0x000000ae1ab00000,0x000000ae1ac00000)]
  0x00000292bfb58390 JavaThread "Unconstrained build operations Thread 85" [_thread_blocked, id=5960, stack(0x000000ae1ac00000,0x000000ae1ad00000)]
  0x00000292bfb5df00 JavaThread "Unconstrained build operations Thread 86" [_thread_blocked, id=5096, stack(0x000000ae1ad00000,0x000000ae1ae00000)]
  0x00000292bfb5f710 JavaThread "Unconstrained build operations Thread 87" [_thread_blocked, id=2912, stack(0x000000ae1ae00000,0x000000ae1af00000)]
  0x00000292bfb58860 JavaThread "Unconstrained build operations Thread 88" [_thread_blocked, id=21148, stack(0x000000ae1af00000,0x000000ae1b000000)]
  0x00000292bfb5da30 JavaThread "Unconstrained build operations Thread 89" [_thread_blocked, id=3352, stack(0x000000ae1b000000,0x000000ae1b100000)]
  0x00000292bfb5e3d0 JavaThread "Unconstrained build operations Thread 90" [_thread_blocked, id=2100, stack(0x000000ae1b100000,0x000000ae1b200000)]
  0x00000292bfb5e8a0 JavaThread "Unconstrained build operations Thread 91" [_thread_blocked, id=4044, stack(0x000000ae1b200000,0x000000ae1b300000)]
  0x00000292bfb58d30 JavaThread "Unconstrained build operations Thread 92" [_thread_blocked, id=19040, stack(0x000000ae1b300000,0x000000ae1b400000)]
  0x00000292bfb5ed70 JavaThread "Unconstrained build operations Thread 93" [_thread_blocked, id=11580, stack(0x000000ae1b400000,0x000000ae1b500000)]
  0x00000292bfb5f240 JavaThread "Unconstrained build operations Thread 94" [_thread_blocked, id=2740, stack(0x000000ae1b500000,0x000000ae1b600000)]
  0x00000292bfb5aa10 JavaThread "Unconstrained build operations Thread 95" [_thread_blocked, id=21060, stack(0x000000ae1b600000,0x000000ae1b700000)]
  0x00000292bfb59200 JavaThread "Unconstrained build operations Thread 96" [_thread_blocked, id=18280, stack(0x000000ae1b700000,0x000000ae1b800000)]
  0x00000292bfb596d0 JavaThread "Unconstrained build operations Thread 97" [_thread_blocked, id=3436, stack(0x000000ae1b800000,0x000000ae1b900000)]
  0x00000292bfb59ba0 JavaThread "Unconstrained build operations Thread 98" [_thread_blocked, id=20968, stack(0x000000ae1b900000,0x000000ae1ba00000)]
  0x00000292bfb5bd50 JavaThread "Unconstrained build operations Thread 99" [_thread_blocked, id=1916, stack(0x000000ae1ba00000,0x000000ae1bb00000)]
  0x00000292bfb5b880 JavaThread "Unconstrained build operations Thread 100" [_thread_blocked, id=9768, stack(0x000000ae1bb00000,0x000000ae1bc00000)]
  0x00000292bfb5c6f0 JavaThread "Unconstrained build operations Thread 101" [_thread_blocked, id=7240, stack(0x000000ae1bc00000,0x000000ae1bd00000)]
  0x00000292bfb5c220 JavaThread "Unconstrained build operations Thread 102" [_thread_blocked, id=11888, stack(0x000000ae1bd00000,0x000000ae1be00000)]
  0x00000292bfb5a540 JavaThread "Unconstrained build operations Thread 103" [_thread_blocked, id=14772, stack(0x000000ae1be00000,0x000000ae1bf00000)]
  0x00000292bfb5cbc0 JavaThread "Unconstrained build operations Thread 104" [_thread_blocked, id=10032, stack(0x000000ae1bf00000,0x000000ae1c000000)]
  0x00000292bfb5d090 JavaThread "Unconstrained build operations Thread 105" [_thread_blocked, id=16196, stack(0x000000ae1c000000,0x000000ae1c100000)]
  0x00000292bfb668b0 JavaThread "Unconstrained build operations Thread 106" [_thread_blocked, id=17860, stack(0x000000ae1c100000,0x000000ae1c200000)]
  0x00000292bfb62ef0 JavaThread "Unconstrained build operations Thread 107" [_thread_blocked, id=21568, stack(0x000000ae1c200000,0x000000ae1c300000)]
  0x00000292bfb5fed0 JavaThread "Unconstrained build operations Thread 108" [_thread_blocked, id=10148, stack(0x000000ae1c300000,0x000000ae1c400000)]
  0x00000292bfb64230 JavaThread "Unconstrained build operations Thread 109" [_thread_blocked, id=15016, stack(0x000000ae1c400000,0x000000ae1c500000)]
  0x00000292bfb633c0 JavaThread "Unconstrained build operations Thread 110" [_thread_blocked, id=5676, stack(0x000000ae1c500000,0x000000ae1c600000)]
  0x00000292bfb62550 JavaThread "Unconstrained build operations Thread 111" [_thread_blocked, id=9348, stack(0x000000ae1c600000,0x000000ae1c700000)]
  0x00000292bfb64700 JavaThread "Unconstrained build operations Thread 112" [_thread_blocked, id=9744, stack(0x000000ae1c700000,0x000000ae1c800000)]
  0x00000292bfb67250 JavaThread "Unconstrained build operations Thread 113" [_thread_blocked, id=14048, stack(0x000000ae1c800000,0x000000ae1c900000)]
  0x00000292bfb63890 JavaThread "Unconstrained build operations Thread 114" [_thread_blocked, id=17588, stack(0x000000ae1c900000,0x000000ae1ca00000)]
  0x00000292bfb65570 JavaThread "Unconstrained build operations Thread 115" [_thread_blocked, id=6296, stack(0x000000ae1ca00000,0x000000ae1cb00000)]
  0x00000292bfb61bb0 JavaThread "Unconstrained build operations Thread 116" [_thread_blocked, id=21124, stack(0x000000ae1cb00000,0x000000ae1cc00000)]
  0x00000292bfb67720 JavaThread "Unconstrained build operations Thread 117" [_thread_blocked, id=15188, stack(0x000000ae1cc00000,0x000000ae1cd00000)]
  0x00000292bfb66d80 JavaThread "Unconstrained build operations Thread 118" [_thread_blocked, id=11044, stack(0x000000ae1cd00000,0x000000ae1ce00000)]
  0x00000292bfb663e0 JavaThread "Unconstrained build operations Thread 119" [_thread_blocked, id=15380, stack(0x000000ae1ce00000,0x000000ae1cf00000)]
  0x00000292bfb64bd0 JavaThread "Unconstrained build operations Thread 120" [_thread_blocked, id=14368, stack(0x000000ae1cf00000,0x000000ae1d000000)]
  0x00000292bfb63d60 JavaThread "Unconstrained build operations Thread 121" [_thread_blocked, id=1500, stack(0x000000ae1d000000,0x000000ae1d100000)]
  0x00000292bfb603a0 JavaThread "Unconstrained build operations Thread 122" [_thread_blocked, id=1276, stack(0x000000ae1d100000,0x000000ae1d200000)]
  0x00000292bfb650a0 JavaThread "Unconstrained build operations Thread 123" [_thread_blocked, id=2688, stack(0x000000ae1d200000,0x000000ae1d300000)]
  0x00000292bfb60870 JavaThread "Unconstrained build operations Thread 124" [_thread_blocked, id=20376, stack(0x000000ae1d300000,0x000000ae1d400000)]
  0x00000292bfb60d40 JavaThread "Unconstrained build operations Thread 125" [_thread_blocked, id=3212, stack(0x000000ae1d400000,0x000000ae1d500000)]

Other Threads:
  0x00000292b8c1ddd0 VMThread "VM Thread" [stack: 0x000000ae11800000,0x000000ae11900000] [id=15328]
  0x0000029299254c00 WatcherThread [stack: 0x000000ae12600000,0x000000ae12700000] [id=8472]
  0x0000029299207190 GCTaskThread "GC Thread#0" [stack: 0x000000ae11300000,0x000000ae11400000] [id=17864]
  0x00000292b992c770 GCTaskThread "GC Thread#1" [stack: 0x000000ae12a00000,0x000000ae12b00000] [id=18036]
  0x00000292b992ca20 GCTaskThread "GC Thread#2" [stack: 0x000000ae12b00000,0x000000ae12c00000] [id=2096]
  0x00000292b992ccd0 GCTaskThread "GC Thread#3" [stack: 0x000000ae12c00000,0x000000ae12d00000] [id=22520]
  0x00000292b992cf80 GCTaskThread "GC Thread#4" [stack: 0x000000ae12d00000,0x000000ae12e00000] [id=12424]
  0x00000292b949e530 GCTaskThread "GC Thread#5" [stack: 0x000000ae12e00000,0x000000ae12f00000] [id=7500]
  0x00000292bf2441a0 GCTaskThread "GC Thread#6" [stack: 0x000000ae13b00000,0x000000ae13c00000] [id=2124]
  0x00000292bfdf35b0 GCTaskThread "GC Thread#7" [stack: 0x000000ae13c00000,0x000000ae13d00000] [id=1996]
  0x00000292bf24e900 GCTaskThread "GC Thread#8" [stack: 0x000000ae13d00000,0x000000ae13e00000] [id=5900]
  0x00000292bf24ebb0 GCTaskThread "GC Thread#9" [stack: 0x000000ae13e00000,0x000000ae13f00000] [id=11048]
  0x00000292bfde68a0 GCTaskThread "GC Thread#10" [stack: 0x000000ae13f00000,0x000000ae14000000] [id=16964]
  0x00000292bfde5070 GCTaskThread "GC Thread#11" [stack: 0x000000ae14000000,0x000000ae14100000] [id=1740]
  0x00000292bfde55d0 GCTaskThread "GC Thread#12" [stack: 0x000000ae14100000,0x000000ae14200000] [id=11596]
  0x00000292bfde5880 GCTaskThread "GC Thread#13" [stack: 0x000000ae14200000,0x000000ae14300000] [id=18464]
  0x00000292bfde6090 GCTaskThread "GC Thread#14" [stack: 0x000000ae14300000,0x000000ae14400000] [id=10916]
  0x0000029299217f70 ConcurrentGCThread "G1 Main Marker" [stack: 0x000000ae11400000,0x000000ae11500000] [id=11564]
  0x0000029299219830 ConcurrentGCThread "G1 Conc#0" [stack: 0x000000ae11500000,0x000000ae11600000] [id=22340]
  0x00000292bfde65f0 ConcurrentGCThread "G1 Conc#1" [stack: 0x000000ae14400000,0x000000ae14500000] [id=17308]
  0x00000292bfde6340 ConcurrentGCThread "G1 Conc#2" [stack: 0x000000ae14500000,0x000000ae14600000] [id=21528]
  0x00000292bfde5b30 ConcurrentGCThread "G1 Conc#3" [stack: 0x000000ae14600000,0x000000ae14700000] [id=6316]
  0x00000292b8b155f0 ConcurrentGCThread "G1 Refine#0" [stack: 0x000000ae11600000,0x000000ae11700000] [id=11744]
  0x00000292b8b15cc0 ConcurrentGCThread "G1 Service" [stack: 0x000000ae11700000,0x000000ae11800000] [id=9956]

Threads with active compile tasks:
C2 CompilerThread0     5956 5530       4       java.lang.invoke.MethodType::makeImpl (109 bytes)
C1 CompilerThread1     5956 5796   !   3       org.gradle.internal.event.AbstractBroadcastDispatch::dispatch (74 bytes)
C1 CompilerThread2     5956 5797       3       java.io.ObjectStreamField::getSignature (39 bytes)
C2 CompilerThread1     5956 5779       4       jdk.internal.reflect.ClassFileAssembler::emitConstantPoolUTF8 (50 bytes)
C1 CompilerThread3     5956 5795       3       java.lang.invoke.MethodHandles::constant (88 bytes)
C2 CompilerThread3     5956 5786 %     4       sun.security.provider.SHA::implCompress0 @ 27 (506 bytes)

VM state: not at safepoint (normal execution)

VM Mutex/Monitor currently owned by a thread:  ([mutex/lock_event])
[0x0000029299197040] CompiledIC_lock - owner thread: 0x00000292b8d32d70

OutOfMemory and StackOverflow Exception counts:
OutOfMemoryError java_heap_errors=1
LinkageErrors=99

Heap address: 0x0000000700000000, size: 4096 MB, Compressed Oops mode: Zero based, Oop shift amount: 3

CDS archive(s) not mapped
Compressed class space mapped at: 0x0000000800000000-0x0000000840000000, reserved size: 1073741824
Narrow klass base: 0x0000000800000000, Narrow klass shift: 0, Narrow klass range: 0x40000000

GC Precious Log:
 CPUs: 20 total, 20 available
 Memory: 16110M
 Large Page Support: Disabled
 NUMA Support: Disabled
 Compressed Oops: Enabled (Zero based)
 Heap Region Size: 2M
 Heap Min Capacity: 8M
 Heap Initial Capacity: 252M
 Heap Max Capacity: 4G
 Pre-touch: Disabled
 Parallel Workers: 15
 Concurrent Workers: 4
 Concurrent Refinement Workers: 15
 Periodic GC: Disabled

Heap:
 garbage-first heap   total 98304K, used 42017K [0x0000000700000000, 0x0000000800000000)
  region size 2048K, 7 young (14336K), 3 survivors (6144K)
 Metaspace       used 50955K, committed 51392K, reserved 1114112K
  class space    used 6716K, committed 6912K, reserved 1048576K

Heap Regions: E=young(eden), S=young(survivor), O=old, HS=humongous(starts), HC=humongous(continues), CS=collection set, F=free, OA=open archive, CA=closed archive, TAMS=top-at-mark-start (previous, next)
|   0|0x0000000700000000, 0x0000000700200000, 0x0000000700200000|100%| O|  |TAMS 0x0000000700200000, 0x0000000700000000| Untracked 
|   1|0x0000000700200000, 0x0000000700400000, 0x0000000700400000|100%| O|  |TAMS 0x0000000700200000, 0x0000000700200000| Untracked 
|   2|0x0000000700400000, 0x0000000700600000, 0x0000000700600000|100%|HS|  |TAMS 0x0000000700600000, 0x0000000700400000| Complete 
|   3|0x0000000700600000, 0x0000000700800000, 0x0000000700800000|100%|HC|  |TAMS 0x0000000700800000, 0x0000000700600000| Complete 
|   4|0x0000000700800000, 0x0000000700a00000, 0x0000000700a00000|100%| O|  |TAMS 0x0000000700a00000, 0x0000000700800000| Untracked 
|   5|0x0000000700a00000, 0x0000000700c00000, 0x0000000700c00000|100%| O|  |TAMS 0x0000000700c00000, 0x0000000700a00000| Untracked 
|   6|0x0000000700c00000, 0x0000000700e00000, 0x0000000700e00000|100%| O|  |TAMS 0x0000000700e00000, 0x0000000700c00000| Untracked 
|   7|0x0000000700e00000, 0x0000000701000000, 0x0000000701000000|100%| O|  |TAMS 0x0000000701000000, 0x0000000700e00000| Untracked 
|   8|0x0000000701000000, 0x0000000701200000, 0x0000000701200000|100%| O|  |TAMS 0x0000000701200000, 0x0000000701000000| Untracked 
|   9|0x0000000701200000, 0x0000000701400000, 0x0000000701400000|100%| O|  |TAMS 0x0000000701400000, 0x0000000701200000| Untracked 
|  10|0x0000000701400000, 0x0000000701600000, 0x0000000701600000|100%| O|  |TAMS 0x00000007015e2000, 0x0000000701400000| Untracked 
|  11|0x0000000701600000, 0x0000000701800000, 0x0000000701800000|100%| O|  |TAMS 0x0000000701600000, 0x0000000701600000| Untracked 
|  12|0x0000000701800000, 0x0000000701979c00, 0x0000000701a00000| 73%| O|  |TAMS 0x0000000701800000, 0x0000000701800000| Untracked 
|  13|0x0000000701a00000, 0x0000000701c00000, 0x0000000701c00000|100%| O|  |TAMS 0x0000000701a00000, 0x0000000701a00000| Untracked 
|  14|0x0000000701c00000, 0x0000000701e00000, 0x0000000701e00000|100%| O|  |TAMS 0x0000000701c00000, 0x0000000701c00000| Untracked 
|  15|0x0000000701e00000, 0x0000000701e00000, 0x0000000702000000|  0%| F|  |TAMS 0x0000000701e00000, 0x0000000701e00000| Untracked 
|  16|0x0000000702000000, 0x0000000702000000, 0x0000000702200000|  0%| F|  |TAMS 0x0000000702000000, 0x0000000702000000| Untracked 
|  17|0x0000000702200000, 0x0000000702200000, 0x0000000702400000|  0%| F|  |TAMS 0x0000000702200000, 0x0000000702200000| Untracked 
|  18|0x0000000702400000, 0x0000000702400000, 0x0000000702600000|  0%| F|  |TAMS 0x0000000702400000, 0x0000000702400000| Untracked 
|  19|0x0000000702600000, 0x0000000702600000, 0x0000000702800000|  0%| F|  |TAMS 0x0000000702600000, 0x0000000702600000| Untracked 
|  20|0x0000000702800000, 0x0000000702800000, 0x0000000702a00000|  0%| F|  |TAMS 0x0000000702800000, 0x0000000702800000| Untracked 
|  21|0x0000000702a00000, 0x0000000702a00000, 0x0000000702c00000|  0%| F|  |TAMS 0x0000000702a00000, 0x0000000702a00000| Untracked 
|  22|0x0000000702c00000, 0x0000000702c00000, 0x0000000702e00000|  0%| F|  |TAMS 0x0000000702c00000, 0x0000000702c00000| Untracked 
|  23|0x0000000702e00000, 0x0000000702f8e838, 0x0000000703000000| 77%| S|CS|TAMS 0x0000000702e00000, 0x0000000702e00000| Complete 
|  24|0x0000000703000000, 0x0000000703200000, 0x0000000703200000|100%| S|CS|TAMS 0x0000000703000000, 0x0000000703000000| Complete 
|  25|0x0000000703200000, 0x0000000703400000, 0x0000000703400000|100%| S|CS|TAMS 0x0000000703200000, 0x0000000703200000| Complete 
|  26|0x0000000703400000, 0x0000000703400000, 0x0000000703600000|  0%| F|  |TAMS 0x0000000703400000, 0x0000000703400000| Untracked 
|  27|0x0000000703600000, 0x0000000703600000, 0x0000000703800000|  0%| F|  |TAMS 0x0000000703600000, 0x0000000703600000| Untracked 
|  28|0x0000000703800000, 0x0000000703800000, 0x0000000703a00000|  0%| F|  |TAMS 0x0000000703800000, 0x0000000703800000| Untracked 
|  29|0x0000000703a00000, 0x0000000703a00000, 0x0000000703c00000|  0%| F|  |TAMS 0x0000000703a00000, 0x0000000703a00000| Untracked 
|  30|0x0000000703c00000, 0x0000000703c00000, 0x0000000703e00000|  0%| F|  |TAMS 0x0000000703c00000, 0x0000000703c00000| Untracked 
|  31|0x0000000703e00000, 0x0000000703e00000, 0x0000000704000000|  0%| F|  |TAMS 0x0000000703e00000, 0x0000000703e00000| Untracked 
|  32|0x0000000704000000, 0x0000000704000000, 0x0000000704200000|  0%| F|  |TAMS 0x0000000704000000, 0x0000000704000000| Untracked 
|  33|0x0000000704200000, 0x0000000704200000, 0x0000000704400000|  0%| F|  |TAMS 0x0000000704200000, 0x0000000704200000| Untracked 
|  34|0x0000000704400000, 0x0000000704400000, 0x0000000704600000|  0%| F|  |TAMS 0x0000000704400000, 0x0000000704400000| Untracked 
|  35|0x0000000704600000, 0x0000000704600000, 0x0000000704800000|  0%| F|  |TAMS 0x0000000704600000, 0x0000000704600000| Untracked 
|  36|0x0000000704800000, 0x0000000704800000, 0x0000000704a00000|  0%| F|  |TAMS 0x0000000704800000, 0x0000000704800000| Untracked 
|  37|0x0000000704a00000, 0x0000000704a00000, 0x0000000704c00000|  0%| F|  |TAMS 0x0000000704a00000, 0x0000000704a00000| Untracked 
|  38|0x0000000704c00000, 0x0000000704c00000, 0x0000000704e00000|  0%| F|  |TAMS 0x0000000704c00000, 0x0000000704c00000| Untracked 
|  39|0x0000000704e00000, 0x0000000704e00000, 0x0000000705000000|  0%| F|  |TAMS 0x0000000704e00000, 0x0000000704e00000| Untracked 
|  40|0x0000000705000000, 0x0000000705000000, 0x0000000705200000|  0%| F|  |TAMS 0x0000000705000000, 0x0000000705000000| Untracked 
|  41|0x0000000705200000, 0x0000000705200000, 0x0000000705400000|  0%| F|  |TAMS 0x0000000705200000, 0x0000000705200000| Untracked 
|  42|0x0000000705400000, 0x0000000705400000, 0x0000000705600000|  0%| F|  |TAMS 0x0000000705400000, 0x0000000705400000| Untracked 
|  96|0x000000070c000000, 0x000000070c000000, 0x000000070c200000|  0%| F|  |TAMS 0x000000070c000000, 0x000000070c000000| Untracked 
|  97|0x000000070c200000, 0x000000070c3efed0, 0x000000070c400000| 96%| E|  |TAMS 0x000000070c200000, 0x000000070c200000| Complete 
|  98|0x000000070c400000, 0x000000070c600000, 0x000000070c600000|100%| E|CS|TAMS 0x000000070c400000, 0x000000070c400000| Complete 
|  99|0x000000070c600000, 0x000000070c800000, 0x000000070c800000|100%| E|CS|TAMS 0x000000070c600000, 0x000000070c600000| Complete 
| 125|0x000000070fa00000, 0x000000070fc00000, 0x000000070fc00000|100%| E|CS|TAMS 0x000000070fa00000, 0x000000070fa00000| Complete 

Card table byte_map: [0x00000292ac910000,0x00000292ad110000] _byte_map_base: 0x00000292a9110000

Marking Bits (Prev, Next): (CMBitMap*) 0x0000029299207640, (CMBitMap*) 0x0000029299207680
 Prev Bits: [0x00000292ad910000, 0x00000292b1910000)
 Next Bits: [0x00000292b1910000, 0x00000292b5910000)

Polling page: 0x0000029298960000

Metaspace:

Usage:
  Non-class:     43.21 MB used.
      Class:      6.56 MB used.
       Both:     49.77 MB used.

Virtual space:
  Non-class space:       64.00 MB reserved,      43.44 MB ( 68%) committed,  1 nodes.
      Class space:        1.00 GB reserved,       6.75 MB ( <1%) committed,  1 nodes.
             Both:        1.06 GB reserved,      50.19 MB (  5%) committed. 

Chunk freelists:
   Non-Class:  4.10 MB
       Class:  9.25 MB
        Both:  13.36 MB

MaxMetaspaceSize: unlimited
CompressedClassSpaceSize: 1.00 GB
Initial GC threshold: 21.00 MB
Current GC threshold: 59.00 MB
CDS: off
MetaspaceReclaimPolicy: balanced
 - commit_granule_bytes: 65536.
 - commit_granule_words: 8192.
 - virtual_space_node_default_size: 8388608.
 - enlarge_chunks_in_place: 1.
 - new_chunks_are_fully_committed: 0.
 - uncommit_free_chunks: 1.
 - use_allocation_guard: 0.
 - handle_deallocations: 1.


Internal statistics:

num_allocs_failed_limit: 6.
num_arena_births: 434.
num_arena_deaths: 0.
num_vsnodes_births: 2.
num_vsnodes_deaths: 0.
num_space_committed: 803.
num_space_uncommitted: 0.
num_chunks_returned_to_freelist: 6.
num_chunks_taken_from_freelist: 2038.
num_chunk_merges: 6.
num_chunk_splits: 1336.
num_chunks_enlarged: 911.
num_inconsistent_stats: 0.

CodeHeap 'non-profiled nmethods': size=119168Kb used=3234Kb max_used=3234Kb free=115933Kb
 bounds [0x00000292a4210000, 0x00000292a4540000, 0x00000292ab670000]
CodeHeap 'profiled nmethods': size=119104Kb used=11712Kb max_used=11712Kb free=107391Kb
 bounds [0x000002929c670000, 0x000002929d1f0000, 0x00000292a3ac0000]
CodeHeap 'non-nmethods': size=7488Kb used=4002Kb max_used=4060Kb free=3485Kb
 bounds [0x00000292a3ac0000, 0x00000292a3ed0000, 0x00000292a4210000]
 total_blobs=6619 nmethods=5793 adapters=735
 compilation: enabled
              stopped_count=0, restarted_count=0
 full_count=0

Compilation events (20 events):
Event: 5.924 Thread 0x00000292b8e92b20 5758       3       org.gradle.internal.resources.DefaultLease::acquireLock (30 bytes)
Event: 5.924 Thread 0x00000292be406de0 nmethod 5756 0x000002929d1cc210 code [0x000002929d1cc420, 0x000002929d1ccb38]
Event: 5.924 Thread 0x00000292be406de0 5759       3       org.gradle.internal.resources.LeaseHolder::grantLease (25 bytes)
Event: 5.924 Thread 0x00000292be406de0 nmethod 5759 0x000002929d1ccd10 code [0x000002929d1ccea0, 0x000002929d1cd018]
Event: 5.924 Thread 0x00000292b8d32470 nmethod 5757 0x000002929d1cd090 code [0x000002929d1cd300, 0x000002929d1cdd68]
Event: 5.924 Thread 0x00000292b8e92b20 nmethod 5758 0x000002929d1ce190 code [0x000002929d1ce340, 0x000002929d1ce638]
Event: 5.925 Thread 0x00000292be406de0 5760       3       org.gradle.cache.internal.btree.CachingBlockStore::maybeCache (23 bytes)
Event: 5.925 Thread 0x00000292b8e93440 5761       3       java.nio.file.Path::toFile (36 bytes)
Event: 5.925 Thread 0x00000292b8d32470 5762       3       org.gradle.cache.internal.filelock.LockStateAccess::writeState (90 bytes)
Event: 5.925 Thread 0x00000292b8e92b20 5763       3       org.gradle.cache.internal.filelock.DefaultLockStateSerializer::write (26 bytes)
Event: 5.925 Thread 0x00000292b8e93440 nmethod 5761 0x000002929d1ce710 code [0x000002929d1ce920, 0x000002929d1cefd8]
Event: 5.925 Thread 0x00000292b8e93440 5764       3       java.io.RandomAccessFile::write (9 bytes)
Event: 5.925 Thread 0x00000292be406de0 nmethod 5760 0x000002929d1cf210 code [0x000002929d1cf440, 0x000002929d1cfe48]
Event: 5.925 Thread 0x00000292b8e92b20 nmethod 5763 0x000002929d1d0210 code [0x000002929d1d03e0, 0x000002929d1d07b8]
Event: 5.926 Thread 0x00000292b8e93440 nmethod 5764 0x000002929d1d0910 code [0x000002929d1d0ac0, 0x000002929d1d0c08]
Event: 5.926 Thread 0x00000292b8d32470 nmethod 5762 0x000002929d1d0d10 code [0x000002929d1d0fe0, 0x000002929d1d2078]
Event: 5.927 Thread 0x00000292b94f1320 5765       4       java.util.concurrent.locks.ReentrantLock::unlock (10 bytes)
Event: 5.928 Thread 0x00000292b8e93440 5766       3       com.google.common.collect.Sets::newHashSet (8 bytes)
Event: 5.929 Thread 0x00000292b8e93440 nmethod 5766 0x000002929d1d2710 code [0x000002929d1d28e0, 0x000002929d1d2d98]
Event: 5.929 Thread 0x00000292b94f1320 nmethod 5765 0x00000292a4533b90 code [0x00000292a4533d20, 0x00000292a4533f08]

GC Heap History (20 events):
Event: 0.979 GC heap before
{Heap before GC invocations=1 (full 0):
 garbage-first heap   total 258048K, used 34710K [0x0000000700000000, 0x0000000800000000)
  region size 2048K, 14 young (28672K), 2 survivors (4096K)
 Metaspace       used 11204K, committed 11392K, reserved 1114112K
  class space    used 1164K, committed 1280K, reserved 1048576K
}
Event: 0.982 GC heap after
{Heap after GC invocations=2 (full 0):
 garbage-first heap   total 258048K, used 10785K [0x0000000700000000, 0x0000000800000000)
  region size 2048K, 1 young (2048K), 1 survivors (2048K)
 Metaspace       used 11204K, committed 11392K, reserved 1114112K
  class space    used 1164K, committed 1280K, reserved 1048576K
}
Event: 2.167 GC heap before
{Heap before GC invocations=2 (full 0):
 garbage-first heap   total 258048K, used 57889K [0x0000000700000000, 0x0000000800000000)
  region size 2048K, 26 young (53248K), 1 survivors (2048K)
 Metaspace       used 21300K, committed 21504K, reserved 1114112K
  class space    used 2574K, committed 2624K, reserved 1048576K
}
Event: 2.175 GC heap after
{Heap after GC invocations=3 (full 0):
 garbage-first heap   total 258048K, used 18123K [0x0000000700000000, 0x0000000800000000)
  region size 2048K, 4 young (8192K), 4 survivors (8192K)
 Metaspace       used 21300K, committed 21504K, reserved 1114112K
  class space    used 2574K, committed 2624K, reserved 1048576K
}
Event: 2.755 GC heap before
{Heap before GC invocations=4 (full 0):
 garbage-first heap   total 69632K, used 50891K [0x0000000700000000, 0x0000000800000000)
  region size 2048K, 20 young (40960K), 4 survivors (8192K)
 Metaspace       used 26440K, committed 26688K, reserved 1114112K
  class space    used 3482K, committed 3584K, reserved 1048576K
}
Event: 2.760 GC heap after
{Heap after GC invocations=5 (full 0):
 garbage-first heap   total 69632K, used 20402K [0x0000000700000000, 0x0000000800000000)
  region size 2048K, 2 young (4096K), 2 survivors (4096K)
 Metaspace       used 26440K, committed 26688K, reserved 1114112K
  class space    used 3482K, committed 3584K, reserved 1048576K
}
Event: 2.805 GC heap before
{Heap before GC invocations=5 (full 0):
 garbage-first heap   total 69632K, used 22450K [0x0000000700000000, 0x0000000800000000)
  region size 2048K, 3 young (6144K), 2 survivors (4096K)
 Metaspace       used 26839K, committed 27136K, reserved 1114112K
  class space    used 3535K, committed 3648K, reserved 1048576K
}
Event: 2.809 GC heap after
{Heap after GC invocations=6 (full 0):
 garbage-first heap   total 69632K, used 20756K [0x0000000700000000, 0x0000000800000000)
  region size 2048K, 1 young (2048K), 1 survivors (2048K)
 Metaspace       used 26839K, committed 27136K, reserved 1114112K
  class space    used 3535K, committed 3648K, reserved 1048576K
}
Event: 3.323 GC heap before
{Heap before GC invocations=6 (full 0):
 garbage-first heap   total 69632K, used 47380K [0x0000000700000000, 0x0000000800000000)
  region size 2048K, 14 young (28672K), 1 survivors (2048K)
 Metaspace       used 30923K, committed 31232K, reserved 1114112K
  class space    used 4197K, committed 4288K, reserved 1048576K
}
Event: 3.325 GC heap after
{Heap after GC invocations=7 (full 0):
 garbage-first heap   total 69632K, used 21815K [0x0000000700000000, 0x0000000800000000)
  region size 2048K, 1 young (2048K), 1 survivors (2048K)
 Metaspace       used 30923K, committed 31232K, reserved 1114112K
  class space    used 4197K, committed 4288K, reserved 1048576K
}
Event: 3.850 GC heap before
{Heap before GC invocations=7 (full 0):
 garbage-first heap   total 69632K, used 46391K [0x0000000700000000, 0x0000000800000000)
  region size 2048K, 14 young (28672K), 1 survivors (2048K)
 Metaspace       used 35673K, committed 35968K, reserved 1114112K
  class space    used 4852K, committed 4992K, reserved 1048576K
}
Event: 3.852 GC heap after
{Heap after GC invocations=8 (full 0):
 garbage-first heap   total 69632K, used 23895K [0x0000000700000000, 0x0000000800000000)
  region size 2048K, 2 young (4096K), 2 survivors (4096K)
 Metaspace       used 35673K, committed 35968K, reserved 1114112K
  class space    used 4852K, committed 4992K, reserved 1048576K
}
Event: 4.183 GC heap before
{Heap before GC invocations=9 (full 0):
 garbage-first heap   total 69632K, used 48471K [0x0000000700000000, 0x0000000800000000)
  region size 2048K, 15 young (30720K), 2 survivors (4096K)
 Metaspace       used 39962K, committed 40256K, reserved 1114112K
  class space    used 5280K, committed 5376K, reserved 1048576K
}
Event: 4.187 GC heap after
{Heap after GC invocations=10 (full 0):
 garbage-first heap   total 69632K, used 27501K [0x0000000700000000, 0x0000000800000000)
  region size 2048K, 2 young (4096K), 2 survivors (4096K)
 Metaspace       used 39962K, committed 40256K, reserved 1114112K
  class space    used 5280K, committed 5376K, reserved 1048576K
}
Event: 4.493 GC heap before
{Heap before GC invocations=10 (full 0):
 garbage-first heap   total 69632K, used 50029K [0x0000000700000000, 0x0000000800000000)
  region size 2048K, 13 young (26624K), 2 survivors (4096K)
 Metaspace       used 42060K, committed 42368K, reserved 1114112K
  class space    used 5470K, committed 5568K, reserved 1048576K
}
Event: 4.498 GC heap after
{Heap after GC invocations=11 (full 0):
 garbage-first heap   total 98304K, used 30547K [0x0000000700000000, 0x0000000800000000)
  region size 2048K, 2 young (4096K), 2 survivors (4096K)
 Metaspace       used 42060K, committed 42368K, reserved 1114112K
  class space    used 5470K, committed 5568K, reserved 1048576K
}
Event: 5.187 GC heap before
{Heap before GC invocations=11 (full 0):
 garbage-first heap   total 98304K, used 67411K [0x0000000700000000, 0x0000000800000000)
  region size 2048K, 21 young (43008K), 2 survivors (4096K)
 Metaspace       used 46995K, committed 47360K, reserved 1114112K
  class space    used 6159K, committed 6336K, reserved 1048576K
}
Event: 5.192 GC heap after
{Heap after GC invocations=12 (full 0):
 garbage-first heap   total 98304K, used 33006K [0x0000000700000000, 0x0000000800000000)
  region size 2048K, 3 young (6144K), 3 survivors (6144K)
 Metaspace       used 46995K, committed 47360K, reserved 1114112K
  class space    used 6159K, committed 6336K, reserved 1048576K
}
Event: 5.886 GC heap before
{Heap before GC invocations=12 (full 0):
 garbage-first heap   total 98304K, used 71918K [0x0000000700000000, 0x0000000800000000)
  region size 2048K, 22 young (45056K), 3 survivors (6144K)
 Metaspace       used 50691K, committed 51072K, reserved 1114112K
  class space    used 6680K, committed 6848K, reserved 1048576K
}
Event: 5.890 GC heap after
{Heap after GC invocations=13 (full 0):
 garbage-first heap   total 98304K, used 35873K [0x0000000700000000, 0x0000000800000000)
  region size 2048K, 3 young (6144K), 3 survivors (6144K)
 Metaspace       used 50691K, committed 51072K, reserved 1114112K
  class space    used 6680K, committed 6848K, reserved 1048576K
}

Dll operation events (2 events):
Event: 0.006 Loaded shared library C:\Program Files\Android\Android Studio\jbr\bin\java.dll
Event: 0.387 Loaded shared library C:\Program Files\Android\Android Studio\jbr\bin\verify.dll

Deoptimization events (20 events):
Event: 5.873 Thread 0x00000292be517910 DEOPT PACKING pc=0x00000292a44783d8 sp=0x000000ae15afdae0
Event: 5.873 Thread 0x00000292be515290 DEOPT UNPACKING pc=0x00000292a3b169a3 sp=0x000000ae15dfdae8 mode 2
Event: 5.873 Thread 0x00000292be516aa0 DEOPT UNPACKING pc=0x00000292a3b169a3 sp=0x000000ae15efd8a8 mode 2
Event: 5.873 Thread 0x00000292be517910 DEOPT UNPACKING pc=0x00000292a3b169a3 sp=0x000000ae15afda78 mode 2
Event: 5.874 Thread 0x00000292be51ae00 Uncommon trap: trap_request=0xffffff45 fr.pc=0x00000292a42c419c relative=0x000000000000015c
Event: 5.874 Thread 0x00000292be51ae00 Uncommon trap: reason=unstable_if action=reinterpret pc=0x00000292a42c419c method=java.util.concurrent.ConcurrentHashMap.addCount(JI)V @ 7 c2
Event: 5.874 Thread 0x00000292be51ae00 DEOPT PACKING pc=0x00000292a42c419c sp=0x000000ae160fe930
Event: 5.874 Thread 0x00000292be51ae00 DEOPT UNPACKING pc=0x00000292a3b169a3 sp=0x000000ae160fe890 mode 2
Event: 5.876 Thread 0x00000292be51a460 DEOPT PACKING pc=0x000002929cad40f4 sp=0x000000ae15bfd290
Event: 5.876 Thread 0x00000292be51a460 DEOPT UNPACKING pc=0x00000292a3b17143 sp=0x000000ae15bfc7e8 mode 0
Event: 5.896 Thread 0x00000292be5182b0 DEOPT PACKING pc=0x000002929cad40f4 sp=0x000000ae16afdbd0
Event: 5.896 Thread 0x00000292be5182b0 DEOPT UNPACKING pc=0x00000292a3b17143 sp=0x000000ae16afd128 mode 0
Event: 5.907 Thread 0x00000292b98050e0 DEOPT PACKING pc=0x000002929cad40f4 sp=0x000000ae18afdd80
Event: 5.907 Thread 0x00000292b98050e0 DEOPT UNPACKING pc=0x00000292a3b17143 sp=0x000000ae18afd2d8 mode 0
Event: 5.907 Thread 0x00000292be80f000 Uncommon trap: trap_request=0xffffff45 fr.pc=0x00000292a452d23c relative=0x000000000000013c
Event: 5.907 Thread 0x00000292be80f000 Uncommon trap: reason=unstable_if action=reinterpret pc=0x00000292a452d23c method=java.util.concurrent.locks.ReentrantLock$NonfairSync.tryAcquire(I)Z @ 13 c2
Event: 5.907 Thread 0x00000292be80f000 DEOPT PACKING pc=0x00000292a452d23c sp=0x000000ae1a0feee0
Event: 5.907 Thread 0x00000292be80f000 DEOPT UNPACKING pc=0x00000292a3b169a3 sp=0x000000ae1a0fee90 mode 2
Event: 5.916 Thread 0x00000292be5195f0 DEOPT PACKING pc=0x000002929cad40f4 sp=0x000000ae16ffda40
Event: 5.916 Thread 0x00000292be5195f0 DEOPT UNPACKING pc=0x00000292a3b17143 sp=0x000000ae16ffcf98 mode 0

Classes unloaded (0 events):
No events

Classes redefined (0 events):
No events

Internal exceptions (20 events):
Event: 5.089 Thread 0x00000292b8ecdcb0 Exception <a 'java/lang/ClassNotFoundException'{0x0000000703ea1f78}: org/gradle/plugin/use/internal/PluginRequestCollector$PluginDependencySpecImplBeanInfo> (0x0000000703ea1f78) 
thrown [s\src\hotspot\share\classfile\systemDictionary.cpp, line 256]
Event: 5.090 Thread 0x00000292b8ecdcb0 Exception <a 'java/lang/ClassNotFoundException'{0x0000000703eb2618}: org/gradle/plugin/use/internal/PluginRequestCollector$PluginDependencySpecImplCustomizer> (0x0000000703eb2618) 
thrown [s\src\hotspot\share\classfile\systemDictionary.cpp, line 256]
Event: 5.213 Thread 0x00000292b8ecdcb0 Exception <a 'java/lang/NoSuchMethodError'{0x000000070fb52e40}: 'java.lang.Object java.lang.invoke.DirectMethodHandle$Holder.newInvokeSpecial(java.lang.Object, int, java.lang.Object)'> (0x000000070fb52e40) 
thrown [s\src\hotspot\share\interpreter\linkResolver.cpp, line 771]
Event: 5.312 Thread 0x00000292b8ecdcb0 Exception <a 'java/lang/IncompatibleClassChangeError'{0x000000070c097368}: Found class java.lang.Object, but interface was expected> (0x000000070c097368) 
thrown [s\src\hotspot\share\interpreter\linkResolver.cpp, line 838]
Event: 5.313 Thread 0x00000292b8ecdcb0 Exception <a 'java/lang/NoSuchMethodError'{0x000000070c09ee18}: 'int java.lang.invoke.DirectMethodHandle$Holder.invokeSpecialIFC(java.lang.Object, java.lang.Object, java.lang.Object, java.lang.Object, java.lang.Object)'> (0x000000070c09ee18) 
thrown [s\src\hotspot\share\interpreter\linkResolver.cpp, line 771]
Event: 5.424 Thread 0x00000292b8ecdcb0 Exception <a 'java/lang/NoSuchMethodError'{0x0000000705362de0}: 'int java.lang.invoke.DirectMethodHandle$Holder.invokeStatic(java.lang.Object)'> (0x0000000705362de0) 
thrown [s\src\hotspot\share\interpreter\linkResolver.cpp, line 771]
Event: 5.424 Thread 0x00000292b8ecdcb0 Exception <a 'java/lang/NoSuchMethodError'{0x00000007053671d0}: 'int java.lang.invoke.DirectMethodHandle$Holder.invokeStaticInit(java.lang.Object)'> (0x00000007053671d0) 
thrown [s\src\hotspot\share\interpreter\linkResolver.cpp, line 771]
Event: 5.475 Thread 0x00000292b8ecdcb0 Exception <a 'java/lang/NoSuchMethodError'{0x00000007050a6ec0}: 'void java.lang.invoke.DirectMethodHandle$Holder.invokeStatic(java.lang.Object, java.lang.Object, java.lang.Object, int, java.lang.Object)'> (0x00000007050a6ec0) 
thrown [s\src\hotspot\share\interpreter\linkResolver.cpp, line 771]
Event: 5.562 Thread 0x00000292b8ecdcb0 Exception <a 'java/lang/NoSuchMethodError'{0x0000000704c34ed0}: 'java.lang.Object java.lang.invoke.DelegatingMethodHandle$Holder.reinvoke_L(java.lang.Object, java.lang.Object, java.lang.Object, java.lang.Object, java.lang.Object, java.lang.Object, java.lang.Object, java.lang.Object, java.lang.Object, java.lang.Object, java.lang.Object, java.lang.Object, java.lang.Object, java.lang.Object, java.lang.Object, java.lang.Object, java.lang.Object, java.lang.Object, java.lang.Object, java.lang.Object, java.lang.O
Event: 5.563 Thread 0x00000292b8ecdcb0 Exception <a 'java/lang/NoSuchMethodError'{0x0000000704c40bf0}: 'java.lang.Object java.lang.invoke.Invokers$Holder.invoker(java.lang.Object, java.lang.Object, java.lang.Object, java.lang.Object, java.lang.Object, java.lang.Object, java.lang.Object, java.lang.Object, java.lang.Object, java.lang.Object, java.lang.Object, java.lang.Object, java.lang.Object, java.lang.Object, java.lang.Object, java.lang.Object, java.lang.Object, java.lang.Object, java.lang.Object, java.lang.Object, java.lang.Object)'> (0x00000
Event: 5.563 Thread 0x00000292b8ecdcb0 Exception <a 'java/lang/NoSuchMethodError'{0x0000000704c47b78}: 'java.lang.Object java.lang.invoke.DelegatingMethodHandle$Holder.delegate(java.lang.Object, java.lang.Object, java.lang.Object, java.lang.Object, java.lang.Object, java.lang.Object, java.lang.Object, java.lang.Object, java.lang.Object, java.lang.Object, java.lang.Object, java.lang.Object, java.lang.Object, java.lang.Object, java.lang.Object, java.lang.Object, java.lang.Object, java.lang.Object, java.lang.Object, java.lang.Object, java.lang.Obj
Event: 5.574 Thread 0x00000292b8ecdcb0 Exception <a 'java/lang/NoSuchMethodError'{0x0000000704cd33e0}: 'java.lang.Object java.lang.invoke.DirectMethodHandle$Holder.invokeStatic(java.lang.Object, java.lang.Object, java.lang.Object, java.lang.Object, java.lang.Object, java.lang.Object, java.lang.Object, java.lang.Object, java.lang.Object, java.lang.Object, java.lang.Object, java.lang.Object, java.lang.Object, java.lang.Object, java.lang.Object, java.lang.Object, java.lang.Object)'> (0x0000000704cd33e0) 
thrown [s\src\hotspot\share\interpreter\lin
Event: 5.577 Thread 0x00000292b8ecdcb0 Exception <a 'java/lang/NoSuchMethodError'{0x0000000704cfb550}: 'java.lang.Object java.lang.invoke.DirectMethodHandle$Holder.invokeStatic(java.lang.Object, java.lang.Object, java.lang.Object, java.lang.Object, java.lang.Object, java.lang.Object, java.lang.Object, java.lang.Object, java.lang.Object, java.lang.Object, java.lang.Object, java.lang.Object, java.lang.Object, java.lang.Object, java.lang.Object, java.lang.Object, java.lang.Object, java.lang.Object)'> (0x0000000704cfb550) 
thrown [s\src\hotspot\sha
Event: 5.578 Thread 0x00000292b8ecdcb0 Exception <a 'java/lang/NoSuchMethodError'{0x0000000704d240e8}: 'java.lang.Object java.lang.invoke.DirectMethodHandle$Holder.invokeStatic(java.lang.Object, java.lang.Object, java.lang.Object, java.lang.Object, java.lang.Object, java.lang.Object, java.lang.Object, java.lang.Object, java.lang.Object, java.lang.Object, java.lang.Object, java.lang.Object, java.lang.Object, java.lang.Object, java.lang.Object, java.lang.Object, java.lang.Object, java.lang.Object, java.lang.Object)'> (0x0000000704d240e8) 
thrown 
Event: 5.580 Thread 0x00000292b8ecdcb0 Exception <a 'java/lang/NoSuchMethodError'{0x0000000704d4df78}: 'java.lang.Object java.lang.invoke.DirectMethodHandle$Holder.invokeStatic(java.lang.Object, java.lang.Object, java.lang.Object, java.lang.Object, java.lang.Object, java.lang.Object, java.lang.Object, java.lang.Object, java.lang.Object, java.lang.Object, java.lang.Object, java.lang.Object, java.lang.Object, java.lang.Object, java.lang.Object, java.lang.Object, java.lang.Object, java.lang.Object, java.lang.Object, java.lang.Object)'> (0x00000007
Event: 5.583 Thread 0x00000292b8ecdcb0 Exception <a 'java/lang/NoSuchMethodError'{0x0000000704d78e68}: 'java.lang.Object java.lang.invoke.DirectMethodHandle$Holder.invokeStatic(java.lang.Object, java.lang.Object, java.lang.Object, java.lang.Object, java.lang.Object, java.lang.Object, java.lang.Object, java.lang.Object, java.lang.Object, java.lang.Object, java.lang.Object, java.lang.Object, java.lang.Object, java.lang.Object, java.lang.Object, java.lang.Object, java.lang.Object, java.lang.Object, java.lang.Object, java.lang.Object, java.lang.Obj
Event: 5.586 Thread 0x00000292b8ecdcb0 Exception <a 'java/lang/NoSuchMethodError'{0x0000000704dae210}: 'java.lang.Object java.lang.invoke.DirectMethodHandle$Holder.invokeStatic(java.lang.Object, java.lang.Object, java.lang.Object, java.lang.Object, java.lang.Object, java.lang.Object, java.lang.Object, java.lang.Object, java.lang.Object, java.lang.Object, java.lang.Object, java.lang.Object, java.lang.Object, java.lang.Object, java.lang.Object, java.lang.Object, java.lang.Object, java.lang.Object, java.lang.Object, java.lang.Object, java.lang.Obj
Event: 5.588 Thread 0x00000292b8ecdcb0 Exception <a 'java/lang/NoSuchMethodError'{0x0000000704ddb500}: 'java.lang.Object java.lang.invoke.DirectMethodHandle$Holder.invokeStatic(java.lang.Object, java.lang.Object, java.lang.Object, java.lang.Object, java.lang.Object, java.lang.Object, java.lang.Object, java.lang.Object, java.lang.Object, java.lang.Object, java.lang.Object, java.lang.Object, java.lang.Object, java.lang.Object, java.lang.Object, java.lang.Object, java.lang.Object, java.lang.Object, java.lang.Object, java.lang.Object, java.lang.Obj
Event: 5.590 Thread 0x00000292b8ecdcb0 Exception <a 'java/lang/NoSuchMethodError'{0x0000000704a0aaf8}: 'java.lang.Object java.lang.invoke.DirectMethodHandle$Holder.invokeStatic(java.lang.Object, java.lang.Object, java.lang.Object, java.lang.Object, java.lang.Object, java.lang.Object, java.lang.Object, java.lang.Object, java.lang.Object, java.lang.Object, java.lang.Object, java.lang.Object, java.lang.Object, java.lang.Object, java.lang.Object, java.lang.Object, java.lang.Object, java.lang.Object, java.lang.Object, java.lang.Object, java.lang.Obj
Event: 5.781 Thread 0x00000292b8ecdcb0 Exception <a 'java/lang/NoSuchMethodError'{0x00000007042d0760}: 'void java.lang.invoke.DirectMethodHandle$Holder.invokeStatic(java.lang.Object, java.lang.Object, java.lang.Object, java.lang.Object, java.lang.Object, java.lang.Object)'> (0x00000007042d0760) 
thrown [s\src\hotspot\share\interpreter\linkResolver.cpp, line 771]

VM Operations (20 events):
Event: 4.947 Executing VM operation: HandshakeAllThreads
Event: 4.947 Executing VM operation: HandshakeAllThreads done
Event: 4.967 Executing VM operation: ICBufferFull
Event: 4.968 Executing VM operation: ICBufferFull done
Event: 5.094 Executing VM operation: HandshakeAllThreads
Event: 5.095 Executing VM operation: HandshakeAllThreads done
Event: 5.096 Executing VM operation: HandshakeAllThreads
Event: 5.096 Executing VM operation: HandshakeAllThreads done
Event: 5.187 Executing VM operation: G1CollectForAllocation
Event: 5.192 Executing VM operation: G1CollectForAllocation done
Event: 5.737 Executing VM operation: ICBufferFull
Event: 5.737 Executing VM operation: ICBufferFull done
Event: 5.777 Executing VM operation: HandshakeAllThreads
Event: 5.777 Executing VM operation: HandshakeAllThreads done
Event: 5.882 Executing VM operation: ICBufferFull
Event: 5.882 Executing VM operation: ICBufferFull done
Event: 5.885 Executing VM operation: G1CollectForAllocation
Event: 5.891 Executing VM operation: G1CollectForAllocation done
Event: 5.906 Executing VM operation: HandshakeAllThreads
Event: 5.906 Executing VM operation: HandshakeAllThreads done

Events (20 events):
Event: 5.919 Thread 0x00000292bfb668b0 Thread added: 0x00000292bfb668b0
Event: 5.919 Thread 0x00000292bfb62ef0 Thread added: 0x00000292bfb62ef0
Event: 5.921 Thread 0x00000292bfb5fed0 Thread added: 0x00000292bfb5fed0
Event: 5.921 Thread 0x00000292bfb64230 Thread added: 0x00000292bfb64230
Event: 5.921 Thread 0x00000292bfb633c0 Thread added: 0x00000292bfb633c0
Event: 5.922 Thread 0x00000292bfb62550 Thread added: 0x00000292bfb62550
Event: 5.922 Thread 0x00000292bfb64700 Thread added: 0x00000292bfb64700
Event: 5.922 Thread 0x00000292bfb67250 Thread added: 0x00000292bfb67250
Event: 5.924 Thread 0x00000292bfb63890 Thread added: 0x00000292bfb63890
Event: 5.924 Thread 0x00000292bfb65570 Thread added: 0x00000292bfb65570
Event: 5.924 Thread 0x00000292bfb61bb0 Thread added: 0x00000292bfb61bb0
Event: 5.924 Thread 0x00000292bfb67720 Thread added: 0x00000292bfb67720
Event: 5.924 Thread 0x00000292bfb66d80 Thread added: 0x00000292bfb66d80
Event: 5.926 Thread 0x00000292bfb663e0 Thread added: 0x00000292bfb663e0
Event: 5.927 Thread 0x00000292bfb64bd0 Thread added: 0x00000292bfb64bd0
Event: 5.927 Thread 0x00000292bfb63d60 Thread added: 0x00000292bfb63d60
Event: 5.927 Thread 0x00000292bfb603a0 Thread added: 0x00000292bfb603a0
Event: 5.929 Thread 0x00000292bfb650a0 Thread added: 0x00000292bfb650a0
Event: 5.929 Thread 0x00000292bfb60870 Thread added: 0x00000292bfb60870
Event: 5.929 Thread 0x00000292bfb60d40 Thread added: 0x00000292bfb60d40


Dynamic libraries:
0x00007ff6daf70000 - 0x00007ff6daf7a000 	C:\Program Files\Android\Android Studio\jbr\bin\java.exe
0x00007ffe04370000 - 0x00007ffe04587000 	C:\Windows\SYSTEM32\ntdll.dll
0x00007ffe02e30000 - 0x00007ffe02ef4000 	C:\Windows\System32\KERNEL32.DLL
0x00007ffe01870000 - 0x00007ffe01c16000 	C:\Windows\System32\KERNELBASE.dll
0x00007ffe01d40000 - 0x00007ffe01e51000 	C:\Windows\System32\ucrtbase.dll
0x00007ffdbfbb0000 - 0x00007ffdbfbcb000 	C:\Program Files\Android\Android Studio\jbr\bin\VCRUNTIME140.dll
0x00007ffd571b0000 - 0x00007ffd571c7000 	C:\Program Files\Android\Android Studio\jbr\bin\jli.dll
0x00007ffe020c0000 - 0x00007ffe0226e000 	C:\Windows\System32\USER32.dll
0x00007ffde7220000 - 0x00007ffde74b3000 	C:\Windows\WinSxS\amd64_microsoft.windows.common-controls_6595b64144ccf1df_6.0.22621.2506_none_270c5ae97388e100\COMCTL32.dll
0x00007ffe04190000 - 0x00007ffe04237000 	C:\Windows\System32\msvcrt.dll
0x00007ffe02270000 - 0x00007ffe02299000 	C:\Windows\System32\GDI32.dll
0x00007ffe01840000 - 0x00007ffe01866000 	C:\Windows\System32\win32u.dll
0x00007ffe01c20000 - 0x00007ffe01d38000 	C:\Windows\System32\gdi32full.dll
0x00007ffe016e0000 - 0x00007ffe0177a000 	C:\Windows\System32\msvcp_win.dll
0x00007ffe02b00000 - 0x00007ffe02b31000 	C:\Windows\System32\IMM32.DLL
0x00007ffdfa8c0000 - 0x00007ffdfa8cc000 	C:\Program Files\Android\Android Studio\jbr\bin\vcruntime140_1.dll
0x00007ffdbfb20000 - 0x00007ffdbfbad000 	C:\Program Files\Android\Android Studio\jbr\bin\msvcp140.dll
0x00007ffd56460000 - 0x00007ffd570e0000 	C:\Program Files\Android\Android Studio\jbr\bin\server\jvm.dll
0x00007ffe02f00000 - 0x00007ffe02fb1000 	C:\Windows\System32\ADVAPI32.dll
0x00007ffe04280000 - 0x00007ffe04325000 	C:\Windows\System32\sechost.dll
0x00007ffe03c70000 - 0x00007ffe03d87000 	C:\Windows\System32\RPCRT4.dll
0x00007ffdb9910000 - 0x00007ffdb9919000 	C:\Windows\SYSTEM32\WSOCK32.dll
0x00007ffdfb760000 - 0x00007ffdfb794000 	C:\Windows\SYSTEM32\WINMM.dll
0x00007ffe04020000 - 0x00007ffe04091000 	C:\Windows\System32\WS2_32.dll
0x00007ffdf02b0000 - 0x00007ffdf02ba000 	C:\Windows\SYSTEM32\VERSION.dll
0x00007ffe007d0000 - 0x00007ffe007e8000 	C:\Windows\SYSTEM32\kernel.appcore.dll
0x00007ffdb9900000 - 0x00007ffdb990a000 	C:\Program Files\Android\Android Studio\jbr\bin\jimage.dll
0x00007ffdfea80000 - 0x00007ffdfecb3000 	C:\Windows\SYSTEM32\DBGHELP.DLL
0x00007ffe038e0000 - 0x00007ffe03c69000 	C:\Windows\System32\combase.dll
0x00007ffe03d90000 - 0x00007ffe03e67000 	C:\Windows\System32\OLEAUT32.dll
0x00007ffdc72f0000 - 0x00007ffdc7322000 	C:\Windows\SYSTEM32\dbgcore.DLL
0x00007ffe02040000 - 0x00007ffe020ba000 	C:\Windows\System32\bcryptPrimitives.dll
0x00007ffd574f0000 - 0x00007ffd57515000 	C:\Program Files\Android\Android Studio\jbr\bin\java.dll
0x00007ffd574d0000 - 0x00007ffd574e8000 	C:\Program Files\Android\Android Studio\jbr\bin\zip.dll
0x00007ffe022a0000 - 0x00007ffe02afa000 	C:\Windows\System32\SHELL32.dll
0x00007ffdff5c0000 - 0x00007ffdffeb6000 	C:\Windows\SYSTEM32\windows.storage.dll
0x00007ffdff480000 - 0x00007ffdff5be000 	C:\Windows\SYSTEM32\wintypes.dll
0x00007ffe03040000 - 0x00007ffe03133000 	C:\Windows\System32\SHCORE.dll
0x00007ffe03660000 - 0x00007ffe036be000 	C:\Windows\System32\shlwapi.dll
0x00007ffe01610000 - 0x00007ffe01636000 	C:\Windows\SYSTEM32\profapi.dll
0x00007ffd574b0000 - 0x00007ffd574c9000 	C:\Program Files\Android\Android Studio\jbr\bin\net.dll
0x00007ffdf9b60000 - 0x00007ffdf9c97000 	C:\Windows\SYSTEM32\WINHTTP.dll
0x00007ffe00c50000 - 0x00007ffe00cb9000 	C:\Windows\system32\mswsock.dll
0x00007ffd57490000 - 0x00007ffd574a6000 	C:\Program Files\Android\Android Studio\jbr\bin\nio.dll
0x00007ffdb98f0000 - 0x00007ffdb9900000 	C:\Program Files\Android\Android Studio\jbr\bin\verify.dll
0x00007ffdbfbd0000 - 0x00007ffdbfbf7000 	C:\Users\Svetl\.gradle\native\e1d6ef7f7dcc3fd88c89a11ec53ec762bb8ba0a96d01ffa2cd45eb1d1d8dd5c5\windows-amd64\native-platform.dll
0x00007ffd529b0000 - 0x00007ffd52af4000 	C:\Users\Svetl\.gradle\native\0d407fdbe67a94daf76414ababcb853783967236a71b16ec16e742cd7a986fd3\windows-amd64\native-platform-file-events.dll
0x00007ffd7d720000 - 0x00007ffd7d729000 	C:\Program Files\Android\Android Studio\jbr\bin\management.dll
0x00007ffd57250000 - 0x00007ffd5725b000 	C:\Program Files\Android\Android Studio\jbr\bin\management_ext.dll
0x00007ffe04270000 - 0x00007ffe04278000 	C:\Windows\System32\PSAPI.DLL
0x00007ffe00ea0000 - 0x00007ffe00ebb000 	C:\Windows\SYSTEM32\CRYPTSP.dll
0x00007ffe00730000 - 0x00007ffe00765000 	C:\Windows\system32\rsaenh.dll
0x00007ffe00d40000 - 0x00007ffe00d6c000 	C:\Windows\SYSTEM32\USERENV.dll
0x00007ffe01070000 - 0x00007ffe01098000 	C:\Windows\SYSTEM32\bcrypt.dll
0x00007ffe00ec0000 - 0x00007ffe00ecc000 	C:\Windows\SYSTEM32\CRYPTBASE.dll
0x00007ffe001e0000 - 0x00007ffe0020d000 	C:\Windows\SYSTEM32\IPHLPAPI.DLL
0x00007ffe03630000 - 0x00007ffe03639000 	C:\Windows\System32\NSI.dll
0x00007ffdf8ec0000 - 0x00007ffdf8ed9000 	C:\Windows\SYSTEM32\dhcpcsvc6.DLL
0x00007ffdf8ea0000 - 0x00007ffdf8ebf000 	C:\Windows\SYSTEM32\dhcpcsvc.DLL
0x00007ffe00210000 - 0x00007ffe00309000 	C:\Windows\SYSTEM32\DNSAPI.dll
0x00007ffde4670000 - 0x00007ffde4678000 	C:\Windows\system32\wshunix.dll

dbghelp: loaded successfully - version: 4.0.5 - missing functions: none
symbol engine: initialized successfully - sym options: 0x614 - pdb path: .;C:\Program Files\Android\Android Studio\jbr\bin;C:\Windows\SYSTEM32;C:\Windows\WinSxS\amd64_microsoft.windows.common-controls_6595b64144ccf1df_6.0.22621.2506_none_270c5ae97388e100;C:\Program Files\Android\Android Studio\jbr\bin\server;C:\Users\Svetl\.gradle\native\e1d6ef7f7dcc3fd88c89a11ec53ec762bb8ba0a96d01ffa2cd45eb1d1d8dd5c5\windows-amd64;C:\Users\Svetl\.gradle\native\0d407fdbe67a94daf76414ababcb853783967236a71b16ec16e742cd7a986fd3\windows-amd64

VM Arguments:
jvm_args: --add-opens=java.base/java.util=ALL-UNNAMED --add-opens=java.base/java.lang=ALL-UNNAMED --add-opens=java.base/java.lang.invoke=ALL-UNNAMED --add-opens=java.base/java.util=ALL-UNNAMED --add-opens=java.prefs/java.util.prefs=ALL-UNNAMED --add-opens=java.prefs/java.util.prefs=ALL-UNNAMED --add-opens=java.base/java.nio.charset=ALL-UNNAMED --add-opens=java.base/java.net=ALL-UNNAMED --add-opens=java.base/java.util.concurrent.atomic=ALL-UNNAMED -Xmx4g -Dfile.encoding=windows-1251 -Duser.country=RU -Duser.language=ru -Duser.variant 
java_command: org.gradle.launcher.daemon.bootstrap.GradleDaemon 7.5
java_class_path (initial): C:\Users\Svetl\.gradle\wrapper\dists\gradle-7.5-bin\f1w0cc9nuo0eivz97x2xlu9sv\gradle-7.5\lib\gradle-launcher-7.5.jar
Launcher Type: SUN_STANDARD

[Global flags]
     intx CICompilerCount                          = 12                                        {product} {ergonomic}
     uint ConcGCThreads                            = 4                                         {product} {ergonomic}
     uint G1ConcRefinementThreads                  = 15                                        {product} {ergonomic}
   size_t G1HeapRegionSize                         = 2097152                                   {product} {ergonomic}
    uintx GCDrainStackTargetSize                   = 64                                        {product} {ergonomic}
   size_t InitialHeapSize                          = 264241152                                 {product} {ergonomic}
   size_t MarkStackSize                            = 4194304                                   {product} {ergonomic}
   size_t MaxHeapSize                              = 4294967296                                {product} {command line}
   size_t MaxNewSize                               = 2575302656                                {product} {ergonomic}
   size_t MinHeapDeltaBytes                        = 2097152                                   {product} {ergonomic}
   size_t MinHeapSize                              = 8388608                                   {product} {ergonomic}
    uintx NonNMethodCodeHeapSize                   = 7602480                                {pd product} {ergonomic}
    uintx NonProfiledCodeHeapSize                  = 122027880                              {pd product} {ergonomic}
    uintx ProfiledCodeHeapSize                     = 122027880                              {pd product} {ergonomic}
    uintx ReservedCodeCacheSize                    = 251658240                              {pd product} {ergonomic}
     bool SegmentedCodeCache                       = true                                      {product} {ergonomic}
   size_t SoftMaxHeapSize                          = 4294967296                             {manageable} {ergonomic}
     bool UseCompressedClassPointers               = true                           {product lp64_product} {ergonomic}
     bool UseCompressedOops                        = true                           {product lp64_product} {ergonomic}
     bool UseG1GC                                  = true                                      {product} {ergonomic}
     bool UseLargePagesIndividualAllocation        = false                                  {pd product} {ergonomic}

Logging:
Log output configuration:
 #0: stdout all=warning uptime,level,tags
 #1: stderr all=off uptime,level,tags

Environment Variables:
PATH=C:\Program Files\Microsoft\jdk-11.0.16.101-hotspot\bin;C:\Windows\System32\HWAudioDriverLibs;C:\Windows\system32;C:\Windows;C:\Windows\System32\Wbem;C:\Windows\System32\WindowsPowerShell\v1.0\;C:\Windows\System32\OpenSSH\;C:\Users\Administrator\AppData\Local\Microsoft\WindowsApps;C:\Program Files\Microsoft SQL Server\Client SDK\ODBC\170\Tools\Binn\;C:\Program Files\Azure Data Studio\bin;C:\Program Files\dotnet\;C:\Program Files (x86)\Microsoft SQL Server\150\Tools\Binn\;C:\Program Files\Microsoft SQL Server\150\Tools\Binn\;C:\Program Files\Microsoft SQL Server\150\DTS\Binn\;C:\Program Files (x86)\Microsoft SQL Server\160\DTS\Binn\;C:\Program Files\Git\cmd;C:\Users\Svetl\AppData\Local\Microsoft\WindowsApps;C:\Program Files\Azure Data Studio\bin;C:\Users\Svetl\.dotnet\tools
USERNAME=Svetl
OS=Windows_NT
PROCESSOR_IDENTIFIER=Intel64 Family 6 Model 154 Stepping 3, GenuineIntel
TMP=C:\Users\Svetl\AppData\Local\Temp
TEMP=C:\Users\Svetl\AppData\Local\Temp


JNI global refs:
JNI global refs: 34, weak refs: 0

JNI global refs memory usage: 843, weak refs: 841

OOME stack traces (most recent first):
Classloader memory used:
Loader org.gradle.internal.classloader.VisitableURLClassLoader                         : 2969K
Loader bootstrap                                                                       : 2382K
Loader org.gradle.initialization.MixInLegacyTypesClassLoader                           : 908K
Loader jdk.internal.loader.ClassLoaders$PlatformClassLoader                            : 69289B
Loader jdk.internal.loader.ClassLoaders$AppClassLoader                                 : 25674B
Loader jdk.internal.reflect.DelegatingClassLoader                                      : 14496B
Loader org.gradle.groovy.scripts.internal.DefaultScriptCompilationHandler$ScriptClassLoader: 7855B
Loader org.codehaus.groovy.runtime.callsite.CallSiteClassLoader                        : 1988B

Classes loaded by more than one classloader:
Class org.gradle.internal.installation.GradleInstallation                             : loaded 2 times (x 73B)
Class org.gradle.internal.classpath.ClassPath                                         : loaded 2 times (x 68B)
Class org.gradle.api.internal.classpath.DefaultModuleRegistry                         : loaded 2 times (x 84B)
Class org.gradle.api.Action                                                           : loaded 2 times (x 68B)
Class org.gradle.api.internal.DefaultClassPathProvider                                : loaded 2 times (x 74B)
Class org.gradle.internal.installation.GradleInstallation$1                           : loaded 2 times (x 73B)
Class org.gradle.internal.classloader.FilteringClassLoader                            : loaded 2 times (x 102B)
Class org.gradle.internal.classpath.DefaultClassPath$ImmutableUniqueList$Builder      : loaded 2 times (x 73B)
Class org.gradle.internal.classloader.ClassLoaderVisitor                              : loaded 2 times (x 74B)
Class org.gradle.internal.service.DefaultServiceLocator                               : loaded 2 times (x 81B)
Class org.gradle.internal.service.UnknownServiceException                             : loaded 2 times (x 81B)
Class org.gradle.internal.classloader.DefaultClassLoaderFactory                       : loaded 2 times (x 80B)
Class org.gradle.internal.classloader.VisitableURLClassLoader$Spec                    : loaded 2 times (x 72B)
Class org.gradle.api.GradleException                                                  : loaded 2 times (x 80B)
Class org.gradle.api.internal.classpath.ModuleRegistry                                : loaded 2 times (x 68B)
Class org.gradle.api.internal.ClassPathProvider                                       : loaded 2 times (x 68B)
Class org.gradle.internal.classloader.ClasspathUtil$1                                 : loaded 2 times (x 74B)
Class org.gradle.internal.classloader.ClassLoaderFactory                              : loaded 2 times (x 68B)
Class org.gradle.api.internal.classpath.ManifestUtil                                  : loaded 2 times (x 69B)
Class org.gradle.api.specs.Spec                                                       : loaded 2 times (x 68B)
Class org.gradle.internal.IoActions                                                   : loaded 2 times (x 69B)
Class settings_appsjcblgn4hxo9eelvoepug7                                              : loaded 2 times (x 177B)
Class org.gradle.api.internal.classpath.EffectiveClassPath                            : loaded 2 times (x 88B)
Class org.gradle.internal.installation.CurrentGradleInstallation                      : loaded 2 times (x 71B)
Class org.gradle.internal.installation.CurrentGradleInstallationLocator               : loaded 2 times (x 69B)
Class org.gradle.api.internal.classpath.Module                                        : loaded 2 times (x 68B)
Class org.gradle.internal.service.CachingServiceLocator                               : loaded 2 times (x 80B)
Class org.gradle.internal.classpath.DefaultClassPath                                  : loaded 2 times (x 88B)
Class org.gradle.api.Transformer                                                      : loaded 2 times (x 68B)
Class settings_appsjcblgn4hxo9eelvoepug7$_run_closure1$_closure2                      : loaded 2 times (x 134B)
Class org.gradle.internal.classloader.SystemClassLoaderSpec                           : loaded 2 times (x 69B)
Class org.gradle.api.UncheckedIOException                                             : loaded 2 times (x 80B)
Class org.gradle.internal.classloader.ClasspathUtil                                   : loaded 2 times (x 69B)
Class org.gradle.api.internal.DefaultClassPathRegistry                                : loaded 2 times (x 74B)
Class org.gradle.api.internal.classpath.DefaultModuleRegistry$DefaultModule           : loaded 2 times (x 84B)
Class org.gradle.api.internal.classpath.UnknownModuleException                        : loaded 2 times (x 80B)
Class org.gradle.internal.service.ServiceLookupException                              : loaded 2 times (x 80B)
Class settings_appsjcblgn4hxo9eelvoepug7$_run_closure1                                : loaded 2 times (x 134B)
Class org.gradle.cache.GlobalCache                                                    : loaded 2 times (x 68B)
Class [Lorg.gradle.api.internal.ClassPathProvider;                                    : loaded 2 times (x 67B)
Class org.gradle.util.internal.GUtil                                                  : loaded 2 times (x 69B)
Class org.gradle.internal.classloader.ClassLoaderSpec                                 : loaded 2 times (x 69B)
Class org.gradle.internal.classloader.VisitableURLClassLoader                         : loaded 2 times (x 114B)
Class org.gradle.internal.Cast                                                        : loaded 2 times (x 69B)
Class org.gradle.api.internal.ClassPathRegistry                                       : loaded 2 times (x 68B)
Class org.gradle.internal.classloader.ClassLoaderHierarchy                            : loaded 2 times (x 68B)
Class org.gradle.internal.service.ServiceLocator                                      : loaded 2 times (x 68B)
Class org.gradle.internal.classpath.DefaultClassPath$ImmutableUniqueList              : loaded 2 times (x 159B)


---------------  S Y S T E M  ---------------

OS:
 Windows 11 , 64 bit Build 22621 (10.0.22621.2506)
OS uptime: 0 days 0:31 hours
Hyper-V role detected

CPU: total 20 (initial active 20) (10 cores per cpu, 2 threads per core) family 6 model 154 stepping 3 microcode 0x41e, cx8, cmov, fxsr, ht, mmx, 3dnowpref, sse, sse2, sse3, ssse3, sse4.1, sse4.2, popcnt, lzcnt, tsc, tscinvbit, avx, avx2, aes, erms, clmul, bmi1, bmi2, adx, sha, fma, vzeroupper, clflush, clflushopt, clwb, hv

Memory: 4k page, system-wide physical 16110M (2619M free)
TotalPageFile size 16110M (AvailPageFile size 6M)
current process WorkingSet (physical memory assigned to process): 264M, peak: 264M
current process commit charge ("private bytes"): 318M, peak: 409M

vm_info: OpenJDK 64-Bit Server VM (17.0.7+0-b2043.56-10550314) for windows-amd64 JRE (17.0.7+0-b2043.56-10550314), built on Jul 24 2023 18:27:45 by "androidbuild" with MS VC++ 16.10 / 16.11 (VS2019)

END.
